[     137ms] [LOG] [Fast Refresh] rebuilding @ http://localhost:3000/_next/static/chunks/10zw_next_dist_09~qnvg._.js:2431
[     776ms] [ERROR] Failed to load resource: the server responded with a status of 500 (Internal Server Error) @ http://localhost:3000/demos/ai-saas:0
[     813ms] [INFO] %cDownload the React DevTools for a better development experience: https://react.dev/link/react-devtools font-weight:bold @ http://localhost:3000/_next/static/chunks/0e-u_react-dom_0037m-m._.js:15305
[     945ms] Error: ./apps/web/app/demos/[slug]/page.tsx:217:8
Next.js can't recognize the exported `generateStaticParams` field in route. App pages cannot use both "use client" and export function "generateStaticParams()".
  215 | /* -------------------------------------------------------------------------- */
  216 |
> 217 | export function generateStaticParams() {
      |        ^^^^^^^^^^^^^^^^^^^^^^^^^^^^^^^^
> 218 |   return SLUGS.map((slug) => ({ slug }));
      | ^^^^^^^^^^^^^^^^^^^^^^^^^^^^^^^^^^^^^^^^^
> 219 | }
      | ^
  220 |
  221 | export function generateMetadata({
  222 |   params,

The exported configuration object in a source file needs to have a very specific format from which some properties can be statically parsed at compiled-time.

Import traces:
  Client Component Browser:
    ./apps/web/app/demos/[slug]/page.tsx [Client Component Browser]
    ./apps/web/app/demos/[slug]/page.tsx [Server Component]

  Client Component SSR:
    ./apps/web/app/demos/[slug]/page.tsx [Client Component SSR]
    ./apps/web/app/demos/[slug]/page.tsx [Server Component]

https://nextjs.org/docs/app/api-reference/file-conventions/route-segment-config


    at <unknown> (Error: ./apps/web/app/demos/[slug]/page.tsx:217:8)
    at <unknown> (https://nextjs.org/docs/app/api-reference/file-conventions/route-segment-config)
    at Object.getCompilationErrors (file:///Users/kevinliu/Documents/GitHub/reticle-ui/node_modules/.pnpm/next@16.2.4_@opentelemetry+api@1.9.0_react-dom@19.2.5_react@19.2.5__react@19.2.5/node_modules/next/dist/server/dev/hot-reloader-turbopack.js:1186:59)
    at DevBundlerService.getCompilationError (file:///Users/kevinliu/Documents/GitHub/reticle-ui/node_modules/.pnpm/next@16.2.4_@opentelemetry+api@1.9.0_react-dom@19.2.5_react@19.2.5__react@19.2.5/node_modules/next/dist/server/lib/dev-bundler-service.js:44:55)
    at DevServer.getCompilationError (file:///Users/kevinliu/Documents/GitHub/reticle-ui/node_modules/.pnpm/next@16.2.4_@opentelemetry+api@1.9.0_react-dom@19.2.5_react@19.2.5__react@19.2.5/node_modules/next/dist/server/dev/next-dev-server.js:719:42)
    at DevServer.findPageComponents (file:///Users/kevinliu/Documents/GitHub/reticle-ui/node_modules/.pnpm/next@16.2.4_@opentelemetry+api@1.9.0_react-dom@19.2.5_react@19.2.5__react@19.2.5/node_modules/next/dist/server/dev/next-dev-server.js:689:43)
    at async DevServer.renderErrorToResponseImpl (file:///Users/kevinliu/Documents/GitHub/reticle-ui/node_modules/.pnpm/next@16.2.4_@opentelemetry+api@1.9.0_react-dom@19.2.5_react@19.2.5__react@19.2.5/node_modules/next/dist/server/base-server.js:1745:26)
[     821ms] [LOG] [HMR] connected @ http://localhost:3000/_next/static/chunks/10zw_next_dist_10gys1k._.js:1226
[     822ms] [ERROR] ./apps/web/app/demos/[slug]/page.tsx:217:8
Next.js can't recognize the exported `generateStaticParams` field in route. App pages cannot use both "use client" and export function "generateStaticParams()".
  215 | /* -------------------------------------------------------------------------- */
  216 |
> 217 | export function generateStaticParams() {
      |        ^^^^^^^^^^^^^^^^^^^^^^^^^^^^^^^^
> 218 |   return SLUGS.map((slug) => ({ slug }));
      | ^^^^^^^^^^^^^^^^^^^^^^^^^^^^^^^^^^^^^^^^^
> 219 | }
      | ^
  220 |
  221 | export function generateMetadata({
  222 |   params,

The exported configuration object in a source file needs to have a very specific format from which some properties can be statically parsed at compiled-time.

Import traces:
  Client Component Browser:
    ./apps/web/app/demos/[slug]/page.tsx [Client Component Browser]
    ./apps/web/app/demos/[slug]/page.tsx [Server Component]

  Client Component SSR:
    ./apps/web/app/demos/[slug]/page.tsx [Client Component SSR]
    ./apps/web/app/demos/[slug]/page.tsx [Server Component]

https://nextjs.org/docs/app/api-reference/file-conventions/route-segment-config @ http://localhost:3000/_next/static/chunks/10zw_next_dist_10gys1k._.js:1945
[     822ms] [ERROR] ./apps/web/app/demos/[slug]/page.tsx:221:17
You are attempting to export "generateMetadata" from a component marked with "use client", which is disallowed. "generateMetadata" must be resolved on the server before the page component is rendered. Keep your page as a Server Component and move Client Component logic to a separate file. Read more: https://nextjs.org/docs/app/api-reference/functions/generate-metadata#why-generatemetadata-is-server-component-only
  219 | }
  220 |
> 221 | export function generateMetadata({
      |                 ^^^^^^^^^^^^^^^^
  222 |   params,
  223 | }: {
  224 |   params: { slug: string };

Ecmascript file had an error

Import traces:
  Client Component Browser:
    ./apps/web/app/demos/[slug]/page.tsx [Client Component Browser]
    ./apps/web/app/demos/[slug]/page.tsx [Server Component]

  Client Component SSR:
    ./apps/web/app/demos/[slug]/page.tsx [Client Component SSR]
    ./apps/web/app/demos/[slug]/page.tsx [Server Component] @ http://localhost:3000/_next/static/chunks/10zw_next_dist_10gys1k._.js:1945
[     875ms] [ERROR] ./apps/web/app/demos/[slug]/page.tsx:217:8
Next.js can't recognize the exported `generateStaticParams` field in route. App pages cannot use both "use client" and export function "generateStaticParams()".
  215 | /* -------------------------------------------------------------------------- */
  216 |
> 217 | export function generateStaticParams() {
      |        ^^^^^^^^^^^^^^^^^^^^^^^^^^^^^^^^
> 218 |   return SLUGS.map((slug) => ({ slug }));
      | ^^^^^^^^^^^^^^^^^^^^^^^^^^^^^^^^^^^^^^^^^
> 219 | }
      | ^
  220 |
  221 | export function generateMetadata({
  222 |   params,

The exported configuration object in a source file needs to have a very specific format from which some properties can be statically parsed at compiled-time.

Import traces:
  Client Component Browser:
    ./apps/web/app/demos/[slug]/page.tsx [Client Component Browser]
    ./apps/web/app/demos/[slug]/page.tsx [Server Component]

  Client Component SSR:
    ./apps/web/app/demos/[slug]/page.tsx [Client Component SSR]
    ./apps/web/app/demos/[slug]/page.tsx [Server Component]

https://nextjs.org/docs/app/api-reference/file-conventions/route-segment-config @ http://localhost:3000/_next/static/chunks/10zw_next_dist_10gys1k._.js:1945
[     875ms] [ERROR] ./apps/web/app/demos/[slug]/page.tsx:221:17
You are attempting to export "generateMetadata" from a component marked with "use client", which is disallowed. "generateMetadata" must be resolved on the server before the page component is rendered. Keep your page as a Server Component and move Client Component logic to a separate file. Read more: https://nextjs.org/docs/app/api-reference/functions/generate-metadata#why-generatemetadata-is-server-component-only
  219 | }
  220 |
> 221 | export function generateMetadata({
      |                 ^^^^^^^^^^^^^^^^
  222 |   params,
  223 | }: {
  224 |   params: { slug: string };

Ecmascript file had an error

Import traces:
  Client Component Browser:
    ./apps/web/app/demos/[slug]/page.tsx [Client Component Browser]
    ./apps/web/app/demos/[slug]/page.tsx [Server Component]

  Client Component SSR:
    ./apps/web/app/demos/[slug]/page.tsx [Client Component SSR]
    ./apps/web/app/demos/[slug]/page.tsx [Server Component] @ http://localhost:3000/_next/static/chunks/10zw_next_dist_10gys1k._.js:1945
[     951ms] [LOG] [Fast Refresh] rebuilding @ http://localhost:3000/_next/static/chunks/10zw_next_dist_10gys1k._.js:1226
[   34203ms] [LOG] [Fast Refresh] rebuilding @ http://localhost:3000/_next/static/chunks/10zw_next_dist_10gys1k._.js:1226
[   35188ms] [ERROR] ./packages/components/dist/index.js:3:22
You're importing a module that depends on `createContext` into a React Server Component module. This API is only available in Client Components. To fix, mark the file (or its parent) with the `"use client"` directive.
    Learn more: https://nextjs.org/docs/app/api-reference/directives/use-client
  1 | import { clsx } from 'clsx';
  2 | import { twMerge } from 'tailwind-merge';
> 3 | import { forwardRef, createContext, useCallback, useId, useState, useRef, useReducer, useEffect, u...
    |                      ^^^^^^^^^^^^^
  4 | import { jsx, jsxs, Fragment } from 'react/jsx-runtime';
  5 | import { Delaunay } from 'd3-delaunay';
  6 | import { Slot } from '@radix-ui/react-slot';

Ecmascript file had an error

Import trace:
  Server Component:
    ./packages/components/dist/index.js
    ./apps/web/app/demos/[slug]/page.tsx @ http://localhost:3000/_next/static/chunks/10zw_next_dist_10gys1k._.js:1945
[   35189ms] [ERROR] ./packages/components/dist/index.js:3:87
You're importing a module that depends on `useEffect` into a React Server Component module. This API is only available in Client Components. To fix, mark the file (or its parent) with the `"use client"` directive.
    Learn more: https://nextjs.org/docs/app/api-reference/directives/use-client
  1 | ...
  2 | ...
> 3 | ...back, useId, useState, useRef, useReducer, useEffect, useContext, Children, useMemo } from 'rea...
    |                                               ^^^^^^^^^
  4 | ...jsx-runtime';
  5 | ...
  6 | ...;

Ecmascript file had an error

Import trace:
  Server Component:
    ./packages/components/dist/index.js
    ./apps/web/app/demos/[slug]/page.tsx @ http://localhost:3000/_next/static/chunks/10zw_next_dist_10gys1k._.js:1945
[   35189ms] [ERROR] ./packages/components/dist/index.js:3:75
You're importing a module that depends on `useReducer` into a React Server Component module. This API is only available in Client Components. To fix, mark the file (or its parent) with the `"use client"` directive.
    Learn more: https://nextjs.org/docs/app/api-reference/directives/use-client
  1 | ...
  2 | ...d-merge';
> 3 | ...xt, useCallback, useId, useState, useRef, useReducer, useEffect, useContext, Children, useMemo ...
    |                                              ^^^^^^^^^^
  4 | ...rom 'react/jsx-runtime';
  5 | ...aunay';
  6 | ...react-slot';

Ecmascript file had an error

Import trace:
  Server Component:
    ./packages/components/dist/index.js
    ./apps/web/app/demos/[slug]/page.tsx @ http://localhost:3000/_next/static/chunks/10zw_next_dist_10gys1k._.js:1945
[   35189ms] [ERROR] ./packages/components/dist/index.js:3:67
You're importing a module that depends on `useRef` into a React Server Component module. This API is only available in Client Components. To fix, mark the file (or its parent) with the `"use client"` directive.
    Learn more: https://nextjs.org/docs/app/api-reference/directives/use-client
  1 | ...clsx';
  2 | ...m 'tailwind-merge';
> 3 | ...reateContext, useCallback, useId, useState, useRef, useReducer, useEffect, useContext, Children...
    |                                                ^^^^^^
  4 | ...agment } from 'react/jsx-runtime';
  5 | ...om 'd3-delaunay';
  6 | ...@radix-ui/react-slot';

Ecmascript file had an error

Import trace:
  Server Component:
    ./packages/components/dist/index.js
    ./apps/web/app/demos/[slug]/page.tsx @ http://localhost:3000/_next/static/chunks/10zw_next_dist_10gys1k._.js:1945
[   35189ms] [ERROR] ./packages/components/dist/index.js:3:57
You're importing a module that depends on `useState` into a React Server Component module. This API is only available in Client Components. To fix, mark the file (or its parent) with the `"use client"` directive.
    Learn more: https://nextjs.org/docs/app/api-reference/directives/use-client
  1 | ... } from 'clsx';
  2 | ...rge } from 'tailwind-merge';
> 3 | ...ardRef, createContext, useCallback, useId, useState, useRef, useReducer, useEffect, useContext,...
    |                                               ^^^^^^^^
  4 | ... jsxs, Fragment } from 'react/jsx-runtime';
  5 | ...unay } from 'd3-delaunay';
  6 | ... } from '@radix-ui/react-slot';

Ecmascript file had an error

Import trace:
  Server Component:
    ./packages/components/dist/index.js
    ./apps/web/app/demos/[slug]/page.tsx @ http://localhost:3000/_next/static/chunks/10zw_next_dist_10gys1k._.js:1945
[   35376ms] [LOG] [Fast Refresh] rebuilding @ http://localhost:3000/_next/static/chunks/10zw_next_dist_10gys1k._.js:1226
[   35386ms] [ERROR] ./packages/components/dist/index.js:3:22
You're importing a module that depends on `createContext` into a React Server Component module. This API is only available in Client Components. To fix, mark the file (or its parent) with the `"use client"` directive.
    Learn more: https://nextjs.org/docs/app/api-reference/directives/use-client
  1 | import { clsx } from 'clsx';
  2 | import { twMerge } from 'tailwind-merge';
> 3 | import { forwardRef, createContext, useCallback, useId, useState, useRef, useReducer, useEffect, u...
    |                      ^^^^^^^^^^^^^
  4 | import { jsx, jsxs, Fragment } from 'react/jsx-runtime';
  5 | import { Delaunay } from 'd3-delaunay';
  6 | import { Slot } from '@radix-ui/react-slot';

Ecmascript file had an error

Import trace:
  Server Component:
    ./packages/components/dist/index.js
    ./apps/web/app/demos/[slug]/page.tsx @ http://localhost:3000/_next/static/chunks/10zw_next_dist_10gys1k._.js:1945
[   35386ms] [ERROR] ./packages/components/dist/index.js:3:87
You're importing a module that depends on `useEffect` into a React Server Component module. This API is only available in Client Components. To fix, mark the file (or its parent) with the `"use client"` directive.
    Learn more: https://nextjs.org/docs/app/api-reference/directives/use-client
  1 | ...
  2 | ...
> 3 | ...back, useId, useState, useRef, useReducer, useEffect, useContext, Children, useMemo } from 'rea...
    |                                               ^^^^^^^^^
  4 | ...jsx-runtime';
  5 | ...
  6 | ...;

Ecmascript file had an error

Import trace:
  Server Component:
    ./packages/components/dist/index.js
    ./apps/web/app/demos/[slug]/page.tsx @ http://localhost:3000/_next/static/chunks/10zw_next_dist_10gys1k._.js:1945
[   35386ms] [ERROR] ./packages/components/dist/index.js:3:75
You're importing a module that depends on `useReducer` into a React Server Component module. This API is only available in Client Components. To fix, mark the file (or its parent) with the `"use client"` directive.
    Learn more: https://nextjs.org/docs/app/api-reference/directives/use-client
  1 | ...
  2 | ...d-merge';
> 3 | ...xt, useCallback, useId, useState, useRef, useReducer, useEffect, useContext, Children, useMemo ...
    |                                              ^^^^^^^^^^
  4 | ...rom 'react/jsx-runtime';
  5 | ...aunay';
  6 | ...react-slot';

Ecmascript file had an error

Import trace:
  Server Component:
    ./packages/components/dist/index.js
    ./apps/web/app/demos/[slug]/page.tsx @ http://localhost:3000/_next/static/chunks/10zw_next_dist_10gys1k._.js:1945
[   35386ms] [ERROR] ./packages/components/dist/index.js:3:67
You're importing a module that depends on `useRef` into a React Server Component module. This API is only available in Client Components. To fix, mark the file (or its parent) with the `"use client"` directive.
    Learn more: https://nextjs.org/docs/app/api-reference/directives/use-client
  1 | ...clsx';
  2 | ...m 'tailwind-merge';
> 3 | ...reateContext, useCallback, useId, useState, useRef, useReducer, useEffect, useContext, Children...
    |                                                ^^^^^^
  4 | ...agment } from 'react/jsx-runtime';
  5 | ...om 'd3-delaunay';
  6 | ...@radix-ui/react-slot';

Ecmascript file had an error

Import trace:
  Server Component:
    ./packages/components/dist/index.js
    ./apps/web/app/demos/[slug]/page.tsx @ http://localhost:3000/_next/static/chunks/10zw_next_dist_10gys1k._.js:1945
[   35386ms] [ERROR] ./packages/components/dist/index.js:3:57
You're importing a module that depends on `useState` into a React Server Component module. This API is only available in Client Components. To fix, mark the file (or its parent) with the `"use client"` directive.
    Learn more: https://nextjs.org/docs/app/api-reference/directives/use-client
  1 | ... } from 'clsx';
  2 | ...rge } from 'tailwind-merge';
> 3 | ...ardRef, createContext, useCallback, useId, useState, useRef, useReducer, useEffect, useContext,...
    |                                               ^^^^^^^^
  4 | ... jsxs, Fragment } from 'react/jsx-runtime';
  5 | ...unay } from 'd3-delaunay';
  6 | ... } from '@radix-ui/react-slot';

Ecmascript file had an error

Import trace:
  Server Component:
    ./packages/components/dist/index.js
    ./apps/web/app/demos/[slug]/page.tsx @ http://localhost:3000/_next/static/chunks/10zw_next_dist_10gys1k._.js:1945
[   35397ms] [ERROR] Failed to load resource: the server responded with a status of 500 (Internal Server Error) @ http://localhost:3000/demos/ai-saas:0
[   35411ms] [INFO] %cDownload the React DevTools for a better development experience: https://react.dev/link/react-devtools font-weight:bold @ http://localhost:3000/_next/static/chunks/0e-u_react-dom_0037m-m._.js:15305
[   35543ms] Error: ./packages/components/dist/index.js:3:22
You're importing a module that depends on `createContext` into a React Server Component module. This API is only available in Client Components. To fix, mark the file (or its parent) with the `"use client"` directive.
    Learn more: https://nextjs.org/docs/app/api-reference/directives/use-client
  1 | import { clsx } from 'clsx';
  2 | import { twMerge } from 'tailwind-merge';
> 3 | import { forwardRef, createContext, useCallback, useId, useState, useRef, useReducer, useEffect, u...
    |                      ^^^^^^^^^^^^^
  4 | import { jsx, jsxs, Fragment } from 'react/jsx-runtime';
  5 | import { Delaunay } from 'd3-delaunay';
  6 | import { Slot } from '@radix-ui/react-slot';

Ecmascript file had an error

Import trace:
  Server Component:
    ./packages/components/dist/index.js
    ./apps/web/app/demos/[slug]/page.tsx


    at <unknown> (Error: ./packages/components/dist/index.js:3:22)
    at Object.getCompilationErrors (file:///Users/kevinliu/Documents/GitHub/reticle-ui/node_modules/.pnpm/next@16.2.4_@opentelemetry+api@1.9.0_react-dom@19.2.5_react@19.2.5__react@19.2.5/node_modules/next/dist/server/dev/hot-reloader-turbopack.js:1186:59)
    at DevBundlerService.getCompilationError (file:///Users/kevinliu/Documents/GitHub/reticle-ui/node_modules/.pnpm/next@16.2.4_@opentelemetry+api@1.9.0_react-dom@19.2.5_react@19.2.5__react@19.2.5/node_modules/next/dist/server/lib/dev-bundler-service.js:44:55)
    at DevServer.getCompilationError (file:///Users/kevinliu/Documents/GitHub/reticle-ui/node_modules/.pnpm/next@16.2.4_@opentelemetry+api@1.9.0_react-dom@19.2.5_react@19.2.5__react@19.2.5/node_modules/next/dist/server/dev/next-dev-server.js:719:42)
    at DevServer.findPageComponents (file:///Users/kevinliu/Documents/GitHub/reticle-ui/node_modules/.pnpm/next@16.2.4_@opentelemetry+api@1.9.0_react-dom@19.2.5_react@19.2.5__react@19.2.5/node_modules/next/dist/server/dev/next-dev-server.js:689:43)
    at async DevServer.renderErrorToResponseImpl (file:///Users/kevinliu/Documents/GitHub/reticle-ui/node_modules/.pnpm/next@16.2.4_@opentelemetry+api@1.9.0_react-dom@19.2.5_react@19.2.5__react@19.2.5/node_modules/next/dist/server/base-server.js:1745:26)
[   35418ms] [LOG] [HMR] connected @ http://localhost:3000/_next/static/chunks/10zw_next_dist_10gys1k._.js:1226
[   35421ms] [ERROR] ./packages/components/dist/index.js:3:22
You're importing a module that depends on `createContext` into a React Server Component module. This API is only available in Client Components. To fix, mark the file (or its parent) with the `"use client"` directive.
    Learn more: https://nextjs.org/docs/app/api-reference/directives/use-client
  1 | import { clsx } from 'clsx';
  2 | import { twMerge } from 'tailwind-merge';
> 3 | import { forwardRef, createContext, useCallback, useId, useState, useRef, useReducer, useEffect, u...
    |                      ^^^^^^^^^^^^^
  4 | import { jsx, jsxs, Fragment } from 'react/jsx-runtime';
  5 | import { Delaunay } from 'd3-delaunay';
  6 | import { Slot } from '@radix-ui/react-slot';

Ecmascript file had an error

Import trace:
  Server Component:
    ./packages/components/dist/index.js
    ./apps/web/app/demos/[slug]/page.tsx @ http://localhost:3000/_next/static/chunks/10zw_next_dist_10gys1k._.js:1945
[   35421ms] [ERROR] ./packages/components/dist/index.js:3:87
You're importing a module that depends on `useEffect` into a React Server Component module. This API is only available in Client Components. To fix, mark the file (or its parent) with the `"use client"` directive.
    Learn more: https://nextjs.org/docs/app/api-reference/directives/use-client
  1 | ...
  2 | ...
> 3 | ...back, useId, useState, useRef, useReducer, useEffect, useContext, Children, useMemo } from 'rea...
    |                                               ^^^^^^^^^
  4 | ...jsx-runtime';
  5 | ...
  6 | ...;

Ecmascript file had an error

Import trace:
  Server Component:
    ./packages/components/dist/index.js
    ./apps/web/app/demos/[slug]/page.tsx @ http://localhost:3000/_next/static/chunks/10zw_next_dist_10gys1k._.js:1945
[   35421ms] [ERROR] ./packages/components/dist/index.js:3:75
You're importing a module that depends on `useReducer` into a React Server Component module. This API is only available in Client Components. To fix, mark the file (or its parent) with the `"use client"` directive.
    Learn more: https://nextjs.org/docs/app/api-reference/directives/use-client
  1 | ...
  2 | ...d-merge';
> 3 | ...xt, useCallback, useId, useState, useRef, useReducer, useEffect, useContext, Children, useMemo ...
    |                                              ^^^^^^^^^^
  4 | ...rom 'react/jsx-runtime';
  5 | ...aunay';
  6 | ...react-slot';

Ecmascript file had an error

Import trace:
  Server Component:
    ./packages/components/dist/index.js
    ./apps/web/app/demos/[slug]/page.tsx @ http://localhost:3000/_next/static/chunks/10zw_next_dist_10gys1k._.js:1945
[   35421ms] [ERROR] ./packages/components/dist/index.js:3:67
You're importing a module that depends on `useRef` into a React Server Component module. This API is only available in Client Components. To fix, mark the file (or its parent) with the `"use client"` directive.
    Learn more: https://nextjs.org/docs/app/api-reference/directives/use-client
  1 | ...clsx';
  2 | ...m 'tailwind-merge';
> 3 | ...reateContext, useCallback, useId, useState, useRef, useReducer, useEffect, useContext, Children...
    |                                                ^^^^^^
  4 | ...agment } from 'react/jsx-runtime';
  5 | ...om 'd3-delaunay';
  6 | ...@radix-ui/react-slot';

Ecmascript file had an error

Import trace:
  Server Component:
    ./packages/components/dist/index.js
    ./apps/web/app/demos/[slug]/page.tsx @ http://localhost:3000/_next/static/chunks/10zw_next_dist_10gys1k._.js:1945
[   35421ms] [ERROR] ./packages/components/dist/index.js:3:57
You're importing a module that depends on `useState` into a React Server Component module. This API is only available in Client Components. To fix, mark the file (or its parent) with the `"use client"` directive.
    Learn more: https://nextjs.org/docs/app/api-reference/directives/use-client
  1 | ... } from 'clsx';
  2 | ...rge } from 'tailwind-merge';
> 3 | ...ardRef, createContext, useCallback, useId, useState, useRef, useReducer, useEffect, useContext,...
    |                                               ^^^^^^^^
  4 | ... jsxs, Fragment } from 'react/jsx-runtime';
  5 | ...unay } from 'd3-delaunay';
  6 | ... } from '@radix-ui/react-slot';

Ecmascript file had an error

Import trace:
  Server Component:
    ./packages/components/dist/index.js
    ./apps/web/app/demos/[slug]/page.tsx @ http://localhost:3000/_next/static/chunks/10zw_next_dist_10gys1k._.js:1945
[   35460ms] [ERROR] ./packages/components/dist/index.js:3:22
You're importing a module that depends on `createContext` into a React Server Component module. This API is only available in Client Components. To fix, mark the file (or its parent) with the `"use client"` directive.
    Learn more: https://nextjs.org/docs/app/api-reference/directives/use-client
  1 | import { clsx } from 'clsx';
  2 | import { twMerge } from 'tailwind-merge';
> 3 | import { forwardRef, createContext, useCallback, useId, useState, useRef, useReducer, useEffect, u...
    |                      ^^^^^^^^^^^^^
  4 | import { jsx, jsxs, Fragment } from 'react/jsx-runtime';
  5 | import { Delaunay } from 'd3-delaunay';
  6 | import { Slot } from '@radix-ui/react-slot';

Ecmascript file had an error

Import trace:
  Server Component:
    ./packages/components/dist/index.js
    ./apps/web/app/demos/[slug]/page.tsx @ http://localhost:3000/_next/static/chunks/10zw_next_dist_10gys1k._.js:1945
[   35460ms] [ERROR] ./packages/components/dist/index.js:3:87
You're importing a module that depends on `useEffect` into a React Server Component module. This API is only available in Client Components. To fix, mark the file (or its parent) with the `"use client"` directive.
    Learn more: https://nextjs.org/docs/app/api-reference/directives/use-client
  1 | ...
  2 | ...
> 3 | ...back, useId, useState, useRef, useReducer, useEffect, useContext, Children, useMemo } from 'rea...
    |                                               ^^^^^^^^^
  4 | ...jsx-runtime';
  5 | ...
  6 | ...;

Ecmascript file had an error

Import trace:
  Server Component:
    ./packages/components/dist/index.js
    ./apps/web/app/demos/[slug]/page.tsx @ http://localhost:3000/_next/static/chunks/10zw_next_dist_10gys1k._.js:1945
[   35460ms] [ERROR] ./packages/components/dist/index.js:3:75
You're importing a module that depends on `useReducer` into a React Server Component module. This API is only available in Client Components. To fix, mark the file (or its parent) with the `"use client"` directive.
    Learn more: https://nextjs.org/docs/app/api-reference/directives/use-client
  1 | ...
  2 | ...d-merge';
> 3 | ...xt, useCallback, useId, useState, useRef, useReducer, useEffect, useContext, Children, useMemo ...
    |                                              ^^^^^^^^^^
  4 | ...rom 'react/jsx-runtime';
  5 | ...aunay';
  6 | ...react-slot';

Ecmascript file had an error

Import trace:
  Server Component:
    ./packages/components/dist/index.js
    ./apps/web/app/demos/[slug]/page.tsx @ http://localhost:3000/_next/static/chunks/10zw_next_dist_10gys1k._.js:1945
[   35460ms] [ERROR] ./packages/components/dist/index.js:3:67
You're importing a module that depends on `useRef` into a React Server Component module. This API is only available in Client Components. To fix, mark the file (or its parent) with the `"use client"` directive.
    Learn more: https://nextjs.org/docs/app/api-reference/directives/use-client
  1 | ...clsx';
  2 | ...m 'tailwind-merge';
> 3 | ...reateContext, useCallback, useId, useState, useRef, useReducer, useEffect, useContext, Children...
    |                                                ^^^^^^
  4 | ...agment } from 'react/jsx-runtime';
  5 | ...om 'd3-delaunay';
  6 | ...@radix-ui/react-slot';

Ecmascript file had an error

Import trace:
  Server Component:
    ./packages/components/dist/index.js
    ./apps/web/app/demos/[slug]/page.tsx @ http://localhost:3000/_next/static/chunks/10zw_next_dist_10gys1k._.js:1945
[   35460ms] [ERROR] ./packages/components/dist/index.js:3:57
You're importing a module that depends on `useState` into a React Server Component module. This API is only available in Client Components. To fix, mark the file (or its parent) with the `"use client"` directive.
    Learn more: https://nextjs.org/docs/app/api-reference/directives/use-client
  1 | ... } from 'clsx';
  2 | ...rge } from 'tailwind-merge';
> 3 | ...ardRef, createContext, useCallback, useId, useState, useRef, useReducer, useEffect, useContext,...
    |                                               ^^^^^^^^
  4 | ... jsxs, Fragment } from 'react/jsx-runtime';
  5 | ...unay } from 'd3-delaunay';
  6 | ... } from '@radix-ui/react-slot';

Ecmascript file had an error

Import trace:
  Server Component:
    ./packages/components/dist/index.js
    ./apps/web/app/demos/[slug]/page.tsx @ http://localhost:3000/_next/static/chunks/10zw_next_dist_10gys1k._.js:1945
[   35734ms] [ERROR] ./packages/components/dist/index.js:3:22
You're importing a module that depends on `createContext` into a React Server Component module. This API is only available in Client Components. To fix, mark the file (or its parent) with the `"use client"` directive.
    Learn more: https://nextjs.org/docs/app/api-reference/directives/use-client
  1 | import { clsx } from 'clsx';
  2 | import { twMerge } from 'tailwind-merge';
> 3 | import { forwardRef, createContext, useCallback, useId, useState, useRef, useReducer, useEffect, u...
    |                      ^^^^^^^^^^^^^
  4 | import { jsx, jsxs, Fragment } from 'react/jsx-runtime';
  5 | import { Delaunay } from 'd3-delaunay';
  6 | import { Slot } from '@radix-ui/react-slot';

Ecmascript file had an error

Import trace:
  Server Component:
    ./packages/components/dist/index.js
    ./apps/web/app/demos/[slug]/page.tsx @ http://localhost:3000/_next/static/chunks/10zw_next_dist_10gys1k._.js:1945
[   35734ms] [ERROR] ./packages/components/dist/index.js:3:87
You're importing a module that depends on `useEffect` into a React Server Component module. This API is only available in Client Components. To fix, mark the file (or its parent) with the `"use client"` directive.
    Learn more: https://nextjs.org/docs/app/api-reference/directives/use-client
  1 | ...
  2 | ...
> 3 | ...back, useId, useState, useRef, useReducer, useEffect, useContext, Children, useMemo } from 'rea...
    |                                               ^^^^^^^^^
  4 | ...jsx-runtime';
  5 | ...
  6 | ...;

Ecmascript file had an error

Import trace:
  Server Component:
    ./packages/components/dist/index.js
    ./apps/web/app/demos/[slug]/page.tsx @ http://localhost:3000/_next/static/chunks/10zw_next_dist_10gys1k._.js:1945
[   35734ms] [ERROR] ./packages/components/dist/index.js:3:75
You're importing a module that depends on `useReducer` into a React Server Component module. This API is only available in Client Components. To fix, mark the file (or its parent) with the `"use client"` directive.
    Learn more: https://nextjs.org/docs/app/api-reference/directives/use-client
  1 | ...
  2 | ...d-merge';
> 3 | ...xt, useCallback, useId, useState, useRef, useReducer, useEffect, useContext, Children, useMemo ...
    |                                              ^^^^^^^^^^
  4 | ...rom 'react/jsx-runtime';
  5 | ...aunay';
  6 | ...react-slot';

Ecmascript file had an error

Import trace:
  Server Component:
    ./packages/components/dist/index.js
    ./apps/web/app/demos/[slug]/page.tsx @ http://localhost:3000/_next/static/chunks/10zw_next_dist_10gys1k._.js:1945
[   35734ms] [ERROR] ./packages/components/dist/index.js:3:67
You're importing a module that depends on `useRef` into a React Server Component module. This API is only available in Client Components. To fix, mark the file (or its parent) with the `"use client"` directive.
    Learn more: https://nextjs.org/docs/app/api-reference/directives/use-client
  1 | ...clsx';
  2 | ...m 'tailwind-merge';
> 3 | ...reateContext, useCallback, useId, useState, useRef, useReducer, useEffect, useContext, Children...
    |                                                ^^^^^^
  4 | ...agment } from 'react/jsx-runtime';
  5 | ...om 'd3-delaunay';
  6 | ...@radix-ui/react-slot';

Ecmascript file had an error

Import trace:
  Server Component:
    ./packages/components/dist/index.js
    ./apps/web/app/demos/[slug]/page.tsx @ http://localhost:3000/_next/static/chunks/10zw_next_dist_10gys1k._.js:1945
[   35734ms] [ERROR] ./packages/components/dist/index.js:3:57
You're importing a module that depends on `useState` into a React Server Component module. This API is only available in Client Components. To fix, mark the file (or its parent) with the `"use client"` directive.
    Learn more: https://nextjs.org/docs/app/api-reference/directives/use-client
  1 | ... } from 'clsx';
  2 | ...rge } from 'tailwind-merge';
> 3 | ...ardRef, createContext, useCallback, useId, useState, useRef, useReducer, useEffect, useContext,...
    |                                               ^^^^^^^^
  4 | ... jsxs, Fragment } from 'react/jsx-runtime';
  5 | ...unay } from 'd3-delaunay';
  6 | ... } from '@radix-ui/react-slot';

Ecmascript file had an error

Import trace:
  Server Component:
    ./packages/components/dist/index.js
    ./apps/web/app/demos/[slug]/page.tsx @ http://localhost:3000/_next/static/chunks/10zw_next_dist_10gys1k._.js:1945
[   35802ms] [LOG] [Fast Refresh] rebuilding @ http://localhost:3000/_next/static/chunks/10zw_next_dist_10gys1k._.js:1226
[   67845ms] [LOG] [Fast Refresh] rebuilding @ http://localhost:3000/_next/static/chunks/10zw_next_dist_10gys1k._.js:1226
[   67856ms] [ERROR] ./packages/components/dist/index.js:3:22
You're importing a module that depends on `createContext` into a React Server Component module. This API is only available in Client Components. To fix, mark the file (or its parent) with the `"use client"` directive.
    Learn more: https://nextjs.org/docs/app/api-reference/directives/use-client
  1 | import { clsx } from 'clsx';
  2 | import { twMerge } from 'tailwind-merge';
> 3 | import { forwardRef, createContext, useCallback, useId, useState, useRef, useReducer, useEffect, u...
    |                      ^^^^^^^^^^^^^
  4 | import { jsx, jsxs, Fragment } from 'react/jsx-runtime';
  5 | import { Delaunay } from 'd3-delaunay';
  6 | import { Slot } from '@radix-ui/react-slot';

Ecmascript file had an error

Import trace:
  Server Component:
    ./packages/components/dist/index.js
    ./apps/web/app/demos/[slug]/page.tsx @ http://localhost:3000/_next/static/chunks/10zw_next_dist_10gys1k._.js:1945
[   67856ms] [ERROR] ./packages/components/dist/index.js:3:87
You're importing a module that depends on `useEffect` into a React Server Component module. This API is only available in Client Components. To fix, mark the file (or its parent) with the `"use client"` directive.
    Learn more: https://nextjs.org/docs/app/api-reference/directives/use-client
  1 | ...
  2 | ...
> 3 | ...back, useId, useState, useRef, useReducer, useEffect, useContext, Children, useMemo } from 'rea...
    |                                               ^^^^^^^^^
  4 | ...jsx-runtime';
  5 | ...
  6 | ...;

Ecmascript file had an error

Import trace:
  Server Component:
    ./packages/components/dist/index.js
    ./apps/web/app/demos/[slug]/page.tsx @ http://localhost:3000/_next/static/chunks/10zw_next_dist_10gys1k._.js:1945
[   67856ms] [ERROR] ./packages/components/dist/index.js:3:75
You're importing a module that depends on `useReducer` into a React Server Component module. This API is only available in Client Components. To fix, mark the file (or its parent) with the `"use client"` directive.
    Learn more: https://nextjs.org/docs/app/api-reference/directives/use-client
  1 | ...
  2 | ...d-merge';
> 3 | ...xt, useCallback, useId, useState, useRef, useReducer, useEffect, useContext, Children, useMemo ...
    |                                              ^^^^^^^^^^
  4 | ...rom 'react/jsx-runtime';
  5 | ...aunay';
  6 | ...react-slot';

Ecmascript file had an error

Import trace:
  Server Component:
    ./packages/components/dist/index.js
    ./apps/web/app/demos/[slug]/page.tsx @ http://localhost:3000/_next/static/chunks/10zw_next_dist_10gys1k._.js:1945
[   67856ms] [ERROR] ./packages/components/dist/index.js:3:67
You're importing a module that depends on `useRef` into a React Server Component module. This API is only available in Client Components. To fix, mark the file (or its parent) with the `"use client"` directive.
    Learn more: https://nextjs.org/docs/app/api-reference/directives/use-client
  1 | ...clsx';
  2 | ...m 'tailwind-merge';
> 3 | ...reateContext, useCallback, useId, useState, useRef, useReducer, useEffect, useContext, Children...
    |                                                ^^^^^^
  4 | ...agment } from 'react/jsx-runtime';
  5 | ...om 'd3-delaunay';
  6 | ...@radix-ui/react-slot';

Ecmascript file had an error

Import trace:
  Server Component:
    ./packages/components/dist/index.js
    ./apps/web/app/demos/[slug]/page.tsx @ http://localhost:3000/_next/static/chunks/10zw_next_dist_10gys1k._.js:1945
[   67856ms] [ERROR] ./packages/components/dist/index.js:3:57
You're importing a module that depends on `useState` into a React Server Component module. This API is only available in Client Components. To fix, mark the file (or its parent) with the `"use client"` directive.
    Learn more: https://nextjs.org/docs/app/api-reference/directives/use-client
  1 | ... } from 'clsx';
  2 | ...rge } from 'tailwind-merge';
> 3 | ...ardRef, createContext, useCallback, useId, useState, useRef, useReducer, useEffect, useContext,...
    |                                               ^^^^^^^^
  4 | ... jsxs, Fragment } from 'react/jsx-runtime';
  5 | ...unay } from 'd3-delaunay';
  6 | ... } from '@radix-ui/react-slot';

Ecmascript file had an error

Import trace:
  Server Component:
    ./packages/components/dist/index.js
    ./apps/web/app/demos/[slug]/page.tsx @ http://localhost:3000/_next/static/chunks/10zw_next_dist_10gys1k._.js:1945
[   67900ms] [ERROR] Failed to load resource: the server responded with a status of 500 (Internal Server Error) @ http://localhost:3000/demos/ai-saas:0
[   67912ms] [INFO] %cDownload the React DevTools for a better development experience: https://react.dev/link/react-devtools font-weight:bold @ http://localhost:3000/_next/static/chunks/0e-u_react-dom_0037m-m._.js:15305
[   67940ms] Error: ./packages/components/dist/index.js:3:22
You're importing a module that depends on `createContext` into a React Server Component module. This API is only available in Client Components. To fix, mark the file (or its parent) with the `"use client"` directive.
    Learn more: https://nextjs.org/docs/app/api-reference/directives/use-client
  1 | import { clsx } from 'clsx';
  2 | import { twMerge } from 'tailwind-merge';
> 3 | import { forwardRef, createContext, useCallback, useId, useState, useRef, useReducer, useEffect, u...
    |                      ^^^^^^^^^^^^^
  4 | import { jsx, jsxs, Fragment } from 'react/jsx-runtime';
  5 | import { Delaunay } from 'd3-delaunay';
  6 | import { Slot } from '@radix-ui/react-slot';

Ecmascript file had an error

Import trace:
  Server Component:
    ./packages/components/dist/index.js
    ./apps/web/app/demos/[slug]/page.tsx


    at <unknown> (Error: ./packages/components/dist/index.js:3:22)
    at Object.getCompilationErrors (file:///Users/kevinliu/Documents/GitHub/reticle-ui/node_modules/.pnpm/next@16.2.4_@opentelemetry+api@1.9.0_react-dom@19.2.5_react@19.2.5__react@19.2.5/node_modules/next/dist/server/dev/hot-reloader-turbopack.js:1186:59)
    at DevBundlerService.getCompilationError (file:///Users/kevinliu/Documents/GitHub/reticle-ui/node_modules/.pnpm/next@16.2.4_@opentelemetry+api@1.9.0_react-dom@19.2.5_react@19.2.5__react@19.2.5/node_modules/next/dist/server/lib/dev-bundler-service.js:44:55)
    at DevServer.getCompilationError (file:///Users/kevinliu/Documents/GitHub/reticle-ui/node_modules/.pnpm/next@16.2.4_@opentelemetry+api@1.9.0_react-dom@19.2.5_react@19.2.5__react@19.2.5/node_modules/next/dist/server/dev/next-dev-server.js:719:42)
    at DevServer.findPageComponents (file:///Users/kevinliu/Documents/GitHub/reticle-ui/node_modules/.pnpm/next@16.2.4_@opentelemetry+api@1.9.0_react-dom@19.2.5_react@19.2.5__react@19.2.5/node_modules/next/dist/server/dev/next-dev-server.js:689:43)
    at async DevServer.renderErrorToResponseImpl (file:///Users/kevinliu/Documents/GitHub/reticle-ui/node_modules/.pnpm/next@16.2.4_@opentelemetry+api@1.9.0_react-dom@19.2.5_react@19.2.5__react@19.2.5/node_modules/next/dist/server/base-server.js:1745:26)
[   67918ms] [LOG] [HMR] connected @ http://localhost:3000/_next/static/chunks/10zw_next_dist_10gys1k._.js:1226
[   67922ms] [ERROR] ./packages/components/dist/index.js:3:22
You're importing a module that depends on `createContext` into a React Server Component module. This API is only available in Client Components. To fix, mark the file (or its parent) with the `"use client"` directive.
    Learn more: https://nextjs.org/docs/app/api-reference/directives/use-client
  1 | import { clsx } from 'clsx';
  2 | import { twMerge } from 'tailwind-merge';
> 3 | import { forwardRef, createContext, useCallback, useId, useState, useRef, useReducer, useEffect, u...
    |                      ^^^^^^^^^^^^^
  4 | import { jsx, jsxs, Fragment } from 'react/jsx-runtime';
  5 | import { Delaunay } from 'd3-delaunay';
  6 | import { Slot } from '@radix-ui/react-slot';

Ecmascript file had an error

Import trace:
  Server Component:
    ./packages/components/dist/index.js
    ./apps/web/app/demos/[slug]/page.tsx @ http://localhost:3000/_next/static/chunks/10zw_next_dist_10gys1k._.js:1945
[   67922ms] [ERROR] ./packages/components/dist/index.js:3:87
You're importing a module that depends on `useEffect` into a React Server Component module. This API is only available in Client Components. To fix, mark the file (or its parent) with the `"use client"` directive.
    Learn more: https://nextjs.org/docs/app/api-reference/directives/use-client
  1 | ...
  2 | ...
> 3 | ...back, useId, useState, useRef, useReducer, useEffect, useContext, Children, useMemo } from 'rea...
    |                                               ^^^^^^^^^
  4 | ...jsx-runtime';
  5 | ...
  6 | ...;

Ecmascript file had an error

Import trace:
  Server Component:
    ./packages/components/dist/index.js
    ./apps/web/app/demos/[slug]/page.tsx @ http://localhost:3000/_next/static/chunks/10zw_next_dist_10gys1k._.js:1945
[   67922ms] [ERROR] ./packages/components/dist/index.js:3:75
You're importing a module that depends on `useReducer` into a React Server Component module. This API is only available in Client Components. To fix, mark the file (or its parent) with the `"use client"` directive.
    Learn more: https://nextjs.org/docs/app/api-reference/directives/use-client
  1 | ...
  2 | ...d-merge';
> 3 | ...xt, useCallback, useId, useState, useRef, useReducer, useEffect, useContext, Children, useMemo ...
    |                                              ^^^^^^^^^^
  4 | ...rom 'react/jsx-runtime';
  5 | ...aunay';
  6 | ...react-slot';

Ecmascript file had an error

Import trace:
  Server Component:
    ./packages/components/dist/index.js
    ./apps/web/app/demos/[slug]/page.tsx @ http://localhost:3000/_next/static/chunks/10zw_next_dist_10gys1k._.js:1945
[   67922ms] [ERROR] ./packages/components/dist/index.js:3:67
You're importing a module that depends on `useRef` into a React Server Component module. This API is only available in Client Components. To fix, mark the file (or its parent) with the `"use client"` directive.
    Learn more: https://nextjs.org/docs/app/api-reference/directives/use-client
  1 | ...clsx';
  2 | ...m 'tailwind-merge';
> 3 | ...reateContext, useCallback, useId, useState, useRef, useReducer, useEffect, useContext, Children...
    |                                                ^^^^^^
  4 | ...agment } from 'react/jsx-runtime';
  5 | ...om 'd3-delaunay';
  6 | ...@radix-ui/react-slot';

Ecmascript file had an error

Import trace:
  Server Component:
    ./packages/components/dist/index.js
    ./apps/web/app/demos/[slug]/page.tsx @ http://localhost:3000/_next/static/chunks/10zw_next_dist_10gys1k._.js:1945
[   67922ms] [ERROR] ./packages/components/dist/index.js:3:57
You're importing a module that depends on `useState` into a React Server Component module. This API is only available in Client Components. To fix, mark the file (or its parent) with the `"use client"` directive.
    Learn more: https://nextjs.org/docs/app/api-reference/directives/use-client
  1 | ... } from 'clsx';
  2 | ...rge } from 'tailwind-merge';
> 3 | ...ardRef, createContext, useCallback, useId, useState, useRef, useReducer, useEffect, useContext,...
    |                                               ^^^^^^^^
  4 | ... jsxs, Fragment } from 'react/jsx-runtime';
  5 | ...unay } from 'd3-delaunay';
  6 | ... } from '@radix-ui/react-slot';

Ecmascript file had an error

Import trace:
  Server Component:
    ./packages/components/dist/index.js
    ./apps/web/app/demos/[slug]/page.tsx @ http://localhost:3000/_next/static/chunks/10zw_next_dist_10gys1k._.js:1945
[   67956ms] [ERROR] ./packages/components/dist/index.js:3:22
You're importing a module that depends on `createContext` into a React Server Component module. This API is only available in Client Components. To fix, mark the file (or its parent) with the `"use client"` directive.
    Learn more: https://nextjs.org/docs/app/api-reference/directives/use-client
  1 | import { clsx } from 'clsx';
  2 | import { twMerge } from 'tailwind-merge';
> 3 | import { forwardRef, createContext, useCallback, useId, useState, useRef, useReducer, useEffect, u...
    |                      ^^^^^^^^^^^^^
  4 | import { jsx, jsxs, Fragment } from 'react/jsx-runtime';
  5 | import { Delaunay } from 'd3-delaunay';
  6 | import { Slot } from '@radix-ui/react-slot';

Ecmascript file had an error

Import trace:
  Server Component:
    ./packages/components/dist/index.js
    ./apps/web/app/demos/[slug]/page.tsx @ http://localhost:3000/_next/static/chunks/10zw_next_dist_10gys1k._.js:1945
[   67956ms] [ERROR] ./packages/components/dist/index.js:3:87
You're importing a module that depends on `useEffect` into a React Server Component module. This API is only available in Client Components. To fix, mark the file (or its parent) with the `"use client"` directive.
    Learn more: https://nextjs.org/docs/app/api-reference/directives/use-client
  1 | ...
  2 | ...
> 3 | ...back, useId, useState, useRef, useReducer, useEffect, useContext, Children, useMemo } from 'rea...
    |                                               ^^^^^^^^^
  4 | ...jsx-runtime';
  5 | ...
  6 | ...;

Ecmascript file had an error

Import trace:
  Server Component:
    ./packages/components/dist/index.js
    ./apps/web/app/demos/[slug]/page.tsx @ http://localhost:3000/_next/static/chunks/10zw_next_dist_10gys1k._.js:1945
[   67956ms] [ERROR] ./packages/components/dist/index.js:3:75
You're importing a module that depends on `useReducer` into a React Server Component module. This API is only available in Client Components. To fix, mark the file (or its parent) with the `"use client"` directive.
    Learn more: https://nextjs.org/docs/app/api-reference/directives/use-client
  1 | ...
  2 | ...d-merge';
> 3 | ...xt, useCallback, useId, useState, useRef, useReducer, useEffect, useContext, Children, useMemo ...
    |                                              ^^^^^^^^^^
  4 | ...rom 'react/jsx-runtime';
  5 | ...aunay';
  6 | ...react-slot';

Ecmascript file had an error

Import trace:
  Server Component:
    ./packages/components/dist/index.js
    ./apps/web/app/demos/[slug]/page.tsx @ http://localhost:3000/_next/static/chunks/10zw_next_dist_10gys1k._.js:1945
[   67956ms] [ERROR] ./packages/components/dist/index.js:3:67
You're importing a module that depends on `useRef` into a React Server Component module. This API is only available in Client Components. To fix, mark the file (or its parent) with the `"use client"` directive.
    Learn more: https://nextjs.org/docs/app/api-reference/directives/use-client
  1 | ...clsx';
  2 | ...m 'tailwind-merge';
> 3 | ...reateContext, useCallback, useId, useState, useRef, useReducer, useEffect, useContext, Children...
    |                                                ^^^^^^
  4 | ...agment } from 'react/jsx-runtime';
  5 | ...om 'd3-delaunay';
  6 | ...@radix-ui/react-slot';

Ecmascript file had an error

Import trace:
  Server Component:
    ./packages/components/dist/index.js
    ./apps/web/app/demos/[slug]/page.tsx @ http://localhost:3000/_next/static/chunks/10zw_next_dist_10gys1k._.js:1945
[   67956ms] [ERROR] ./packages/components/dist/index.js:3:57
You're importing a module that depends on `useState` into a React Server Component module. This API is only available in Client Components. To fix, mark the file (or its parent) with the `"use client"` directive.
    Learn more: https://nextjs.org/docs/app/api-reference/directives/use-client
  1 | ... } from 'clsx';
  2 | ...rge } from 'tailwind-merge';
> 3 | ...ardRef, createContext, useCallback, useId, useState, useRef, useReducer, useEffect, useContext,...
    |                                               ^^^^^^^^
  4 | ... jsxs, Fragment } from 'react/jsx-runtime';
  5 | ...unay } from 'd3-delaunay';
  6 | ... } from '@radix-ui/react-slot';

Ecmascript file had an error

Import trace:
  Server Component:
    ./packages/components/dist/index.js
    ./apps/web/app/demos/[slug]/page.tsx @ http://localhost:3000/_next/static/chunks/10zw_next_dist_10gys1k._.js:1945
[   68054ms] [ERROR] ./packages/components/dist/index.js:3:22
You're importing a module that depends on `createContext` into a React Server Component module. This API is only available in Client Components. To fix, mark the file (or its parent) with the `"use client"` directive.
    Learn more: https://nextjs.org/docs/app/api-reference/directives/use-client
  1 | import { clsx } from 'clsx';
  2 | import { twMerge } from 'tailwind-merge';
> 3 | import { forwardRef, createContext, useCallback, useId, useState, useRef, useReducer, useEffect, u...
    |                      ^^^^^^^^^^^^^
  4 | import { jsx, jsxs, Fragment } from 'react/jsx-runtime';
  5 | import { Delaunay } from 'd3-delaunay';
  6 | import { Slot } from '@radix-ui/react-slot';

Ecmascript file had an error

Import trace:
  Server Component:
    ./packages/components/dist/index.js
    ./apps/web/app/demos/[slug]/page.tsx @ http://localhost:3000/_next/static/chunks/10zw_next_dist_10gys1k._.js:1945
[   68054ms] [ERROR] ./packages/components/dist/index.js:3:87
You're importing a module that depends on `useEffect` into a React Server Component module. This API is only available in Client Components. To fix, mark the file (or its parent) with the `"use client"` directive.
    Learn more: https://nextjs.org/docs/app/api-reference/directives/use-client
  1 | ...
  2 | ...
> 3 | ...back, useId, useState, useRef, useReducer, useEffect, useContext, Children, useMemo } from 'rea...
    |                                               ^^^^^^^^^
  4 | ...jsx-runtime';
  5 | ...
  6 | ...;

Ecmascript file had an error

Import trace:
  Server Component:
    ./packages/components/dist/index.js
    ./apps/web/app/demos/[slug]/page.tsx @ http://localhost:3000/_next/static/chunks/10zw_next_dist_10gys1k._.js:1945
[   68054ms] [ERROR] ./packages/components/dist/index.js:3:75
You're importing a module that depends on `useReducer` into a React Server Component module. This API is only available in Client Components. To fix, mark the file (or its parent) with the `"use client"` directive.
    Learn more: https://nextjs.org/docs/app/api-reference/directives/use-client
  1 | ...
  2 | ...d-merge';
> 3 | ...xt, useCallback, useId, useState, useRef, useReducer, useEffect, useContext, Children, useMemo ...
    |                                              ^^^^^^^^^^
  4 | ...rom 'react/jsx-runtime';
  5 | ...aunay';
  6 | ...react-slot';

Ecmascript file had an error

Import trace:
  Server Component:
    ./packages/components/dist/index.js
    ./apps/web/app/demos/[slug]/page.tsx @ http://localhost:3000/_next/static/chunks/10zw_next_dist_10gys1k._.js:1945
[   68054ms] [ERROR] ./packages/components/dist/index.js:3:67
You're importing a module that depends on `useRef` into a React Server Component module. This API is only available in Client Components. To fix, mark the file (or its parent) with the `"use client"` directive.
    Learn more: https://nextjs.org/docs/app/api-reference/directives/use-client
  1 | ...clsx';
  2 | ...m 'tailwind-merge';
> 3 | ...reateContext, useCallback, useId, useState, useRef, useReducer, useEffect, useContext, Children...
    |                                                ^^^^^^
  4 | ...agment } from 'react/jsx-runtime';
  5 | ...om 'd3-delaunay';
  6 | ...@radix-ui/react-slot';

Ecmascript file had an error

Import trace:
  Server Component:
    ./packages/components/dist/index.js
    ./apps/web/app/demos/[slug]/page.tsx @ http://localhost:3000/_next/static/chunks/10zw_next_dist_10gys1k._.js:1945
[   68054ms] [ERROR] ./packages/components/dist/index.js:3:57
You're importing a module that depends on `useState` into a React Server Component module. This API is only available in Client Components. To fix, mark the file (or its parent) with the `"use client"` directive.
    Learn more: https://nextjs.org/docs/app/api-reference/directives/use-client
  1 | ... } from 'clsx';
  2 | ...rge } from 'tailwind-merge';
> 3 | ...ardRef, createContext, useCallback, useId, useState, useRef, useReducer, useEffect, useContext,...
    |                                               ^^^^^^^^
  4 | ... jsxs, Fragment } from 'react/jsx-runtime';
  5 | ...unay } from 'd3-delaunay';
  6 | ... } from '@radix-ui/react-slot';

Ecmascript file had an error

Import trace:
  Server Component:
    ./packages/components/dist/index.js
    ./apps/web/app/demos/[slug]/page.tsx @ http://localhost:3000/_next/static/chunks/10zw_next_dist_10gys1k._.js:1945
[   68102ms] [LOG] [Fast Refresh] rebuilding @ http://localhost:3000/_next/static/chunks/10zw_next_dist_10gys1k._.js:1226
[  113787ms] [LOG] [Fast Refresh] rebuilding @ http://localhost:3000/_next/static/chunks/10zw_next_dist_10gys1k._.js:1226
[  113839ms] [ERROR] Failed to load resource: the server responded with a status of 500 (Internal Server Error) @ http://localhost:3000/demos/ai-saas:0
[  113855ms] [INFO] %cDownload the React DevTools for a better development experience: https://react.dev/link/react-devtools font-weight:bold @ http://localhost:3000/_next/static/chunks/0e-u_react-dom_0037m-m._.js:15305
[  113860ms] Error: ./packages/components/dist/index.js:3:22
You're importing a module that depends on `createContext` into a React Server Component module. This API is only available in Client Components. To fix, mark the file (or its parent) with the `"use client"` directive.
    Learn more: https://nextjs.org/docs/app/api-reference/directives/use-client
  1 | import { clsx } from 'clsx';
  2 | import { twMerge } from 'tailwind-merge';
> 3 | import { forwardRef, createContext, useCallback, useId, useState, useRef, useReducer, useEffect, u...
    |                      ^^^^^^^^^^^^^
  4 | import { jsx, jsxs, Fragment } from 'react/jsx-runtime';
  5 | import { Delaunay } from 'd3-delaunay';
  6 | import { Slot } from '@radix-ui/react-slot';

Ecmascript file had an error

Import trace:
  Server Component:
    ./packages/components/dist/index.js
    ./apps/web/app/demos/[slug]/page.tsx


    at <unknown> (Error: ./packages/components/dist/index.js:3:22)
    at Object.getCompilationErrors (file:///Users/kevinliu/Documents/GitHub/reticle-ui/node_modules/.pnpm/next@16.2.4_@opentelemetry+api@1.9.0_react-dom@19.2.5_react@19.2.5__react@19.2.5/node_modules/next/dist/server/dev/hot-reloader-turbopack.js:1186:59)
    at DevBundlerService.getCompilationError (file:///Users/kevinliu/Documents/GitHub/reticle-ui/node_modules/.pnpm/next@16.2.4_@opentelemetry+api@1.9.0_react-dom@19.2.5_react@19.2.5__react@19.2.5/node_modules/next/dist/server/lib/dev-bundler-service.js:44:55)
    at DevServer.getCompilationError (file:///Users/kevinliu/Documents/GitHub/reticle-ui/node_modules/.pnpm/next@16.2.4_@opentelemetry+api@1.9.0_react-dom@19.2.5_react@19.2.5__react@19.2.5/node_modules/next/dist/server/dev/next-dev-server.js:719:42)
    at DevServer.findPageComponents (file:///Users/kevinliu/Documents/GitHub/reticle-ui/node_modules/.pnpm/next@16.2.4_@opentelemetry+api@1.9.0_react-dom@19.2.5_react@19.2.5__react@19.2.5/node_modules/next/dist/server/dev/next-dev-server.js:689:43)
    at async DevServer.renderErrorToResponseImpl (file:///Users/kevinliu/Documents/GitHub/reticle-ui/node_modules/.pnpm/next@16.2.4_@opentelemetry+api@1.9.0_react-dom@19.2.5_react@19.2.5__react@19.2.5/node_modules/next/dist/server/base-server.js:1745:26)
[  113860ms] [LOG] [HMR] connected @ http://localhost:3000/_next/static/chunks/10zw_next_dist_10gys1k._.js:1226
[  113862ms] [ERROR] ./packages/components/dist/index.js:3:22
You're importing a module that depends on `createContext` into a React Server Component module. This API is only available in Client Components. To fix, mark the file (or its parent) with the `"use client"` directive.
    Learn more: https://nextjs.org/docs/app/api-reference/directives/use-client
  1 | import { clsx } from 'clsx';
  2 | import { twMerge } from 'tailwind-merge';
> 3 | import { forwardRef, createContext, useCallback, useId, useState, useRef, useReducer, useEffect, u...
    |                      ^^^^^^^^^^^^^
  4 | import { jsx, jsxs, Fragment } from 'react/jsx-runtime';
  5 | import { Delaunay } from 'd3-delaunay';
  6 | import { Slot } from '@radix-ui/react-slot';

Ecmascript file had an error

Import trace:
  Server Component:
    ./packages/components/dist/index.js
    ./apps/web/app/demos/[slug]/page.tsx @ http://localhost:3000/_next/static/chunks/10zw_next_dist_10gys1k._.js:1945
[  113862ms] [ERROR] ./packages/components/dist/index.js:3:87
You're importing a module that depends on `useEffect` into a React Server Component module. This API is only available in Client Components. To fix, mark the file (or its parent) with the `"use client"` directive.
    Learn more: https://nextjs.org/docs/app/api-reference/directives/use-client
  1 | ...
  2 | ...
> 3 | ...back, useId, useState, useRef, useReducer, useEffect, useContext, Children, useMemo } from 'rea...
    |                                               ^^^^^^^^^
  4 | ...jsx-runtime';
  5 | ...
  6 | ...;

Ecmascript file had an error

Import trace:
  Server Component:
    ./packages/components/dist/index.js
    ./apps/web/app/demos/[slug]/page.tsx @ http://localhost:3000/_next/static/chunks/10zw_next_dist_10gys1k._.js:1945
[  113862ms] [ERROR] ./packages/components/dist/index.js:3:75
You're importing a module that depends on `useReducer` into a React Server Component module. This API is only available in Client Components. To fix, mark the file (or its parent) with the `"use client"` directive.
    Learn more: https://nextjs.org/docs/app/api-reference/directives/use-client
  1 | ...
  2 | ...d-merge';
> 3 | ...xt, useCallback, useId, useState, useRef, useReducer, useEffect, useContext, Children, useMemo ...
    |                                              ^^^^^^^^^^
  4 | ...rom 'react/jsx-runtime';
  5 | ...aunay';
  6 | ...react-slot';

Ecmascript file had an error

Import trace:
  Server Component:
    ./packages/components/dist/index.js
    ./apps/web/app/demos/[slug]/page.tsx @ http://localhost:3000/_next/static/chunks/10zw_next_dist_10gys1k._.js:1945
[  113862ms] [ERROR] ./packages/components/dist/index.js:3:67
You're importing a module that depends on `useRef` into a React Server Component module. This API is only available in Client Components. To fix, mark the file (or its parent) with the `"use client"` directive.
    Learn more: https://nextjs.org/docs/app/api-reference/directives/use-client
  1 | ...clsx';
  2 | ...m 'tailwind-merge';
> 3 | ...reateContext, useCallback, useId, useState, useRef, useReducer, useEffect, useContext, Children...
    |                                                ^^^^^^
  4 | ...agment } from 'react/jsx-runtime';
  5 | ...om 'd3-delaunay';
  6 | ...@radix-ui/react-slot';

Ecmascript file had an error

Import trace:
  Server Component:
    ./packages/components/dist/index.js
    ./apps/web/app/demos/[slug]/page.tsx @ http://localhost:3000/_next/static/chunks/10zw_next_dist_10gys1k._.js:1945
[  113862ms] [ERROR] ./packages/components/dist/index.js:3:57
You're importing a module that depends on `useState` into a React Server Component module. This API is only available in Client Components. To fix, mark the file (or its parent) with the `"use client"` directive.
    Learn more: https://nextjs.org/docs/app/api-reference/directives/use-client
  1 | ... } from 'clsx';
  2 | ...rge } from 'tailwind-merge';
> 3 | ...ardRef, createContext, useCallback, useId, useState, useRef, useReducer, useEffect, useContext,...
    |                                               ^^^^^^^^
  4 | ... jsxs, Fragment } from 'react/jsx-runtime';
  5 | ...unay } from 'd3-delaunay';
  6 | ... } from '@radix-ui/react-slot';

Ecmascript file had an error

Import trace:
  Server Component:
    ./packages/components/dist/index.js
    ./apps/web/app/demos/[slug]/page.tsx @ http://localhost:3000/_next/static/chunks/10zw_next_dist_10gys1k._.js:1945
[  113899ms] [ERROR] ./packages/components/dist/index.js:3:22
You're importing a module that depends on `createContext` into a React Server Component module. This API is only available in Client Components. To fix, mark the file (or its parent) with the `"use client"` directive.
    Learn more: https://nextjs.org/docs/app/api-reference/directives/use-client
  1 | import { clsx } from 'clsx';
  2 | import { twMerge } from 'tailwind-merge';
> 3 | import { forwardRef, createContext, useCallback, useId, useState, useRef, useReducer, useEffect, u...
    |                      ^^^^^^^^^^^^^
  4 | import { jsx, jsxs, Fragment } from 'react/jsx-runtime';
  5 | import { Delaunay } from 'd3-delaunay';
  6 | import { Slot } from '@radix-ui/react-slot';

Ecmascript file had an error

Import trace:
  Server Component:
    ./packages/components/dist/index.js
    ./apps/web/app/demos/[slug]/page.tsx @ http://localhost:3000/_next/static/chunks/10zw_next_dist_10gys1k._.js:1945
[  113899ms] [ERROR] ./packages/components/dist/index.js:3:87
You're importing a module that depends on `useEffect` into a React Server Component module. This API is only available in Client Components. To fix, mark the file (or its parent) with the `"use client"` directive.
    Learn more: https://nextjs.org/docs/app/api-reference/directives/use-client
  1 | ...
  2 | ...
> 3 | ...back, useId, useState, useRef, useReducer, useEffect, useContext, Children, useMemo } from 'rea...
    |                                               ^^^^^^^^^
  4 | ...jsx-runtime';
  5 | ...
  6 | ...;

Ecmascript file had an error

Import trace:
  Server Component:
    ./packages/components/dist/index.js
    ./apps/web/app/demos/[slug]/page.tsx @ http://localhost:3000/_next/static/chunks/10zw_next_dist_10gys1k._.js:1945
[  113899ms] [ERROR] ./packages/components/dist/index.js:3:75
You're importing a module that depends on `useReducer` into a React Server Component module. This API is only available in Client Components. To fix, mark the file (or its parent) with the `"use client"` directive.
    Learn more: https://nextjs.org/docs/app/api-reference/directives/use-client
  1 | ...
  2 | ...d-merge';
> 3 | ...xt, useCallback, useId, useState, useRef, useReducer, useEffect, useContext, Children, useMemo ...
    |                                              ^^^^^^^^^^
  4 | ...rom 'react/jsx-runtime';
  5 | ...aunay';
  6 | ...react-slot';

Ecmascript file had an error

Import trace:
  Server Component:
    ./packages/components/dist/index.js
    ./apps/web/app/demos/[slug]/page.tsx @ http://localhost:3000/_next/static/chunks/10zw_next_dist_10gys1k._.js:1945
[  113899ms] [ERROR] ./packages/components/dist/index.js:3:67
You're importing a module that depends on `useRef` into a React Server Component module. This API is only available in Client Components. To fix, mark the file (or its parent) with the `"use client"` directive.
    Learn more: https://nextjs.org/docs/app/api-reference/directives/use-client
  1 | ...clsx';
  2 | ...m 'tailwind-merge';
> 3 | ...reateContext, useCallback, useId, useState, useRef, useReducer, useEffect, useContext, Children...
    |                                                ^^^^^^
  4 | ...agment } from 'react/jsx-runtime';
  5 | ...om 'd3-delaunay';
  6 | ...@radix-ui/react-slot';

Ecmascript file had an error

Import trace:
  Server Component:
    ./packages/components/dist/index.js
    ./apps/web/app/demos/[slug]/page.tsx @ http://localhost:3000/_next/static/chunks/10zw_next_dist_10gys1k._.js:1945
[  113899ms] [ERROR] ./packages/components/dist/index.js:3:57
You're importing a module that depends on `useState` into a React Server Component module. This API is only available in Client Components. To fix, mark the file (or its parent) with the `"use client"` directive.
    Learn more: https://nextjs.org/docs/app/api-reference/directives/use-client
  1 | ... } from 'clsx';
  2 | ...rge } from 'tailwind-merge';
> 3 | ...ardRef, createContext, useCallback, useId, useState, useRef, useReducer, useEffect, useContext,...
    |                                               ^^^^^^^^
  4 | ... jsxs, Fragment } from 'react/jsx-runtime';
  5 | ...unay } from 'd3-delaunay';
  6 | ... } from '@radix-ui/react-slot';

Ecmascript file had an error

Import trace:
  Server Component:
    ./packages/components/dist/index.js
    ./apps/web/app/demos/[slug]/page.tsx @ http://localhost:3000/_next/static/chunks/10zw_next_dist_10gys1k._.js:1945
[  113997ms] [ERROR] ./packages/components/dist/index.js:3:22
You're importing a module that depends on `createContext` into a React Server Component module. This API is only available in Client Components. To fix, mark the file (or its parent) with the `"use client"` directive.
    Learn more: https://nextjs.org/docs/app/api-reference/directives/use-client
  1 | import { clsx } from 'clsx';
  2 | import { twMerge } from 'tailwind-merge';
> 3 | import { forwardRef, createContext, useCallback, useId, useState, useRef, useReducer, useEffect, u...
    |                      ^^^^^^^^^^^^^
  4 | import { jsx, jsxs, Fragment } from 'react/jsx-runtime';
  5 | import { Delaunay } from 'd3-delaunay';
  6 | import { Slot } from '@radix-ui/react-slot';

Ecmascript file had an error

Import trace:
  Server Component:
    ./packages/components/dist/index.js
    ./apps/web/app/demos/[slug]/page.tsx @ http://localhost:3000/_next/static/chunks/10zw_next_dist_10gys1k._.js:1945
[  113997ms] [ERROR] ./packages/components/dist/index.js:3:87
You're importing a module that depends on `useEffect` into a React Server Component module. This API is only available in Client Components. To fix, mark the file (or its parent) with the `"use client"` directive.
    Learn more: https://nextjs.org/docs/app/api-reference/directives/use-client
  1 | ...
  2 | ...
> 3 | ...back, useId, useState, useRef, useReducer, useEffect, useContext, Children, useMemo } from 'rea...
    |                                               ^^^^^^^^^
  4 | ...jsx-runtime';
  5 | ...
  6 | ...;

Ecmascript file had an error

Import trace:
  Server Component:
    ./packages/components/dist/index.js
    ./apps/web/app/demos/[slug]/page.tsx @ http://localhost:3000/_next/static/chunks/10zw_next_dist_10gys1k._.js:1945
[  113997ms] [ERROR] ./packages/components/dist/index.js:3:75
You're importing a module that depends on `useReducer` into a React Server Component module. This API is only available in Client Components. To fix, mark the file (or its parent) with the `"use client"` directive.
    Learn more: https://nextjs.org/docs/app/api-reference/directives/use-client
  1 | ...
  2 | ...d-merge';
> 3 | ...xt, useCallback, useId, useState, useRef, useReducer, useEffect, useContext, Children, useMemo ...
    |                                              ^^^^^^^^^^
  4 | ...rom 'react/jsx-runtime';
  5 | ...aunay';
  6 | ...react-slot';

Ecmascript file had an error

Import trace:
  Server Component:
    ./packages/components/dist/index.js
    ./apps/web/app/demos/[slug]/page.tsx @ http://localhost:3000/_next/static/chunks/10zw_next_dist_10gys1k._.js:1945
[  113997ms] [ERROR] ./packages/components/dist/index.js:3:67
You're importing a module that depends on `useRef` into a React Server Component module. This API is only available in Client Components. To fix, mark the file (or its parent) with the `"use client"` directive.
    Learn more: https://nextjs.org/docs/app/api-reference/directives/use-client
  1 | ...clsx';
  2 | ...m 'tailwind-merge';
> 3 | ...reateContext, useCallback, useId, useState, useRef, useReducer, useEffect, useContext, Children...
    |                                                ^^^^^^
  4 | ...agment } from 'react/jsx-runtime';
  5 | ...om 'd3-delaunay';
  6 | ...@radix-ui/react-slot';

Ecmascript file had an error

Import trace:
  Server Component:
    ./packages/components/dist/index.js
    ./apps/web/app/demos/[slug]/page.tsx @ http://localhost:3000/_next/static/chunks/10zw_next_dist_10gys1k._.js:1945
[  113997ms] [ERROR] ./packages/components/dist/index.js:3:57
You're importing a module that depends on `useState` into a React Server Component module. This API is only available in Client Components. To fix, mark the file (or its parent) with the `"use client"` directive.
    Learn more: https://nextjs.org/docs/app/api-reference/directives/use-client
  1 | ... } from 'clsx';
  2 | ...rge } from 'tailwind-merge';
> 3 | ...ardRef, createContext, useCallback, useId, useState, useRef, useReducer, useEffect, useContext,...
    |                                               ^^^^^^^^
  4 | ... jsxs, Fragment } from 'react/jsx-runtime';
  5 | ...unay } from 'd3-delaunay';
  6 | ... } from '@radix-ui/react-slot';

Ecmascript file had an error

Import trace:
  Server Component:
    ./packages/components/dist/index.js
    ./apps/web/app/demos/[slug]/page.tsx @ http://localhost:3000/_next/static/chunks/10zw_next_dist_10gys1k._.js:1945
[  114061ms] [LOG] [Fast Refresh] rebuilding @ http://localhost:3000/_next/static/chunks/10zw_next_dist_10gys1k._.js:1226
