[    -226ms] [ERROR] Failed to load resource: the server responded with a status of 500 (Internal Server Error) @ http://localhost:3000/:0
[     108ms] [INFO] %cDownload the React DevTools for a better development experience: https://react.dev/link/react-devtools font-weight:bold @ http://localhost:3000/_next/static/chunks/0e-u_react-dom_0037m-m._.js:15305
[     480ms] Error: ./apps/web/components/landing/component-showcase.tsx:4:1
Export AccessibleIcon doesn't exist in target module
   2 |
   3 | import { useState, type ReactNode } from "react";
>  4 | import {
     | ^^^^^^^
>  5 |   Button, Badge, Input, Select, SelectTrigger, SelectContent, SelectItem, SelectValue, Checkbox, Switch, Slider, Progress,
     | ^^^^^^^^^^^^^^^^^^^^^^^^^^^^^^^^^^^^^^^^^^^^^^^^^^^^^^^^^^^^^^^^^^^^^^^^^^^^^^^^^^^^^^^^^^^^^^^^^^^^^^^^^^^^^^^^^^^^^^^^^^
>  6 |   Toggle, ToggleGroup, ToggleGroupItem,
     | ^^^^^^^^^^^^^^^^^^^^^^^^^^^^^^^^^^^^^^^
>  7 |   Avatar, AvatarGroup, KPI, Alert, AlertTitle, AlertDescription,
     | ^^^^^^^^^^^^^^^^^^^^^^^^^^^^^^^^^^^^^^^^^^^^^^^^^^^^^^^^^^^^^^^^
>  8 |   Skeleton, LoadingSpinner, Textarea, NumberField, Label, Separator,
     | ^^^^^^^^^^^^^^^^^^^^^^^^^^^^^^^^^^^^^^^^^^^^^^^^^^^^^^^^^^^^^^^^^^^^
>  9 |   Card, CardHeader, CardTitle, CardContent, CardDescription, CardFooter,
     | ^^^^^^^^^^^^^^^^^^^^^^^^^^^^^^^^^^^^^^^^^^^^^^^^^^^^^^^^^^^^^^^^^^^^^^^^
> 10 |   Stack, Accordion, AccordionItem, AccordionTrigger, AccordionContent,
     | ^^^^^^^^^^^^^^^^^^^^^^^^^^^^^^^^^^^^^^^^^^^^^^^^^^^^^^^^^^^^^^^^^^^^^^
> 11 |   Tabs, TabsList, TabsTrigger, TabsContent,
     | ^^^^^^^^^^^^^^^^^^^^^^^^^^^^^^^^^^^^^^^^^^^
> 12 |   Collapsible, CollapsibleTrigger, CollapsibleContent,
     | ^^^^^^^^^^^^^^^^^^^^^^^^^^^^^^^^^^^^^^^^^^^^^^^^^^^^^^
> 13 |   ScrollArea, AspectRatio, CodeBlock, Terminal,
     | ^^^^^^^^^^^^^^^^^^^^^^^^^^^^^^^^^^^^^^^^^^^^^^^
> 14 |   Breadcrumb, Pagination, Toolbar, ToolbarButton, ToolbarSeparator, SplitButton,
     | ^^^^^^^^^^^^^^^^^^^^^^^^^^^^^^^^^^^^^^^^^^^^^^^^^^^^^^^^^^^^^^^^^^^^^^^^^^^^^^^^
> 15 |   Table, TableBody, TableCell, TableHead, TableHeader, TableRow,
     | ^^^^^^^^^^^^^^^^^^^^^^^^^^^^^^^^^^^^^^^^^^^^^^^^^^^^^^^^^^^^^^^^
> 16 |   Timeline, Stepper, Meter, DatePicker, Calendar,
     | ^^^^^^^^^^^^^^^^^^^^^^^^^^^^^^^^^^^^^^^^^^^^^^^^^
> 17 |   Carousel, CarouselContent, CarouselItem, CarouselPrevious, CarouselNext,
     | ^^^^^^^^^^^^^^^^^^^^^^^^^^^^^^^^^^^^^^^^^^^^^^^^^^^^^^^^^^^^^^^^^^^^^^^^^^
> 18 |   RadioGroup, RadioGroupItem, CheckboxGroup, CheckboxGroupItem, Combobox,
     | ^^^^^^^^^^^^^^^^^^^^^^^^^^^^^^^^^^^^^^^^^^^^^^^^^^^^^^^^^^^^^^^^^^^^^^^^^
> 19 |   InputOTP, InputOTPGroup, InputOTPSlot, InputOTPSeparator,
     | ^^^^^^^^^^^^^^^^^^^^^^^^^^^^^^^^^^^^^^^^^^^^^^^^^^^^^^^^^^^
> 20 |   Field, Fieldset, FieldLabel, FieldDescription,
     | ^^^^^^^^^^^^^^^^^^^^^^^^^^^^^^^^^^^^^^^^^^^^^^^^
> 21 |   Diamond, Hexagon, Triangle, Diagonal, Shape, Cross,
     | ^^^^^^^^^^^^^^^^^^^^^^^^^^^^^^^^^^^^^^^^^^^^^^^^^^^^^
> 22 |   VoronoiBento, Tessellation, Pattern,
     | ^^^^^^^^^^^^^^^^^^^^^^^^^^^^^^^^^^^^^^
> 23 |   Box, Container, Flex, SimpleGrid, Center, Spacer, AppShell, Main, Aside, Header as SigilHeader, Banner,
     | ^^^^^^^^^^^^^^^^^^^^^^^^^^^^^^^^^^^^^^^^^^^^^^^^^^^^^^^^^^^^^^^^^^^^^^^^^^^^^^^^^^^^^^^^^^^^^^^^^^^^^^^^^
> 24 |   Box3D, Card3D, FloatingUI, IsometricView,
     | ^^^^^^^^^^^^^^^^^^^^^^^^^^^^^^^^^^^^^^^^^^^
> 25 |   Diagram, FlowDiagram, ComparisonTable, ExplodedView, ArchitectureDiagram,
     | ^^^^^^^^^^^^^^^^^^^^^^^^^^^^^^^^^^^^^^^^^^^^^^^^^^^^^^^^^^^^^^^^^^^^^^^^^^^
> 26 |   DiagramNode, DiagramConnector, DiagramLabel, CrossHatch, PipelineDiagram,
     | ^^^^^^^^^^^^^^^^^^^^^^^^^^^^^^^^^^^^^^^^^^^^^^^^^^^^^^^^^^^^^^^^^^^^^^^^^^^
> 27 |   StackDiagram, HubSpokeDiagram, BeforeAfterDiagram, EcosystemDiagram,
     | ^^^^^^^^^^^^^^^^^^^^^^^^^^^^^^^^^^^^^^^^^^^^^^^^^^^^^^^^^^^^^^^^^^^^^^
> 28 |   HubRouteDiagram, GlobeDiagram, OrbitDiagram, StreamFlowDiagram,
     | ^^^^^^^^^^^^^^^^^^^^^^^^^^^^^^^^^^^^^^^^^^^^^^^^^^^^^^^^^^^^^^^^^
> 29 |   IsometricStackDiagram, PlatformHubDiagram, FeatureMiniDiagram, SankeyDiagram,
     | ^^^^^^^^^^^^^^^^^^^^^^^^^^^^^^^^^^^^^^^^^^^^^^^^^^^^^^^^^^^^^^^^^^^^^^^^^^^^^^^
> 30 |   IsometricPrism, IsometricCylinder, IsometricScene, Box3DGrid,
     | ^^^^^^^^^^^^^^^^^^^^^^^^^^^^^^^^^^^^^^^^^^^^^^^^^^^^^^^^^^^^^^^
> 31 |   Hero, CTA, Pricing, FeatureGrid, LogoBar, PricingTiers, CostCalculator,
     | ^^^^^^^^^^^^^^^^^^^^^^^^^^^^^^^^^^^^^^^^^^^^^^^^^^^^^^^^^^^^^^^^^^^^^^^^^
> 32 |   TestimonialCard, AnnouncementBar, BlogGrid,
     | ^^^^^^^^^^^^^^^^^^^^^^^^^^^^^^^^^^^^^^^^^^^^^
> 33 |   LargeTextSection, FeatureShowcaseSection, InstallSection, GradientBannerSection,
     | ^^^^^^^^^^^^^^^^^^^^^^^^^^^^^^^^^^^^^^^^^^^^^^^^^^^^^^^^^^^^^^^^^^^^^^^^^^^^^^^^^^
> 34 |   FeatureFrame, UnitPricing, BlogHeader,
     | ^^^^^^^^^^^^^^^^^^^^^^^^^^^^^^^^^^^^^^^^
> 35 |   Navbar, NavbarLogo, NavbarLinks, NavbarActions,
     | ^^^^^^^^^^^^^^^^^^^^^^^^^^^^^^^^^^^^^^^^^^^^^^^^^
> 36 |   Footer as SigilFooter, Sidebar, SidebarHeader, SidebarContent, SidebarItem,
     | ^^^^^^^^^^^^^^^^^^^^^^^^^^^^^^^^^^^^^^^^^^^^^^^^^^^^^^^^^^^^^^^^^^^^^^^^^^^^^
> 37 |   NavigationMenu, NavigationMenuList, NavigationMenuItem, NavigationMenuLink,
     | ^^^^^^^^^^^^^^^^^^^^^^^^^^^^^^^^^^^^^^^^^^^^^^^^^^^^^^^^^^^^^^^^^^^^^^^^^^^^^
> 38 |   Menubar, MenubarMenu, MenubarTrigger, MenubarContent, MenubarItem, SocialIcons,
     | ^^^^^^^^^^^^^^^^^^^^^^^^^^^^^^^^^^^^^^^^^^^^^^^^^^^^^^^^^^^^^^^^^^^^^^^^^^^^^^^^^
> 39 |   Divider, HRule, SectionDivider,
     | ^^^^^^^^^^^^^^^^^^^^^^^^^^^^^^^^^
> 40 |   AnimateOnScroll,
     | ^^^^^^^^^^^^^^^^^^
> 41 |   Dialog, DialogTrigger, DialogContent, DialogHeader, DialogTitle, DialogDescription,
     | ^^^^^^^^^^^^^^^^^^^^^^^^^^^^^^^^^^^^^^^^^^^^^^^^^^^^^^^^^^^^^^^^^^^^^^^^^^^^^^^^^^^^^
> 42 |   Drawer, DrawerTrigger, DrawerContent, DrawerHeader, DrawerTitle,
     | ^^^^^^^^^^^^^^^^^^^^^^^^^^^^^^^^^^^^^^^^^^^^^^^^^^^^^^^^^^^^^^^^^^
> 43 |   Sheet, SheetTrigger, SheetContent, SheetHeader, SheetTitle,
     | ^^^^^^^^^^^^^^^^^^^^^^^^^^^^^^^^^^^^^^^^^^^^^^^^^^^^^^^^^^^^^
> 44 |   Popover, PopoverTrigger, PopoverContent,
     | ^^^^^^^^^^^^^^^^^^^^^^^^^^^^^^^^^^^^^^^^^^
> 45 |   HoverCard, HoverCardTrigger, HoverCardContent,
     | ^^^^^^^^^^^^^^^^^^^^^^^^^^^^^^^^^^^^^^^^^^^^^^^^
> 46 |   DropdownMenu, DropdownMenuTrigger, DropdownMenuContent, DropdownMenuItem,
     | ^^^^^^^^^^^^^^^^^^^^^^^^^^^^^^^^^^^^^^^^^^^^^^^^^^^^^^^^^^^^^^^^^^^^^^^^^^^
> 47 |   ContextMenu, ContextMenuTrigger, ContextMenuContent, ContextMenuItem,
     | ^^^^^^^^^^^^^^^^^^^^^^^^^^^^^^^^^^^^^^^^^^^^^^^^^^^^^^^^^^^^^^^^^^^^^^^
> 48 |   Command, CommandInput,
     | ^^^^^^^^^^^^^^^^^^^^^^^^
> 49 |   AlertDialog, AlertDialogTrigger, AlertDialogContent, AlertDialogHeader, AlertDialogFooter,
     | ^^^^^^^^^^^^^^^^^^^^^^^^^^^^^^^^^^^^^^^^^^^^^^^^^^^^^^^^^^^^^^^^^^^^^^^^^^^^^^^^^^^^^^^^^^^^
> 50 |   AlertDialogTitle, AlertDialogDescription, AlertDialogAction, AlertDialogCancel,
     | ^^^^^^^^^^^^^^^^^^^^^^^^^^^^^^^^^^^^^^^^^^^^^^^^^^^^^^^^^^^^^^^^^^^^^^^^^^^^^^^^^
> 51 |   toast, Toaster,
     | ^^^^^^^^^^^^^^^^^
> 52 |   Kbd, Empty, NativeSelect, Clipboard, Tooltip, TooltipProvider,
     | ^^^^^^^^^^^^^^^^^^^^^^^^^^^^^^^^^^^^^^^^^^^^^^^^^^^^^^^^^^^^^^^^
> 53 |   TagsInput, ColorPicker, Editable, RatingGroup,
     | ^^^^^^^^^^^^^^^^^^^^^^^^^^^^^^^^^^^^^^^^^^^^^^^^
> 54 |   TreeView, ButtonGroup,
     | ^^^^^^^^^^^^^^^^^^^^^^^^
> 55 |   InputGroup, InputGroupAddon, InputGroupInput,
     | ^^^^^^^^^^^^^^^^^^^^^^^^^^^^^^^^^^^^^^^^^^^^^^^
> 56 |   FileUpload, SignaturePad,
     | ^^^^^^^^^^^^^^^^^^^^^^^^^^^
> 57 |   Item, Sonner,
     | ^^^^^^^^^^^^^^^
> 58 |   Panel, PanelHead, BrailleSpinner, GrainGradient, PageShell,
     | ^^^^^^^^^^^^^^^^^^^^^^^^^^^^^^^^^^^^^^^^^^^^^^^^^^^^^^^^^^^^^
> 59 |   AccessibleIcon, VisuallyHidden,
     | ^^^^^^^^^^^^^^^^^^^^^^^^^^^^^^^^^
> 60 |   SegmentedControl, SegmentedControlItem, CircularProgress, PasswordInput,
     | ^^^^^^^^^^^^^^^^^^^^^^^^^^^^^^^^^^^^^^^^^^^^^^^^^^^^^^^^^^^^^^^^^^^^^^^^^^
> 61 |   SectionHeading, HeroSection, FeatureSection, CTASection,
     | ^^^^^^^^^^^^^^^^^^^^^^^^^^^^^^^^^^^^^^^^^^^^^^^^^^^^^^^^^^
> 62 |   FAQSection, StatsSection, BentoSection,
     | ^^^^^^^^^^^^^^^^^^^^^^^^^^^^^^^^^^^^^^^^^
> 63 |   TestimonialsSection, LogoCloudSection, ComparisonSection,
     | ^^^^^^^^^^^^^^^^^^^^^^^^^^^^^^^^^^^^^^^^^^^^^^^^^^^^^^^^^^^
> 64 |   CodeShowcaseSection, TeamSection, TimelineSection, NewsletterSection, FooterSection,
     | ^^^^^^^^^^^^^^^^^^^^^^^^^^^^^^^^^^^^^^^^^^^^^^^^^^^^^^^^^^^^^^^^^^^^^^^^^^^^^^^^^^^^^^
> 65 | } from "@sigil-ui/components";
     | ^^^^^^^^^^^^^^^^^^^^^^^^^^^^^^
  66 | import { TechFrame } from "./tech-frame";
  67 | import {
  68 |   Search, Star, Heart, Bold, Italic, Underline,

The export AccessibleIcon was not found in module [project]/packages/components/dist/index.js [app-client] (ecmascript).
Did you mean to import Tessellation?
All exports of the module are statically known (It doesn't have dynamic exports). So it's known statically that the requested export doesn't exist.

Import traces:
  Client Component Browser:
    ./apps/web/components/landing/component-showcase.tsx [Client Component Browser]
    ./apps/web/app/components/page.tsx [Client Component Browser]
    ./apps/web/app/components/page.tsx [Server Component]

  Client Component SSR:
    ./apps/web/components/landing/component-showcase.tsx [Client Component SSR]
    ./apps/web/app/components/page.tsx [Client Component SSR]
    ./apps/web/app/components/page.tsx [Server Component]


    at <unknown> (Error: ./apps/web/components/landing/component-showcase.tsx:4:1)
    at Object.getCompilationErrors (file:///Users/kevinliu/Documents/GitHub/reticle-ui/node_modules/.pnpm/next@16.2.4_@opentelemetry+api@1.9.0_react-dom@19.2.5_react@19.2.5__react@19.2.5/node_modules/next/dist/server/dev/hot-reloader-turbopack.js:1186:59)
    at DevBundlerService.getCompilationError (file:///Users/kevinliu/Documents/GitHub/reticle-ui/node_modules/.pnpm/next@16.2.4_@opentelemetry+api@1.9.0_react-dom@19.2.5_react@19.2.5__react@19.2.5/node_modules/next/dist/server/lib/dev-bundler-service.js:44:55)
    at DevServer.getCompilationError (file:///Users/kevinliu/Documents/GitHub/reticle-ui/node_modules/.pnpm/next@16.2.4_@opentelemetry+api@1.9.0_react-dom@19.2.5_react@19.2.5__react@19.2.5/node_modules/next/dist/server/dev/next-dev-server.js:719:42)
    at DevServer.findPageComponents (file:///Users/kevinliu/Documents/GitHub/reticle-ui/node_modules/.pnpm/next@16.2.4_@opentelemetry+api@1.9.0_react-dom@19.2.5_react@19.2.5__react@19.2.5/node_modules/next/dist/server/dev/next-dev-server.js:689:43)
    at async DevServer.renderErrorToResponseImpl (file:///Users/kevinliu/Documents/GitHub/reticle-ui/node_modules/.pnpm/next@16.2.4_@opentelemetry+api@1.9.0_react-dom@19.2.5_react@19.2.5__react@19.2.5/node_modules/next/dist/server/base-server.js:1745:26)
[     467ms] [LOG] [HMR] connected @ http://localhost:3000/_next/static/chunks/10zw_next_dist_10gys1k._.js:1226
[     719ms] [LOG] [Fast Refresh] rebuilding @ http://localhost:3000/_next/static/chunks/10zw_next_dist_10gys1k._.js:1226
[     865ms] [LOG] [Fast Refresh] done in 236ms @ http://localhost:3000/_next/static/chunks/10zw_next_dist_10gys1k._.js:1226
[  458448ms] [LOG] [Fast Refresh] rebuilding @ http://localhost:3000/_next/static/chunks/10zw_next_dist_10gys1k._.js:1226
[  458578ms] [LOG] [Fast Refresh] done in 232ms @ http://localhost:3000/_next/static/chunks/10zw_next_dist_10gys1k._.js:1226
[  459726ms] [INFO] %cDownload the React DevTools for a better development experience: https://react.dev/link/react-devtools font-weight:bold @ http://localhost:3000/_next/static/chunks/0i12_next_dist_0ldn21_._.js:2925
[  459820ms] [LOG] [HMR] connected @ http://localhost:3000/_next/static/chunks/0i12_next_dist_0ldn21_._.js:2925
[  459852ms] [LOG] 
                                                    ..
                                                    ..
                                                   ...
                                                  ....
                                                 .... 
                                                ..... 
                                               .....  
                                             ......   
                                          ........    
                                        ........      
                                     .........        
                                 ...........       ...
                             ............         ....
                         .............           .... 
                     ..............            .....  
                 ..............              ......   
             ..............                .......    
          ............                   .......      
        .........                     ........        
      ........                     .........          
     ......                   ...........             
    ......               ............                 
   .....                                      ..      
  .....                                    ....       
 :...                                    ....         
 ...                                 .......          
...                            ..........             
...               ....................                
..            ..................:                     
 @ http://localhost:3000/_next/static/chunks/0i12_next_dist_0ldn21_._.js:2925
[  460032ms] [WARNING] Clerk: Clerk has been loaded with development keys. Development instances have strict usage limits and should not be used when deploying your application to production. Learn more: https://clerk.com/docs/deployments/overview @ http://localhost:3000/_next/static/chunks/0i12_next_dist_0ldn21_._.js:2925
[  460036ms] [LOG] [Fast Refresh] rebuilding @ http://localhost:3000/_next/static/chunks/0i12_next_dist_0ldn21_._.js:2925
[  460073ms] [WARNING] You may test your Stripe.js integration over HTTP. However, live Stripe.js integrations must use HTTPS. @ http://localhost:3000/_next/static/chunks/0i12_next_dist_0ldn21_._.js:2925
[  460076ms] [WARNING] Image with src "/images/wing-bg-nyx-waves.png" was detected as the Largest Contentful Paint (LCP). Please add the `loading="eager"` property if this image is above the fold.
Read more: https://nextjs.org/docs/app/api-reference/components/image#loading @ http://localhost:3000/_next/static/chunks/0i12_next_dist_0ldn21_._.js:2925
[  460087ms] [LOG] [Fast Refresh] done in 211ms @ http://localhost:3000/_next/static/chunks/0i12_next_dist_0ldn21_._.js:2925
