[     132ms] [LOG] [Fast Refresh] rebuilding @ http://localhost:3000/_next/static/chunks/10zw_next_dist_09~qnvg._.js:2431
[     179ms] [LOG] [Fast Refresh] done in 148ms @ http://localhost:3000/_next/static/chunks/10zw_next_dist_09~qnvg._.js:2431
[     201ms] [INFO] %cDownload the React DevTools for a better development experience: https://react.dev/link/react-devtools font-weight:bold @ http://localhost:3000/_next/static/chunks/10zw_next_dist_09~qnvg._.js:2431
[     214ms] [LOG] [HMR] connected @ http://localhost:3000/_next/static/chunks/10zw_next_dist_09~qnvg._.js:2431
[     272ms] [ERROR] A tree hydrated but some attributes of the server rendered HTML didn't match the client properties. This won't be patched up. This can happen if a SSR-ed Client Component used:

- A server/client branch `if (typeof window !== 'undefined')`.
- Variable input such as `Date.now()` or `Math.random()` which changes each time it's called.
- Date formatting in a user's locale which doesn't match the server.
- External changing data without sending a snapshot of it along with the HTML.
- Invalid HTML tag nesting.

It can also happen if the client has a browser extension installed which messes with the HTML before React loaded.

%s%s https://react.dev/link/hydration-mismatch 

  ...
    <HotReload globalError={[...]} webSocket={WebSocket} staticIndicatorState={{pathname:null, ...}}>
      <AppDevOverlayErrorBoundary globalError={[...]}>
        <ReplaySsrOnlyErrors>
        <DevRootHTTPAccessFallbackBoundary>
          <HTTPAccessFallbackBoundary notFound={<NotAllowedRootHTTPFallbackError>}>
            <HTTPAccessFallbackErrorBoundary pathname="/" notFound={<NotAllowedRootHTTPFallbackError>} ...>
              <RedirectBoundary>
                <RedirectErrorBoundary router={{...}}>
                  <Head>
                  <__next_root_layout_boundary__>
                    <SegmentViewNode type="layout" pagePath="layout.tsx">
                      <SegmentTrieNode>
                      <link>
                      <script>
                      <script>
                      <script>
                      <script>
                      <RootLayout>
                        <html lang="en" className="dark robot..." data-theme="dark" suppressHydrationWarning={true}>
                          <head>
                          <body
+                           style={{paddingBottom:40}}
-                           style={{padding-bottom:"40px"}}
                          >
                  ...
 @ http://localhost:3000/_next/static/chunks/10zw_next_dist_09~qnvg._.js:3272
[  137683ms] [LOG] [Fast Refresh] rebuilding @ http://localhost:3000/_next/static/chunks/10zw_next_dist_09~qnvg._.js:2431
[  137838ms] [LOG] [Fast Refresh] done in 256ms @ http://localhost:3000/_next/static/chunks/10zw_next_dist_09~qnvg._.js:2431
[  215323ms] [LOG] [Fast Refresh] rebuilding @ http://localhost:3000/_next/static/chunks/10zw_next_dist_09~qnvg._.js:2431
[  215443ms] [LOG] [Fast Refresh] done in 184ms @ http://localhost:3000/_next/static/chunks/10zw_next_dist_09~qnvg._.js:2431
[  216712ms] [LOG] [Fast Refresh] rebuilding @ http://localhost:3000/_next/static/chunks/10zw_next_dist_09~qnvg._.js:2431
[  216748ms] [LOG] [Fast Refresh] done in 80ms @ http://localhost:3000/_next/static/chunks/10zw_next_dist_09~qnvg._.js:2431
[  219780ms] [LOG] [Fast Refresh] rebuilding @ http://localhost:3000/_next/static/chunks/10zw_next_dist_09~qnvg._.js:2431
[  219796ms] [LOG] [Fast Refresh] done in 117ms @ http://localhost:3000/_next/static/chunks/10zw_next_dist_09~qnvg._.js:2431
[  221583ms] [LOG] [Fast Refresh] rebuilding @ http://localhost:3000/_next/static/chunks/10zw_next_dist_09~qnvg._.js:2431
[  221617ms] [LOG] [Fast Refresh] done in 78ms @ http://localhost:3000/_next/static/chunks/10zw_next_dist_09~qnvg._.js:2431
[  224748ms] [LOG] [Fast Refresh] rebuilding @ http://localhost:3000/_next/static/chunks/10zw_next_dist_09~qnvg._.js:2431
[  224779ms] [LOG] [Fast Refresh] done in 31ms @ http://localhost:3000/_next/static/chunks/10zw_next_dist_09~qnvg._.js:2431
[  234303ms] [LOG] [Fast Refresh] rebuilding @ http://localhost:3000/_next/static/chunks/10zw_next_dist_09~qnvg._.js:2431
[  234333ms] [LOG] [Fast Refresh] done in 42ms @ http://localhost:3000/_next/static/chunks/10zw_next_dist_09~qnvg._.js:2431
[  238872ms] [LOG] [Fast Refresh] rebuilding @ http://localhost:3000/_next/static/chunks/10zw_next_dist_09~qnvg._.js:2431
[  239386ms] [ERROR] Failed to load resource: the server responded with a status of 404 (Not Found) @ http://localhost:3000/demo:0
[  239400ms] [INFO] %cDownload the React DevTools for a better development experience: https://react.dev/link/react-devtools font-weight:bold @ http://localhost:3000/_next/static/chunks/10zw_next_dist_09~qnvg._.js:2431
[  239410ms] [LOG] [HMR] connected @ http://localhost:3000/_next/static/chunks/10zw_next_dist_09~qnvg._.js:2431
[  241089ms] [ERROR] Failed to load resource: the server responded with a status of 404 (Not Found) @ http://localhost:3000/demos:0
[  241096ms] [INFO] %cDownload the React DevTools for a better development experience: https://react.dev/link/react-devtools font-weight:bold @ http://localhost:3000/_next/static/chunks/10zw_next_dist_09~qnvg._.js:2431
[  241105ms] [LOG] [HMR] connected @ http://localhost:3000/_next/static/chunks/10zw_next_dist_09~qnvg._.js:2431
[  242697ms] [ERROR] Failed to load resource: the server responded with a status of 404 (Not Found) @ http://localhost:3000/demo:0
[  242703ms] [INFO] %cDownload the React DevTools for a better development experience: https://react.dev/link/react-devtools font-weight:bold @ http://localhost:3000/_next/static/chunks/10zw_next_dist_09~qnvg._.js:2431
[  242710ms] [LOG] [HMR] connected @ http://localhost:3000/_next/static/chunks/10zw_next_dist_09~qnvg._.js:2431
[  242848ms] [INFO] %cDownload the React DevTools for a better development experience: https://react.dev/link/react-devtools font-weight:bold @ http://localhost:3000/_next/static/chunks/10zw_next_dist_09~qnvg._.js:2431
[  242859ms] [LOG] [HMR] connected @ http://localhost:3000/_next/static/chunks/10zw_next_dist_09~qnvg._.js:2431
[  246992ms] [LOG] [Fast Refresh] rebuilding @ http://localhost:3000/_next/static/chunks/10zw_next_dist_09~qnvg._.js:2431
[  247775ms] [LOG] [Fast Refresh] done in 879ms @ http://localhost:3000/_next/static/chunks/10zw_next_dist_09~qnvg._.js:2431
[  250128ms] [LOG] [Fast Refresh] rebuilding @ http://localhost:3000/_next/static/chunks/10zw_next_dist_09~qnvg._.js:2431
[  258984ms] Error: Internal Next.js error: Router action dispatched before initialization.
    at dispatchAppRouterAction (http://localhost:3000/_next/static/chunks/10zw_next_dist_client_0ii3he1._.js:916:37)
    at http://localhost:3000/_next/static/chunks/10zw_next_dist_client_0ii3he1._.js:11800:61
    at startTransition (http://localhost:3000/_next/static/chunks/10zw_next_dist_compiled_0mu0jk-._.js:1279:31)
    at Object.hmrRefresh (http://localhost:3000/_next/static/chunks/10zw_next_dist_client_0ii3he1._.js:11799:40)
    at http://localhost:3000/_next/static/chunks/10zw_next_dist_client_0ii3he1._.js:13967:64
    at startTransition (http://localhost:3000/_next/static/chunks/10zw_next_dist_compiled_0mu0jk-._.js:1279:31)
    at processMessage (http://localhost:3000/_next/static/chunks/10zw_next_dist_client_0ii3he1._.js:13966:44)
    at WebSocket.handleMessage (http://localhost:3000/_next/static/chunks/10zw_next_dist_client_0ii3he1._.js:13335:52)
[  262891ms] Error: Internal Next.js error: Router action dispatched before initialization.
    at dispatchAppRouterAction (http://localhost:3000/_next/static/chunks/10zw_next_dist_client_0ii3he1._.js:916:37)
    at http://localhost:3000/_next/static/chunks/10zw_next_dist_client_0ii3he1._.js:11800:61
    at startTransition (http://localhost:3000/_next/static/chunks/10zw_next_dist_compiled_0mu0jk-._.js:1279:31)
    at Object.hmrRefresh (http://localhost:3000/_next/static/chunks/10zw_next_dist_client_0ii3he1._.js:11799:40)
    at http://localhost:3000/_next/static/chunks/10zw_next_dist_client_0ii3he1._.js:13967:64
    at startTransition (http://localhost:3000/_next/static/chunks/10zw_next_dist_compiled_0mu0jk-._.js:1279:31)
    at processMessage (http://localhost:3000/_next/static/chunks/10zw_next_dist_client_0ii3he1._.js:13966:44)
    at WebSocket.handleMessage (http://localhost:3000/_next/static/chunks/10zw_next_dist_client_0ii3he1._.js:13335:52)
[  269175ms] Error: Internal Next.js error: Router action dispatched before initialization.
    at dispatchAppRouterAction (http://localhost:3000/_next/static/chunks/10zw_next_dist_client_0ii3he1._.js:916:37)
    at http://localhost:3000/_next/static/chunks/10zw_next_dist_client_0ii3he1._.js:11800:61
    at startTransition (http://localhost:3000/_next/static/chunks/10zw_next_dist_compiled_0mu0jk-._.js:1279:31)
    at Object.hmrRefresh (http://localhost:3000/_next/static/chunks/10zw_next_dist_client_0ii3he1._.js:11799:40)
    at http://localhost:3000/_next/static/chunks/10zw_next_dist_client_0ii3he1._.js:13967:64
    at startTransition (http://localhost:3000/_next/static/chunks/10zw_next_dist_compiled_0mu0jk-._.js:1279:31)
    at processMessage (http://localhost:3000/_next/static/chunks/10zw_next_dist_client_0ii3he1._.js:13966:44)
    at WebSocket.handleMessage (http://localhost:3000/_next/static/chunks/10zw_next_dist_client_0ii3he1._.js:13335:52)
[  269958ms] [LOG] [Fast Refresh] done in 19178ms @ http://localhost:3000/_next/static/chunks/10zw_next_dist_09~qnvg._.js:2431
[  270090ms] [LOG] [Fast Refresh] rebuilding @ http://localhost:3000/_next/static/chunks/10zw_next_dist_09~qnvg._.js:2431
[  270199ms] [LOG] [Fast Refresh] done in 210ms @ http://localhost:3000/_next/static/chunks/10zw_next_dist_09~qnvg._.js:2431
