[      60ms] [INFO] %cDownload the React DevTools for a better development experience: https://react.dev/link/react-devtools font-weight:bold @ http://localhost:3000/_next/static/chunks/0i12_next_dist_0ldn21_._.js:2925
[     113ms] [LOG] [HMR] connected @ http://localhost:3000/_next/static/chunks/0i12_next_dist_0ldn21_._.js:2925
[    3126ms] [WARNING] The resource https://neat-gator-21.clerk.accounts.dev/npm/@clerk/ui@1/dist/ui.browser.js was preloaded using link preload but not used within a few seconds from the window's load event. Please make sure it has an appropriate `as` value and it is preloaded intentionally. @ http://localhost:3000/:0
[   57279ms] [LOG] [Fast Refresh] rebuilding @ http://localhost:3000/_next/static/chunks/0i12_next_dist_0ldn21_._.js:2925
[   57523ms] Error: Internal Next.js error: Router action dispatched before initialization.
    at dispatchAppRouterAction (http://localhost:3000/_next/static/chunks/0i12_next_dist_client_0qh9n1j._.js:916:37)
    at http://localhost:3000/_next/static/chunks/0i12_next_dist_client_0qh9n1j._.js:11834:61
    at startTransition (http://localhost:3000/_next/static/chunks/0i12_next_dist_compiled_0l_yk5z._.js:1279:31)
    at Object.hmrRefresh (http://localhost:3000/_next/static/chunks/0i12_next_dist_client_0qh9n1j._.js:11833:40)
    at http://localhost:3000/_next/static/chunks/0i12_next_dist_client_0qh9n1j._.js:14007:64
    at startTransition (http://localhost:3000/_next/static/chunks/0i12_next_dist_compiled_0l_yk5z._.js:1279:31)
    at processMessage (http://localhost:3000/_next/static/chunks/0i12_next_dist_client_0qh9n1j._.js:14006:44)
    at WebSocket.handleMessage (http://localhost:3000/_next/static/chunks/0i12_next_dist_client_0qh9n1j._.js:13375:52)
[   57539ms] Error: Internal Next.js error: Router action dispatched before initialization.
    at dispatchAppRouterAction (http://localhost:3000/_next/static/chunks/0i12_next_dist_client_0qh9n1j._.js:916:37)
    at http://localhost:3000/_next/static/chunks/0i12_next_dist_client_0qh9n1j._.js:11834:61
    at startTransition (http://localhost:3000/_next/static/chunks/0i12_next_dist_compiled_0l_yk5z._.js:1279:31)
    at Object.hmrRefresh (http://localhost:3000/_next/static/chunks/0i12_next_dist_client_0qh9n1j._.js:11833:40)
    at http://localhost:3000/_next/static/chunks/0i12_next_dist_client_0qh9n1j._.js:14007:64
    at startTransition (http://localhost:3000/_next/static/chunks/0i12_next_dist_compiled_0l_yk5z._.js:1279:31)
    at processMessage (http://localhost:3000/_next/static/chunks/0i12_next_dist_client_0qh9n1j._.js:14006:44)
    at WebSocket.handleMessage (http://localhost:3000/_next/static/chunks/0i12_next_dist_client_0qh9n1j._.js:13375:52)
[   57554ms] Error: Internal Next.js error: Router action dispatched before initialization.
    at dispatchAppRouterAction (http://localhost:3000/_next/static/chunks/0i12_next_dist_client_0qh9n1j._.js:916:37)
    at http://localhost:3000/_next/static/chunks/0i12_next_dist_client_0qh9n1j._.js:11834:61
    at startTransition (http://localhost:3000/_next/static/chunks/0i12_next_dist_compiled_0l_yk5z._.js:1279:31)
    at Object.hmrRefresh (http://localhost:3000/_next/static/chunks/0i12_next_dist_client_0qh9n1j._.js:11833:40)
    at http://localhost:3000/_next/static/chunks/0i12_next_dist_client_0qh9n1j._.js:14007:64
    at startTransition (http://localhost:3000/_next/static/chunks/0i12_next_dist_compiled_0l_yk5z._.js:1279:31)
    at processMessage (http://localhost:3000/_next/static/chunks/0i12_next_dist_client_0qh9n1j._.js:14006:44)
    at WebSocket.handleMessage (http://localhost:3000/_next/static/chunks/0i12_next_dist_client_0qh9n1j._.js:13375:52)
[   57563ms] [LOG] [Fast Refresh] done in 383ms @ http://localhost:3000/_next/static/chunks/0i12_next_dist_0ldn21_._.js:2925
[   62224ms] [LOG] [Fast Refresh] rebuilding @ http://localhost:3000/_next/static/chunks/0i12_next_dist_0ldn21_._.js:2925
[   62275ms] [LOG] [Fast Refresh] done in 126ms @ http://localhost:3000/_next/static/chunks/0i12_next_dist_0ldn21_._.js:2925
[   64615ms] [LOG] [Fast Refresh] rebuilding @ http://localhost:3000/_next/static/chunks/0i12_next_dist_0ldn21_._.js:2925
[   64662ms] [LOG] [Fast Refresh] done in 149ms @ http://localhost:3000/_next/static/chunks/0i12_next_dist_0ldn21_._.js:2925
[  306571ms] [INFO] %cDownload the React DevTools for a better development experience: https://react.dev/link/react-devtools font-weight:bold @ http://localhost:3000/_next/static/chunks/0i12_next_dist_0ldn21_._.js:2925
[  306592ms] [LOG] [HMR] connected @ http://localhost:3000/_next/static/chunks/0i12_next_dist_0ldn21_._.js:2925
[  306617ms] [LOG] 
                                                    ..
                                                    ..
                                                   ...
                                                  ....
                                                 .... 
                                                ..... 
                                               .....  
                                             ......   
                                          ........    
                                        ........      
                                     .........        
                                 ...........       ...
                             ............         ....
                         .............           .... 
                     ..............            .....  
                 ..............              ......   
             ..............                .......    
          ............                   .......      
        .........                     ........        
      ........                     .........          
     ......                   ...........             
    ......               ............                 
   .....                                      ..      
  .....                                    ....       
 :...                                    ....         
 ...                                 .......          
...                            ..........             
...               ....................                
..            ..................:                     
 @ http://localhost:3000/_next/static/chunks/0i12_next_dist_0ldn21_._.js:2925
[  306740ms] [WARNING] Image with src "/images/wing-bg-nyx-waves.png" was detected as the Largest Contentful Paint (LCP). Please add the `loading="eager"` property if this image is above the fold.
Read more: https://nextjs.org/docs/app/api-reference/components/image#loading @ http://localhost:3000/_next/static/chunks/0i12_next_dist_0ldn21_._.js:2925
[  306741ms] [WARNING] Clerk: Clerk has been loaded with development keys. Development instances have strict usage limits and should not be used when deploying your application to production. Learn more: https://clerk.com/docs/deployments/overview @ http://localhost:3000/_next/static/chunks/0i12_next_dist_0ldn21_._.js:2925
[  306778ms] [WARNING] You may test your Stripe.js integration over HTTP. However, live Stripe.js integrations must use HTTPS. @ http://localhost:3000/_next/static/chunks/0i12_next_dist_0ldn21_._.js:2925
[  376685ms] [INFO] %cDownload the React DevTools for a better development experience: https://react.dev/link/react-devtools font-weight:bold @ http://localhost:3002/_next/static/chunks/10zw_next_dist_09~qnvg._.js:2431
[  376763ms] [LOG] [HMR] connected @ http://localhost:3002/_next/static/chunks/10zw_next_dist_09~qnvg._.js:2431
