[     134ms] [LOG] [Fast Refresh] rebuilding @ http://localhost:3000/_next/static/chunks/10zw_next_dist_09~qnvg._.js:2431
[    1012ms] [ERROR] ./apps/web/app/docs/[[...slug]]/page.tsx:1:1
Module not found: Can't resolve '@/lib/source'
> 1 | import { source } from "@/lib/source";
    | ^^^^^^^^^^^^^^^^^^^^^^^^^^^^^^^^^^^^^^
  2 | import {
  3 |   DocsBody,
  4 |   DocsDescription,

Import map: aliased to relative './' inside of [project]/apps/web

https://nextjs.org/docs/messages/module-not-found @ http://localhost:3000/_next/static/chunks/10zw_next_dist_09~qnvg._.js:3272
[    1012ms] [ERROR] ./apps/web/app/docs/layout.tsx:3:1
Module not found: Can't resolve '@/lib/source'
  1 | import { DocsLayout } from "fumadocs-ui/layouts/docs";
  2 | import type { ReactNode } from "react";
> 3 | import { source } from "@/lib/source";
    | ^^^^^^^^^^^^^^^^^^^^^^^^^^^^^^^^^^^^^^
  4 |
  5 | export default function Layout({ children }: { children: ReactNode }) {
  6 |   return (

Import map: aliased to relative './' inside of [project]/apps/web

https://nextjs.org/docs/messages/module-not-found @ http://localhost:3000/_next/static/chunks/10zw_next_dist_09~qnvg._.js:3272
[    1013ms] [ERROR] Failed to load resource: the server responded with a status of 500 (Internal Server Error) @ http://localhost:3000/docs:0
[    1049ms] [INFO] %cDownload the React DevTools for a better development experience: https://react.dev/link/react-devtools font-weight:bold @ http://localhost:3000/_next/static/chunks/0e-u_react-dom_0037m-m._.js:15305
[    1076ms] Error: ./apps/web/app/docs/[[...slug]]/page.tsx:1:1
Module not found: Can't resolve '@/lib/source'
> 1 | import { source } from "@/lib/source";
    | ^^^^^^^^^^^^^^^^^^^^^^^^^^^^^^^^^^^^^^
  2 | import {
  3 |   DocsBody,
  4 |   DocsDescription,

Import map: aliased to relative './' inside of [project]/apps/web


https://nextjs.org/docs/messages/module-not-found


    at <unknown> (Error: ./apps/web/app/docs/[[...slug]]/page.tsx:1:1)
    at <unknown> (https://nextjs.org/docs/messages/module-not-found)
    at Object.getCompilationErrors (file:///Users/kevinliu/Documents/GitHub/reticle-ui/node_modules/.pnpm/next@16.2.4_@opentelemetry+api@1.9.0_react-dom@19.2.5_react@19.2.5__react@19.2.5/node_modules/next/dist/server/dev/hot-reloader-turbopack.js:1186:59)
    at DevBundlerService.getCompilationError (file:///Users/kevinliu/Documents/GitHub/reticle-ui/node_modules/.pnpm/next@16.2.4_@opentelemetry+api@1.9.0_react-dom@19.2.5_react@19.2.5__react@19.2.5/node_modules/next/dist/server/lib/dev-bundler-service.js:44:55)
    at DevServer.getCompilationError (file:///Users/kevinliu/Documents/GitHub/reticle-ui/node_modules/.pnpm/next@16.2.4_@opentelemetry+api@1.9.0_react-dom@19.2.5_react@19.2.5__react@19.2.5/node_modules/next/dist/server/dev/next-dev-server.js:719:42)
    at DevServer.findPageComponents (file:///Users/kevinliu/Documents/GitHub/reticle-ui/node_modules/.pnpm/next@16.2.4_@opentelemetry+api@1.9.0_react-dom@19.2.5_react@19.2.5__react@19.2.5/node_modules/next/dist/server/dev/next-dev-server.js:689:43)
    at async DevServer.renderErrorToResponseImpl (file:///Users/kevinliu/Documents/GitHub/reticle-ui/node_modules/.pnpm/next@16.2.4_@opentelemetry+api@1.9.0_react-dom@19.2.5_react@19.2.5__react@19.2.5/node_modules/next/dist/server/base-server.js:1745:26)
[    1075ms] [LOG] [HMR] connected @ http://localhost:3000/_next/static/chunks/10zw_next_dist_10gys1k._.js:1226
[    1083ms] [ERROR] ./apps/web/app/docs/[[...slug]]/page.tsx:1:1
Module not found: Can't resolve '@/lib/source'
> 1 | import { source } from "@/lib/source";
    | ^^^^^^^^^^^^^^^^^^^^^^^^^^^^^^^^^^^^^^
  2 | import {
  3 |   DocsBody,
  4 |   DocsDescription,

Import map: aliased to relative './' inside of [project]/apps/web

https://nextjs.org/docs/messages/module-not-found @ http://localhost:3000/_next/static/chunks/10zw_next_dist_10gys1k._.js:1945
[    1083ms] [ERROR] ./apps/web/app/docs/layout.tsx:3:1
Module not found: Can't resolve '@/lib/source'
  1 | import { DocsLayout } from "fumadocs-ui/layouts/docs";
  2 | import type { ReactNode } from "react";
> 3 | import { source } from "@/lib/source";
    | ^^^^^^^^^^^^^^^^^^^^^^^^^^^^^^^^^^^^^^
  4 |
  5 | export default function Layout({ children }: { children: ReactNode }) {
  6 |   return (

Import map: aliased to relative './' inside of [project]/apps/web

https://nextjs.org/docs/messages/module-not-found @ http://localhost:3000/_next/static/chunks/10zw_next_dist_10gys1k._.js:1945
[    1119ms] [ERROR] ./apps/web/app/docs/[[...slug]]/page.tsx:1:1
Module not found: Can't resolve '@/lib/source'
> 1 | import { source } from "@/lib/source";
    | ^^^^^^^^^^^^^^^^^^^^^^^^^^^^^^^^^^^^^^
  2 | import {
  3 |   DocsBody,
  4 |   DocsDescription,

Import map: aliased to relative './' inside of [project]/apps/web

https://nextjs.org/docs/messages/module-not-found @ http://localhost:3000/_next/static/chunks/10zw_next_dist_10gys1k._.js:1945
[    1119ms] [ERROR] ./apps/web/app/docs/layout.tsx:3:1
Module not found: Can't resolve '@/lib/source'
  1 | import { DocsLayout } from "fumadocs-ui/layouts/docs";
  2 | import type { ReactNode } from "react";
> 3 | import { source } from "@/lib/source";
    | ^^^^^^^^^^^^^^^^^^^^^^^^^^^^^^^^^^^^^^
  4 |
  5 | export default function Layout({ children }: { children: ReactNode }) {
  6 |   return (

Import map: aliased to relative './' inside of [project]/apps/web

https://nextjs.org/docs/messages/module-not-found @ http://localhost:3000/_next/static/chunks/10zw_next_dist_10gys1k._.js:1945
[    1183ms] [LOG] [Fast Refresh] rebuilding @ http://localhost:3000/_next/static/chunks/10zw_next_dist_10gys1k._.js:1226
[   33626ms] [LOG] [Fast Refresh] rebuilding @ http://localhost:3000/_next/static/chunks/10zw_next_dist_10gys1k._.js:1226
[   35617ms] [ERROR] Failed to load resource: the server responded with a status of 500 (Internal Server Error) @ http://localhost:3000/docs:0
[   35632ms] [INFO] %cDownload the React DevTools for a better development experience: https://react.dev/link/react-devtools font-weight:bold @ http://localhost:3000/_next/static/chunks/0e-u_react-dom_0037m-m._.js:15305
[   35656ms] Error: ./apps/web/app/docs/layout.tsx:3:1
Module not found: Can't resolve '@/lib/source'
  1 | import { DocsLayout } from "fumadocs-ui/layouts/docs";
  2 | import type { ReactNode } from "react";
> 3 | import { source } from "@/lib/source";
    | ^^^^^^^^^^^^^^^^^^^^^^^^^^^^^^^^^^^^^^
  4 |
  5 | export default function Layout({ children }: { children: ReactNode }) {
  6 |   return (

Import map: aliased to relative './' inside of [project]/apps/web


https://nextjs.org/docs/messages/module-not-found


    at <unknown> (Error: ./apps/web/app/docs/layout.tsx:3:1)
    at <unknown> (https://nextjs.org/docs/messages/module-not-found)
    at Object.getCompilationErrors (file:///Users/kevinliu/Documents/GitHub/reticle-ui/node_modules/.pnpm/next@16.2.4_@opentelemetry+api@1.9.0_react-dom@19.2.5_react@19.2.5__react@19.2.5/node_modules/next/dist/server/dev/hot-reloader-turbopack.js:1186:59)
    at DevBundlerService.getCompilationError (file:///Users/kevinliu/Documents/GitHub/reticle-ui/node_modules/.pnpm/next@16.2.4_@opentelemetry+api@1.9.0_react-dom@19.2.5_react@19.2.5__react@19.2.5/node_modules/next/dist/server/lib/dev-bundler-service.js:44:55)
    at DevServer.getCompilationError (file:///Users/kevinliu/Documents/GitHub/reticle-ui/node_modules/.pnpm/next@16.2.4_@opentelemetry+api@1.9.0_react-dom@19.2.5_react@19.2.5__react@19.2.5/node_modules/next/dist/server/dev/next-dev-server.js:719:42)
    at DevServer.findPageComponents (file:///Users/kevinliu/Documents/GitHub/reticle-ui/node_modules/.pnpm/next@16.2.4_@opentelemetry+api@1.9.0_react-dom@19.2.5_react@19.2.5__react@19.2.5/node_modules/next/dist/server/dev/next-dev-server.js:689:43)
    at async DevServer.renderErrorToResponseImpl (file:///Users/kevinliu/Documents/GitHub/reticle-ui/node_modules/.pnpm/next@16.2.4_@opentelemetry+api@1.9.0_react-dom@19.2.5_react@19.2.5__react@19.2.5/node_modules/next/dist/server/base-server.js:1745:26)
[   35637ms] [LOG] [HMR] connected @ http://localhost:3000/_next/static/chunks/10zw_next_dist_10gys1k._.js:1226
[   35646ms] [ERROR] ./apps/web/app/docs/layout.tsx:3:1
Module not found: Can't resolve '@/lib/source'
  1 | import { DocsLayout } from "fumadocs-ui/layouts/docs";
  2 | import type { ReactNode } from "react";
> 3 | import { source } from "@/lib/source";
    | ^^^^^^^^^^^^^^^^^^^^^^^^^^^^^^^^^^^^^^
  4 |
  5 | export default function Layout({ children }: { children: ReactNode }) {
  6 |   return (

Import map: aliased to relative './' inside of [project]/apps/web

https://nextjs.org/docs/messages/module-not-found @ http://localhost:3000/_next/static/chunks/10zw_next_dist_10gys1k._.js:1945
[   35672ms] [ERROR] ./apps/web/app/docs/layout.tsx:3:1
Module not found: Can't resolve '@/lib/source'
  1 | import { DocsLayout } from "fumadocs-ui/layouts/docs";
  2 | import type { ReactNode } from "react";
> 3 | import { source } from "@/lib/source";
    | ^^^^^^^^^^^^^^^^^^^^^^^^^^^^^^^^^^^^^^
  4 |
  5 | export default function Layout({ children }: { children: ReactNode }) {
  6 |   return (

Import map: aliased to relative './' inside of [project]/apps/web

https://nextjs.org/docs/messages/module-not-found @ http://localhost:3000/_next/static/chunks/10zw_next_dist_10gys1k._.js:1945
[   43195ms] [LOG] [Fast Refresh] rebuilding @ http://localhost:3000/_next/static/chunks/10zw_next_dist_10gys1k._.js:1226
[   43316ms] [LOG] [Fast Refresh] done in 77ms @ http://localhost:3000/_next/static/chunks/10zw_next_dist_10gys1k._.js:1226
[   43424ms] [LOG] [Fast Refresh] rebuilding @ http://localhost:3000/_next/static/chunks/10zw_next_dist_10gys1k._.js:1226
[   43464ms] [LOG] [Fast Refresh] done in 142ms @ http://localhost:3000/_next/static/chunks/10zw_next_dist_10gys1k._.js:1226
[   43855ms] [ERROR] Failed to load resource: the server responded with a status of 500 (Internal Server Error) @ http://localhost:3000/docs:0
[   43864ms] [INFO] %cDownload the React DevTools for a better development experience: https://react.dev/link/react-devtools font-weight:bold @ http://localhost:3000/_next/static/chunks/0e-u_react-dom_0037m-m._.js:15305
[   43887ms] TypeError: pages is not iterable
    at toFumadocsSource (file:///Users/kevinliu/Documents/GitHub/reticle-ui/apps/web/.next/dev/server/chunks/ssr/node_modules__pnpm_0syl__g._.js:547:25)
    at <unknown> (file:///Users/kevinliu/Documents/GitHub/reticle-ui/apps/web/.next/dev/server/chunks/ssr/apps_web_0gqdzvn._.js:102:407)
    at process.processTicksAndRejections (node:internal/process/task_queues:103:5)
[   43869ms] [LOG] [HMR] connected @ http://localhost:3000/_next/static/chunks/10zw_next_dist_10gys1k._.js:1226
