[      48ms] [ERROR] Failed to load resource: the server responded with a status of 500 (Internal Server Error) @ http://localhost:3000/demos/ai-saas:0
[      57ms] [INFO] %cDownload the React DevTools for a better development experience: https://react.dev/link/react-devtools font-weight:bold @ http://localhost:3000/_next/static/chunks/0e-u_react-dom_0037m-m._.js:15305
[     110ms] Error: ./packages/components/dist/index.js:3:22
You're importing a module that depends on `createContext` into a React Server Component module. This API is only available in Client Components. To fix, mark the file (or its parent) with the `"use client"` directive.
    Learn more: https://nextjs.org/docs/app/api-reference/directives/use-client
  1 | import { clsx } from 'clsx';
  2 | import { twMerge } from 'tailwind-merge';
> 3 | import { forwardRef, createContext, useCallback, useId, useState, useRef, useReducer, useEffect, u...
    |                      ^^^^^^^^^^^^^
  4 | import { jsx, jsxs, Fragment } from 'react/jsx-runtime';
  5 | import { Delaunay } from 'd3-delaunay';
  6 | import { Slot } from '@radix-ui/react-slot';

Ecmascript file had an error

Import trace:
  Server Component:
    ./packages/components/dist/index.js
    ./apps/web/app/demos/[slug]/page.tsx


    at <unknown> (Error: ./packages/components/dist/index.js:3:22)
    at Object.getCompilationErrors (file:///Users/kevinliu/Documents/GitHub/reticle-ui/node_modules/.pnpm/next@16.2.4_@opentelemetry+api@1.9.0_react-dom@19.2.5_react@19.2.5__react@19.2.5/node_modules/next/dist/server/dev/hot-reloader-turbopack.js:1186:59)
    at DevBundlerService.getCompilationError (file:///Users/kevinliu/Documents/GitHub/reticle-ui/node_modules/.pnpm/next@16.2.4_@opentelemetry+api@1.9.0_react-dom@19.2.5_react@19.2.5__react@19.2.5/node_modules/next/dist/server/lib/dev-bundler-service.js:44:55)
    at DevServer.getCompilationError (file:///Users/kevinliu/Documents/GitHub/reticle-ui/node_modules/.pnpm/next@16.2.4_@opentelemetry+api@1.9.0_react-dom@19.2.5_react@19.2.5__react@19.2.5/node_modules/next/dist/server/dev/next-dev-server.js:719:42)
    at DevServer.findPageComponents (file:///Users/kevinliu/Documents/GitHub/reticle-ui/node_modules/.pnpm/next@16.2.4_@opentelemetry+api@1.9.0_react-dom@19.2.5_react@19.2.5__react@19.2.5/node_modules/next/dist/server/dev/next-dev-server.js:689:43)
    at async DevServer.renderErrorToResponseImpl (file:///Users/kevinliu/Documents/GitHub/reticle-ui/node_modules/.pnpm/next@16.2.4_@opentelemetry+api@1.9.0_react-dom@19.2.5_react@19.2.5__react@19.2.5/node_modules/next/dist/server/base-server.js:1745:26)
[      61ms] [LOG] [HMR] connected @ http://localhost:3000/_next/static/chunks/10zw_next_dist_10gys1k._.js:1226
[      64ms] [ERROR] ./packages/components/dist/index.js:3:22
You're importing a module that depends on `createContext` into a React Server Component module. This API is only available in Client Components. To fix, mark the file (or its parent) with the `"use client"` directive.
    Learn more: https://nextjs.org/docs/app/api-reference/directives/use-client
  1 | import { clsx } from 'clsx';
  2 | import { twMerge } from 'tailwind-merge';
> 3 | import { forwardRef, createContext, useCallback, useId, useState, useRef, useReducer, useEffect, u...
    |                      ^^^^^^^^^^^^^
  4 | import { jsx, jsxs, Fragment } from 'react/jsx-runtime';
  5 | import { Delaunay } from 'd3-delaunay';
  6 | import { Slot } from '@radix-ui/react-slot';

Ecmascript file had an error

Import trace:
  Server Component:
    ./packages/components/dist/index.js
    ./apps/web/app/demos/[slug]/page.tsx @ http://localhost:3000/_next/static/chunks/10zw_next_dist_10gys1k._.js:1945
[      64ms] [ERROR] ./packages/components/dist/index.js:3:87
You're importing a module that depends on `useEffect` into a React Server Component module. This API is only available in Client Components. To fix, mark the file (or its parent) with the `"use client"` directive.
    Learn more: https://nextjs.org/docs/app/api-reference/directives/use-client
  1 | ...
  2 | ...
> 3 | ...back, useId, useState, useRef, useReducer, useEffect, useContext, Children, useMemo } from 'rea...
    |                                               ^^^^^^^^^
  4 | ...jsx-runtime';
  5 | ...
  6 | ...;

Ecmascript file had an error

Import trace:
  Server Component:
    ./packages/components/dist/index.js
    ./apps/web/app/demos/[slug]/page.tsx @ http://localhost:3000/_next/static/chunks/10zw_next_dist_10gys1k._.js:1945
[      64ms] [ERROR] ./packages/components/dist/index.js:3:75
You're importing a module that depends on `useReducer` into a React Server Component module. This API is only available in Client Components. To fix, mark the file (or its parent) with the `"use client"` directive.
    Learn more: https://nextjs.org/docs/app/api-reference/directives/use-client
  1 | ...
  2 | ...d-merge';
> 3 | ...xt, useCallback, useId, useState, useRef, useReducer, useEffect, useContext, Children, useMemo ...
    |                                              ^^^^^^^^^^
  4 | ...rom 'react/jsx-runtime';
  5 | ...aunay';
  6 | ...react-slot';

Ecmascript file had an error

Import trace:
  Server Component:
    ./packages/components/dist/index.js
    ./apps/web/app/demos/[slug]/page.tsx @ http://localhost:3000/_next/static/chunks/10zw_next_dist_10gys1k._.js:1945
[      64ms] [ERROR] ./packages/components/dist/index.js:3:67
You're importing a module that depends on `useRef` into a React Server Component module. This API is only available in Client Components. To fix, mark the file (or its parent) with the `"use client"` directive.
    Learn more: https://nextjs.org/docs/app/api-reference/directives/use-client
  1 | ...clsx';
  2 | ...m 'tailwind-merge';
> 3 | ...reateContext, useCallback, useId, useState, useRef, useReducer, useEffect, useContext, Children...
    |                                                ^^^^^^
  4 | ...agment } from 'react/jsx-runtime';
  5 | ...om 'd3-delaunay';
  6 | ...@radix-ui/react-slot';

Ecmascript file had an error

Import trace:
  Server Component:
    ./packages/components/dist/index.js
    ./apps/web/app/demos/[slug]/page.tsx @ http://localhost:3000/_next/static/chunks/10zw_next_dist_10gys1k._.js:1945
[      64ms] [ERROR] ./packages/components/dist/index.js:3:57
You're importing a module that depends on `useState` into a React Server Component module. This API is only available in Client Components. To fix, mark the file (or its parent) with the `"use client"` directive.
    Learn more: https://nextjs.org/docs/app/api-reference/directives/use-client
  1 | ... } from 'clsx';
  2 | ...rge } from 'tailwind-merge';
> 3 | ...ardRef, createContext, useCallback, useId, useState, useRef, useReducer, useEffect, useContext,...
    |                                               ^^^^^^^^
  4 | ... jsxs, Fragment } from 'react/jsx-runtime';
  5 | ...unay } from 'd3-delaunay';
  6 | ... } from '@radix-ui/react-slot';

Ecmascript file had an error

Import trace:
  Server Component:
    ./packages/components/dist/index.js
    ./apps/web/app/demos/[slug]/page.tsx @ http://localhost:3000/_next/static/chunks/10zw_next_dist_10gys1k._.js:1945
[      94ms] [ERROR] ./packages/components/dist/index.js:3:22
You're importing a module that depends on `createContext` into a React Server Component module. This API is only available in Client Components. To fix, mark the file (or its parent) with the `"use client"` directive.
    Learn more: https://nextjs.org/docs/app/api-reference/directives/use-client
  1 | import { clsx } from 'clsx';
  2 | import { twMerge } from 'tailwind-merge';
> 3 | import { forwardRef, createContext, useCallback, useId, useState, useRef, useReducer, useEffect, u...
    |                      ^^^^^^^^^^^^^
  4 | import { jsx, jsxs, Fragment } from 'react/jsx-runtime';
  5 | import { Delaunay } from 'd3-delaunay';
  6 | import { Slot } from '@radix-ui/react-slot';

Ecmascript file had an error

Import trace:
  Server Component:
    ./packages/components/dist/index.js
    ./apps/web/app/demos/[slug]/page.tsx @ http://localhost:3000/_next/static/chunks/10zw_next_dist_10gys1k._.js:1945
[      94ms] [ERROR] ./packages/components/dist/index.js:3:87
You're importing a module that depends on `useEffect` into a React Server Component module. This API is only available in Client Components. To fix, mark the file (or its parent) with the `"use client"` directive.
    Learn more: https://nextjs.org/docs/app/api-reference/directives/use-client
  1 | ...
  2 | ...
> 3 | ...back, useId, useState, useRef, useReducer, useEffect, useContext, Children, useMemo } from 'rea...
    |                                               ^^^^^^^^^
  4 | ...jsx-runtime';
  5 | ...
  6 | ...;

Ecmascript file had an error

Import trace:
  Server Component:
    ./packages/components/dist/index.js
    ./apps/web/app/demos/[slug]/page.tsx @ http://localhost:3000/_next/static/chunks/10zw_next_dist_10gys1k._.js:1945
[      94ms] [ERROR] ./packages/components/dist/index.js:3:75
You're importing a module that depends on `useReducer` into a React Server Component module. This API is only available in Client Components. To fix, mark the file (or its parent) with the `"use client"` directive.
    Learn more: https://nextjs.org/docs/app/api-reference/directives/use-client
  1 | ...
  2 | ...d-merge';
> 3 | ...xt, useCallback, useId, useState, useRef, useReducer, useEffect, useContext, Children, useMemo ...
    |                                              ^^^^^^^^^^
  4 | ...rom 'react/jsx-runtime';
  5 | ...aunay';
  6 | ...react-slot';

Ecmascript file had an error

Import trace:
  Server Component:
    ./packages/components/dist/index.js
    ./apps/web/app/demos/[slug]/page.tsx @ http://localhost:3000/_next/static/chunks/10zw_next_dist_10gys1k._.js:1945
[      94ms] [ERROR] ./packages/components/dist/index.js:3:67
You're importing a module that depends on `useRef` into a React Server Component module. This API is only available in Client Components. To fix, mark the file (or its parent) with the `"use client"` directive.
    Learn more: https://nextjs.org/docs/app/api-reference/directives/use-client
  1 | ...clsx';
  2 | ...m 'tailwind-merge';
> 3 | ...reateContext, useCallback, useId, useState, useRef, useReducer, useEffect, useContext, Children...
    |                                                ^^^^^^
  4 | ...agment } from 'react/jsx-runtime';
  5 | ...om 'd3-delaunay';
  6 | ...@radix-ui/react-slot';

Ecmascript file had an error

Import trace:
  Server Component:
    ./packages/components/dist/index.js
    ./apps/web/app/demos/[slug]/page.tsx @ http://localhost:3000/_next/static/chunks/10zw_next_dist_10gys1k._.js:1945
[      94ms] [ERROR] ./packages/components/dist/index.js:3:57
You're importing a module that depends on `useState` into a React Server Component module. This API is only available in Client Components. To fix, mark the file (or its parent) with the `"use client"` directive.
    Learn more: https://nextjs.org/docs/app/api-reference/directives/use-client
  1 | ... } from 'clsx';
  2 | ...rge } from 'tailwind-merge';
> 3 | ...ardRef, createContext, useCallback, useId, useState, useRef, useReducer, useEffect, useContext,...
    |                                               ^^^^^^^^
  4 | ... jsxs, Fragment } from 'react/jsx-runtime';
  5 | ...unay } from 'd3-delaunay';
  6 | ... } from '@radix-ui/react-slot';

Ecmascript file had an error

Import trace:
  Server Component:
    ./packages/components/dist/index.js
    ./apps/web/app/demos/[slug]/page.tsx @ http://localhost:3000/_next/static/chunks/10zw_next_dist_10gys1k._.js:1945
[   24627ms] [LOG] [Fast Refresh] rebuilding @ http://localhost:3000/_next/static/chunks/10zw_next_dist_10gys1k._.js:1226
[   24777ms] [ERROR] ./apps/web/app/demos/[slug]/page.tsx:216:8
Next.js can't recognize the exported `generateStaticParams` field in route. App pages cannot use both "use client" and export function "generateStaticParams()".
  214 | /* -------------------------------------------------------------------------- */
  215 |
> 216 | export function generateStaticParams() {
      |        ^^^^^^^^^^^^^^^^^^^^^^^^^^^^^^^^
> 217 |   return SLUGS.map((slug) => ({ slug }));
      | ^^^^^^^^^^^^^^^^^^^^^^^^^^^^^^^^^^^^^^^^^
> 218 | }
      | ^
  219 |
  220 | export async function generateMetadata({
  221 |   params,

The exported configuration object in a source file needs to have a very specific format from which some properties can be statically parsed at compiled-time.

Import traces:
  Client Component Browser:
    ./apps/web/app/demos/[slug]/page.tsx [Client Component Browser]
    ./apps/web/app/demos/[slug]/page.tsx [Server Component]

  Client Component SSR:
    ./apps/web/app/demos/[slug]/page.tsx [Client Component SSR]
    ./apps/web/app/demos/[slug]/page.tsx [Server Component]

https://nextjs.org/docs/app/api-reference/file-conventions/route-segment-config @ http://localhost:3000/_next/static/chunks/10zw_next_dist_10gys1k._.js:1945
[   24777ms] [ERROR] ./apps/web/app/demos/[slug]/page.tsx:220:23
You are attempting to export "generateMetadata" from a component marked with "use client", which is disallowed. "generateMetadata" must be resolved on the server before the page component is rendered. Keep your page as a Server Component and move Client Component logic to a separate file. Read more: https://nextjs.org/docs/app/api-reference/functions/generate-metadata#why-generatemetadata-is-server-component-only
  218 | }
  219 |
> 220 | export async function generateMetadata({
      |                       ^^^^^^^^^^^^^^^^
  221 |   params,
  222 | }: {
  223 |   params: Promise<{ slug: string }>;

Ecmascript file had an error

Import traces:
  Client Component Browser:
    ./apps/web/app/demos/[slug]/page.tsx [Client Component Browser]
    ./apps/web/app/demos/[slug]/page.tsx [Server Component]

  Client Component SSR:
    ./apps/web/app/demos/[slug]/page.tsx [Client Component SSR]
    ./apps/web/app/demos/[slug]/page.tsx [Server Component] @ http://localhost:3000/_next/static/chunks/10zw_next_dist_10gys1k._.js:1945
[   24888ms] [LOG] [Fast Refresh] rebuilding @ http://localhost:3000/_next/static/chunks/10zw_next_dist_10gys1k._.js:1226
[   25049ms] [ERROR] ./apps/web/app/demos/[slug]/page.tsx:216:8
Next.js can't recognize the exported `generateStaticParams` field in route. App pages cannot use both "use client" and export function "generateStaticParams()".
  214 | /* -------------------------------------------------------------------------- */
  215 |
> 216 | export function generateStaticParams() {
      |        ^^^^^^^^^^^^^^^^^^^^^^^^^^^^^^^^
> 217 |   return SLUGS.map((slug) => ({ slug }));
      | ^^^^^^^^^^^^^^^^^^^^^^^^^^^^^^^^^^^^^^^^^
> 218 | }
      | ^
  219 |
  220 | export async function generateMetadata({
  221 |   params,

The exported configuration object in a source file needs to have a very specific format from which some properties can be statically parsed at compiled-time.

Import traces:
  Client Component Browser:
    ./apps/web/app/demos/[slug]/page.tsx [Client Component Browser]
    ./apps/web/app/demos/[slug]/page.tsx [Server Component]

  Client Component SSR:
    ./apps/web/app/demos/[slug]/page.tsx [Client Component SSR]
    ./apps/web/app/demos/[slug]/page.tsx [Server Component]

https://nextjs.org/docs/app/api-reference/file-conventions/route-segment-config @ http://localhost:3000/_next/static/chunks/10zw_next_dist_10gys1k._.js:1945
[   25049ms] [ERROR] ./apps/web/app/demos/[slug]/page.tsx:220:23
You are attempting to export "generateMetadata" from a component marked with "use client", which is disallowed. "generateMetadata" must be resolved on the server before the page component is rendered. Keep your page as a Server Component and move Client Component logic to a separate file. Read more: https://nextjs.org/docs/app/api-reference/functions/generate-metadata#why-generatemetadata-is-server-component-only
  218 | }
  219 |
> 220 | export async function generateMetadata({
      |                       ^^^^^^^^^^^^^^^^
  221 |   params,
  222 | }: {
  223 |   params: Promise<{ slug: string }>;

Ecmascript file had an error

Import traces:
  Client Component Browser:
    ./apps/web/app/demos/[slug]/page.tsx [Client Component Browser]
    ./apps/web/app/demos/[slug]/page.tsx [Server Component]

  Client Component SSR:
    ./apps/web/app/demos/[slug]/page.tsx [Client Component SSR]
    ./apps/web/app/demos/[slug]/page.tsx [Server Component] @ http://localhost:3000/_next/static/chunks/10zw_next_dist_10gys1k._.js:1945
[   25110ms] [ERROR] Failed to load resource: the server responded with a status of 500 (Internal Server Error) @ http://localhost:3000/demos/ai-saas:0
[   25127ms] [INFO] %cDownload the React DevTools for a better development experience: https://react.dev/link/react-devtools font-weight:bold @ http://localhost:3000/_next/static/chunks/0e-u_react-dom_0037m-m._.js:15305
[   25193ms] Error: ./apps/web/app/demos/[slug]/page.tsx:216:8
Next.js can't recognize the exported `generateStaticParams` field in route. App pages cannot use both "use client" and export function "generateStaticParams()".
  214 | /* -------------------------------------------------------------------------- */
  215 |
> 216 | export function generateStaticParams() {
      |        ^^^^^^^^^^^^^^^^^^^^^^^^^^^^^^^^
> 217 |   return SLUGS.map((slug) => ({ slug }));
      | ^^^^^^^^^^^^^^^^^^^^^^^^^^^^^^^^^^^^^^^^^
> 218 | }
      | ^
  219 |
  220 | export async function generateMetadata({
  221 |   params,

The exported configuration object in a source file needs to have a very specific format from which some properties can be statically parsed at compiled-time.

Import traces:
  Client Component Browser:
    ./apps/web/app/demos/[slug]/page.tsx [Client Component Browser]
    ./apps/web/app/demos/[slug]/page.tsx [Server Component]

  Client Component SSR:
    ./apps/web/app/demos/[slug]/page.tsx [Client Component SSR]
    ./apps/web/app/demos/[slug]/page.tsx [Server Component]

https://nextjs.org/docs/app/api-reference/file-conventions/route-segment-config


    at <unknown> (Error: ./apps/web/app/demos/[slug]/page.tsx:216:8)
    at <unknown> (https://nextjs.org/docs/app/api-reference/file-conventions/route-segment-config)
    at Object.getCompilationErrors (file:///Users/kevinliu/Documents/GitHub/reticle-ui/node_modules/.pnpm/next@16.2.4_@opentelemetry+api@1.9.0_react-dom@19.2.5_react@19.2.5__react@19.2.5/node_modules/next/dist/server/dev/hot-reloader-turbopack.js:1186:59)
    at DevBundlerService.getCompilationError (file:///Users/kevinliu/Documents/GitHub/reticle-ui/node_modules/.pnpm/next@16.2.4_@opentelemetry+api@1.9.0_react-dom@19.2.5_react@19.2.5__react@19.2.5/node_modules/next/dist/server/lib/dev-bundler-service.js:44:55)
    at DevServer.getCompilationError (file:///Users/kevinliu/Documents/GitHub/reticle-ui/node_modules/.pnpm/next@16.2.4_@opentelemetry+api@1.9.0_react-dom@19.2.5_react@19.2.5__react@19.2.5/node_modules/next/dist/server/dev/next-dev-server.js:719:42)
    at DevServer.findPageComponents (file:///Users/kevinliu/Documents/GitHub/reticle-ui/node_modules/.pnpm/next@16.2.4_@opentelemetry+api@1.9.0_react-dom@19.2.5_react@19.2.5__react@19.2.5/node_modules/next/dist/server/dev/next-dev-server.js:689:43)
    at async DevServer.renderErrorToResponseImpl (file:///Users/kevinliu/Documents/GitHub/reticle-ui/node_modules/.pnpm/next@16.2.4_@opentelemetry+api@1.9.0_react-dom@19.2.5_react@19.2.5__react@19.2.5/node_modules/next/dist/server/base-server.js:1745:26)
[   25132ms] [LOG] [HMR] connected @ http://localhost:3000/_next/static/chunks/10zw_next_dist_10gys1k._.js:1226
[   25134ms] [ERROR] ./apps/web/app/demos/[slug]/page.tsx:216:8
Next.js can't recognize the exported `generateStaticParams` field in route. App pages cannot use both "use client" and export function "generateStaticParams()".
  214 | /* -------------------------------------------------------------------------- */
  215 |
> 216 | export function generateStaticParams() {
      |        ^^^^^^^^^^^^^^^^^^^^^^^^^^^^^^^^
> 217 |   return SLUGS.map((slug) => ({ slug }));
      | ^^^^^^^^^^^^^^^^^^^^^^^^^^^^^^^^^^^^^^^^^
> 218 | }
      | ^
  219 |
  220 | export async function generateMetadata({
  221 |   params,

The exported configuration object in a source file needs to have a very specific format from which some properties can be statically parsed at compiled-time.

Import traces:
  Client Component Browser:
    ./apps/web/app/demos/[slug]/page.tsx [Client Component Browser]
    ./apps/web/app/demos/[slug]/page.tsx [Server Component]

  Client Component SSR:
    ./apps/web/app/demos/[slug]/page.tsx [Client Component SSR]
    ./apps/web/app/demos/[slug]/page.tsx [Server Component]

https://nextjs.org/docs/app/api-reference/file-conventions/route-segment-config @ http://localhost:3000/_next/static/chunks/10zw_next_dist_10gys1k._.js:1945
[   25134ms] [ERROR] ./apps/web/app/demos/[slug]/page.tsx:220:23
You are attempting to export "generateMetadata" from a component marked with "use client", which is disallowed. "generateMetadata" must be resolved on the server before the page component is rendered. Keep your page as a Server Component and move Client Component logic to a separate file. Read more: https://nextjs.org/docs/app/api-reference/functions/generate-metadata#why-generatemetadata-is-server-component-only
  218 | }
  219 |
> 220 | export async function generateMetadata({
      |                       ^^^^^^^^^^^^^^^^
  221 |   params,
  222 | }: {
  223 |   params: Promise<{ slug: string }>;

Ecmascript file had an error

Import traces:
  Client Component Browser:
    ./apps/web/app/demos/[slug]/page.tsx [Client Component Browser]
    ./apps/web/app/demos/[slug]/page.tsx [Server Component]

  Client Component SSR:
    ./apps/web/app/demos/[slug]/page.tsx [Client Component SSR]
    ./apps/web/app/demos/[slug]/page.tsx [Server Component] @ http://localhost:3000/_next/static/chunks/10zw_next_dist_10gys1k._.js:1945
[   25165ms] [ERROR] ./apps/web/app/demos/[slug]/page.tsx:216:8
Next.js can't recognize the exported `generateStaticParams` field in route. App pages cannot use both "use client" and export function "generateStaticParams()".
  214 | /* -------------------------------------------------------------------------- */
  215 |
> 216 | export function generateStaticParams() {
      |        ^^^^^^^^^^^^^^^^^^^^^^^^^^^^^^^^
> 217 |   return SLUGS.map((slug) => ({ slug }));
      | ^^^^^^^^^^^^^^^^^^^^^^^^^^^^^^^^^^^^^^^^^
> 218 | }
      | ^
  219 |
  220 | export async function generateMetadata({
  221 |   params,

The exported configuration object in a source file needs to have a very specific format from which some properties can be statically parsed at compiled-time.

Import traces:
  Client Component Browser:
    ./apps/web/app/demos/[slug]/page.tsx [Client Component Browser]
    ./apps/web/app/demos/[slug]/page.tsx [Server Component]

  Client Component SSR:
    ./apps/web/app/demos/[slug]/page.tsx [Client Component SSR]
    ./apps/web/app/demos/[slug]/page.tsx [Server Component]

https://nextjs.org/docs/app/api-reference/file-conventions/route-segment-config @ http://localhost:3000/_next/static/chunks/10zw_next_dist_10gys1k._.js:1945
[   25166ms] [ERROR] ./apps/web/app/demos/[slug]/page.tsx:220:23
You are attempting to export "generateMetadata" from a component marked with "use client", which is disallowed. "generateMetadata" must be resolved on the server before the page component is rendered. Keep your page as a Server Component and move Client Component logic to a separate file. Read more: https://nextjs.org/docs/app/api-reference/functions/generate-metadata#why-generatemetadata-is-server-component-only
  218 | }
  219 |
> 220 | export async function generateMetadata({
      |                       ^^^^^^^^^^^^^^^^
  221 |   params,
  222 | }: {
  223 |   params: Promise<{ slug: string }>;

Ecmascript file had an error

Import traces:
  Client Component Browser:
    ./apps/web/app/demos/[slug]/page.tsx [Client Component Browser]
    ./apps/web/app/demos/[slug]/page.tsx [Server Component]

  Client Component SSR:
    ./apps/web/app/demos/[slug]/page.tsx [Client Component SSR]
    ./apps/web/app/demos/[slug]/page.tsx [Server Component] @ http://localhost:3000/_next/static/chunks/10zw_next_dist_10gys1k._.js:1945
[   46672ms] [LOG] [Fast Refresh] rebuilding @ http://localhost:3000/_next/static/chunks/10zw_next_dist_10gys1k._.js:1226
[   47766ms] [ERROR] ./apps/web/components/sound-provider.tsx:5:1
Export SigilSoundContext doesn't exist in target module
  3 | import { useCallback, useMemo, useState, type ReactNode } from "react";
  4 | import { defineSound } from "@web-kits/audio";
> 5 | import { SigilSoundContext, type SigilSoundName } from "@sigil-ui/components";
    | ^^^^^^^^^^^^^^^^^^^^^^^^^^^^^^^^^^^^^^^^^^^^^^^^^^^^^^^^^^^^^^^^^^^^^^^^^^^^^^
  6 |
  7 | type SoundDef = {
  8 |   source: { type: string; frequency: number | { start: number; end: number } };

The export SigilSoundContext was not found in module [project]/packages/components/dist/index.js [app-client] (ecmascript).
Did you mean to import SigilGutter?
All exports of the module are statically known (It doesn't have dynamic exports). So it's known statically that the requested export doesn't exist.

Import traces:
  #1 [Client Component Browser]:
    ./apps/web/components/sound-provider.tsx [Client Component Browser]
    ./apps/web/app/page.tsx [Client Component Browser]
    ./apps/web/app/page.tsx [Server Component]

  #2 [Client Component SSR]:
    ./apps/web/components/sound-provider.tsx [Client Component SSR]
    ./apps/web/app/page.tsx [Client Component SSR]
    ./apps/web/app/page.tsx [Server Component]

  #3 [Client Component Browser]:
    ./apps/web/components/sound-provider.tsx [Client Component Browser]
    ./apps/web/components/sigil-shell.tsx [Client Component Browser]
    ./apps/web/components/sigil-shell.tsx [Server Component]
    ./apps/web/app/layout.tsx [Server Component]

  #4 [Client Component SSR]:
    ./apps/web/components/sound-provider.tsx [Client Component SSR]
    ./apps/web/components/sigil-shell.tsx [Client Component SSR]
    ./apps/web/components/sigil-shell.tsx [Server Component]
    ./apps/web/app/layout.tsx [Server Component] @ http://localhost:3000/_next/static/chunks/10zw_next_dist_10gys1k._.js:1945
[   47766ms] [ERROR] ./apps/web/components/sound-provider.tsx:5:1
Export SigilSoundContext doesn't exist in target module
  3 | import { useCallback, useMemo, useState, type ReactNode } from "react";
  4 | import { defineSound } from "@web-kits/audio";
> 5 | import { SigilSoundContext, type SigilSoundName } from "@sigil-ui/components";
    | ^^^^^^^^^^^^^^^^^^^^^^^^^^^^^^^^^^^^^^^^^^^^^^^^^^^^^^^^^^^^^^^^^^^^^^^^^^^^^^
  6 |
  7 | type SoundDef = {
  8 |   source: { type: string; frequency: number | { start: number; end: number } };

The export SigilSoundContext was not found in module [project]/packages/components/dist/index.js [app-ssr] (ecmascript).
Did you mean to import SigilGutter?
All exports of the module are statically known (It doesn't have dynamic exports). So it's known statically that the requested export doesn't exist.

Import traces:
  #1 [Client Component Browser]:
    ./apps/web/components/sound-provider.tsx [Client Component Browser]
    ./apps/web/app/page.tsx [Client Component Browser]
    ./apps/web/app/page.tsx [Server Component]

  #2 [Client Component SSR]:
    ./apps/web/components/sound-provider.tsx [Client Component SSR]
    ./apps/web/app/page.tsx [Client Component SSR]
    ./apps/web/app/page.tsx [Server Component]

  #3 [Client Component Browser]:
    ./apps/web/components/sound-provider.tsx [Client Component Browser]
    ./apps/web/components/sigil-shell.tsx [Client Component Browser]
    ./apps/web/components/sigil-shell.tsx [Server Component]
    ./apps/web/app/layout.tsx [Server Component]

  #4 [Client Component SSR]:
    ./apps/web/components/sound-provider.tsx [Client Component SSR]
    ./apps/web/components/sigil-shell.tsx [Client Component SSR]
    ./apps/web/components/sigil-shell.tsx [Server Component]
    ./apps/web/app/layout.tsx [Server Component] @ http://localhost:3000/_next/static/chunks/10zw_next_dist_10gys1k._.js:1945
[   47766ms] [ERROR] ./apps/web/app/demos/[slug]/page.tsx:216:8
Next.js can't recognize the exported `generateStaticParams` field in route. App pages cannot use both "use client" and export function "generateStaticParams()".
  214 | /* -------------------------------------------------------------------------- */
  215 |
> 216 | export function generateStaticParams() {
      |        ^^^^^^^^^^^^^^^^^^^^^^^^^^^^^^^^
> 217 |   return SLUGS.map((slug) => ({ slug }));
      | ^^^^^^^^^^^^^^^^^^^^^^^^^^^^^^^^^^^^^^^^^
> 218 | }
      | ^
  219 |
  220 | export async function generateMetadata({
  221 |   params,

The exported configuration object in a source file needs to have a very specific format from which some properties can be statically parsed at compiled-time.

Import traces:
  Client Component Browser:
    ./apps/web/app/demos/[slug]/page.tsx [Client Component Browser]
    ./apps/web/app/demos/[slug]/page.tsx [Server Component]

  Client Component SSR:
    ./apps/web/app/demos/[slug]/page.tsx [Client Component SSR]
    ./apps/web/app/demos/[slug]/page.tsx [Server Component]

https://nextjs.org/docs/app/api-reference/file-conventions/route-segment-config @ http://localhost:3000/_next/static/chunks/10zw_next_dist_10gys1k._.js:1945
[   47766ms] [ERROR] ./apps/web/app/demos/[slug]/page.tsx:220:23
You are attempting to export "generateMetadata" from a component marked with "use client", which is disallowed. "generateMetadata" must be resolved on the server before the page component is rendered. Keep your page as a Server Component and move Client Component logic to a separate file. Read more: https://nextjs.org/docs/app/api-reference/functions/generate-metadata#why-generatemetadata-is-server-component-only
  218 | }
  219 |
> 220 | export async function generateMetadata({
      |                       ^^^^^^^^^^^^^^^^
  221 |   params,
  222 | }: {
  223 |   params: Promise<{ slug: string }>;

Ecmascript file had an error

Import traces:
  Client Component Browser:
    ./apps/web/app/demos/[slug]/page.tsx [Client Component Browser]
    ./apps/web/app/demos/[slug]/page.tsx [Server Component]

  Client Component SSR:
    ./apps/web/app/demos/[slug]/page.tsx [Client Component SSR]
    ./apps/web/app/demos/[slug]/page.tsx [Server Component] @ http://localhost:3000/_next/static/chunks/10zw_next_dist_10gys1k._.js:1945
[   47867ms] [ERROR] ./apps/web/components/sound-provider.tsx:5:1
Export SigilSoundContext doesn't exist in target module
  3 | import { useCallback, useMemo, useState, type ReactNode } from "react";
  4 | import { defineSound } from "@web-kits/audio";
> 5 | import { SigilSoundContext, type SigilSoundName } from "@sigil-ui/components";
    | ^^^^^^^^^^^^^^^^^^^^^^^^^^^^^^^^^^^^^^^^^^^^^^^^^^^^^^^^^^^^^^^^^^^^^^^^^^^^^^
  6 |
  7 | type SoundDef = {
  8 |   source: { type: string; frequency: number | { start: number; end: number } };

The export SigilSoundContext was not found in module [project]/packages/components/dist/index.js [app-client] (ecmascript).
Did you mean to import SigilGutter?
All exports of the module are statically known (It doesn't have dynamic exports). So it's known statically that the requested export doesn't exist.

Import traces:
  #1 [Client Component Browser]:
    ./apps/web/components/sound-provider.tsx [Client Component Browser]
    ./apps/web/app/page.tsx [Client Component Browser]
    ./apps/web/app/page.tsx [Server Component]

  #2 [Client Component SSR]:
    ./apps/web/components/sound-provider.tsx [Client Component SSR]
    ./apps/web/app/page.tsx [Client Component SSR]
    ./apps/web/app/page.tsx [Server Component]

  #3 [Client Component Browser]:
    ./apps/web/components/sound-provider.tsx [Client Component Browser]
    ./apps/web/components/sigil-shell.tsx [Client Component Browser]
    ./apps/web/components/sigil-shell.tsx [Server Component]
    ./apps/web/app/layout.tsx [Server Component]

  #4 [Client Component SSR]:
    ./apps/web/components/sound-provider.tsx [Client Component SSR]
    ./apps/web/components/sigil-shell.tsx [Client Component SSR]
    ./apps/web/components/sigil-shell.tsx [Server Component]
    ./apps/web/app/layout.tsx [Server Component] @ http://localhost:3000/_next/static/chunks/10zw_next_dist_10gys1k._.js:1945
[   47867ms] [ERROR] ./apps/web/components/sound-provider.tsx:5:1
Export SigilSoundContext doesn't exist in target module
  3 | import { useCallback, useMemo, useState, type ReactNode } from "react";
  4 | import { defineSound } from "@web-kits/audio";
> 5 | import { SigilSoundContext, type SigilSoundName } from "@sigil-ui/components";
    | ^^^^^^^^^^^^^^^^^^^^^^^^^^^^^^^^^^^^^^^^^^^^^^^^^^^^^^^^^^^^^^^^^^^^^^^^^^^^^^
  6 |
  7 | type SoundDef = {
  8 |   source: { type: string; frequency: number | { start: number; end: number } };

The export SigilSoundContext was not found in module [project]/packages/components/dist/index.js [app-ssr] (ecmascript).
Did you mean to import SigilGutter?
All exports of the module are statically known (It doesn't have dynamic exports). So it's known statically that the requested export doesn't exist.

Import traces:
  #1 [Client Component Browser]:
    ./apps/web/components/sound-provider.tsx [Client Component Browser]
    ./apps/web/app/page.tsx [Client Component Browser]
    ./apps/web/app/page.tsx [Server Component]

  #2 [Client Component SSR]:
    ./apps/web/components/sound-provider.tsx [Client Component SSR]
    ./apps/web/app/page.tsx [Client Component SSR]
    ./apps/web/app/page.tsx [Server Component]

  #3 [Client Component Browser]:
    ./apps/web/components/sound-provider.tsx [Client Component Browser]
    ./apps/web/components/sigil-shell.tsx [Client Component Browser]
    ./apps/web/components/sigil-shell.tsx [Server Component]
    ./apps/web/app/layout.tsx [Server Component]

  #4 [Client Component SSR]:
    ./apps/web/components/sound-provider.tsx [Client Component SSR]
    ./apps/web/components/sigil-shell.tsx [Client Component SSR]
    ./apps/web/components/sigil-shell.tsx [Server Component]
    ./apps/web/app/layout.tsx [Server Component] @ http://localhost:3000/_next/static/chunks/10zw_next_dist_10gys1k._.js:1945
[   47867ms] [ERROR] ./apps/web/app/demos/[slug]/page.tsx:216:8
Next.js can't recognize the exported `generateStaticParams` field in route. App pages cannot use both "use client" and export function "generateStaticParams()".
  214 | /* -------------------------------------------------------------------------- */
  215 |
> 216 | export function generateStaticParams() {
      |        ^^^^^^^^^^^^^^^^^^^^^^^^^^^^^^^^
> 217 |   return SLUGS.map((slug) => ({ slug }));
      | ^^^^^^^^^^^^^^^^^^^^^^^^^^^^^^^^^^^^^^^^^
> 218 | }
      | ^
  219 |
  220 | export async function generateMetadata({
  221 |   params,

The exported configuration object in a source file needs to have a very specific format from which some properties can be statically parsed at compiled-time.

Import traces:
  Client Component Browser:
    ./apps/web/app/demos/[slug]/page.tsx [Client Component Browser]
    ./apps/web/app/demos/[slug]/page.tsx [Server Component]

  Client Component SSR:
    ./apps/web/app/demos/[slug]/page.tsx [Client Component SSR]
    ./apps/web/app/demos/[slug]/page.tsx [Server Component]

https://nextjs.org/docs/app/api-reference/file-conventions/route-segment-config @ http://localhost:3000/_next/static/chunks/10zw_next_dist_10gys1k._.js:1945
[   47867ms] [ERROR] ./apps/web/app/demos/[slug]/page.tsx:220:23
You are attempting to export "generateMetadata" from a component marked with "use client", which is disallowed. "generateMetadata" must be resolved on the server before the page component is rendered. Keep your page as a Server Component and move Client Component logic to a separate file. Read more: https://nextjs.org/docs/app/api-reference/functions/generate-metadata#why-generatemetadata-is-server-component-only
  218 | }
  219 |
> 220 | export async function generateMetadata({
      |                       ^^^^^^^^^^^^^^^^
  221 |   params,
  222 | }: {
  223 |   params: Promise<{ slug: string }>;

Ecmascript file had an error

Import traces:
  Client Component Browser:
    ./apps/web/app/demos/[slug]/page.tsx [Client Component Browser]
    ./apps/web/app/demos/[slug]/page.tsx [Server Component]

  Client Component SSR:
    ./apps/web/app/demos/[slug]/page.tsx [Client Component SSR]
    ./apps/web/app/demos/[slug]/page.tsx [Server Component] @ http://localhost:3000/_next/static/chunks/10zw_next_dist_10gys1k._.js:1945
[   47984ms] [LOG] [Fast Refresh] rebuilding @ http://localhost:3000/_next/static/chunks/10zw_next_dist_10gys1k._.js:1226
[   48134ms] [ERROR] ./apps/web/components/sound-provider.tsx:5:1
Export SigilSoundContext doesn't exist in target module
  3 | import { useCallback, useMemo, useState, type ReactNode } from "react";
  4 | import { defineSound } from "@web-kits/audio";
> 5 | import { SigilSoundContext, type SigilSoundName } from "@sigil-ui/components";
    | ^^^^^^^^^^^^^^^^^^^^^^^^^^^^^^^^^^^^^^^^^^^^^^^^^^^^^^^^^^^^^^^^^^^^^^^^^^^^^^
  6 |
  7 | type SoundDef = {
  8 |   source: { type: string; frequency: number | { start: number; end: number } };

The export SigilSoundContext was not found in module [project]/packages/components/dist/index.js [app-client] (ecmascript).
Did you mean to import SigilGutter?
All exports of the module are statically known (It doesn't have dynamic exports). So it's known statically that the requested export doesn't exist.

Import traces:
  #1 [Client Component Browser]:
    ./apps/web/components/sound-provider.tsx [Client Component Browser]
    ./apps/web/app/page.tsx [Client Component Browser]
    ./apps/web/app/page.tsx [Server Component]

  #2 [Client Component SSR]:
    ./apps/web/components/sound-provider.tsx [Client Component SSR]
    ./apps/web/app/page.tsx [Client Component SSR]
    ./apps/web/app/page.tsx [Server Component]

  #3 [Client Component Browser]:
    ./apps/web/components/sound-provider.tsx [Client Component Browser]
    ./apps/web/components/sigil-shell.tsx [Client Component Browser]
    ./apps/web/components/sigil-shell.tsx [Server Component]
    ./apps/web/app/layout.tsx [Server Component]

  #4 [Client Component SSR]:
    ./apps/web/components/sound-provider.tsx [Client Component SSR]
    ./apps/web/components/sigil-shell.tsx [Client Component SSR]
    ./apps/web/components/sigil-shell.tsx [Server Component]
    ./apps/web/app/layout.tsx [Server Component] @ http://localhost:3000/_next/static/chunks/10zw_next_dist_10gys1k._.js:1945
[   48134ms] [ERROR] ./apps/web/components/sound-provider.tsx:5:1
Export SigilSoundContext doesn't exist in target module
  3 | import { useCallback, useMemo, useState, type ReactNode } from "react";
  4 | import { defineSound } from "@web-kits/audio";
> 5 | import { SigilSoundContext, type SigilSoundName } from "@sigil-ui/components";
    | ^^^^^^^^^^^^^^^^^^^^^^^^^^^^^^^^^^^^^^^^^^^^^^^^^^^^^^^^^^^^^^^^^^^^^^^^^^^^^^
  6 |
  7 | type SoundDef = {
  8 |   source: { type: string; frequency: number | { start: number; end: number } };

The export SigilSoundContext was not found in module [project]/packages/components/dist/index.js [app-ssr] (ecmascript).
Did you mean to import SigilGutter?
All exports of the module are statically known (It doesn't have dynamic exports). So it's known statically that the requested export doesn't exist.

Import traces:
  #1 [Client Component Browser]:
    ./apps/web/components/sound-provider.tsx [Client Component Browser]
    ./apps/web/app/page.tsx [Client Component Browser]
    ./apps/web/app/page.tsx [Server Component]

  #2 [Client Component SSR]:
    ./apps/web/components/sound-provider.tsx [Client Component SSR]
    ./apps/web/app/page.tsx [Client Component SSR]
    ./apps/web/app/page.tsx [Server Component]

  #3 [Client Component Browser]:
    ./apps/web/components/sound-provider.tsx [Client Component Browser]
    ./apps/web/components/sigil-shell.tsx [Client Component Browser]
    ./apps/web/components/sigil-shell.tsx [Server Component]
    ./apps/web/app/layout.tsx [Server Component]

  #4 [Client Component SSR]:
    ./apps/web/components/sound-provider.tsx [Client Component SSR]
    ./apps/web/components/sigil-shell.tsx [Client Component SSR]
    ./apps/web/components/sigil-shell.tsx [Server Component]
    ./apps/web/app/layout.tsx [Server Component] @ http://localhost:3000/_next/static/chunks/10zw_next_dist_10gys1k._.js:1945
[   48134ms] [ERROR] ./apps/web/app/demos/[slug]/page.tsx:216:8
Next.js can't recognize the exported `generateStaticParams` field in route. App pages cannot use both "use client" and export function "generateStaticParams()".
  214 | /* -------------------------------------------------------------------------- */
  215 |
> 216 | export function generateStaticParams() {
      |        ^^^^^^^^^^^^^^^^^^^^^^^^^^^^^^^^
> 217 |   return SLUGS.map((slug) => ({ slug }));
      | ^^^^^^^^^^^^^^^^^^^^^^^^^^^^^^^^^^^^^^^^^
> 218 | }
      | ^
  219 |
  220 | export async function generateMetadata({
  221 |   params,

The exported configuration object in a source file needs to have a very specific format from which some properties can be statically parsed at compiled-time.

Import traces:
  Client Component Browser:
    ./apps/web/app/demos/[slug]/page.tsx [Client Component Browser]
    ./apps/web/app/demos/[slug]/page.tsx [Server Component]

  Client Component SSR:
    ./apps/web/app/demos/[slug]/page.tsx [Client Component SSR]
    ./apps/web/app/demos/[slug]/page.tsx [Server Component]

https://nextjs.org/docs/app/api-reference/file-conventions/route-segment-config @ http://localhost:3000/_next/static/chunks/10zw_next_dist_10gys1k._.js:1945
[   48134ms] [ERROR] ./apps/web/app/demos/[slug]/page.tsx:220:23
You are attempting to export "generateMetadata" from a component marked with "use client", which is disallowed. "generateMetadata" must be resolved on the server before the page component is rendered. Keep your page as a Server Component and move Client Component logic to a separate file. Read more: https://nextjs.org/docs/app/api-reference/functions/generate-metadata#why-generatemetadata-is-server-component-only
  218 | }
  219 |
> 220 | export async function generateMetadata({
      |                       ^^^^^^^^^^^^^^^^
  221 |   params,
  222 | }: {
  223 |   params: Promise<{ slug: string }>;

Ecmascript file had an error

Import traces:
  Client Component Browser:
    ./apps/web/app/demos/[slug]/page.tsx [Client Component Browser]
    ./apps/web/app/demos/[slug]/page.tsx [Server Component]

  Client Component SSR:
    ./apps/web/app/demos/[slug]/page.tsx [Client Component SSR]
    ./apps/web/app/demos/[slug]/page.tsx [Server Component] @ http://localhost:3000/_next/static/chunks/10zw_next_dist_10gys1k._.js:1945
[   48277ms] [ERROR] Failed to load resource: the server responded with a status of 500 (Internal Server Error) @ http://localhost:3000/demos/ai-saas:0
[   48412ms] [INFO] %cDownload the React DevTools for a better development experience: https://react.dev/link/react-devtools font-weight:bold @ http://localhost:3000/_next/static/chunks/0e-u_react-dom_0037m-m._.js:15305
[   48421ms] Error: ./apps/web/components/sound-provider.tsx:5:1
Export SigilSoundContext doesn't exist in target module
  3 | import { useCallback, useMemo, useState, type ReactNode } from "react";
  4 | import { defineSound } from "@web-kits/audio";
> 5 | import { SigilSoundContext, type SigilSoundName } from "@sigil-ui/components";
    | ^^^^^^^^^^^^^^^^^^^^^^^^^^^^^^^^^^^^^^^^^^^^^^^^^^^^^^^^^^^^^^^^^^^^^^^^^^^^^^
  6 |
  7 | type SoundDef = {
  8 |   source: { type: string; frequency: number | { start: number; end: number } };

The export SigilSoundContext was not found in module [project]/packages/components/dist/index.js [app-client] (ecmascript).
Did you mean to import SigilGutter?
All exports of the module are statically known (It doesn't have dynamic exports). So it's known statically that the requested export doesn't exist.

Import traces:
  #1 [Client Component Browser]:
    ./apps/web/components/sound-provider.tsx [Client Component Browser]
    ./apps/web/app/page.tsx [Client Component Browser]
    ./apps/web/app/page.tsx [Server Component]

  #2 [Client Component SSR]:
    ./apps/web/components/sound-provider.tsx [Client Component SSR]
    ./apps/web/app/page.tsx [Client Component SSR]
    ./apps/web/app/page.tsx [Server Component]

  #3 [Client Component Browser]:
    ./apps/web/components/sound-provider.tsx [Client Component Browser]
    ./apps/web/components/sigil-shell.tsx [Client Component Browser]
    ./apps/web/components/sigil-shell.tsx [Server Component]
    ./apps/web/app/layout.tsx [Server Component]

  #4 [Client Component SSR]:
    ./apps/web/components/sound-provider.tsx [Client Component SSR]
    ./apps/web/components/sigil-shell.tsx [Client Component SSR]
    ./apps/web/components/sigil-shell.tsx [Server Component]
    ./apps/web/app/layout.tsx [Server Component]


    at <unknown> (Error: ./apps/web/components/sound-provider.tsx:5:1)
    at Object.getCompilationErrors (file:///Users/kevinliu/Documents/GitHub/reticle-ui/node_modules/.pnpm/next@16.2.4_@opentelemetry+api@1.9.0_react-dom@19.2.5_react@19.2.5__react@19.2.5/node_modules/next/dist/server/dev/hot-reloader-turbopack.js:1186:59)
    at DevBundlerService.getCompilationError (file:///Users/kevinliu/Documents/GitHub/reticle-ui/node_modules/.pnpm/next@16.2.4_@opentelemetry+api@1.9.0_react-dom@19.2.5_react@19.2.5__react@19.2.5/node_modules/next/dist/server/lib/dev-bundler-service.js:44:55)
    at DevServer.getCompilationError (file:///Users/kevinliu/Documents/GitHub/reticle-ui/node_modules/.pnpm/next@16.2.4_@opentelemetry+api@1.9.0_react-dom@19.2.5_react@19.2.5__react@19.2.5/node_modules/next/dist/server/dev/next-dev-server.js:719:42)
    at DevServer.findPageComponents (file:///Users/kevinliu/Documents/GitHub/reticle-ui/node_modules/.pnpm/next@16.2.4_@opentelemetry+api@1.9.0_react-dom@19.2.5_react@19.2.5__react@19.2.5/node_modules/next/dist/server/dev/next-dev-server.js:689:43)
    at async DevServer.renderErrorToResponseImpl (file:///Users/kevinliu/Documents/GitHub/reticle-ui/node_modules/.pnpm/next@16.2.4_@opentelemetry+api@1.9.0_react-dom@19.2.5_react@19.2.5__react@19.2.5/node_modules/next/dist/server/base-server.js:1745:26)
[   48417ms] [LOG] [HMR] connected @ http://localhost:3000/_next/static/chunks/10zw_next_dist_10gys1k._.js:1226
[   48418ms] [ERROR] ./apps/web/components/sound-provider.tsx:5:1
Export SigilSoundContext doesn't exist in target module
  3 | import { useCallback, useMemo, useState, type ReactNode } from "react";
  4 | import { defineSound } from "@web-kits/audio";
> 5 | import { SigilSoundContext, type SigilSoundName } from "@sigil-ui/components";
    | ^^^^^^^^^^^^^^^^^^^^^^^^^^^^^^^^^^^^^^^^^^^^^^^^^^^^^^^^^^^^^^^^^^^^^^^^^^^^^^
  6 |
  7 | type SoundDef = {
  8 |   source: { type: string; frequency: number | { start: number; end: number } };

The export SigilSoundContext was not found in module [project]/packages/components/dist/index.js [app-client] (ecmascript).
Did you mean to import SigilGutter?
All exports of the module are statically known (It doesn't have dynamic exports). So it's known statically that the requested export doesn't exist.

Import traces:
  #1 [Client Component Browser]:
    ./apps/web/components/sound-provider.tsx [Client Component Browser]
    ./apps/web/app/page.tsx [Client Component Browser]
    ./apps/web/app/page.tsx [Server Component]

  #2 [Client Component SSR]:
    ./apps/web/components/sound-provider.tsx [Client Component SSR]
    ./apps/web/app/page.tsx [Client Component SSR]
    ./apps/web/app/page.tsx [Server Component]

  #3 [Client Component Browser]:
    ./apps/web/components/sound-provider.tsx [Client Component Browser]
    ./apps/web/components/sigil-shell.tsx [Client Component Browser]
    ./apps/web/components/sigil-shell.tsx [Server Component]
    ./apps/web/app/layout.tsx [Server Component]

  #4 [Client Component SSR]:
    ./apps/web/components/sound-provider.tsx [Client Component SSR]
    ./apps/web/components/sigil-shell.tsx [Client Component SSR]
    ./apps/web/components/sigil-shell.tsx [Server Component]
    ./apps/web/app/layout.tsx [Server Component] @ http://localhost:3000/_next/static/chunks/10zw_next_dist_10gys1k._.js:1945
[   48418ms] [ERROR] ./apps/web/components/sound-provider.tsx:5:1
Export SigilSoundContext doesn't exist in target module
  3 | import { useCallback, useMemo, useState, type ReactNode } from "react";
  4 | import { defineSound } from "@web-kits/audio";
> 5 | import { SigilSoundContext, type SigilSoundName } from "@sigil-ui/components";
    | ^^^^^^^^^^^^^^^^^^^^^^^^^^^^^^^^^^^^^^^^^^^^^^^^^^^^^^^^^^^^^^^^^^^^^^^^^^^^^^
  6 |
  7 | type SoundDef = {
  8 |   source: { type: string; frequency: number | { start: number; end: number } };

The export SigilSoundContext was not found in module [project]/packages/components/dist/index.js [app-ssr] (ecmascript).
Did you mean to import SigilGutter?
All exports of the module are statically known (It doesn't have dynamic exports). So it's known statically that the requested export doesn't exist.

Import traces:
  #1 [Client Component Browser]:
    ./apps/web/components/sound-provider.tsx [Client Component Browser]
    ./apps/web/app/page.tsx [Client Component Browser]
    ./apps/web/app/page.tsx [Server Component]

  #2 [Client Component SSR]:
    ./apps/web/components/sound-provider.tsx [Client Component SSR]
    ./apps/web/app/page.tsx [Client Component SSR]
    ./apps/web/app/page.tsx [Server Component]

  #3 [Client Component Browser]:
    ./apps/web/components/sound-provider.tsx [Client Component Browser]
    ./apps/web/components/sigil-shell.tsx [Client Component Browser]
    ./apps/web/components/sigil-shell.tsx [Server Component]
    ./apps/web/app/layout.tsx [Server Component]

  #4 [Client Component SSR]:
    ./apps/web/components/sound-provider.tsx [Client Component SSR]
    ./apps/web/components/sigil-shell.tsx [Client Component SSR]
    ./apps/web/components/sigil-shell.tsx [Server Component]
    ./apps/web/app/layout.tsx [Server Component] @ http://localhost:3000/_next/static/chunks/10zw_next_dist_10gys1k._.js:1945
[   48418ms] [ERROR] ./apps/web/components/sound-provider.tsx:5:1
Export SigilSoundContext doesn't exist in target module
  3 | import { useCallback, useMemo, useState, type ReactNode } from "react";
  4 | import { defineSound } from "@web-kits/audio";
> 5 | import { SigilSoundContext, type SigilSoundName } from "@sigil-ui/components";
    | ^^^^^^^^^^^^^^^^^^^^^^^^^^^^^^^^^^^^^^^^^^^^^^^^^^^^^^^^^^^^^^^^^^^^^^^^^^^^^^
  6 |
  7 | type SoundDef = {
  8 |   source: { type: string; frequency: number | { start: number; end: number } };

The export SigilSoundContext was not found in module [project]/packages/components/dist/index.js [app-client] (ecmascript).
Did you mean to import SigilGutter?
All exports of the module are statically known (It doesn't have dynamic exports). So it's known statically that the requested export doesn't exist.

Import traces:
  Client Component Browser:
    ./apps/web/components/sound-provider.tsx [Client Component Browser]
    ./apps/web/components/sigil-shell.tsx [Client Component Browser]
    ./apps/web/components/sigil-shell.tsx [Server Component]
    ./apps/web/app/layout.tsx [Server Component]

  Client Component SSR:
    ./apps/web/components/sound-provider.tsx [Client Component SSR]
    ./apps/web/components/sigil-shell.tsx [Client Component SSR]
    ./apps/web/components/sigil-shell.tsx [Server Component]
    ./apps/web/app/layout.tsx [Server Component] @ http://localhost:3000/_next/static/chunks/10zw_next_dist_10gys1k._.js:1945
[   48418ms] [ERROR] ./apps/web/components/sound-provider.tsx:5:1
Export SigilSoundContext doesn't exist in target module
  3 | import { useCallback, useMemo, useState, type ReactNode } from "react";
  4 | import { defineSound } from "@web-kits/audio";
> 5 | import { SigilSoundContext, type SigilSoundName } from "@sigil-ui/components";
    | ^^^^^^^^^^^^^^^^^^^^^^^^^^^^^^^^^^^^^^^^^^^^^^^^^^^^^^^^^^^^^^^^^^^^^^^^^^^^^^
  6 |
  7 | type SoundDef = {
  8 |   source: { type: string; frequency: number | { start: number; end: number } };

The export SigilSoundContext was not found in module [project]/packages/components/dist/index.js [app-ssr] (ecmascript).
Did you mean to import SigilGutter?
All exports of the module are statically known (It doesn't have dynamic exports). So it's known statically that the requested export doesn't exist.

Import traces:
  Client Component Browser:
    ./apps/web/components/sound-provider.tsx [Client Component Browser]
    ./apps/web/components/sigil-shell.tsx [Client Component Browser]
    ./apps/web/components/sigil-shell.tsx [Server Component]
    ./apps/web/app/layout.tsx [Server Component]

  Client Component SSR:
    ./apps/web/components/sound-provider.tsx [Client Component SSR]
    ./apps/web/components/sigil-shell.tsx [Client Component SSR]
    ./apps/web/components/sigil-shell.tsx [Server Component]
    ./apps/web/app/layout.tsx [Server Component] @ http://localhost:3000/_next/static/chunks/10zw_next_dist_10gys1k._.js:1945
[   48418ms] [ERROR] ./apps/web/components/sound-provider.tsx:5:1
Export SigilSoundContext doesn't exist in target module
  3 | import { useCallback, useMemo, useState, type ReactNode } from "react";
  4 | import { defineSound } from "@web-kits/audio";
> 5 | import { SigilSoundContext, type SigilSoundName } from "@sigil-ui/components";
    | ^^^^^^^^^^^^^^^^^^^^^^^^^^^^^^^^^^^^^^^^^^^^^^^^^^^^^^^^^^^^^^^^^^^^^^^^^^^^^^
  6 |
  7 | type SoundDef = {
  8 |   source: { type: string; frequency: number | { start: number; end: number } };

The export SigilSoundContext was not found in module [project]/packages/components/dist/index.js [app-client] (ecmascript).
Did you mean to import SigilGutter?
All exports of the module are statically known (It doesn't have dynamic exports). So it's known statically that the requested export doesn't exist.

Import traces:
  Client Component Browser:
    ./apps/web/components/sound-provider.tsx [Client Component Browser]
    ./apps/web/components/sigil-shell.tsx [Client Component Browser]
    ./apps/web/components/sigil-shell.tsx [Server Component]
    ./apps/web/app/layout.tsx [Server Component]

  Client Component SSR:
    ./apps/web/components/sound-provider.tsx [Client Component SSR]
    ./apps/web/components/sigil-shell.tsx [Client Component SSR]
    ./apps/web/components/sigil-shell.tsx [Server Component]
    ./apps/web/app/layout.tsx [Server Component] @ http://localhost:3000/_next/static/chunks/10zw_next_dist_10gys1k._.js:1945
[   48418ms] [ERROR] ./apps/web/components/sound-provider.tsx:5:1
Export SigilSoundContext doesn't exist in target module
  3 | import { useCallback, useMemo, useState, type ReactNode } from "react";
  4 | import { defineSound } from "@web-kits/audio";
> 5 | import { SigilSoundContext, type SigilSoundName } from "@sigil-ui/components";
    | ^^^^^^^^^^^^^^^^^^^^^^^^^^^^^^^^^^^^^^^^^^^^^^^^^^^^^^^^^^^^^^^^^^^^^^^^^^^^^^
  6 |
  7 | type SoundDef = {
  8 |   source: { type: string; frequency: number | { start: number; end: number } };

The export SigilSoundContext was not found in module [project]/packages/components/dist/index.js [app-ssr] (ecmascript).
Did you mean to import SigilGutter?
All exports of the module are statically known (It doesn't have dynamic exports). So it's known statically that the requested export doesn't exist.

Import traces:
  Client Component Browser:
    ./apps/web/components/sound-provider.tsx [Client Component Browser]
    ./apps/web/components/sigil-shell.tsx [Client Component Browser]
    ./apps/web/components/sigil-shell.tsx [Server Component]
    ./apps/web/app/layout.tsx [Server Component]

  Client Component SSR:
    ./apps/web/components/sound-provider.tsx [Client Component SSR]
    ./apps/web/components/sigil-shell.tsx [Client Component SSR]
    ./apps/web/components/sigil-shell.tsx [Server Component]
    ./apps/web/app/layout.tsx [Server Component] @ http://localhost:3000/_next/static/chunks/10zw_next_dist_10gys1k._.js:1945
[   48418ms] [ERROR] ./apps/web/components/sound-provider.tsx:5:1
Export SigilSoundContext doesn't exist in target module
  3 | import { useCallback, useMemo, useState, type ReactNode } from "react";
  4 | import { defineSound } from "@web-kits/audio";
> 5 | import { SigilSoundContext, type SigilSoundName } from "@sigil-ui/components";
    | ^^^^^^^^^^^^^^^^^^^^^^^^^^^^^^^^^^^^^^^^^^^^^^^^^^^^^^^^^^^^^^^^^^^^^^^^^^^^^^
  6 |
  7 | type SoundDef = {
  8 |   source: { type: string; frequency: number | { start: number; end: number } };

The export SigilSoundContext was not found in module [project]/packages/components/dist/index.js [app-client] (ecmascript).
Did you mean to import SigilGutter?
All exports of the module are statically known (It doesn't have dynamic exports). So it's known statically that the requested export doesn't exist.

Import traces:
  Client Component Browser:
    ./apps/web/components/sound-provider.tsx [Client Component Browser]
    ./apps/web/components/sigil-shell.tsx [Client Component Browser]
    ./apps/web/components/sigil-shell.tsx [Server Component]
    ./apps/web/app/layout.tsx [Server Component]

  Client Component SSR:
    ./apps/web/components/sound-provider.tsx [Client Component SSR]
    ./apps/web/components/sigil-shell.tsx [Client Component SSR]
    ./apps/web/components/sigil-shell.tsx [Server Component]
    ./apps/web/app/layout.tsx [Server Component] @ http://localhost:3000/_next/static/chunks/10zw_next_dist_10gys1k._.js:1945
[   48418ms] [ERROR] ./apps/web/components/sound-provider.tsx:5:1
Export SigilSoundContext doesn't exist in target module
  3 | import { useCallback, useMemo, useState, type ReactNode } from "react";
  4 | import { defineSound } from "@web-kits/audio";
> 5 | import { SigilSoundContext, type SigilSoundName } from "@sigil-ui/components";
    | ^^^^^^^^^^^^^^^^^^^^^^^^^^^^^^^^^^^^^^^^^^^^^^^^^^^^^^^^^^^^^^^^^^^^^^^^^^^^^^
  6 |
  7 | type SoundDef = {
  8 |   source: { type: string; frequency: number | { start: number; end: number } };

The export SigilSoundContext was not found in module [project]/packages/components/dist/index.js [app-ssr] (ecmascript).
Did you mean to import SigilGutter?
All exports of the module are statically known (It doesn't have dynamic exports). So it's known statically that the requested export doesn't exist.

Import traces:
  Client Component Browser:
    ./apps/web/components/sound-provider.tsx [Client Component Browser]
    ./apps/web/components/sigil-shell.tsx [Client Component Browser]
    ./apps/web/components/sigil-shell.tsx [Server Component]
    ./apps/web/app/layout.tsx [Server Component]

  Client Component SSR:
    ./apps/web/components/sound-provider.tsx [Client Component SSR]
    ./apps/web/components/sigil-shell.tsx [Client Component SSR]
    ./apps/web/components/sigil-shell.tsx [Server Component]
    ./apps/web/app/layout.tsx [Server Component] @ http://localhost:3000/_next/static/chunks/10zw_next_dist_10gys1k._.js:1945
[   48418ms] [ERROR] ./apps/web/app/demos/[slug]/page.tsx:216:8
Next.js can't recognize the exported `generateStaticParams` field in route. App pages cannot use both "use client" and export function "generateStaticParams()".
  214 | /* -------------------------------------------------------------------------- */
  215 |
> 216 | export function generateStaticParams() {
      |        ^^^^^^^^^^^^^^^^^^^^^^^^^^^^^^^^
> 217 |   return SLUGS.map((slug) => ({ slug }));
      | ^^^^^^^^^^^^^^^^^^^^^^^^^^^^^^^^^^^^^^^^^
> 218 | }
      | ^
  219 |
  220 | export async function generateMetadata({
  221 |   params,

The exported configuration object in a source file needs to have a very specific format from which some properties can be statically parsed at compiled-time.

Import traces:
  Client Component Browser:
    ./apps/web/app/demos/[slug]/page.tsx [Client Component Browser]
    ./apps/web/app/demos/[slug]/page.tsx [Server Component]

  Client Component SSR:
    ./apps/web/app/demos/[slug]/page.tsx [Client Component SSR]
    ./apps/web/app/demos/[slug]/page.tsx [Server Component]

https://nextjs.org/docs/app/api-reference/file-conventions/route-segment-config @ http://localhost:3000/_next/static/chunks/10zw_next_dist_10gys1k._.js:1945
[   48418ms] [ERROR] ./apps/web/app/demos/[slug]/page.tsx:220:23
You are attempting to export "generateMetadata" from a component marked with "use client", which is disallowed. "generateMetadata" must be resolved on the server before the page component is rendered. Keep your page as a Server Component and move Client Component logic to a separate file. Read more: https://nextjs.org/docs/app/api-reference/functions/generate-metadata#why-generatemetadata-is-server-component-only
  218 | }
  219 |
> 220 | export async function generateMetadata({
      |                       ^^^^^^^^^^^^^^^^
  221 |   params,
  222 | }: {
  223 |   params: Promise<{ slug: string }>;

Ecmascript file had an error

Import traces:
  Client Component Browser:
    ./apps/web/app/demos/[slug]/page.tsx [Client Component Browser]
    ./apps/web/app/demos/[slug]/page.tsx [Server Component]

  Client Component SSR:
    ./apps/web/app/demos/[slug]/page.tsx [Client Component SSR]
    ./apps/web/app/demos/[slug]/page.tsx [Server Component] @ http://localhost:3000/_next/static/chunks/10zw_next_dist_10gys1k._.js:1945
[   48418ms] [ERROR] ./apps/web/components/sound-provider.tsx:5:1
Export SigilSoundContext doesn't exist in target module
  3 | import { useCallback, useMemo, useState, type ReactNode } from "react";
  4 | import { defineSound } from "@web-kits/audio";
> 5 | import { SigilSoundContext, type SigilSoundName } from "@sigil-ui/components";
    | ^^^^^^^^^^^^^^^^^^^^^^^^^^^^^^^^^^^^^^^^^^^^^^^^^^^^^^^^^^^^^^^^^^^^^^^^^^^^^^
  6 |
  7 | type SoundDef = {
  8 |   source: { type: string; frequency: number | { start: number; end: number } };

The export SigilSoundContext was not found in module [project]/packages/components/dist/index.js [app-client] (ecmascript).
Did you mean to import SigilGutter?
All exports of the module are statically known (It doesn't have dynamic exports). So it's known statically that the requested export doesn't exist.

Import traces:
  Client Component Browser:
    ./apps/web/components/sound-provider.tsx [Client Component Browser]
    ./apps/web/components/sigil-shell.tsx [Client Component Browser]
    ./apps/web/components/sigil-shell.tsx [Server Component]
    ./apps/web/app/layout.tsx [Server Component]

  Client Component SSR:
    ./apps/web/components/sound-provider.tsx [Client Component SSR]
    ./apps/web/components/sigil-shell.tsx [Client Component SSR]
    ./apps/web/components/sigil-shell.tsx [Server Component]
    ./apps/web/app/layout.tsx [Server Component] @ http://localhost:3000/_next/static/chunks/10zw_next_dist_10gys1k._.js:1945
[   48418ms] [ERROR] ./apps/web/components/sound-provider.tsx:5:1
Export SigilSoundContext doesn't exist in target module
  3 | import { useCallback, useMemo, useState, type ReactNode } from "react";
  4 | import { defineSound } from "@web-kits/audio";
> 5 | import { SigilSoundContext, type SigilSoundName } from "@sigil-ui/components";
    | ^^^^^^^^^^^^^^^^^^^^^^^^^^^^^^^^^^^^^^^^^^^^^^^^^^^^^^^^^^^^^^^^^^^^^^^^^^^^^^
  6 |
  7 | type SoundDef = {
  8 |   source: { type: string; frequency: number | { start: number; end: number } };

The export SigilSoundContext was not found in module [project]/packages/components/dist/index.js [app-ssr] (ecmascript).
Did you mean to import SigilGutter?
All exports of the module are statically known (It doesn't have dynamic exports). So it's known statically that the requested export doesn't exist.

Import traces:
  Client Component Browser:
    ./apps/web/components/sound-provider.tsx [Client Component Browser]
    ./apps/web/components/sigil-shell.tsx [Client Component Browser]
    ./apps/web/components/sigil-shell.tsx [Server Component]
    ./apps/web/app/layout.tsx [Server Component]

  Client Component SSR:
    ./apps/web/components/sound-provider.tsx [Client Component SSR]
    ./apps/web/components/sigil-shell.tsx [Client Component SSR]
    ./apps/web/components/sigil-shell.tsx [Server Component]
    ./apps/web/app/layout.tsx [Server Component] @ http://localhost:3000/_next/static/chunks/10zw_next_dist_10gys1k._.js:1945
[   48451ms] [ERROR] ./apps/web/components/sound-provider.tsx:5:1
Export SigilSoundContext doesn't exist in target module
  3 | import { useCallback, useMemo, useState, type ReactNode } from "react";
  4 | import { defineSound } from "@web-kits/audio";
> 5 | import { SigilSoundContext, type SigilSoundName } from "@sigil-ui/components";
    | ^^^^^^^^^^^^^^^^^^^^^^^^^^^^^^^^^^^^^^^^^^^^^^^^^^^^^^^^^^^^^^^^^^^^^^^^^^^^^^
  6 |
  7 | type SoundDef = {
  8 |   source: { type: string; frequency: number | { start: number; end: number } };

The export SigilSoundContext was not found in module [project]/packages/components/dist/index.js [app-client] (ecmascript).
Did you mean to import SigilGutter?
All exports of the module are statically known (It doesn't have dynamic exports). So it's known statically that the requested export doesn't exist.

Import traces:
  #1 [Client Component Browser]:
    ./apps/web/components/sound-provider.tsx [Client Component Browser]
    ./apps/web/app/page.tsx [Client Component Browser]
    ./apps/web/app/page.tsx [Server Component]

  #2 [Client Component SSR]:
    ./apps/web/components/sound-provider.tsx [Client Component SSR]
    ./apps/web/app/page.tsx [Client Component SSR]
    ./apps/web/app/page.tsx [Server Component]

  #3 [Client Component Browser]:
    ./apps/web/components/sound-provider.tsx [Client Component Browser]
    ./apps/web/components/sigil-shell.tsx [Client Component Browser]
    ./apps/web/components/sigil-shell.tsx [Server Component]
    ./apps/web/app/layout.tsx [Server Component]

  #4 [Client Component SSR]:
    ./apps/web/components/sound-provider.tsx [Client Component SSR]
    ./apps/web/components/sigil-shell.tsx [Client Component SSR]
    ./apps/web/components/sigil-shell.tsx [Server Component]
    ./apps/web/app/layout.tsx [Server Component] @ http://localhost:3000/_next/static/chunks/10zw_next_dist_10gys1k._.js:1945
[   48451ms] [ERROR] ./apps/web/components/sound-provider.tsx:5:1
Export SigilSoundContext doesn't exist in target module
  3 | import { useCallback, useMemo, useState, type ReactNode } from "react";
  4 | import { defineSound } from "@web-kits/audio";
> 5 | import { SigilSoundContext, type SigilSoundName } from "@sigil-ui/components";
    | ^^^^^^^^^^^^^^^^^^^^^^^^^^^^^^^^^^^^^^^^^^^^^^^^^^^^^^^^^^^^^^^^^^^^^^^^^^^^^^
  6 |
  7 | type SoundDef = {
  8 |   source: { type: string; frequency: number | { start: number; end: number } };

The export SigilSoundContext was not found in module [project]/packages/components/dist/index.js [app-ssr] (ecmascript).
Did you mean to import SigilGutter?
All exports of the module are statically known (It doesn't have dynamic exports). So it's known statically that the requested export doesn't exist.

Import traces:
  #1 [Client Component Browser]:
    ./apps/web/components/sound-provider.tsx [Client Component Browser]
    ./apps/web/app/page.tsx [Client Component Browser]
    ./apps/web/app/page.tsx [Server Component]

  #2 [Client Component SSR]:
    ./apps/web/components/sound-provider.tsx [Client Component SSR]
    ./apps/web/app/page.tsx [Client Component SSR]
    ./apps/web/app/page.tsx [Server Component]

  #3 [Client Component Browser]:
    ./apps/web/components/sound-provider.tsx [Client Component Browser]
    ./apps/web/components/sigil-shell.tsx [Client Component Browser]
    ./apps/web/components/sigil-shell.tsx [Server Component]
    ./apps/web/app/layout.tsx [Server Component]

  #4 [Client Component SSR]:
    ./apps/web/components/sound-provider.tsx [Client Component SSR]
    ./apps/web/components/sigil-shell.tsx [Client Component SSR]
    ./apps/web/components/sigil-shell.tsx [Server Component]
    ./apps/web/app/layout.tsx [Server Component] @ http://localhost:3000/_next/static/chunks/10zw_next_dist_10gys1k._.js:1945
[   48451ms] [ERROR] ./apps/web/app/demos/[slug]/page.tsx:216:8
Next.js can't recognize the exported `generateStaticParams` field in route. App pages cannot use both "use client" and export function "generateStaticParams()".
  214 | /* -------------------------------------------------------------------------- */
  215 |
> 216 | export function generateStaticParams() {
      |        ^^^^^^^^^^^^^^^^^^^^^^^^^^^^^^^^
> 217 |   return SLUGS.map((slug) => ({ slug }));
      | ^^^^^^^^^^^^^^^^^^^^^^^^^^^^^^^^^^^^^^^^^
> 218 | }
      | ^
  219 |
  220 | export async function generateMetadata({
  221 |   params,

The exported configuration object in a source file needs to have a very specific format from which some properties can be statically parsed at compiled-time.

Import traces:
  Client Component Browser:
    ./apps/web/app/demos/[slug]/page.tsx [Client Component Browser]
    ./apps/web/app/demos/[slug]/page.tsx [Server Component]

  Client Component SSR:
    ./apps/web/app/demos/[slug]/page.tsx [Client Component SSR]
    ./apps/web/app/demos/[slug]/page.tsx [Server Component]

https://nextjs.org/docs/app/api-reference/file-conventions/route-segment-config @ http://localhost:3000/_next/static/chunks/10zw_next_dist_10gys1k._.js:1945
[   48451ms] [ERROR] ./apps/web/app/demos/[slug]/page.tsx:220:23
You are attempting to export "generateMetadata" from a component marked with "use client", which is disallowed. "generateMetadata" must be resolved on the server before the page component is rendered. Keep your page as a Server Component and move Client Component logic to a separate file. Read more: https://nextjs.org/docs/app/api-reference/functions/generate-metadata#why-generatemetadata-is-server-component-only
  218 | }
  219 |
> 220 | export async function generateMetadata({
      |                       ^^^^^^^^^^^^^^^^
  221 |   params,
  222 | }: {
  223 |   params: Promise<{ slug: string }>;

Ecmascript file had an error

Import traces:
  Client Component Browser:
    ./apps/web/app/demos/[slug]/page.tsx [Client Component Browser]
    ./apps/web/app/demos/[slug]/page.tsx [Server Component]

  Client Component SSR:
    ./apps/web/app/demos/[slug]/page.tsx [Client Component SSR]
    ./apps/web/app/demos/[slug]/page.tsx [Server Component] @ http://localhost:3000/_next/static/chunks/10zw_next_dist_10gys1k._.js:1945
[   48520ms] [LOG] [Fast Refresh] rebuilding @ http://localhost:3000/_next/static/chunks/10zw_next_dist_10gys1k._.js:1226
[   59722ms] [LOG] [Fast Refresh] rebuilding @ http://localhost:3000/_next/static/chunks/10zw_next_dist_10gys1k._.js:1226
[   59757ms] [ERROR] ./apps/web/components/sound-provider.tsx:5:1
Export SigilSoundContext doesn't exist in target module
  3 | import { useCallback, useMemo, useState, type ReactNode } from "react";
  4 | import { defineSound } from "@web-kits/audio";
> 5 | import { SigilSoundContext, type SigilSoundName } from "@sigil-ui/components";
    | ^^^^^^^^^^^^^^^^^^^^^^^^^^^^^^^^^^^^^^^^^^^^^^^^^^^^^^^^^^^^^^^^^^^^^^^^^^^^^^
  6 |
  7 | type SoundDef = {
  8 |   source: { type: string; frequency: number | { start: number; end: number } };

The export SigilSoundContext was not found in module [project]/packages/components/dist/index.js [app-client] (ecmascript).
Did you mean to import SigilGutter?
All exports of the module are statically known (It doesn't have dynamic exports). So it's known statically that the requested export doesn't exist.

Import traces:
  #1 [Client Component Browser]:
    ./apps/web/components/sound-provider.tsx [Client Component Browser]
    ./apps/web/app/page.tsx [Client Component Browser]
    ./apps/web/app/page.tsx [Server Component]

  #2 [Client Component SSR]:
    ./apps/web/components/sound-provider.tsx [Client Component SSR]
    ./apps/web/app/page.tsx [Client Component SSR]
    ./apps/web/app/page.tsx [Server Component]

  #3 [Client Component Browser]:
    ./apps/web/components/sound-provider.tsx [Client Component Browser]
    ./apps/web/components/sigil-shell.tsx [Client Component Browser]
    ./apps/web/components/sigil-shell.tsx [Server Component]
    ./apps/web/app/layout.tsx [Server Component]

  #4 [Client Component SSR]:
    ./apps/web/components/sound-provider.tsx [Client Component SSR]
    ./apps/web/components/sigil-shell.tsx [Client Component SSR]
    ./apps/web/components/sigil-shell.tsx [Server Component]
    ./apps/web/app/layout.tsx [Server Component] @ http://localhost:3000/_next/static/chunks/10zw_next_dist_10gys1k._.js:1945
[   59757ms] [ERROR] ./apps/web/components/sound-provider.tsx:5:1
Export SigilSoundContext doesn't exist in target module
  3 | import { useCallback, useMemo, useState, type ReactNode } from "react";
  4 | import { defineSound } from "@web-kits/audio";
> 5 | import { SigilSoundContext, type SigilSoundName } from "@sigil-ui/components";
    | ^^^^^^^^^^^^^^^^^^^^^^^^^^^^^^^^^^^^^^^^^^^^^^^^^^^^^^^^^^^^^^^^^^^^^^^^^^^^^^
  6 |
  7 | type SoundDef = {
  8 |   source: { type: string; frequency: number | { start: number; end: number } };

The export SigilSoundContext was not found in module [project]/packages/components/dist/index.js [app-ssr] (ecmascript).
Did you mean to import SigilGutter?
All exports of the module are statically known (It doesn't have dynamic exports). So it's known statically that the requested export doesn't exist.

Import traces:
  #1 [Client Component Browser]:
    ./apps/web/components/sound-provider.tsx [Client Component Browser]
    ./apps/web/app/page.tsx [Client Component Browser]
    ./apps/web/app/page.tsx [Server Component]

  #2 [Client Component SSR]:
    ./apps/web/components/sound-provider.tsx [Client Component SSR]
    ./apps/web/app/page.tsx [Client Component SSR]
    ./apps/web/app/page.tsx [Server Component]

  #3 [Client Component Browser]:
    ./apps/web/components/sound-provider.tsx [Client Component Browser]
    ./apps/web/components/sigil-shell.tsx [Client Component Browser]
    ./apps/web/components/sigil-shell.tsx [Server Component]
    ./apps/web/app/layout.tsx [Server Component]

  #4 [Client Component SSR]:
    ./apps/web/components/sound-provider.tsx [Client Component SSR]
    ./apps/web/components/sigil-shell.tsx [Client Component SSR]
    ./apps/web/components/sigil-shell.tsx [Server Component]
    ./apps/web/app/layout.tsx [Server Component] @ http://localhost:3000/_next/static/chunks/10zw_next_dist_10gys1k._.js:1945
[   59833ms] [ERROR] Failed to load resource: the server responded with a status of 500 (Internal Server Error) @ http://localhost:3000/demos/ai-saas:0
[   59866ms] [INFO] %cDownload the React DevTools for a better development experience: https://react.dev/link/react-devtools font-weight:bold @ http://localhost:3000/_next/static/chunks/0e-u_react-dom_0037m-m._.js:15305
[   59904ms] Error: ./apps/web/components/sound-provider.tsx:5:1
Export SigilSoundContext doesn't exist in target module
  3 | import { useCallback, useMemo, useState, type ReactNode } from "react";
  4 | import { defineSound } from "@web-kits/audio";
> 5 | import { SigilSoundContext, type SigilSoundName } from "@sigil-ui/components";
    | ^^^^^^^^^^^^^^^^^^^^^^^^^^^^^^^^^^^^^^^^^^^^^^^^^^^^^^^^^^^^^^^^^^^^^^^^^^^^^^
  6 |
  7 | type SoundDef = {
  8 |   source: { type: string; frequency: number | { start: number; end: number } };

The export SigilSoundContext was not found in module [project]/packages/components/dist/index.js [app-client] (ecmascript).
Did you mean to import SigilGutter?
All exports of the module are statically known (It doesn't have dynamic exports). So it's known statically that the requested export doesn't exist.

Import traces:
  #1 [Client Component Browser]:
    ./apps/web/components/sound-provider.tsx [Client Component Browser]
    ./apps/web/app/page.tsx [Client Component Browser]
    ./apps/web/app/page.tsx [Server Component]

  #2 [Client Component SSR]:
    ./apps/web/components/sound-provider.tsx [Client Component SSR]
    ./apps/web/app/page.tsx [Client Component SSR]
    ./apps/web/app/page.tsx [Server Component]

  #3 [Client Component Browser]:
    ./apps/web/components/sound-provider.tsx [Client Component Browser]
    ./apps/web/components/sigil-shell.tsx [Client Component Browser]
    ./apps/web/components/sigil-shell.tsx [Server Component]
    ./apps/web/app/layout.tsx [Server Component]

  #4 [Client Component SSR]:
    ./apps/web/components/sound-provider.tsx [Client Component SSR]
    ./apps/web/components/sigil-shell.tsx [Client Component SSR]
    ./apps/web/components/sigil-shell.tsx [Server Component]
    ./apps/web/app/layout.tsx [Server Component]


    at <unknown> (Error: ./apps/web/components/sound-provider.tsx:5:1)
    at Object.getCompilationErrors (file:///Users/kevinliu/Documents/GitHub/reticle-ui/node_modules/.pnpm/next@16.2.4_@opentelemetry+api@1.9.0_react-dom@19.2.5_react@19.2.5__react@19.2.5/node_modules/next/dist/server/dev/hot-reloader-turbopack.js:1186:59)
    at DevBundlerService.getCompilationError (file:///Users/kevinliu/Documents/GitHub/reticle-ui/node_modules/.pnpm/next@16.2.4_@opentelemetry+api@1.9.0_react-dom@19.2.5_react@19.2.5__react@19.2.5/node_modules/next/dist/server/lib/dev-bundler-service.js:44:55)
    at DevServer.getCompilationError (file:///Users/kevinliu/Documents/GitHub/reticle-ui/node_modules/.pnpm/next@16.2.4_@opentelemetry+api@1.9.0_react-dom@19.2.5_react@19.2.5__react@19.2.5/node_modules/next/dist/server/dev/next-dev-server.js:719:42)
    at DevServer.findPageComponents (file:///Users/kevinliu/Documents/GitHub/reticle-ui/node_modules/.pnpm/next@16.2.4_@opentelemetry+api@1.9.0_react-dom@19.2.5_react@19.2.5__react@19.2.5/node_modules/next/dist/server/dev/next-dev-server.js:689:43)
    at async DevServer.renderErrorToResponseImpl (file:///Users/kevinliu/Documents/GitHub/reticle-ui/node_modules/.pnpm/next@16.2.4_@opentelemetry+api@1.9.0_react-dom@19.2.5_react@19.2.5__react@19.2.5/node_modules/next/dist/server/base-server.js:1745:26)
[   59878ms] [LOG] [HMR] connected @ http://localhost:3000/_next/static/chunks/10zw_next_dist_10gys1k._.js:1226
[   59911ms] [ERROR] ./apps/web/components/sound-provider.tsx:5:1
Export SigilSoundContext doesn't exist in target module
  3 | import { useCallback, useMemo, useState, type ReactNode } from "react";
  4 | import { defineSound } from "@web-kits/audio";
> 5 | import { SigilSoundContext, type SigilSoundName } from "@sigil-ui/components";
    | ^^^^^^^^^^^^^^^^^^^^^^^^^^^^^^^^^^^^^^^^^^^^^^^^^^^^^^^^^^^^^^^^^^^^^^^^^^^^^^
  6 |
  7 | type SoundDef = {
  8 |   source: { type: string; frequency: number | { start: number; end: number } };

The export SigilSoundContext was not found in module [project]/packages/components/dist/index.js [app-client] (ecmascript).
Did you mean to import SigilGutter?
All exports of the module are statically known (It doesn't have dynamic exports). So it's known statically that the requested export doesn't exist.

Import traces:
  #1 [Client Component Browser]:
    ./apps/web/components/sound-provider.tsx [Client Component Browser]
    ./apps/web/app/page.tsx [Client Component Browser]
    ./apps/web/app/page.tsx [Server Component]

  #2 [Client Component SSR]:
    ./apps/web/components/sound-provider.tsx [Client Component SSR]
    ./apps/web/app/page.tsx [Client Component SSR]
    ./apps/web/app/page.tsx [Server Component]

  #3 [Client Component Browser]:
    ./apps/web/components/sound-provider.tsx [Client Component Browser]
    ./apps/web/components/sigil-shell.tsx [Client Component Browser]
    ./apps/web/components/sigil-shell.tsx [Server Component]
    ./apps/web/app/layout.tsx [Server Component]

  #4 [Client Component SSR]:
    ./apps/web/components/sound-provider.tsx [Client Component SSR]
    ./apps/web/components/sigil-shell.tsx [Client Component SSR]
    ./apps/web/components/sigil-shell.tsx [Server Component]
    ./apps/web/app/layout.tsx [Server Component] @ http://localhost:3000/_next/static/chunks/10zw_next_dist_10gys1k._.js:1945
[   59911ms] [ERROR] ./apps/web/components/sound-provider.tsx:5:1
Export SigilSoundContext doesn't exist in target module
  3 | import { useCallback, useMemo, useState, type ReactNode } from "react";
  4 | import { defineSound } from "@web-kits/audio";
> 5 | import { SigilSoundContext, type SigilSoundName } from "@sigil-ui/components";
    | ^^^^^^^^^^^^^^^^^^^^^^^^^^^^^^^^^^^^^^^^^^^^^^^^^^^^^^^^^^^^^^^^^^^^^^^^^^^^^^
  6 |
  7 | type SoundDef = {
  8 |   source: { type: string; frequency: number | { start: number; end: number } };

The export SigilSoundContext was not found in module [project]/packages/components/dist/index.js [app-ssr] (ecmascript).
Did you mean to import SigilGutter?
All exports of the module are statically known (It doesn't have dynamic exports). So it's known statically that the requested export doesn't exist.

Import traces:
  #1 [Client Component Browser]:
    ./apps/web/components/sound-provider.tsx [Client Component Browser]
    ./apps/web/app/page.tsx [Client Component Browser]
    ./apps/web/app/page.tsx [Server Component]

  #2 [Client Component SSR]:
    ./apps/web/components/sound-provider.tsx [Client Component SSR]
    ./apps/web/app/page.tsx [Client Component SSR]
    ./apps/web/app/page.tsx [Server Component]

  #3 [Client Component Browser]:
    ./apps/web/components/sound-provider.tsx [Client Component Browser]
    ./apps/web/components/sigil-shell.tsx [Client Component Browser]
    ./apps/web/components/sigil-shell.tsx [Server Component]
    ./apps/web/app/layout.tsx [Server Component]

  #4 [Client Component SSR]:
    ./apps/web/components/sound-provider.tsx [Client Component SSR]
    ./apps/web/components/sigil-shell.tsx [Client Component SSR]
    ./apps/web/components/sigil-shell.tsx [Server Component]
    ./apps/web/app/layout.tsx [Server Component] @ http://localhost:3000/_next/static/chunks/10zw_next_dist_10gys1k._.js:1945
[   59911ms] [ERROR] ./apps/web/components/sound-provider.tsx:5:1
Export SigilSoundContext doesn't exist in target module
  3 | import { useCallback, useMemo, useState, type ReactNode } from "react";
  4 | import { defineSound } from "@web-kits/audio";
> 5 | import { SigilSoundContext, type SigilSoundName } from "@sigil-ui/components";
    | ^^^^^^^^^^^^^^^^^^^^^^^^^^^^^^^^^^^^^^^^^^^^^^^^^^^^^^^^^^^^^^^^^^^^^^^^^^^^^^
  6 |
  7 | type SoundDef = {
  8 |   source: { type: string; frequency: number | { start: number; end: number } };

The export SigilSoundContext was not found in module [project]/packages/components/dist/index.js [app-client] (ecmascript).
Did you mean to import SigilGutter?
All exports of the module are statically known (It doesn't have dynamic exports). So it's known statically that the requested export doesn't exist.

Import traces:
  Client Component Browser:
    ./apps/web/components/sound-provider.tsx [Client Component Browser]
    ./apps/web/components/sigil-shell.tsx [Client Component Browser]
    ./apps/web/components/sigil-shell.tsx [Server Component]
    ./apps/web/app/layout.tsx [Server Component]

  Client Component SSR:
    ./apps/web/components/sound-provider.tsx [Client Component SSR]
    ./apps/web/components/sigil-shell.tsx [Client Component SSR]
    ./apps/web/components/sigil-shell.tsx [Server Component]
    ./apps/web/app/layout.tsx [Server Component] @ http://localhost:3000/_next/static/chunks/10zw_next_dist_10gys1k._.js:1945
[   59911ms] [ERROR] ./apps/web/components/sound-provider.tsx:5:1
Export SigilSoundContext doesn't exist in target module
  3 | import { useCallback, useMemo, useState, type ReactNode } from "react";
  4 | import { defineSound } from "@web-kits/audio";
> 5 | import { SigilSoundContext, type SigilSoundName } from "@sigil-ui/components";
    | ^^^^^^^^^^^^^^^^^^^^^^^^^^^^^^^^^^^^^^^^^^^^^^^^^^^^^^^^^^^^^^^^^^^^^^^^^^^^^^
  6 |
  7 | type SoundDef = {
  8 |   source: { type: string; frequency: number | { start: number; end: number } };

The export SigilSoundContext was not found in module [project]/packages/components/dist/index.js [app-ssr] (ecmascript).
Did you mean to import SigilGutter?
All exports of the module are statically known (It doesn't have dynamic exports). So it's known statically that the requested export doesn't exist.

Import traces:
  Client Component Browser:
    ./apps/web/components/sound-provider.tsx [Client Component Browser]
    ./apps/web/components/sigil-shell.tsx [Client Component Browser]
    ./apps/web/components/sigil-shell.tsx [Server Component]
    ./apps/web/app/layout.tsx [Server Component]

  Client Component SSR:
    ./apps/web/components/sound-provider.tsx [Client Component SSR]
    ./apps/web/components/sigil-shell.tsx [Client Component SSR]
    ./apps/web/components/sigil-shell.tsx [Server Component]
    ./apps/web/app/layout.tsx [Server Component] @ http://localhost:3000/_next/static/chunks/10zw_next_dist_10gys1k._.js:1945
[   59911ms] [ERROR] ./apps/web/components/sound-provider.tsx:5:1
Export SigilSoundContext doesn't exist in target module
  3 | import { useCallback, useMemo, useState, type ReactNode } from "react";
  4 | import { defineSound } from "@web-kits/audio";
> 5 | import { SigilSoundContext, type SigilSoundName } from "@sigil-ui/components";
    | ^^^^^^^^^^^^^^^^^^^^^^^^^^^^^^^^^^^^^^^^^^^^^^^^^^^^^^^^^^^^^^^^^^^^^^^^^^^^^^
  6 |
  7 | type SoundDef = {
  8 |   source: { type: string; frequency: number | { start: number; end: number } };

The export SigilSoundContext was not found in module [project]/packages/components/dist/index.js [app-client] (ecmascript).
Did you mean to import SigilGutter?
All exports of the module are statically known (It doesn't have dynamic exports). So it's known statically that the requested export doesn't exist.

Import traces:
  Client Component Browser:
    ./apps/web/components/sound-provider.tsx [Client Component Browser]
    ./apps/web/components/sigil-shell.tsx [Client Component Browser]
    ./apps/web/components/sigil-shell.tsx [Server Component]
    ./apps/web/app/layout.tsx [Server Component]

  Client Component SSR:
    ./apps/web/components/sound-provider.tsx [Client Component SSR]
    ./apps/web/components/sigil-shell.tsx [Client Component SSR]
    ./apps/web/components/sigil-shell.tsx [Server Component]
    ./apps/web/app/layout.tsx [Server Component] @ http://localhost:3000/_next/static/chunks/10zw_next_dist_10gys1k._.js:1945
[   59911ms] [ERROR] ./apps/web/components/sound-provider.tsx:5:1
Export SigilSoundContext doesn't exist in target module
  3 | import { useCallback, useMemo, useState, type ReactNode } from "react";
  4 | import { defineSound } from "@web-kits/audio";
> 5 | import { SigilSoundContext, type SigilSoundName } from "@sigil-ui/components";
    | ^^^^^^^^^^^^^^^^^^^^^^^^^^^^^^^^^^^^^^^^^^^^^^^^^^^^^^^^^^^^^^^^^^^^^^^^^^^^^^
  6 |
  7 | type SoundDef = {
  8 |   source: { type: string; frequency: number | { start: number; end: number } };

The export SigilSoundContext was not found in module [project]/packages/components/dist/index.js [app-ssr] (ecmascript).
Did you mean to import SigilGutter?
All exports of the module are statically known (It doesn't have dynamic exports). So it's known statically that the requested export doesn't exist.

Import traces:
  Client Component Browser:
    ./apps/web/components/sound-provider.tsx [Client Component Browser]
    ./apps/web/components/sigil-shell.tsx [Client Component Browser]
    ./apps/web/components/sigil-shell.tsx [Server Component]
    ./apps/web/app/layout.tsx [Server Component]

  Client Component SSR:
    ./apps/web/components/sound-provider.tsx [Client Component SSR]
    ./apps/web/components/sigil-shell.tsx [Client Component SSR]
    ./apps/web/components/sigil-shell.tsx [Server Component]
    ./apps/web/app/layout.tsx [Server Component] @ http://localhost:3000/_next/static/chunks/10zw_next_dist_10gys1k._.js:1945
[   59911ms] [ERROR] ./apps/web/components/sound-provider.tsx:5:1
Export SigilSoundContext doesn't exist in target module
  3 | import { useCallback, useMemo, useState, type ReactNode } from "react";
  4 | import { defineSound } from "@web-kits/audio";
> 5 | import { SigilSoundContext, type SigilSoundName } from "@sigil-ui/components";
    | ^^^^^^^^^^^^^^^^^^^^^^^^^^^^^^^^^^^^^^^^^^^^^^^^^^^^^^^^^^^^^^^^^^^^^^^^^^^^^^
  6 |
  7 | type SoundDef = {
  8 |   source: { type: string; frequency: number | { start: number; end: number } };

The export SigilSoundContext was not found in module [project]/packages/components/dist/index.js [app-client] (ecmascript).
Did you mean to import SigilGutter?
All exports of the module are statically known (It doesn't have dynamic exports). So it's known statically that the requested export doesn't exist.

Import traces:
  Client Component Browser:
    ./apps/web/components/sound-provider.tsx [Client Component Browser]
    ./apps/web/components/sigil-shell.tsx [Client Component Browser]
    ./apps/web/components/sigil-shell.tsx [Server Component]
    ./apps/web/app/layout.tsx [Server Component]

  Client Component SSR:
    ./apps/web/components/sound-provider.tsx [Client Component SSR]
    ./apps/web/components/sigil-shell.tsx [Client Component SSR]
    ./apps/web/components/sigil-shell.tsx [Server Component]
    ./apps/web/app/layout.tsx [Server Component] @ http://localhost:3000/_next/static/chunks/10zw_next_dist_10gys1k._.js:1945
[   59911ms] [ERROR] ./apps/web/components/sound-provider.tsx:5:1
Export SigilSoundContext doesn't exist in target module
  3 | import { useCallback, useMemo, useState, type ReactNode } from "react";
  4 | import { defineSound } from "@web-kits/audio";
> 5 | import { SigilSoundContext, type SigilSoundName } from "@sigil-ui/components";
    | ^^^^^^^^^^^^^^^^^^^^^^^^^^^^^^^^^^^^^^^^^^^^^^^^^^^^^^^^^^^^^^^^^^^^^^^^^^^^^^
  6 |
  7 | type SoundDef = {
  8 |   source: { type: string; frequency: number | { start: number; end: number } };

The export SigilSoundContext was not found in module [project]/packages/components/dist/index.js [app-ssr] (ecmascript).
Did you mean to import SigilGutter?
All exports of the module are statically known (It doesn't have dynamic exports). So it's known statically that the requested export doesn't exist.

Import traces:
  Client Component Browser:
    ./apps/web/components/sound-provider.tsx [Client Component Browser]
    ./apps/web/components/sigil-shell.tsx [Client Component Browser]
    ./apps/web/components/sigil-shell.tsx [Server Component]
    ./apps/web/app/layout.tsx [Server Component]

  Client Component SSR:
    ./apps/web/components/sound-provider.tsx [Client Component SSR]
    ./apps/web/components/sigil-shell.tsx [Client Component SSR]
    ./apps/web/components/sigil-shell.tsx [Server Component]
    ./apps/web/app/layout.tsx [Server Component] @ http://localhost:3000/_next/static/chunks/10zw_next_dist_10gys1k._.js:1945
[   59912ms] [ERROR] ./apps/web/components/sound-provider.tsx:5:1
Export SigilSoundContext doesn't exist in target module
  3 | import { useCallback, useMemo, useState, type ReactNode } from "react";
  4 | import { defineSound } from "@web-kits/audio";
> 5 | import { SigilSoundContext, type SigilSoundName } from "@sigil-ui/components";
    | ^^^^^^^^^^^^^^^^^^^^^^^^^^^^^^^^^^^^^^^^^^^^^^^^^^^^^^^^^^^^^^^^^^^^^^^^^^^^^^
  6 |
  7 | type SoundDef = {
  8 |   source: { type: string; frequency: number | { start: number; end: number } };

The export SigilSoundContext was not found in module [project]/packages/components/dist/index.js [app-client] (ecmascript).
Did you mean to import SigilGutter?
All exports of the module are statically known (It doesn't have dynamic exports). So it's known statically that the requested export doesn't exist.

Import traces:
  Client Component Browser:
    ./apps/web/components/sound-provider.tsx [Client Component Browser]
    ./apps/web/components/sigil-shell.tsx [Client Component Browser]
    ./apps/web/components/sigil-shell.tsx [Server Component]
    ./apps/web/app/layout.tsx [Server Component]

  Client Component SSR:
    ./apps/web/components/sound-provider.tsx [Client Component SSR]
    ./apps/web/components/sigil-shell.tsx [Client Component SSR]
    ./apps/web/components/sigil-shell.tsx [Server Component]
    ./apps/web/app/layout.tsx [Server Component] @ http://localhost:3000/_next/static/chunks/10zw_next_dist_10gys1k._.js:1945
[   59912ms] [ERROR] ./apps/web/components/sound-provider.tsx:5:1
Export SigilSoundContext doesn't exist in target module
  3 | import { useCallback, useMemo, useState, type ReactNode } from "react";
  4 | import { defineSound } from "@web-kits/audio";
> 5 | import { SigilSoundContext, type SigilSoundName } from "@sigil-ui/components";
    | ^^^^^^^^^^^^^^^^^^^^^^^^^^^^^^^^^^^^^^^^^^^^^^^^^^^^^^^^^^^^^^^^^^^^^^^^^^^^^^
  6 |
  7 | type SoundDef = {
  8 |   source: { type: string; frequency: number | { start: number; end: number } };

The export SigilSoundContext was not found in module [project]/packages/components/dist/index.js [app-ssr] (ecmascript).
Did you mean to import SigilGutter?
All exports of the module are statically known (It doesn't have dynamic exports). So it's known statically that the requested export doesn't exist.

Import traces:
  Client Component Browser:
    ./apps/web/components/sound-provider.tsx [Client Component Browser]
    ./apps/web/components/sigil-shell.tsx [Client Component Browser]
    ./apps/web/components/sigil-shell.tsx [Server Component]
    ./apps/web/app/layout.tsx [Server Component]

  Client Component SSR:
    ./apps/web/components/sound-provider.tsx [Client Component SSR]
    ./apps/web/components/sigil-shell.tsx [Client Component SSR]
    ./apps/web/components/sigil-shell.tsx [Server Component]
    ./apps/web/app/layout.tsx [Server Component] @ http://localhost:3000/_next/static/chunks/10zw_next_dist_10gys1k._.js:1945
[   59978ms] [ERROR] ./apps/web/components/sound-provider.tsx:5:1
Export SigilSoundContext doesn't exist in target module
  3 | import { useCallback, useMemo, useState, type ReactNode } from "react";
  4 | import { defineSound } from "@web-kits/audio";
> 5 | import { SigilSoundContext, type SigilSoundName } from "@sigil-ui/components";
    | ^^^^^^^^^^^^^^^^^^^^^^^^^^^^^^^^^^^^^^^^^^^^^^^^^^^^^^^^^^^^^^^^^^^^^^^^^^^^^^
  6 |
  7 | type SoundDef = {
  8 |   source: { type: string; frequency: number | { start: number; end: number } };

The export SigilSoundContext was not found in module [project]/packages/components/dist/index.js [app-client] (ecmascript).
Did you mean to import SigilGutter?
All exports of the module are statically known (It doesn't have dynamic exports). So it's known statically that the requested export doesn't exist.

Import traces:
  #1 [Client Component Browser]:
    ./apps/web/components/sound-provider.tsx [Client Component Browser]
    ./apps/web/app/page.tsx [Client Component Browser]
    ./apps/web/app/page.tsx [Server Component]

  #2 [Client Component SSR]:
    ./apps/web/components/sound-provider.tsx [Client Component SSR]
    ./apps/web/app/page.tsx [Client Component SSR]
    ./apps/web/app/page.tsx [Server Component]

  #3 [Client Component Browser]:
    ./apps/web/components/sound-provider.tsx [Client Component Browser]
    ./apps/web/components/sigil-shell.tsx [Client Component Browser]
    ./apps/web/components/sigil-shell.tsx [Server Component]
    ./apps/web/app/layout.tsx [Server Component]

  #4 [Client Component SSR]:
    ./apps/web/components/sound-provider.tsx [Client Component SSR]
    ./apps/web/components/sigil-shell.tsx [Client Component SSR]
    ./apps/web/components/sigil-shell.tsx [Server Component]
    ./apps/web/app/layout.tsx [Server Component] @ http://localhost:3000/_next/static/chunks/10zw_next_dist_10gys1k._.js:1945
[   59978ms] [ERROR] ./apps/web/components/sound-provider.tsx:5:1
Export SigilSoundContext doesn't exist in target module
  3 | import { useCallback, useMemo, useState, type ReactNode } from "react";
  4 | import { defineSound } from "@web-kits/audio";
> 5 | import { SigilSoundContext, type SigilSoundName } from "@sigil-ui/components";
    | ^^^^^^^^^^^^^^^^^^^^^^^^^^^^^^^^^^^^^^^^^^^^^^^^^^^^^^^^^^^^^^^^^^^^^^^^^^^^^^
  6 |
  7 | type SoundDef = {
  8 |   source: { type: string; frequency: number | { start: number; end: number } };

The export SigilSoundContext was not found in module [project]/packages/components/dist/index.js [app-ssr] (ecmascript).
Did you mean to import SigilGutter?
All exports of the module are statically known (It doesn't have dynamic exports). So it's known statically that the requested export doesn't exist.

Import traces:
  #1 [Client Component Browser]:
    ./apps/web/components/sound-provider.tsx [Client Component Browser]
    ./apps/web/app/page.tsx [Client Component Browser]
    ./apps/web/app/page.tsx [Server Component]

  #2 [Client Component SSR]:
    ./apps/web/components/sound-provider.tsx [Client Component SSR]
    ./apps/web/app/page.tsx [Client Component SSR]
    ./apps/web/app/page.tsx [Server Component]

  #3 [Client Component Browser]:
    ./apps/web/components/sound-provider.tsx [Client Component Browser]
    ./apps/web/components/sigil-shell.tsx [Client Component Browser]
    ./apps/web/components/sigil-shell.tsx [Server Component]
    ./apps/web/app/layout.tsx [Server Component]

  #4 [Client Component SSR]:
    ./apps/web/components/sound-provider.tsx [Client Component SSR]
    ./apps/web/components/sigil-shell.tsx [Client Component SSR]
    ./apps/web/components/sigil-shell.tsx [Server Component]
    ./apps/web/app/layout.tsx [Server Component] @ http://localhost:3000/_next/static/chunks/10zw_next_dist_10gys1k._.js:1945
[   59983ms] [LOG] [Fast Refresh] rebuilding @ http://localhost:3000/_next/static/chunks/10zw_next_dist_10gys1k._.js:1226
