[     103ms] [INFO] %cDownload the React DevTools for a better development experience: https://react.dev/link/react-devtools font-weight:bold @ http://localhost:3000/_next/static/chunks/10zw_next_dist_09~qnvg._.js:2431
[     111ms] [LOG] [HMR] connected @ http://localhost:3000/_next/static/chunks/10zw_next_dist_09~qnvg._.js:2431
[  266858ms] [LOG] [Fast Refresh] rebuilding @ http://localhost:3000/_next/static/chunks/10zw_next_dist_09~qnvg._.js:2431
[  267095ms] [LOG] [Fast Refresh] done in 312ms @ http://localhost:3000/_next/static/chunks/10zw_next_dist_09~qnvg._.js:2431
[  267551ms] [LOG] [Fast Refresh] rebuilding @ http://localhost:3000/_next/static/chunks/10zw_next_dist_09~qnvg._.js:2431
[  267634ms] [LOG] [Fast Refresh] done in 152ms @ http://localhost:3000/_next/static/chunks/10zw_next_dist_09~qnvg._.js:2431
[  282829ms] [LOG] [Fast Refresh] rebuilding @ http://localhost:3000/_next/static/chunks/10zw_next_dist_09~qnvg._.js:2431
[  282894ms] [LOG] [Fast Refresh] done in 167ms @ http://localhost:3000/_next/static/chunks/10zw_next_dist_09~qnvg._.js:2431
[  345250ms] [ERROR] Failed to load resource: the server responded with a status of 404 (Not Found) @ http://localhost:3000/favicon.ico:0
[  352030ms] [LOG] [Fast Refresh] rebuilding @ http://localhost:3000/_next/static/chunks/10zw_next_dist_09~qnvg._.js:2431
[  352788ms] [LOG] [Fast Refresh] done in 859ms @ http://localhost:3000/_next/static/chunks/10zw_next_dist_09~qnvg._.js:2431
[  353165ms] [INFO] %cDownload the React DevTools for a better development experience: https://react.dev/link/react-devtools font-weight:bold @ http://localhost:3000/_next/static/chunks/10zw_next_dist_09~qnvg._.js:2431
[  353179ms] [LOG] [HMR] connected @ http://localhost:3000/_next/static/chunks/10zw_next_dist_09~qnvg._.js:2431
[  353327ms] [LOG] [Fast Refresh] rebuilding @ http://localhost:3000/_next/static/chunks/10zw_next_dist_09~qnvg._.js:2431
[  353337ms] [LOG] [Fast Refresh] done in 133ms @ http://localhost:3000/_next/static/chunks/10zw_next_dist_09~qnvg._.js:2431
[  354658ms] [INFO] %cDownload the React DevTools for a better development experience: https://react.dev/link/react-devtools font-weight:bold @ http://localhost:3000/_next/static/chunks/10zw_next_dist_09~qnvg._.js:2431
[  354678ms] [LOG] [HMR] connected @ http://localhost:3000/_next/static/chunks/10zw_next_dist_09~qnvg._.js:2431
[  361451ms] [LOG] [Fast Refresh] rebuilding @ http://localhost:3000/_next/static/chunks/10zw_next_dist_09~qnvg._.js:2431
[  361617ms] [LOG] [Fast Refresh] done in 254ms @ http://localhost:3000/_next/static/chunks/10zw_next_dist_09~qnvg._.js:2431
[  365163ms] [INFO] %cDownload the React DevTools for a better development experience: https://react.dev/link/react-devtools font-weight:bold @ http://localhost:3000/_next/static/chunks/10zw_next_dist_09~qnvg._.js:2431
[  365204ms] [LOG] [HMR] connected @ http://localhost:3000/_next/static/chunks/10zw_next_dist_09~qnvg._.js:2431
[  441537ms] [INFO] %cDownload the React DevTools for a better development experience: https://react.dev/link/react-devtools font-weight:bold @ http://localhost:3000/_next/static/chunks/10zw_next_dist_09~qnvg._.js:2431
[  441558ms] [LOG] [HMR] connected @ http://localhost:3000/_next/static/chunks/10zw_next_dist_09~qnvg._.js:2431
[  443202ms] [INFO] %cDownload the React DevTools for a better development experience: https://react.dev/link/react-devtools font-weight:bold @ http://localhost:3000/_next/static/chunks/10zw_next_dist_09~qnvg._.js:2431
[  443236ms] [LOG] [HMR] connected @ http://localhost:3000/_next/static/chunks/10zw_next_dist_09~qnvg._.js:2431
[  484825ms] [LOG] [Fast Refresh] rebuilding @ http://localhost:3000/_next/static/chunks/10zw_next_dist_09~qnvg._.js:2431
[  484842ms] [LOG] [Fast Refresh] done in 119ms @ http://localhost:3000/_next/static/chunks/10zw_next_dist_09~qnvg._.js:2431
[  488191ms] [INFO] %cDownload the React DevTools for a better development experience: https://react.dev/link/react-devtools font-weight:bold @ http://localhost:3000/_next/static/chunks/10zw_next_dist_09~qnvg._.js:2431
[  488200ms] [LOG] [HMR] connected @ http://localhost:3000/_next/static/chunks/10zw_next_dist_09~qnvg._.js:2431
[  548337ms] [LOG] [Fast Refresh] rebuilding @ http://localhost:3000/_next/static/chunks/10zw_next_dist_09~qnvg._.js:2431
[  550338ms] [LOG] [Fast Refresh] done in 1235ms @ http://localhost:3000/_next/static/chunks/10zw_next_dist_09~qnvg._.js:2431
[  550591ms] [LOG] [Fast Refresh] rebuilding @ http://localhost:3000/_next/static/chunks/10zw_next_dist_09~qnvg._.js:2431
[  550941ms] [LOG] [Fast Refresh] done in 451ms @ http://localhost:3000/_next/static/chunks/10zw_next_dist_09~qnvg._.js:2431
[  551119ms] [LOG] [Fast Refresh] rebuilding @ http://localhost:3000/_next/static/chunks/10zw_next_dist_09~qnvg._.js:2431
[  551835ms] [LOG] [Fast Refresh] done in 817ms @ http://localhost:3000/_next/static/chunks/10zw_next_dist_09~qnvg._.js:2431
[  552036ms] [LOG] [Fast Refresh] rebuilding @ http://localhost:3000/_next/static/chunks/10zw_next_dist_09~qnvg._.js:2431
[  552047ms] [LOG] [Fast Refresh] done in 112ms @ http://localhost:3000/_next/static/chunks/10zw_next_dist_09~qnvg._.js:2431
[  577861ms] [LOG] [Fast Refresh] rebuilding @ http://localhost:3000/_next/static/chunks/10zw_next_dist_09~qnvg._.js:2431
[  578032ms] [LOG] [Fast Refresh] done in 271ms @ http://localhost:3000/_next/static/chunks/10zw_next_dist_09~qnvg._.js:2431
[  578118ms] [INFO] %cDownload the React DevTools for a better development experience: https://react.dev/link/react-devtools font-weight:bold @ http://localhost:3000/_next/static/chunks/10zw_next_dist_09~qnvg._.js:2431
[  578153ms] [LOG] [HMR] connected @ http://localhost:3000/_next/static/chunks/10zw_next_dist_09~qnvg._.js:2431
[  581569ms] [LOG] [Fast Refresh] rebuilding @ http://localhost:3000/_next/static/chunks/10zw_next_dist_09~qnvg._.js:2431
[  581779ms] [LOG] [Fast Refresh] done in 311ms @ http://localhost:3000/_next/static/chunks/10zw_next_dist_09~qnvg._.js:2431
[  581808ms] [INFO] %cDownload the React DevTools for a better development experience: https://react.dev/link/react-devtools font-weight:bold @ http://localhost:3000/_next/static/chunks/10zw_next_dist_09~qnvg._.js:2431
[  581824ms] [LOG] [HMR] connected @ http://localhost:3000/_next/static/chunks/10zw_next_dist_09~qnvg._.js:2431
