[     109ms] [ERROR] Failed to load resource: the server responded with a status of 500 (Internal Server Error) @ http://localhost:3000/:0
[     124ms] [INFO] %cDownload the React DevTools for a better development experience: https://react.dev/link/react-devtools font-weight:bold @ http://localhost:3000/_next/static/chunks/10zw_next_dist_09~qnvg._.js:2431
[     132ms] [LOG] [HMR] connected @ http://localhost:3000/_next/static/chunks/10zw_next_dist_09~qnvg._.js:2431
[     140ms] [ERROR] Encountered a script tag while rendering React component. Scripts inside React components are never executed when rendering on the client. Consider using template tag instead (https://developer.mozilla.org/en-US/docs/Web/HTML/Element/template). @ http://localhost:3000/_next/static/chunks/10zw_next_dist_09~qnvg._.js:3272
[     188ms] [ERROR] In HTML, %s cannot be a descendant of <%s>.
This will cause a hydration error.%s <button> button 

  ...
    <InnerLayoutRouter url="/" tree={[...]} params={{}} cacheNode={{rsc:{...}, ...}} segmentPath={[...]} ...>
      <SegmentViewNode type="page" pagePath="page.tsx">
        <SegmentTrieNode>
        <ClientPageRoot Component={function LandingPage} serverProvidedParams={{...}}>
          <LandingPage params={Promise} searchParams={Promise}>
            <Navbar>
            <main>
              <Hero>
              <TokenSystem>
              <Components>
              <Presets>
                <section id="presets" style={{padding:"8...", ...}}>
                  <ContentWrap>
                    <div className="" style={{maxWidth:1200, ...}}>
                      <h2>
                      <p>
                      <PresetShowcase>
                        <div className={"flex gap..."} style={{...}}>
                          <div style={{...}}>
                            <MiniPage preset={{name:"sigil", ...}} active={true} onClick={function onClick}>
>                             <button
>                               type="button"
>                               onClick={function onClick}
>                               className="flex-shrink-0 flex flex-col items-center gap-2 group"
>                               style={{cursor:"pointer"}}
>                             >
                                <div className="relative o..." style={{width:280, ...}}>
                                  <div style={{width:560, ...}}>
                                    <h3>
>                                   <button
>                                     type="button"
>                                     style={{background:"#9b99e8",color:"#000",border:"none",borderRadius:6,padding:"10px 20px",fontSize:14, ...}}
>                                   >
                                    ...
                                ...
                          ...
                      ...
              ...
            ...
      ...
 @ http://localhost:3000/_next/static/chunks/10zw_next_dist_09~qnvg._.js:3272
[     188ms] [ERROR] <%s> cannot contain a nested %s.
See this log for the ancestor stack trace. button <button> @ http://localhost:3000/_next/static/chunks/10zw_next_dist_09~qnvg._.js:3272
[     280ms] TypeError: value.startsWith is not a function
    at ColorInput (http://localhost:3000/_next/static/chunks/_0go-idh._.js:14636:22)
    at Object.react_stack_bottom_frame (http://localhost:3000/_next/static/chunks/10zw_next_dist_compiled_react-dom_00tuwn.._.js:15037:24)
    at renderWithHooks (http://localhost:3000/_next/static/chunks/10zw_next_dist_compiled_react-dom_00tuwn.._.js:4620:24)
    at updateFunctionComponent (http://localhost:3000/_next/static/chunks/10zw_next_dist_compiled_react-dom_00tuwn.._.js:6081:21)
    at beginWork (http://localhost:3000/_next/static/chunks/10zw_next_dist_compiled_react-dom_00tuwn.._.js:6691:24)
    at runWithFiberInDEV (http://localhost:3000/_next/static/chunks/10zw_next_dist_compiled_react-dom_00tuwn.._.js:965:74)
    at performUnitOfWork (http://localhost:3000/_next/static/chunks/10zw_next_dist_compiled_react-dom_00tuwn.._.js:9555:97)
    at workLoopSync (http://localhost:3000/_next/static/chunks/10zw_next_dist_compiled_react-dom_00tuwn.._.js:9449:40)
    at renderRootSync (http://localhost:3000/_next/static/chunks/10zw_next_dist_compiled_react-dom_00tuwn.._.js:9433:13)
    at performWorkOnRoot (http://localhost:3000/_next/static/chunks/10zw_next_dist_compiled_react-dom_00tuwn.._.js:9098:47)
    at performWorkOnRootViaSchedulerTask (http://localhost:3000/_next/static/chunks/10zw_next_dist_compiled_react-dom_00tuwn.._.js:10255:9)
    at MessagePort.performWorkUntilDeadline (http://localhost:3000/_next/static/chunks/10zw_next_dist_compiled_0mu0jk-._.js:2647:64)
[   27516ms] [LOG] [Fast Refresh] rebuilding @ http://localhost:3000/_next/static/chunks/10zw_next_dist_09~qnvg._.js:2431
[   29436ms] [WARNING] [HMR] Invalid message: {"isTrusted":true}
TypeError: Cannot convert undefined or null to object
    at Object.keys (<anonymous>)
    at extractModulesFromTurbopackMessage (http://localhost:3000/_next/static/chunks/10zw_next_dist_client_0ii3he1._.js:13631:39)
    at TurbopackHmr.onTurbopackMessage (http://localhost:3000/_next/static/chunks/10zw_next_dist_client_0ii3he1._.js:13578:32)
    at processMessage (http://localhost:3000/_next/static/chunks/10zw_next_dist_client_0ii3he1._.js:13936:30)
    at WebSocket.handleMessage (http://localhost:3000/_next/static/chunks/10zw_next_dist_client_0ii3he1._.js:13335:52) @ http://localhost:3000/_next/static/chunks/10zw_next_dist_09~qnvg._.js:2431
[   29631ms] [LOG] [Fast Refresh] done in 2020ms @ http://localhost:3000/_next/static/chunks/10zw_next_dist_09~qnvg._.js:2431
[   29889ms] [ERROR] Failed to load resource: the server responded with a status of 500 (Internal Server Error) @ http://localhost:3000/:0
[   29922ms] [INFO] %cDownload the React DevTools for a better development experience: https://react.dev/link/react-devtools font-weight:bold @ http://localhost:3000/_next/static/chunks/10zw_next_dist_09~qnvg._.js:2431
[   29938ms] [LOG] [HMR] connected @ http://localhost:3000/_next/static/chunks/10zw_next_dist_09~qnvg._.js:2431
[   30046ms] ReferenceError: RootProvider is not defined
    at RootLayout (about://React/Server/file:///Users/kevinliu/Documents/GitHub/reticle-ui/apps/web/.next/dev/server/chunks/ssr/%5Broot-of-the-server%5D__0gxf34r._.js?0:166:446)
    at resolveErrorDev (http://localhost:3000/_next/static/chunks/10zw_next_dist_compiled_react-server-dom-turbopack_07nsz5k._.js:1919:105)
    at processFullStringRow (http://localhost:3000/_next/static/chunks/10zw_next_dist_compiled_react-server-dom-turbopack_07nsz5k._.js:2434:29)
    at processFullBinaryRow (http://localhost:3000/_next/static/chunks/10zw_next_dist_compiled_react-server-dom-turbopack_07nsz5k._.js:2393:9)
    at processBinaryChunk (http://localhost:3000/_next/static/chunks/10zw_next_dist_compiled_react-server-dom-turbopack_07nsz5k._.js:2502:221)
    at progress (http://localhost:3000/_next/static/chunks/10zw_next_dist_compiled_react-server-dom-turbopack_07nsz5k._.js:2689:13)
[   34794ms] [LOG] [Fast Refresh] rebuilding @ http://localhost:3000/_next/static/chunks/10zw_next_dist_09~qnvg._.js:2431
[   35171ms] [LOG] [Fast Refresh] done in 194ms @ http://localhost:3000/_next/static/chunks/10zw_next_dist_09~qnvg._.js:2431
[   35842ms] [ERROR] Failed to load resource: the server responded with a status of 500 (Internal Server Error) @ http://localhost:3000/:0
[   35858ms] [INFO] %cDownload the React DevTools for a better development experience: https://react.dev/link/react-devtools font-weight:bold @ http://localhost:3000/_next/static/chunks/10zw_next_dist_09~qnvg._.js:2431
[   35867ms] [LOG] [HMR] connected @ http://localhost:3000/_next/static/chunks/10zw_next_dist_09~qnvg._.js:2431
[   36130ms] [ERROR] In HTML, %s cannot be a descendant of <%s>.
This will cause a hydration error.%s <button> button 

  ...
    <InnerLayoutRouter url="/" tree={[...]} params={{}} cacheNode={{rsc:{...}, ...}} segmentPath={[...]} ...>
      <SegmentViewNode type="page" pagePath="page.tsx">
        <SegmentTrieNode>
        <ClientPageRoot Component={function LandingPage} serverProvidedParams={{...}}>
          <LandingPage params={Promise} searchParams={Promise}>
            <Navbar>
            <main>
              <Hero>
              <TokenSystem>
              <Components>
              <Presets>
                <section id="presets" style={{padding:"8...", ...}}>
                  <ContentWrap>
                    <div className="" style={{maxWidth:1200, ...}}>
                      <h2>
                      <p>
                      <PresetShowcase>
                        <div className={"flex gap..."} style={{...}}>
                          <div style={{...}}>
                            <MiniPage preset={{name:"sigil", ...}} active={true} onClick={function onClick}>
>                             <button
>                               type="button"
>                               onClick={function onClick}
>                               className="flex-shrink-0 flex flex-col items-center gap-2 group"
>                               style={{cursor:"pointer"}}
>                             >
                                <div className="relative o..." style={{width:280, ...}}>
                                  <div style={{width:560, ...}}>
                                    <h3>
>                                   <button
>                                     type="button"
>                                     style={{background:"#9b99e8",color:"#000",border:"none",borderRadius:6,padding:"10px 20px",fontSize:14, ...}}
>                                   >
                                    ...
                                ...
                          ...
                      ...
              ...
            ...
      ...
 @ http://localhost:3000/_next/static/chunks/10zw_next_dist_09~qnvg._.js:3272
[   36130ms] [ERROR] <%s> cannot contain a nested %s.
See this log for the ancestor stack trace. button <button> @ http://localhost:3000/_next/static/chunks/10zw_next_dist_09~qnvg._.js:3272
[   36219ms] TypeError: value.startsWith is not a function
    at ColorInput (http://localhost:3000/_next/static/chunks/_0go-idh._.js:14636:22)
    at Object.react_stack_bottom_frame (http://localhost:3000/_next/static/chunks/10zw_next_dist_compiled_react-dom_00tuwn.._.js:15037:24)
    at renderWithHooks (http://localhost:3000/_next/static/chunks/10zw_next_dist_compiled_react-dom_00tuwn.._.js:4620:24)
    at updateFunctionComponent (http://localhost:3000/_next/static/chunks/10zw_next_dist_compiled_react-dom_00tuwn.._.js:6081:21)
    at beginWork (http://localhost:3000/_next/static/chunks/10zw_next_dist_compiled_react-dom_00tuwn.._.js:6691:24)
    at runWithFiberInDEV (http://localhost:3000/_next/static/chunks/10zw_next_dist_compiled_react-dom_00tuwn.._.js:965:74)
    at performUnitOfWork (http://localhost:3000/_next/static/chunks/10zw_next_dist_compiled_react-dom_00tuwn.._.js:9555:97)
    at workLoopSync (http://localhost:3000/_next/static/chunks/10zw_next_dist_compiled_react-dom_00tuwn.._.js:9449:40)
    at renderRootSync (http://localhost:3000/_next/static/chunks/10zw_next_dist_compiled_react-dom_00tuwn.._.js:9433:13)
    at performWorkOnRoot (http://localhost:3000/_next/static/chunks/10zw_next_dist_compiled_react-dom_00tuwn.._.js:9098:47)
    at performWorkOnRootViaSchedulerTask (http://localhost:3000/_next/static/chunks/10zw_next_dist_compiled_react-dom_00tuwn.._.js:10255:9)
    at MessagePort.performWorkUntilDeadline (http://localhost:3000/_next/static/chunks/10zw_next_dist_compiled_0mu0jk-._.js:2647:64)
[   53388ms] [LOG] [Fast Refresh] rebuilding @ http://localhost:3000/_next/static/chunks/10zw_next_dist_09~qnvg._.js:2431
[   53596ms] [LOG] [Fast Refresh] done in 214ms @ http://localhost:3000/_next/static/chunks/10zw_next_dist_09~qnvg._.js:2431
[   54247ms] [ERROR] Failed to load resource: the server responded with a status of 500 (Internal Server Error) @ http://localhost:3000/:0
[   54268ms] [INFO] %cDownload the React DevTools for a better development experience: https://react.dev/link/react-devtools font-weight:bold @ http://localhost:3000/_next/static/chunks/10zw_next_dist_09~qnvg._.js:2431
[   54276ms] [LOG] [HMR] connected @ http://localhost:3000/_next/static/chunks/10zw_next_dist_09~qnvg._.js:2431
[   54405ms] TypeError: value.startsWith is not a function
    at ColorInput (http://localhost:3000/_next/static/chunks/_0go-idh._.js:14636:22)
    at Object.react_stack_bottom_frame (http://localhost:3000/_next/static/chunks/10zw_next_dist_compiled_react-dom_00tuwn.._.js:15037:24)
    at renderWithHooks (http://localhost:3000/_next/static/chunks/10zw_next_dist_compiled_react-dom_00tuwn.._.js:4620:24)
    at updateFunctionComponent (http://localhost:3000/_next/static/chunks/10zw_next_dist_compiled_react-dom_00tuwn.._.js:6081:21)
    at beginWork (http://localhost:3000/_next/static/chunks/10zw_next_dist_compiled_react-dom_00tuwn.._.js:6691:24)
    at runWithFiberInDEV (http://localhost:3000/_next/static/chunks/10zw_next_dist_compiled_react-dom_00tuwn.._.js:965:74)
    at performUnitOfWork (http://localhost:3000/_next/static/chunks/10zw_next_dist_compiled_react-dom_00tuwn.._.js:9555:97)
    at workLoopSync (http://localhost:3000/_next/static/chunks/10zw_next_dist_compiled_react-dom_00tuwn.._.js:9449:40)
    at renderRootSync (http://localhost:3000/_next/static/chunks/10zw_next_dist_compiled_react-dom_00tuwn.._.js:9433:13)
    at performWorkOnRoot (http://localhost:3000/_next/static/chunks/10zw_next_dist_compiled_react-dom_00tuwn.._.js:9061:186)
    at performWorkOnRootViaSchedulerTask (http://localhost:3000/_next/static/chunks/10zw_next_dist_compiled_react-dom_00tuwn.._.js:10255:9)
    at MessagePort.performWorkUntilDeadline (http://localhost:3000/_next/static/chunks/10zw_next_dist_compiled_0mu0jk-._.js:2647:64)
[   54397ms] [LOG] [Fast Refresh] rebuilding @ http://localhost:3000/_next/static/chunks/10zw_next_dist_09~qnvg._.js:2431
[   54401ms] [LOG] [Fast Refresh] done in 108ms @ http://localhost:3000/_next/static/chunks/10zw_next_dist_09~qnvg._.js:2431
