[     123ms] [INFO] %cDownload the React DevTools for a better development experience: https://react.dev/link/react-devtools font-weight:bold @ http://localhost:3000/_next/static/chunks/10zw_next_dist_09~qnvg._.js:2431
[     133ms] [LOG] [HMR] connected @ http://localhost:3000/_next/static/chunks/10zw_next_dist_09~qnvg._.js:2431
[    2102ms] [ERROR] Failed to load resource: the server responded with a status of 404 (Not Found) @ http://localhost:3000/favicon.ico:0
[    8068ms] [LOG] [Fast Refresh] rebuilding @ http://localhost:3000/_next/static/chunks/10zw_next_dist_09~qnvg._.js:2431
[    8147ms] [LOG] [Fast Refresh] done in 45ms @ http://localhost:3000/_next/static/chunks/10zw_next_dist_09~qnvg._.js:2431
[   14325ms] [LOG] [Fast Refresh] rebuilding @ http://localhost:3000/_next/static/chunks/10zw_next_dist_09~qnvg._.js:2431
[   14398ms] [LOG] [Fast Refresh] done in 176ms @ http://localhost:3000/_next/static/chunks/10zw_next_dist_09~qnvg._.js:2431
[   15323ms] [LOG] [Fast Refresh] rebuilding @ http://localhost:3000/_next/static/chunks/10zw_next_dist_09~qnvg._.js:2431
[   16270ms] [LOG] [Fast Refresh] done in 949ms @ http://localhost:3000/_next/static/chunks/10zw_next_dist_09~qnvg._.js:2431
[   19857ms] [LOG] [Fast Refresh] rebuilding @ http://localhost:3000/_next/static/chunks/10zw_next_dist_09~qnvg._.js:2431
[   19960ms] ReferenceError: md is not defined
    at ControlPanel (http://localhost:3000/_next/static/chunks/apps_web_components_0.au87z._.js?id=%255Bproject%255D%252Fapps%252Fweb%252Fcomponents%252Fcontrol-panel.tsx+%255Bapp-client%255D+%2528ecmascript%2529:1339:59)
    at Object.react_stack_bottom_frame (http://localhost:3000/_next/static/chunks/10zw_next_dist_compiled_react-dom_00tuwn.._.js:15037:24)
    at renderWithHooks (http://localhost:3000/_next/static/chunks/10zw_next_dist_compiled_react-dom_00tuwn.._.js:4620:24)
    at updateFunctionComponent (http://localhost:3000/_next/static/chunks/10zw_next_dist_compiled_react-dom_00tuwn.._.js:6081:21)
    at beginWork (http://localhost:3000/_next/static/chunks/10zw_next_dist_compiled_react-dom_00tuwn.._.js:6691:24)
    at runWithFiberInDEV (http://localhost:3000/_next/static/chunks/10zw_next_dist_compiled_react-dom_00tuwn.._.js:965:74)
    at performUnitOfWork (http://localhost:3000/_next/static/chunks/10zw_next_dist_compiled_react-dom_00tuwn.._.js:9555:97)
    at workLoopSync (http://localhost:3000/_next/static/chunks/10zw_next_dist_compiled_react-dom_00tuwn.._.js:9449:40)
    at renderRootSync (http://localhost:3000/_next/static/chunks/10zw_next_dist_compiled_react-dom_00tuwn.._.js:9433:13)
    at performWorkOnRoot (http://localhost:3000/_next/static/chunks/10zw_next_dist_compiled_react-dom_00tuwn.._.js:9098:47)
    at performSyncWorkOnRoot (http://localhost:3000/_next/static/chunks/10zw_next_dist_compiled_react-dom_00tuwn.._.js:10263:9)
    at flushSyncWorkAcrossRoots_impl (http://localhost:3000/_next/static/chunks/10zw_next_dist_compiled_react-dom_00tuwn.._.js:10179:316)
    at flushSyncWork$1 (http://localhost:3000/_next/static/chunks/10zw_next_dist_compiled_react-dom_00tuwn.._.js:9230:86)
    at Object.scheduleRefresh (http://localhost:3000/_next/static/chunks/10zw_next_dist_compiled_react-dom_00tuwn.._.js:299:13)
    at http://localhost:3000/_next/static/chunks/10zw_next_dist_compiled_0mu0jk-._.js:391:33
    at Set.forEach (<anonymous>)
    at Object.performReactRefresh (http://localhost:3000/_next/static/chunks/10zw_next_dist_compiled_0mu0jk-._.js:384:38)
    at applyUpdate (http://localhost:3000/_next/static/chunks/10zw_next_dist_compiled_0mu0jk-._.js:878:31)
    at http://localhost:3000/_next/static/chunks/10zw_next_dist_compiled_0mu0jk-._.js:886:13
[   19966ms] [LOG] [Fast Refresh] done in 177ms @ http://localhost:3000/_next/static/chunks/10zw_next_dist_09~qnvg._.js:2431
[   24828ms] [ERROR] Failed to load resource: the server responded with a status of 500 (Internal Server Error) @ http://localhost:3000/:0
[   24849ms] [INFO] %cDownload the React DevTools for a better development experience: https://react.dev/link/react-devtools font-weight:bold @ http://localhost:3000/_next/static/chunks/10zw_next_dist_09~qnvg._.js:2431
[   24859ms] [LOG] [HMR] connected @ http://localhost:3000/_next/static/chunks/10zw_next_dist_09~qnvg._.js:2431
[   24951ms] [ERROR] Encountered a script tag while rendering React component. Scripts inside React components are never executed when rendering on the client. Consider using template tag instead (https://developer.mozilla.org/en-US/docs/Web/HTML/Element/template). @ http://localhost:3000/_next/static/chunks/10zw_next_dist_09~qnvg._.js:3272
[   25103ms] ReferenceError: md is not defined
    at ControlPanel (http://localhost:3000/_next/static/chunks/apps_web_components_0.au87z._.js:2051:59)
    at Object.react_stack_bottom_frame (http://localhost:3000/_next/static/chunks/10zw_next_dist_compiled_react-dom_00tuwn.._.js:15037:24)
    at renderWithHooks (http://localhost:3000/_next/static/chunks/10zw_next_dist_compiled_react-dom_00tuwn.._.js:4620:24)
    at updateFunctionComponent (http://localhost:3000/_next/static/chunks/10zw_next_dist_compiled_react-dom_00tuwn.._.js:6081:21)
    at beginWork (http://localhost:3000/_next/static/chunks/10zw_next_dist_compiled_react-dom_00tuwn.._.js:6691:24)
    at runWithFiberInDEV (http://localhost:3000/_next/static/chunks/10zw_next_dist_compiled_react-dom_00tuwn.._.js:965:74)
    at performUnitOfWork (http://localhost:3000/_next/static/chunks/10zw_next_dist_compiled_react-dom_00tuwn.._.js:9555:97)
    at workLoopSync (http://localhost:3000/_next/static/chunks/10zw_next_dist_compiled_react-dom_00tuwn.._.js:9449:40)
    at renderRootSync (http://localhost:3000/_next/static/chunks/10zw_next_dist_compiled_react-dom_00tuwn.._.js:9433:13)
    at performWorkOnRoot (http://localhost:3000/_next/static/chunks/10zw_next_dist_compiled_react-dom_00tuwn.._.js:9098:47)
    at performWorkOnRootViaSchedulerTask (http://localhost:3000/_next/static/chunks/10zw_next_dist_compiled_react-dom_00tuwn.._.js:10255:9)
    at MessagePort.performWorkUntilDeadline (http://localhost:3000/_next/static/chunks/10zw_next_dist_compiled_0mu0jk-._.js:2647:64)
[   27898ms] [ERROR] Failed to load resource: the server responded with a status of 500 (Internal Server Error) @ http://localhost:3000/?:0
[   27918ms] [INFO] %cDownload the React DevTools for a better development experience: https://react.dev/link/react-devtools font-weight:bold @ http://localhost:3000/_next/static/chunks/10zw_next_dist_09~qnvg._.js:2431
[   27926ms] [LOG] [HMR] connected @ http://localhost:3000/_next/static/chunks/10zw_next_dist_09~qnvg._.js:2431
[   28050ms] [ERROR] Encountered a script tag while rendering React component. Scripts inside React components are never executed when rendering on the client. Consider using template tag instead (https://developer.mozilla.org/en-US/docs/Web/HTML/Element/template). @ http://localhost:3000/_next/static/chunks/10zw_next_dist_09~qnvg._.js:3272
[   28198ms] ReferenceError: md is not defined
    at ControlPanel (http://localhost:3000/_next/static/chunks/apps_web_components_0.au87z._.js:2051:59)
    at Object.react_stack_bottom_frame (http://localhost:3000/_next/static/chunks/10zw_next_dist_compiled_react-dom_00tuwn.._.js:15037:24)
    at renderWithHooks (http://localhost:3000/_next/static/chunks/10zw_next_dist_compiled_react-dom_00tuwn.._.js:4620:24)
    at updateFunctionComponent (http://localhost:3000/_next/static/chunks/10zw_next_dist_compiled_react-dom_00tuwn.._.js:6081:21)
    at beginWork (http://localhost:3000/_next/static/chunks/10zw_next_dist_compiled_react-dom_00tuwn.._.js:6691:24)
    at runWithFiberInDEV (http://localhost:3000/_next/static/chunks/10zw_next_dist_compiled_react-dom_00tuwn.._.js:965:74)
    at performUnitOfWork (http://localhost:3000/_next/static/chunks/10zw_next_dist_compiled_react-dom_00tuwn.._.js:9555:97)
    at workLoopSync (http://localhost:3000/_next/static/chunks/10zw_next_dist_compiled_react-dom_00tuwn.._.js:9449:40)
    at renderRootSync (http://localhost:3000/_next/static/chunks/10zw_next_dist_compiled_react-dom_00tuwn.._.js:9433:13)
    at performWorkOnRoot (http://localhost:3000/_next/static/chunks/10zw_next_dist_compiled_react-dom_00tuwn.._.js:9098:47)
    at performWorkOnRootViaSchedulerTask (http://localhost:3000/_next/static/chunks/10zw_next_dist_compiled_react-dom_00tuwn.._.js:10255:9)
    at MessagePort.performWorkUntilDeadline (http://localhost:3000/_next/static/chunks/10zw_next_dist_compiled_0mu0jk-._.js:2647:64)
[   28943ms] [LOG] [Fast Refresh] rebuilding @ http://localhost:3000/_next/static/chunks/10zw_next_dist_09~qnvg._.js:2431
[   28946ms] [WARNING] [Fast Refresh] performing full reload because your application had an unrecoverable error @ http://localhost:3000/_next/static/chunks/10zw_next_dist_09~qnvg._.js:2431
[   28990ms] [LOG] [Fast Refresh] done in 92ms @ http://localhost:3000/_next/static/chunks/10zw_next_dist_09~qnvg._.js:2431
[   29093ms] [INFO] %cDownload the React DevTools for a better development experience: https://react.dev/link/react-devtools font-weight:bold @ http://localhost:3000/_next/static/chunks/10zw_next_dist_09~qnvg._.js:2431
[   29122ms] [LOG] [HMR] connected @ http://localhost:3000/_next/static/chunks/10zw_next_dist_09~qnvg._.js:2431
[   32907ms] [ERROR] Failed to load resource: the server responded with a status of 404 (Not Found) @ http://localhost:3000/favicon.ico:0
[   35242ms] [LOG] [Fast Refresh] rebuilding @ http://localhost:3000/_next/static/chunks/10zw_next_dist_09~qnvg._.js:2431
[   35266ms] [LOG] [Fast Refresh] done in 69ms @ http://localhost:3000/_next/static/chunks/10zw_next_dist_09~qnvg._.js:2431
[   53382ms] [LOG] [Fast Refresh] rebuilding @ http://localhost:3000/_next/static/chunks/10zw_next_dist_09~qnvg._.js:2431
[   53423ms] [LOG] [Fast Refresh] done in 33ms @ http://localhost:3000/_next/static/chunks/10zw_next_dist_09~qnvg._.js:2431
[  318190ms] [LOG] [Fast Refresh] rebuilding @ http://localhost:3000/_next/static/chunks/10zw_next_dist_09~qnvg._.js:2431
[  318218ms] [LOG] [Fast Refresh] done in 131ms @ http://localhost:3000/_next/static/chunks/10zw_next_dist_09~qnvg._.js:2431
