[     118ms] [INFO] %cDownload the React DevTools for a better development experience: https://react.dev/link/react-devtools font-weight:bold @ http://localhost:3000/_next/static/chunks/10zw_next_dist_09~qnvg._.js:2431
[     152ms] [LOG] [HMR] connected @ http://localhost:3000/_next/static/chunks/10zw_next_dist_09~qnvg._.js:2431
[   65215ms] [LOG] [Fast Refresh] rebuilding @ http://localhost:3000/_next/static/chunks/10zw_next_dist_09~qnvg._.js:2431
[   65443ms] [ERROR] Failed to load resource: the server responded with a status of 500 (Internal Server Error) @ http://localhost:3000/?_rsc=wnywt:0
[   65461ms] [ERROR] Failed to load resource: the server responded with a status of 500 (Internal Server Error) @ http://localhost:3000/?_rsc=wnywt:0
[   65499ms] [ERROR] Failed to load resource: the server responded with a status of 500 (Internal Server Error) @ http://localhost:3000/:0
[   65770ms] [INFO] %cDownload the React DevTools for a better development experience: https://react.dev/link/react-devtools font-weight:bold @ http://localhost:3000/_next/static/chunks/0e-u_react-dom_0037m-m._.js:15305
[   65855ms] Error: ./apps/web/app/page.tsx:21:1
Export SigilFrame doesn't exist in target module
  19 | import { useSigilSound } from "@/components/sound-provider";
  20 |
> 21 | import { SigilPageGrid, SigilSection, SigilFrame as SigilFrameBase } from "@sigil-ui/components";
     | ^^^^^^^^^^^^^^^^^^^^^^^^^^^^^^^^^^^^^^^^^^^^^^^^^^^^^^^^^^^^^^^^^^^^^^^^^^^^^^^^^^^^^^^^^^^^^^^^^
  22 | import type { GutterPattern } from "@sigil-ui/tokens";
  23 | import { BookOpen, LayoutGrid, Palette, ExternalLink, Flame } from "lucide-react";
  24 |

The export SigilFrame was not found in module [project]/packages/components/dist/index.js [app-client] (ecmascript).
Did you mean to import SigilPageGrid?
All exports of the module are statically known (It doesn't have dynamic exports). So it's known statically that the requested export doesn't exist.

Import traces:
  Client Component Browser:
    ./apps/web/app/page.tsx [Client Component Browser]
    ./apps/web/app/page.tsx [Server Component]

  Client Component SSR:
    ./apps/web/app/page.tsx [Client Component SSR]
    ./apps/web/app/page.tsx [Server Component]


    at <unknown> (Error: ./apps/web/app/page.tsx:21:1)
    at Object.getCompilationErrors (file:///Users/kevinliu/Documents/GitHub/reticle-ui/node_modules/.pnpm/next@16.2.4_@opentelemetry+api@1.9.0_react-dom@19.2.5_react@19.2.5__react@19.2.5/node_modules/next/dist/server/dev/hot-reloader-turbopack.js:1186:59)
    at DevBundlerService.getCompilationError (file:///Users/kevinliu/Documents/GitHub/reticle-ui/node_modules/.pnpm/next@16.2.4_@opentelemetry+api@1.9.0_react-dom@19.2.5_react@19.2.5__react@19.2.5/node_modules/next/dist/server/lib/dev-bundler-service.js:44:55)
    at DevServer.getCompilationError (file:///Users/kevinliu/Documents/GitHub/reticle-ui/node_modules/.pnpm/next@16.2.4_@opentelemetry+api@1.9.0_react-dom@19.2.5_react@19.2.5__react@19.2.5/node_modules/next/dist/server/dev/next-dev-server.js:719:42)
    at DevServer.findPageComponents (file:///Users/kevinliu/Documents/GitHub/reticle-ui/node_modules/.pnpm/next@16.2.4_@opentelemetry+api@1.9.0_react-dom@19.2.5_react@19.2.5__react@19.2.5/node_modules/next/dist/server/dev/next-dev-server.js:689:43)
    at async DevServer.renderErrorToResponseImpl (file:///Users/kevinliu/Documents/GitHub/reticle-ui/node_modules/.pnpm/next@16.2.4_@opentelemetry+api@1.9.0_react-dom@19.2.5_react@19.2.5__react@19.2.5/node_modules/next/dist/server/base-server.js:1745:26)
[   65855ms] [LOG] [HMR] connected @ http://localhost:3000/_next/static/chunks/10zw_next_dist_10gys1k._.js:1226
[   65856ms] [ERROR] ./apps/web/app/page.tsx:21:1
Export SigilFrame doesn't exist in target module
  19 | import { useSigilSound } from "@/components/sound-provider";
  20 |
> 21 | import { SigilPageGrid, SigilSection, SigilFrame as SigilFrameBase } from "@sigil-ui/components";
     | ^^^^^^^^^^^^^^^^^^^^^^^^^^^^^^^^^^^^^^^^^^^^^^^^^^^^^^^^^^^^^^^^^^^^^^^^^^^^^^^^^^^^^^^^^^^^^^^^^
  22 | import type { GutterPattern } from "@sigil-ui/tokens";
  23 | import { BookOpen, LayoutGrid, Palette, ExternalLink, Flame } from "lucide-react";
  24 |

The export SigilFrame was not found in module [project]/packages/components/dist/index.js [app-client] (ecmascript).
Did you mean to import SigilPageGrid?
All exports of the module are statically known (It doesn't have dynamic exports). So it's known statically that the requested export doesn't exist.

Import traces:
  Client Component Browser:
    ./apps/web/app/page.tsx [Client Component Browser]
    ./apps/web/app/page.tsx [Server Component]

  Client Component SSR:
    ./apps/web/app/page.tsx [Client Component SSR]
    ./apps/web/app/page.tsx [Server Component] @ http://localhost:3000/_next/static/chunks/10zw_next_dist_10gys1k._.js:1945
[   65856ms] [ERROR] ./apps/web/app/page.tsx:21:1
Export SigilFrame doesn't exist in target module
  19 | import { useSigilSound } from "@/components/sound-provider";
  20 |
> 21 | import { SigilPageGrid, SigilSection, SigilFrame as SigilFrameBase } from "@sigil-ui/components";
     | ^^^^^^^^^^^^^^^^^^^^^^^^^^^^^^^^^^^^^^^^^^^^^^^^^^^^^^^^^^^^^^^^^^^^^^^^^^^^^^^^^^^^^^^^^^^^^^^^^
  22 | import type { GutterPattern } from "@sigil-ui/tokens";
  23 | import { BookOpen, LayoutGrid, Palette, ExternalLink, Flame } from "lucide-react";
  24 |

The export SigilFrame was not found in module [project]/packages/components/dist/index.js [app-ssr] (ecmascript).
Did you mean to import SigilPageGrid?
All exports of the module are statically known (It doesn't have dynamic exports). So it's known statically that the requested export doesn't exist.

Import traces:
  Client Component Browser:
    ./apps/web/app/page.tsx [Client Component Browser]
    ./apps/web/app/page.tsx [Server Component]

  Client Component SSR:
    ./apps/web/app/page.tsx [Client Component SSR]
    ./apps/web/app/page.tsx [Server Component] @ http://localhost:3000/_next/static/chunks/10zw_next_dist_10gys1k._.js:1945
[   65901ms] [ERROR] ./apps/web/app/page.tsx:21:1
Export SigilFrame doesn't exist in target module
  19 | import { useSigilSound } from "@/components/sound-provider";
  20 |
> 21 | import { SigilPageGrid, SigilSection, SigilFrame as SigilFrameBase } from "@sigil-ui/components";
     | ^^^^^^^^^^^^^^^^^^^^^^^^^^^^^^^^^^^^^^^^^^^^^^^^^^^^^^^^^^^^^^^^^^^^^^^^^^^^^^^^^^^^^^^^^^^^^^^^^
  22 | import type { GutterPattern } from "@sigil-ui/tokens";
  23 | import { BookOpen, LayoutGrid, Palette, ExternalLink, Flame } from "lucide-react";
  24 |

The export SigilFrame was not found in module [project]/packages/components/dist/index.js [app-client] (ecmascript).
Did you mean to import SigilPageGrid?
All exports of the module are statically known (It doesn't have dynamic exports). So it's known statically that the requested export doesn't exist.

Import traces:
  Client Component Browser:
    ./apps/web/app/page.tsx [Client Component Browser]
    ./apps/web/app/page.tsx [Server Component]

  Client Component SSR:
    ./apps/web/app/page.tsx [Client Component SSR]
    ./apps/web/app/page.tsx [Server Component] @ http://localhost:3000/_next/static/chunks/10zw_next_dist_10gys1k._.js:1945
[   65901ms] [ERROR] ./apps/web/app/page.tsx:21:1
Export SigilFrame doesn't exist in target module
  19 | import { useSigilSound } from "@/components/sound-provider";
  20 |
> 21 | import { SigilPageGrid, SigilSection, SigilFrame as SigilFrameBase } from "@sigil-ui/components";
     | ^^^^^^^^^^^^^^^^^^^^^^^^^^^^^^^^^^^^^^^^^^^^^^^^^^^^^^^^^^^^^^^^^^^^^^^^^^^^^^^^^^^^^^^^^^^^^^^^^
  22 | import type { GutterPattern } from "@sigil-ui/tokens";
  23 | import { BookOpen, LayoutGrid, Palette, ExternalLink, Flame } from "lucide-react";
  24 |

The export SigilFrame was not found in module [project]/packages/components/dist/index.js [app-ssr] (ecmascript).
Did you mean to import SigilPageGrid?
All exports of the module are statically known (It doesn't have dynamic exports). So it's known statically that the requested export doesn't exist.

Import traces:
  Client Component Browser:
    ./apps/web/app/page.tsx [Client Component Browser]
    ./apps/web/app/page.tsx [Server Component]

  Client Component SSR:
    ./apps/web/app/page.tsx [Client Component SSR]
    ./apps/web/app/page.tsx [Server Component] @ http://localhost:3000/_next/static/chunks/10zw_next_dist_10gys1k._.js:1945
[   65957ms] [LOG] [Fast Refresh] rebuilding @ http://localhost:3000/_next/static/chunks/10zw_next_dist_10gys1k._.js:1226
[   72721ms] [ERROR] ./apps/web/app/page.tsx:21:1
Export SigilFrame doesn't exist in target module
  19 | import { useSigilSound } from "@/components/sound-provider";
  20 |
> 21 | import { SigilPageGrid, SigilSection, SigilFrame as SigilFrameBase } from "@sigil-ui/components";
     | ^^^^^^^^^^^^^^^^^^^^^^^^^^^^^^^^^^^^^^^^^^^^^^^^^^^^^^^^^^^^^^^^^^^^^^^^^^^^^^^^^^^^^^^^^^^^^^^^^
  22 | import type { GutterPattern } from "@sigil-ui/tokens";
  23 | import { BookOpen, LayoutGrid, Palette, ExternalLink, Flame } from "lucide-react";
  24 |

The export SigilFrame was not found in module [project]/packages/components/dist/index.js [app-client] (ecmascript).
Did you mean to import SigilPageGrid?
All exports of the module are statically known (It doesn't have dynamic exports). So it's known statically that the requested export doesn't exist.

Import traces:
  Client Component Browser:
    ./apps/web/app/page.tsx [Client Component Browser]
    ./apps/web/app/page.tsx [Server Component]

  Client Component SSR:
    ./apps/web/app/page.tsx [Client Component SSR]
    ./apps/web/app/page.tsx [Server Component] @ http://localhost:3000/_next/static/chunks/10zw_next_dist_10gys1k._.js:1945
[   72721ms] [ERROR] ./apps/web/app/page.tsx:21:1
Export SigilFrame doesn't exist in target module
  19 | import { useSigilSound } from "@/components/sound-provider";
  20 |
> 21 | import { SigilPageGrid, SigilSection, SigilFrame as SigilFrameBase } from "@sigil-ui/components";
     | ^^^^^^^^^^^^^^^^^^^^^^^^^^^^^^^^^^^^^^^^^^^^^^^^^^^^^^^^^^^^^^^^^^^^^^^^^^^^^^^^^^^^^^^^^^^^^^^^^
  22 | import type { GutterPattern } from "@sigil-ui/tokens";
  23 | import { BookOpen, LayoutGrid, Palette, ExternalLink, Flame } from "lucide-react";
  24 |

The export SigilFrame was not found in module [project]/packages/components/dist/index.js [app-ssr] (ecmascript).
Did you mean to import SigilPageGrid?
All exports of the module are statically known (It doesn't have dynamic exports). So it's known statically that the requested export doesn't exist.

Import traces:
  Client Component Browser:
    ./apps/web/app/page.tsx [Client Component Browser]
    ./apps/web/app/page.tsx [Server Component]

  Client Component SSR:
    ./apps/web/app/page.tsx [Client Component SSR]
    ./apps/web/app/page.tsx [Server Component] @ http://localhost:3000/_next/static/chunks/10zw_next_dist_10gys1k._.js:1945
[   72822ms] [LOG] [Fast Refresh] rebuilding @ http://localhost:3000/_next/static/chunks/10zw_next_dist_10gys1k._.js:1226
[   72916ms] [ERROR] ./apps/web/app/page.tsx:21:1
Export SigilFrame doesn't exist in target module
  19 | import { useSigilSound } from "@/components/sound-provider";
  20 |
> 21 | import { SigilPageGrid, SigilSection, SigilFrame as SigilFrameBase } from "@sigil-ui/components";
     | ^^^^^^^^^^^^^^^^^^^^^^^^^^^^^^^^^^^^^^^^^^^^^^^^^^^^^^^^^^^^^^^^^^^^^^^^^^^^^^^^^^^^^^^^^^^^^^^^^
  22 | import type { GutterPattern } from "@sigil-ui/tokens";
  23 | import { BookOpen, LayoutGrid, Palette, ExternalLink, Flame } from "lucide-react";
  24 |

The export SigilFrame was not found in module [project]/packages/components/dist/index.js [app-client] (ecmascript).
Did you mean to import SigilPageGrid?
All exports of the module are statically known (It doesn't have dynamic exports). So it's known statically that the requested export doesn't exist.

Import traces:
  Client Component Browser:
    ./apps/web/app/page.tsx [Client Component Browser]
    ./apps/web/app/page.tsx [Server Component]

  Client Component SSR:
    ./apps/web/app/page.tsx [Client Component SSR]
    ./apps/web/app/page.tsx [Server Component] @ http://localhost:3000/_next/static/chunks/10zw_next_dist_10gys1k._.js:1945
[   72916ms] [ERROR] ./apps/web/app/page.tsx:21:1
Export SigilFrame doesn't exist in target module
  19 | import { useSigilSound } from "@/components/sound-provider";
  20 |
> 21 | import { SigilPageGrid, SigilSection, SigilFrame as SigilFrameBase } from "@sigil-ui/components";
     | ^^^^^^^^^^^^^^^^^^^^^^^^^^^^^^^^^^^^^^^^^^^^^^^^^^^^^^^^^^^^^^^^^^^^^^^^^^^^^^^^^^^^^^^^^^^^^^^^^
  22 | import type { GutterPattern } from "@sigil-ui/tokens";
  23 | import { BookOpen, LayoutGrid, Palette, ExternalLink, Flame } from "lucide-react";
  24 |

The export SigilFrame was not found in module [project]/packages/components/dist/index.js [app-ssr] (ecmascript).
Did you mean to import SigilPageGrid?
All exports of the module are statically known (It doesn't have dynamic exports). So it's known statically that the requested export doesn't exist.

Import traces:
  Client Component Browser:
    ./apps/web/app/page.tsx [Client Component Browser]
    ./apps/web/app/page.tsx [Server Component]

  Client Component SSR:
    ./apps/web/app/page.tsx [Client Component SSR]
    ./apps/web/app/page.tsx [Server Component] @ http://localhost:3000/_next/static/chunks/10zw_next_dist_10gys1k._.js:1945
[   73108ms] [ERROR] ./apps/web/app/page.tsx:21:1
Export SigilFrame doesn't exist in target module
  19 | import { useSigilSound } from "@/components/sound-provider";
  20 |
> 21 | import { SigilPageGrid, SigilSection, SigilFrame as SigilFrameBase } from "@sigil-ui/components";
     | ^^^^^^^^^^^^^^^^^^^^^^^^^^^^^^^^^^^^^^^^^^^^^^^^^^^^^^^^^^^^^^^^^^^^^^^^^^^^^^^^^^^^^^^^^^^^^^^^^
  22 | import type { GutterPattern } from "@sigil-ui/tokens";
  23 | import { BookOpen, LayoutGrid, Palette, ExternalLink, Flame } from "lucide-react";
  24 |

The export SigilFrame was not found in module [project]/packages/components/dist/index.js [app-client] (ecmascript).
Did you mean to import SigilPageGrid?
All exports of the module are statically known (It doesn't have dynamic exports). So it's known statically that the requested export doesn't exist.

Import traces:
  Client Component Browser:
    ./apps/web/app/page.tsx [Client Component Browser]
    ./apps/web/app/page.tsx [Server Component]

  Client Component SSR:
    ./apps/web/app/page.tsx [Client Component SSR]
    ./apps/web/app/page.tsx [Server Component] @ http://localhost:3000/_next/static/chunks/10zw_next_dist_10gys1k._.js:1945
[   73108ms] [ERROR] ./apps/web/app/page.tsx:21:1
Export SigilFrame doesn't exist in target module
  19 | import { useSigilSound } from "@/components/sound-provider";
  20 |
> 21 | import { SigilPageGrid, SigilSection, SigilFrame as SigilFrameBase } from "@sigil-ui/components";
     | ^^^^^^^^^^^^^^^^^^^^^^^^^^^^^^^^^^^^^^^^^^^^^^^^^^^^^^^^^^^^^^^^^^^^^^^^^^^^^^^^^^^^^^^^^^^^^^^^^
  22 | import type { GutterPattern } from "@sigil-ui/tokens";
  23 | import { BookOpen, LayoutGrid, Palette, ExternalLink, Flame } from "lucide-react";
  24 |

The export SigilFrame was not found in module [project]/packages/components/dist/index.js [app-ssr] (ecmascript).
Did you mean to import SigilPageGrid?
All exports of the module are statically known (It doesn't have dynamic exports). So it's known statically that the requested export doesn't exist.

Import traces:
  Client Component Browser:
    ./apps/web/app/page.tsx [Client Component Browser]
    ./apps/web/app/page.tsx [Server Component]

  Client Component SSR:
    ./apps/web/app/page.tsx [Client Component SSR]
    ./apps/web/app/page.tsx [Server Component] @ http://localhost:3000/_next/static/chunks/10zw_next_dist_10gys1k._.js:1945
[   73173ms] [LOG] [Fast Refresh] rebuilding @ http://localhost:3000/_next/static/chunks/10zw_next_dist_10gys1k._.js:1226
[   73250ms] [ERROR] ./apps/web/app/page.tsx:21:1
Export SigilFrame doesn't exist in target module
  19 | import { useSigilSound } from "@/components/sound-provider";
  20 |
> 21 | import { SigilPageGrid, SigilSection, SigilFrame as SigilFrameBase } from "@sigil-ui/components";
     | ^^^^^^^^^^^^^^^^^^^^^^^^^^^^^^^^^^^^^^^^^^^^^^^^^^^^^^^^^^^^^^^^^^^^^^^^^^^^^^^^^^^^^^^^^^^^^^^^^
  22 | import type { GutterPattern } from "@sigil-ui/tokens";
  23 | import { BookOpen, LayoutGrid, Palette, ExternalLink, Flame } from "lucide-react";
  24 |

The export SigilFrame was not found in module [project]/packages/components/dist/index.js [app-client] (ecmascript).
Did you mean to import SigilPageGrid?
All exports of the module are statically known (It doesn't have dynamic exports). So it's known statically that the requested export doesn't exist.

Import traces:
  Client Component Browser:
    ./apps/web/app/page.tsx [Client Component Browser]
    ./apps/web/app/page.tsx [Server Component]

  Client Component SSR:
    ./apps/web/app/page.tsx [Client Component SSR]
    ./apps/web/app/page.tsx [Server Component] @ http://localhost:3000/_next/static/chunks/10zw_next_dist_10gys1k._.js:1945
[   73250ms] [ERROR] ./apps/web/app/page.tsx:21:1
Export SigilFrame doesn't exist in target module
  19 | import { useSigilSound } from "@/components/sound-provider";
  20 |
> 21 | import { SigilPageGrid, SigilSection, SigilFrame as SigilFrameBase } from "@sigil-ui/components";
     | ^^^^^^^^^^^^^^^^^^^^^^^^^^^^^^^^^^^^^^^^^^^^^^^^^^^^^^^^^^^^^^^^^^^^^^^^^^^^^^^^^^^^^^^^^^^^^^^^^
  22 | import type { GutterPattern } from "@sigil-ui/tokens";
  23 | import { BookOpen, LayoutGrid, Palette, ExternalLink, Flame } from "lucide-react";
  24 |

The export SigilFrame was not found in module [project]/packages/components/dist/index.js [app-ssr] (ecmascript).
Did you mean to import SigilPageGrid?
All exports of the module are statically known (It doesn't have dynamic exports). So it's known statically that the requested export doesn't exist.

Import traces:
  Client Component Browser:
    ./apps/web/app/page.tsx [Client Component Browser]
    ./apps/web/app/page.tsx [Server Component]

  Client Component SSR:
    ./apps/web/app/page.tsx [Client Component SSR]
    ./apps/web/app/page.tsx [Server Component] @ http://localhost:3000/_next/static/chunks/10zw_next_dist_10gys1k._.js:1945
[   73317ms] [LOG] [Fast Refresh] rebuilding @ http://localhost:3000/_next/static/chunks/10zw_next_dist_10gys1k._.js:1226
[   73867ms] [ERROR] ./apps/web/app/page.tsx:21:1
Export SigilFrame doesn't exist in target module
  19 | import { useSigilSound } from "@/components/sound-provider";
  20 |
> 21 | import { SigilPageGrid, SigilSection, SigilFrame as SigilFrameBase } from "@sigil-ui/components";
     | ^^^^^^^^^^^^^^^^^^^^^^^^^^^^^^^^^^^^^^^^^^^^^^^^^^^^^^^^^^^^^^^^^^^^^^^^^^^^^^^^^^^^^^^^^^^^^^^^^
  22 | import type { GutterPattern } from "@sigil-ui/tokens";
  23 | import { BookOpen, LayoutGrid, Palette, ExternalLink, Flame } from "lucide-react";
  24 |

The export SigilFrame was not found in module [project]/packages/components/dist/index.js [app-client] (ecmascript).
Did you mean to import SigilPageGrid?
All exports of the module are statically known (It doesn't have dynamic exports). So it's known statically that the requested export doesn't exist.

Import traces:
  Client Component Browser:
    ./apps/web/app/page.tsx [Client Component Browser]
    ./apps/web/app/page.tsx [Server Component]

  Client Component SSR:
    ./apps/web/app/page.tsx [Client Component SSR]
    ./apps/web/app/page.tsx [Server Component] @ http://localhost:3000/_next/static/chunks/10zw_next_dist_10gys1k._.js:1945
[   73867ms] [ERROR] ./apps/web/app/page.tsx:21:1
Export SigilFrame doesn't exist in target module
  19 | import { useSigilSound } from "@/components/sound-provider";
  20 |
> 21 | import { SigilPageGrid, SigilSection, SigilFrame as SigilFrameBase } from "@sigil-ui/components";
     | ^^^^^^^^^^^^^^^^^^^^^^^^^^^^^^^^^^^^^^^^^^^^^^^^^^^^^^^^^^^^^^^^^^^^^^^^^^^^^^^^^^^^^^^^^^^^^^^^^
  22 | import type { GutterPattern } from "@sigil-ui/tokens";
  23 | import { BookOpen, LayoutGrid, Palette, ExternalLink, Flame } from "lucide-react";
  24 |

The export SigilFrame was not found in module [project]/packages/components/dist/index.js [app-ssr] (ecmascript).
Did you mean to import SigilPageGrid?
All exports of the module are statically known (It doesn't have dynamic exports). So it's known statically that the requested export doesn't exist.

Import traces:
  Client Component Browser:
    ./apps/web/app/page.tsx [Client Component Browser]
    ./apps/web/app/page.tsx [Server Component]

  Client Component SSR:
    ./apps/web/app/page.tsx [Client Component SSR]
    ./apps/web/app/page.tsx [Server Component] @ http://localhost:3000/_next/static/chunks/10zw_next_dist_10gys1k._.js:1945
[   73968ms] [LOG] [Fast Refresh] rebuilding @ http://localhost:3000/_next/static/chunks/10zw_next_dist_10gys1k._.js:1226
[   74998ms] [LOG] [Fast Refresh] done in 1122ms @ http://localhost:3000/_next/static/chunks/10zw_next_dist_10gys1k._.js:1226
[   75479ms] [INFO] %cDownload the React DevTools for a better development experience: https://react.dev/link/react-devtools font-weight:bold @ http://localhost:3000/_next/static/chunks/10zw_next_dist_09~qnvg._.js:2431
[   75495ms] [LOG] [HMR] connected @ http://localhost:3000/_next/static/chunks/10zw_next_dist_09~qnvg._.js:2431
[  150748ms] [ERROR] Failed to load resource: the server responded with a status of 404 (Not Found) @ http://localhost:3000/favicon.ico:0
[  234222ms] [ERROR] WebSocket connection to 'ws://localhost:3000/_next/webpack-hmr?id=DziGNSm57tMmi936poBsz' failed: Error in connection establishment: net::ERR_CONNECTION_REFUSED @ http://localhost:3000/_next/static/chunks/10zw_next_dist_client_0ii3he1._.js:13299
[  235224ms] [ERROR] WebSocket connection to 'ws://localhost:3000/_next/webpack-hmr?id=DziGNSm57tMmi936poBsz' failed: Error in connection establishment: net::ERR_CONNECTION_REFUSED @ http://localhost:3000/_next/static/chunks/10zw_next_dist_client_0ii3he1._.js:13299
[  236225ms] [ERROR] WebSocket connection to 'ws://localhost:3000/_next/webpack-hmr?id=DziGNSm57tMmi936poBsz' failed: Error in connection establishment: net::ERR_CONNECTION_REFUSED @ http://localhost:3000/_next/static/chunks/10zw_next_dist_client_0ii3he1._.js:13299
[  237226ms] [ERROR] WebSocket connection to 'ws://localhost:3000/_next/webpack-hmr?id=DziGNSm57tMmi936poBsz' failed: Error in connection establishment: net::ERR_CONNECTION_REFUSED @ http://localhost:3000/_next/static/chunks/10zw_next_dist_client_0ii3he1._.js:13299
[  238228ms] [ERROR] WebSocket connection to 'ws://localhost:3000/_next/webpack-hmr?id=DziGNSm57tMmi936poBsz' failed: Error in connection establishment: net::ERR_CONNECTION_REFUSED @ http://localhost:3000/_next/static/chunks/10zw_next_dist_client_0ii3he1._.js:13299
[  242973ms] [INFO] %cDownload the React DevTools for a better development experience: https://react.dev/link/react-devtools font-weight:bold @ http://localhost:3000/_next/static/chunks/10zw_next_dist_09~qnvg._.js:2431
[  243005ms] [LOG] [HMR] connected @ http://localhost:3000/_next/static/chunks/10zw_next_dist_09~qnvg._.js:2431
[  606216ms] [ERROR] Failed to load resource: the server responded with a status of 404 (Not Found) @ http://localhost:3000/favicon.ico:0
[ 1762986ms] [LOG] [Fast Refresh] rebuilding @ http://localhost:3000/_next/static/chunks/10zw_next_dist_09~qnvg._.js:2431
[ 1763137ms] [LOG] [Fast Refresh] done in 252ms @ http://localhost:3000/_next/static/chunks/10zw_next_dist_09~qnvg._.js:2431
[ 1763458ms] [INFO] %cDownload the React DevTools for a better development experience: https://react.dev/link/react-devtools font-weight:bold @ http://localhost:3000/_next/static/chunks/10zw_next_dist_09~qnvg._.js:2431
[ 1763534ms] [LOG] [HMR] connected @ http://localhost:3000/_next/static/chunks/10zw_next_dist_09~qnvg._.js:2431
[ 1763772ms] [LOG] [Fast Refresh] rebuilding @ http://localhost:3000/_next/static/chunks/10zw_next_dist_09~qnvg._.js:2431
[ 1763854ms] [LOG] [Fast Refresh] done in 267ms @ http://localhost:3000/_next/static/chunks/10zw_next_dist_09~qnvg._.js:2431
[ 1779283ms] [INFO] %cDownload the React DevTools for a better development experience: https://react.dev/link/react-devtools font-weight:bold @ http://localhost:3000/_next/static/chunks/10zw_next_dist_09~qnvg._.js:2431
[ 1779291ms] [LOG] [HMR] connected @ http://localhost:3000/_next/static/chunks/10zw_next_dist_09~qnvg._.js:2431
[ 2089660ms] [LOG] [Fast Refresh] rebuilding @ http://localhost:3000/_next/static/chunks/10zw_next_dist_09~qnvg._.js:2431
[ 2090334ms] [LOG] [Fast Refresh] done in 758ms @ http://localhost:3000/_next/static/chunks/10zw_next_dist_09~qnvg._.js:2431
[ 2102989ms] [INFO] %cDownload the React DevTools for a better development experience: https://react.dev/link/react-devtools font-weight:bold @ http://localhost:3000/_next/static/chunks/10zw_next_dist_09~qnvg._.js:2431
[ 2103028ms] [LOG] [HMR] connected @ http://localhost:3000/_next/static/chunks/10zw_next_dist_09~qnvg._.js:2431
[ 2141949ms] [LOG] [Fast Refresh] rebuilding @ http://localhost:3000/_next/static/chunks/10zw_next_dist_09~qnvg._.js:2431
[ 2142184ms] [LOG] [Fast Refresh] done in 310ms @ http://localhost:3000/_next/static/chunks/10zw_next_dist_09~qnvg._.js:2431
[ 2297636ms] [LOG] [Fast Refresh] rebuilding @ http://localhost:3000/_next/static/chunks/10zw_next_dist_09~qnvg._.js:2431
[ 2297659ms] [LOG] [Fast Refresh] done in 70ms @ http://localhost:3000/_next/static/chunks/10zw_next_dist_09~qnvg._.js:2431
[ 2319447ms] [INFO] %cDownload the React DevTools for a better development experience: https://react.dev/link/react-devtools font-weight:bold @ http://localhost:3000/_next/static/chunks/10zw_next_dist_09~qnvg._.js:2431
[ 2319458ms] [LOG] [HMR] connected @ http://localhost:3000/_next/static/chunks/10zw_next_dist_09~qnvg._.js:2431
[ 2340321ms] [LOG] [Fast Refresh] rebuilding @ http://localhost:3000/_next/static/chunks/10zw_next_dist_09~qnvg._.js:2431
[ 2340345ms] [LOG] [Fast Refresh] done in 81ms @ http://localhost:3000/_next/static/chunks/10zw_next_dist_09~qnvg._.js:2431
[ 2352672ms] [ERROR] Failed to load resource: the server responded with a status of 404 (Not Found) @ http://localhost:3000/landing:0
[ 2352702ms] [INFO] %cDownload the React DevTools for a better development experience: https://react.dev/link/react-devtools font-weight:bold @ http://localhost:3000/_next/static/chunks/10zw_next_dist_09~qnvg._.js:2431
[ 2352715ms] [LOG] [HMR] connected @ http://localhost:3000/_next/static/chunks/10zw_next_dist_09~qnvg._.js:2431
[ 2374453ms] [LOG] [Fast Refresh] rebuilding @ http://localhost:3000/_next/static/chunks/10zw_next_dist_09~qnvg._.js:2431
[ 2374622ms] [LOG] [Fast Refresh] done in 246ms @ http://localhost:3000/_next/static/chunks/10zw_next_dist_09~qnvg._.js:2431
[ 2389754ms] [INFO] %cDownload the React DevTools for a better development experience: https://react.dev/link/react-devtools font-weight:bold @ http://localhost:3000/_next/static/chunks/10zw_next_dist_09~qnvg._.js:2431
[ 2389784ms] [LOG] [HMR] connected @ http://localhost:3000/_next/static/chunks/10zw_next_dist_09~qnvg._.js:2431
[ 2410037ms] [LOG] [Fast Refresh] rebuilding @ http://localhost:3000/_next/static/chunks/10zw_next_dist_09~qnvg._.js:2431
[ 2410423ms] [LOG] [Fast Refresh] done in 487ms @ http://localhost:3000/_next/static/chunks/10zw_next_dist_09~qnvg._.js:2431
[ 2411227ms] [LOG] [Fast Refresh] rebuilding @ http://localhost:3000/_next/static/chunks/10zw_next_dist_09~qnvg._.js:2431
[ 2412592ms] [LOG] [Fast Refresh] done in 1431ms @ http://localhost:3000/_next/static/chunks/10zw_next_dist_09~qnvg._.js:2431
[ 2414490ms] [INFO] %cDownload the React DevTools for a better development experience: https://react.dev/link/react-devtools font-weight:bold @ http://localhost:3000/_next/static/chunks/10zw_next_dist_09~qnvg._.js:2431
[ 2414502ms] [LOG] [HMR] connected @ http://localhost:3000/_next/static/chunks/10zw_next_dist_09~qnvg._.js:2431
[ 2480267ms] [ERROR] Failed to load resource: the server responded with a status of 404 (Not Found) @ http://localhost:3000/favicon.ico:0
[ 2487929ms] [LOG] [Fast Refresh] rebuilding @ http://localhost:3000/_next/static/chunks/10zw_next_dist_09~qnvg._.js:2431
[ 2488678ms] [LOG] [Fast Refresh] done in 842ms @ http://localhost:3000/_next/static/chunks/10zw_next_dist_09~qnvg._.js:2431
[ 2488784ms] [LOG] [Fast Refresh] rebuilding @ http://localhost:3000/_next/static/chunks/10zw_next_dist_09~qnvg._.js:2431
[ 2488884ms] [LOG] [Fast Refresh] done in 201ms @ http://localhost:3000/_next/static/chunks/10zw_next_dist_09~qnvg._.js:2431
[ 2489005ms] [LOG] [Fast Refresh] rebuilding @ http://localhost:3000/_next/static/chunks/10zw_next_dist_09~qnvg._.js:2431
[ 2489168ms] [LOG] [Fast Refresh] done in 264ms @ http://localhost:3000/_next/static/chunks/10zw_next_dist_09~qnvg._.js:2431
[ 2489256ms] [ERROR] Failed to load resource: the server responded with a status of 500 (Internal Server Error) @ http://localhost:3000/:0
[ 2489304ms] [INFO] %cDownload the React DevTools for a better development experience: https://react.dev/link/react-devtools font-weight:bold @ http://localhost:3000/_next/static/chunks/10zw_next_dist_09~qnvg._.js:2431
[ 2489320ms] [LOG] [HMR] connected @ http://localhost:3000/_next/static/chunks/10zw_next_dist_09~qnvg._.js:2431
[ 2489410ms] [ERROR] Encountered a script tag while rendering React component. Scripts inside React components are never executed when rendering on the client. Consider using template tag instead (https://developer.mozilla.org/en-US/docs/Web/HTML/Element/template). @ http://localhost:3000/_next/static/chunks/10zw_next_dist_09~qnvg._.js:3272
[ 2489574ms] ReferenceError: SigilGutter is not defined
    at SigilDevBar (http://localhost:3000/_next/static/chunks/apps_web_components_0.au87z._.js:3103:399)
    at Object.react_stack_bottom_frame (http://localhost:3000/_next/static/chunks/10zw_next_dist_compiled_react-dom_00tuwn.._.js:15037:24)
    at renderWithHooks (http://localhost:3000/_next/static/chunks/10zw_next_dist_compiled_react-dom_00tuwn.._.js:4620:24)
    at updateFunctionComponent (http://localhost:3000/_next/static/chunks/10zw_next_dist_compiled_react-dom_00tuwn.._.js:6081:21)
    at beginWork (http://localhost:3000/_next/static/chunks/10zw_next_dist_compiled_react-dom_00tuwn.._.js:6691:24)
    at runWithFiberInDEV (http://localhost:3000/_next/static/chunks/10zw_next_dist_compiled_react-dom_00tuwn.._.js:965:74)
    at performUnitOfWork (http://localhost:3000/_next/static/chunks/10zw_next_dist_compiled_react-dom_00tuwn.._.js:9555:97)
    at workLoopSync (http://localhost:3000/_next/static/chunks/10zw_next_dist_compiled_react-dom_00tuwn.._.js:9449:40)
    at renderRootSync (http://localhost:3000/_next/static/chunks/10zw_next_dist_compiled_react-dom_00tuwn.._.js:9433:13)
    at performWorkOnRoot (http://localhost:3000/_next/static/chunks/10zw_next_dist_compiled_react-dom_00tuwn.._.js:9098:47)
    at performWorkOnRootViaSchedulerTask (http://localhost:3000/_next/static/chunks/10zw_next_dist_compiled_react-dom_00tuwn.._.js:10255:9)
    at MessagePort.performWorkUntilDeadline (http://localhost:3000/_next/static/chunks/10zw_next_dist_compiled_0mu0jk-._.js:2647:64)
[ 2499390ms] [LOG] [Fast Refresh] rebuilding @ http://localhost:3000/_next/static/chunks/10zw_next_dist_09~qnvg._.js:2431
[ 2499502ms] [ERROR] ./apps/web/components/devbar.tsx:513:7
Expected '>', got 'ident'
  511 |         <div aria-hidden="true" style={{ background: "var(--s-surface)" }} />
  512 |       </div>
> 513 |     </div>
      |       ^^^
  514 |     <ControlPanel open={panelOpen} onClose={() => setPanelOpen(false)} />
  515 |     </>
  516 |   );

Parsing ecmascript source code failed

Import traces:
  Client Component Browser:
    ./apps/web/components/devbar.tsx [Client Component Browser]
    ./apps/web/components/sigil-shell.tsx [Client Component Browser]
    ./apps/web/components/sigil-shell.tsx [Server Component]
    ./apps/web/app/layout.tsx [Server Component]

  Client Component SSR:
    ./apps/web/components/devbar.tsx [Client Component SSR]
    ./apps/web/components/sigil-shell.tsx [Client Component SSR]
    ./apps/web/components/sigil-shell.tsx [Server Component]
    ./apps/web/app/layout.tsx [Server Component] @ http://localhost:3000/_next/static/chunks/10zw_next_dist_09~qnvg._.js:3272
[ 2499539ms] [ERROR] ./apps/web/components/devbar.tsx:513:7
Expected '>', got 'ident'
  511 |         <div aria-hidden="true" style={{ background: "var(--s-surface)" }} />
  512 |       </div>
> 513 |     </div>
      |       ^^^
  514 |     <ControlPanel open={panelOpen} onClose={() => setPanelOpen(false)} />
  515 |     </>
  516 |   );

Parsing ecmascript source code failed

Import traces:
  Client Component Browser:
    ./apps/web/components/devbar.tsx [Client Component Browser]
    ./apps/web/components/sigil-shell.tsx [Client Component Browser]
    ./apps/web/components/sigil-shell.tsx [Server Component]
    ./apps/web/app/layout.tsx [Server Component]

  Client Component SSR:
    ./apps/web/components/devbar.tsx [Client Component SSR]
    ./apps/web/components/sigil-shell.tsx [Client Component SSR]
    ./apps/web/components/sigil-shell.tsx [Server Component]
    ./apps/web/app/layout.tsx [Server Component] @ http://localhost:3000/_next/static/chunks/10zw_next_dist_09~qnvg._.js:3272
[ 2499608ms] [LOG] [Fast Refresh] rebuilding @ http://localhost:3000/_next/static/chunks/10zw_next_dist_09~qnvg._.js:2431
[ 2507918ms] [ERROR] ./apps/web/components/devbar.tsx:504:7
Expected '>', got 'ident'
  502 |         <div aria-hidden="true" style={{ background: "var(--s-surface)" }} />
  503 |       </div>
> 504 |     </div>
      |       ^^^
  505 |     <ControlPanel open={panelOpen} onClose={() => setPanelOpen(false)} />
  506 |     </>
  507 |   );

Parsing ecmascript source code failed

Import traces:
  Client Component Browser:
    ./apps/web/components/devbar.tsx [Client Component Browser]
    ./apps/web/components/sigil-shell.tsx [Client Component Browser]
    ./apps/web/components/sigil-shell.tsx [Server Component]
    ./apps/web/app/layout.tsx [Server Component]

  Client Component SSR:
    ./apps/web/components/devbar.tsx [Client Component SSR]
    ./apps/web/components/sigil-shell.tsx [Client Component SSR]
    ./apps/web/components/sigil-shell.tsx [Server Component]
    ./apps/web/app/layout.tsx [Server Component] @ http://localhost:3000/_next/static/chunks/10zw_next_dist_09~qnvg._.js:3272
[ 2507935ms] [LOG] [Fast Refresh] rebuilding @ http://localhost:3000/_next/static/chunks/10zw_next_dist_09~qnvg._.js:2431
[ 2511763ms] [ERROR] ./apps/web/components/devbar.tsx:504:7
Expected '>', got 'ident'
  502 |         <div aria-hidden="true" style={{ background: "var(--s-surface)" }} />
  503 |       </div>
> 504 |     </div>
      |       ^^^
  505 |     <ControlPanel open={panelOpen} onClose={() => setPanelOpen(false)} />
  506 |     </>
  507 |   );

Parsing ecmascript source code failed

Import traces:
  Client Component Browser:
    ./apps/web/components/devbar.tsx [Client Component Browser]
    ./apps/web/components/sigil-shell.tsx [Client Component Browser]
    ./apps/web/components/sigil-shell.tsx [Server Component]
    ./apps/web/app/layout.tsx [Server Component]

  Client Component SSR:
    ./apps/web/components/devbar.tsx [Client Component SSR]
    ./apps/web/components/sigil-shell.tsx [Client Component SSR]
    ./apps/web/components/sigil-shell.tsx [Server Component]
    ./apps/web/app/layout.tsx [Server Component] @ http://localhost:3000/_next/static/chunks/10zw_next_dist_09~qnvg._.js:3272
[ 2511864ms] [LOG] [Fast Refresh] rebuilding @ http://localhost:3000/_next/static/chunks/10zw_next_dist_09~qnvg._.js:2431
[ 2512802ms] [ERROR] ./apps/web/components/devbar.tsx:504:7
Expected '>', got 'ident'
  502 |         <div aria-hidden="true" style={{ background: "var(--s-surface)" }} />
  503 |       </div>
> 504 |     </div>
      |       ^^^
  505 |     <ControlPanel open={panelOpen} onClose={() => setPanelOpen(false)} />
  506 |     </>
  507 |   );

Parsing ecmascript source code failed

Import traces:
  Client Component Browser:
    ./apps/web/components/devbar.tsx [Client Component Browser]
    ./apps/web/components/sigil-shell.tsx [Client Component Browser]
    ./apps/web/components/sigil-shell.tsx [Server Component]
    ./apps/web/app/layout.tsx [Server Component]

  Client Component SSR:
    ./apps/web/components/devbar.tsx [Client Component SSR]
    ./apps/web/components/sigil-shell.tsx [Client Component SSR]
    ./apps/web/components/sigil-shell.tsx [Server Component]
    ./apps/web/app/layout.tsx [Server Component] @ http://localhost:3000/_next/static/chunks/10zw_next_dist_09~qnvg._.js:3272
[ 2512827ms] [ERROR] Failed to load resource: the server responded with a status of 500 (Internal Server Error) @ http://localhost:3000/:0
[ 2513120ms] [INFO] %cDownload the React DevTools for a better development experience: https://react.dev/link/react-devtools font-weight:bold @ http://localhost:3000/_next/static/chunks/0e-u_react-dom_0037m-m._.js:15305
[ 2513153ms] Error: ./apps/web/components/devbar.tsx:504:7
Expected '>', got 'ident'
  502 |         <div aria-hidden="true" style={{ background: "var(--s-surface)" }} />
  503 |       </div>
> 504 |     </div>
      |       ^^^
  505 |     <ControlPanel open={panelOpen} onClose={() => setPanelOpen(false)} />
  506 |     </>
  507 |   );

Parsing ecmascript source code failed

Import traces:
  Client Component Browser:
    ./apps/web/components/devbar.tsx [Client Component Browser]
    ./apps/web/components/sigil-shell.tsx [Client Component Browser]
    ./apps/web/components/sigil-shell.tsx [Server Component]
    ./apps/web/app/layout.tsx [Server Component]

  Client Component SSR:
    ./apps/web/components/devbar.tsx [Client Component SSR]
    ./apps/web/components/sigil-shell.tsx [Client Component SSR]
    ./apps/web/components/sigil-shell.tsx [Server Component]
    ./apps/web/app/layout.tsx [Server Component]


    at <unknown> (Error: ./apps/web/components/devbar.tsx:504:7)
    at Object.getCompilationErrors (file:///Users/kevinliu/Documents/GitHub/reticle-ui/node_modules/.pnpm/next@16.2.4_@opentelemetry+api@1.9.0_react-dom@19.2.5_react@19.2.5__react@19.2.5/node_modules/next/dist/server/dev/hot-reloader-turbopack.js:1186:59)
    at DevBundlerService.getCompilationError (file:///Users/kevinliu/Documents/GitHub/reticle-ui/node_modules/.pnpm/next@16.2.4_@opentelemetry+api@1.9.0_react-dom@19.2.5_react@19.2.5__react@19.2.5/node_modules/next/dist/server/lib/dev-bundler-service.js:44:55)
    at DevServer.getCompilationError (file:///Users/kevinliu/Documents/GitHub/reticle-ui/node_modules/.pnpm/next@16.2.4_@opentelemetry+api@1.9.0_react-dom@19.2.5_react@19.2.5__react@19.2.5/node_modules/next/dist/server/dev/next-dev-server.js:719:42)
    at DevServer.findPageComponents (file:///Users/kevinliu/Documents/GitHub/reticle-ui/node_modules/.pnpm/next@16.2.4_@opentelemetry+api@1.9.0_react-dom@19.2.5_react@19.2.5__react@19.2.5/node_modules/next/dist/server/dev/next-dev-server.js:689:43)
    at async DevServer.renderErrorToResponseImpl (file:///Users/kevinliu/Documents/GitHub/reticle-ui/node_modules/.pnpm/next@16.2.4_@opentelemetry+api@1.9.0_react-dom@19.2.5_react@19.2.5__react@19.2.5/node_modules/next/dist/server/base-server.js:1745:26)
[ 2513178ms] [LOG] [HMR] connected @ http://localhost:3000/_next/static/chunks/10zw_next_dist_10gys1k._.js:1226
[ 2518935ms] [LOG] [Fast Refresh] rebuilding @ http://localhost:3000/_next/static/chunks/10zw_next_dist_10gys1k._.js:1226
[ 2519040ms] [LOG] [Fast Refresh] done in 88ms @ http://localhost:3000/_next/static/chunks/10zw_next_dist_10gys1k._.js:1226
[ 2519358ms] [INFO] %cDownload the React DevTools for a better development experience: https://react.dev/link/react-devtools font-weight:bold @ http://localhost:3000/_next/static/chunks/10zw_next_dist_09~qnvg._.js:2431
[ 2519396ms] [LOG] [HMR] connected @ http://localhost:3000/_next/static/chunks/10zw_next_dist_09~qnvg._.js:2431
