[     266ms] [INFO] %cDownload the React DevTools for a better development experience: https://react.dev/link/react-devtools font-weight:bold @ http://localhost:3000/_next/static/chunks/10zw_next_dist_09~qnvg._.js:2431
[     301ms] [LOG] [HMR] connected @ http://localhost:3000/_next/static/chunks/10zw_next_dist_09~qnvg._.js:2431
[   18299ms] [ERROR] Failed to load resource: the server responded with a status of 404 (Not Found) @ http://localhost:3000/favicon.ico:0
[  118844ms] [LOG] [Fast Refresh] rebuilding @ http://localhost:3000/_next/static/chunks/10zw_next_dist_09~qnvg._.js:2431
[  118860ms] [LOG] [Fast Refresh] done in 116ms @ http://localhost:3000/_next/static/chunks/10zw_next_dist_09~qnvg._.js:2431
[  230930ms] [LOG] [Fast Refresh] rebuilding @ http://localhost:3000/_next/static/chunks/10zw_next_dist_09~qnvg._.js:2431
[  231004ms] [LOG] [Fast Refresh] done in 175ms @ http://localhost:3000/_next/static/chunks/10zw_next_dist_09~qnvg._.js:2431
[  329359ms] [INFO] %cDownload the React DevTools for a better development experience: https://react.dev/link/react-devtools font-weight:bold @ http://localhost:3000/_next/static/chunks/10zw_next_dist_09~qnvg._.js:2431
[  329384ms] [LOG] [HMR] connected @ http://localhost:3000/_next/static/chunks/10zw_next_dist_09~qnvg._.js:2431
[  342960ms] [ERROR] Failed to load resource: the server responded with a status of 404 (Not Found) @ http://localhost:3000/demos/ai-saas:0
[  342980ms] [INFO] %cDownload the React DevTools for a better development experience: https://react.dev/link/react-devtools font-weight:bold @ http://localhost:3000/_next/static/chunks/10zw_next_dist_09~qnvg._.js:2431
[  342986ms] [LOG] [HMR] connected @ http://localhost:3000/_next/static/chunks/10zw_next_dist_09~qnvg._.js:2431
[  344210ms] [INFO] %cDownload the React DevTools for a better development experience: https://react.dev/link/react-devtools font-weight:bold @ http://localhost:3000/_next/static/chunks/10zw_next_dist_09~qnvg._.js:2431
[  344235ms] [LOG] [HMR] connected @ http://localhost:3000/_next/static/chunks/10zw_next_dist_09~qnvg._.js:2431
[  418502ms] [LOG] [Fast Refresh] rebuilding @ http://localhost:3000/_next/static/chunks/10zw_next_dist_09~qnvg._.js:2431
[  418547ms] Error: Internal Next.js error: Router action dispatched before initialization.
    at dispatchAppRouterAction (http://localhost:3000/_next/static/chunks/10zw_next_dist_client_0ii3he1._.js:916:37)
    at http://localhost:3000/_next/static/chunks/10zw_next_dist_client_0ii3he1._.js:11800:61
    at startTransition (http://localhost:3000/_next/static/chunks/10zw_next_dist_compiled_0mu0jk-._.js:1279:31)
    at Object.hmrRefresh (http://localhost:3000/_next/static/chunks/10zw_next_dist_client_0ii3he1._.js:11799:40)
    at http://localhost:3000/_next/static/chunks/10zw_next_dist_client_0ii3he1._.js:13967:64
    at startTransition (http://localhost:3000/_next/static/chunks/10zw_next_dist_compiled_0mu0jk-._.js:1279:31)
    at processMessage (http://localhost:3000/_next/static/chunks/10zw_next_dist_client_0ii3he1._.js:13966:44)
    at WebSocket.handleMessage (http://localhost:3000/_next/static/chunks/10zw_next_dist_client_0ii3he1._.js:13335:52)
[  418635ms] Error: Internal Next.js error: Router action dispatched before initialization.
    at dispatchAppRouterAction (http://localhost:3000/_next/static/chunks/10zw_next_dist_client_0ii3he1._.js:916:37)
    at http://localhost:3000/_next/static/chunks/10zw_next_dist_client_0ii3he1._.js:11800:61
    at startTransition (http://localhost:3000/_next/static/chunks/10zw_next_dist_compiled_0mu0jk-._.js:1279:31)
    at Object.hmrRefresh (http://localhost:3000/_next/static/chunks/10zw_next_dist_client_0ii3he1._.js:11799:40)
    at http://localhost:3000/_next/static/chunks/10zw_next_dist_client_0ii3he1._.js:13967:64
    at startTransition (http://localhost:3000/_next/static/chunks/10zw_next_dist_compiled_0mu0jk-._.js:1279:31)
    at processMessage (http://localhost:3000/_next/static/chunks/10zw_next_dist_client_0ii3he1._.js:13966:44)
    at WebSocket.handleMessage (http://localhost:3000/_next/static/chunks/10zw_next_dist_client_0ii3he1._.js:13335:52)
[  418643ms] Error: Internal Next.js error: Router action dispatched before initialization.
    at dispatchAppRouterAction (http://localhost:3000/_next/static/chunks/10zw_next_dist_client_0ii3he1._.js:916:37)
    at http://localhost:3000/_next/static/chunks/10zw_next_dist_client_0ii3he1._.js:11800:61
    at startTransition (http://localhost:3000/_next/static/chunks/10zw_next_dist_compiled_0mu0jk-._.js:1279:31)
    at Object.hmrRefresh (http://localhost:3000/_next/static/chunks/10zw_next_dist_client_0ii3he1._.js:11799:40)
    at http://localhost:3000/_next/static/chunks/10zw_next_dist_client_0ii3he1._.js:13967:64
    at startTransition (http://localhost:3000/_next/static/chunks/10zw_next_dist_compiled_0mu0jk-._.js:1279:31)
    at processMessage (http://localhost:3000/_next/static/chunks/10zw_next_dist_client_0ii3he1._.js:13966:44)
    at WebSocket.handleMessage (http://localhost:3000/_next/static/chunks/10zw_next_dist_client_0ii3he1._.js:13335:52)
[  418650ms] Error: Internal Next.js error: Router action dispatched before initialization.
    at dispatchAppRouterAction (http://localhost:3000/_next/static/chunks/10zw_next_dist_client_0ii3he1._.js:916:37)
    at http://localhost:3000/_next/static/chunks/10zw_next_dist_client_0ii3he1._.js:11800:61
    at startTransition (http://localhost:3000/_next/static/chunks/10zw_next_dist_compiled_0mu0jk-._.js:1279:31)
    at Object.hmrRefresh (http://localhost:3000/_next/static/chunks/10zw_next_dist_client_0ii3he1._.js:11799:40)
    at http://localhost:3000/_next/static/chunks/10zw_next_dist_client_0ii3he1._.js:13967:64
    at startTransition (http://localhost:3000/_next/static/chunks/10zw_next_dist_compiled_0mu0jk-._.js:1279:31)
    at processMessage (http://localhost:3000/_next/static/chunks/10zw_next_dist_client_0ii3he1._.js:13966:44)
    at WebSocket.handleMessage (http://localhost:3000/_next/static/chunks/10zw_next_dist_client_0ii3he1._.js:13335:52)
[  418650ms] [LOG] [Fast Refresh] done in 248ms @ http://localhost:3000/_next/static/chunks/10zw_next_dist_09~qnvg._.js:2431
[  431623ms] [LOG] [Fast Refresh] rebuilding @ http://localhost:3000/_next/static/chunks/10zw_next_dist_09~qnvg._.js:2431
[  431658ms] [LOG] [Fast Refresh] done in 81ms @ http://localhost:3000/_next/static/chunks/10zw_next_dist_09~qnvg._.js:2431
[  432901ms] [ERROR] WebSocket connection to 'ws://localhost:3000/_next/webpack-hmr?id=HcUf6VVzrAJ6fC0sCFv0Q' failed: Error in connection establishment: net::ERR_CONNECTION_REFUSED @ http://localhost:3000/_next/static/chunks/10zw_next_dist_client_0ii3he1._.js:13299
[  433903ms] [ERROR] WebSocket connection to 'ws://localhost:3000/_next/webpack-hmr?id=HcUf6VVzrAJ6fC0sCFv0Q' failed: Error in connection establishment: net::ERR_CONNECTION_REFUSED @ http://localhost:3000/_next/static/chunks/10zw_next_dist_client_0ii3he1._.js:13299
[  435284ms] [LOG] [HMR] connected @ http://localhost:3000/_next/static/chunks/10zw_next_dist_09~qnvg._.js:2431
[  436746ms] [INFO] %cDownload the React DevTools for a better development experience: https://react.dev/link/react-devtools font-weight:bold @ http://localhost:3000/_next/static/chunks/10zw_next_dist_09~qnvg._.js:2431
[  436781ms] [LOG] [HMR] connected @ http://localhost:3000/_next/static/chunks/10zw_next_dist_09~qnvg._.js:2431
[  442642ms] [INFO] %cDownload the React DevTools for a better development experience: https://react.dev/link/react-devtools font-weight:bold @ http://localhost:3000/_next/static/chunks/10zw_next_dist_09~qnvg._.js:2431
[  442665ms] [LOG] [HMR] connected @ http://localhost:3000/_next/static/chunks/10zw_next_dist_09~qnvg._.js:2431
[  479538ms] [LOG] [Fast Refresh] rebuilding @ http://localhost:3000/_next/static/chunks/10zw_next_dist_09~qnvg._.js:2431
[  479554ms] [LOG] [Fast Refresh] done in 116ms @ http://localhost:3000/_next/static/chunks/10zw_next_dist_09~qnvg._.js:2431
[  480770ms] [LOG] [Fast Refresh] rebuilding @ http://localhost:3000/_next/static/chunks/10zw_next_dist_09~qnvg._.js:2431
[  480926ms] [LOG] [Fast Refresh] done in 220ms @ http://localhost:3000/_next/static/chunks/10zw_next_dist_09~qnvg._.js:2431
[  484867ms] [INFO] %cDownload the React DevTools for a better development experience: https://react.dev/link/react-devtools font-weight:bold @ http://localhost:3000/_next/static/chunks/10zw_next_dist_09~qnvg._.js:2431
[  484878ms] [LOG] [HMR] connected @ http://localhost:3000/_next/static/chunks/10zw_next_dist_09~qnvg._.js:2431
[  486617ms] [LOG] [Fast Refresh] rebuilding @ http://localhost:3000/_next/static/chunks/10zw_next_dist_09~qnvg._.js:2431
[  486620ms] Error: Internal Next.js error: Router action dispatched before initialization.
    at dispatchAppRouterAction (http://localhost:3000/_next/static/chunks/10zw_next_dist_client_0ii3he1._.js:916:37)
    at http://localhost:3000/_next/static/chunks/10zw_next_dist_client_0ii3he1._.js:11800:61
    at startTransition (http://localhost:3000/_next/static/chunks/10zw_next_dist_compiled_0mu0jk-._.js:1279:31)
    at Object.hmrRefresh (http://localhost:3000/_next/static/chunks/10zw_next_dist_client_0ii3he1._.js:11799:40)
    at processMessage (http://localhost:3000/_next/static/chunks/10zw_next_dist_client_0ii3he1._.js:13990:67)
    at WebSocket.handleMessage (http://localhost:3000/_next/static/chunks/10zw_next_dist_client_0ii3he1._.js:13335:52)
[  486621ms] Error: Internal Next.js error: Router action dispatched before initialization.
    at dispatchAppRouterAction (http://localhost:3000/_next/static/chunks/10zw_next_dist_client_0ii3he1._.js:916:37)
    at http://localhost:3000/_next/static/chunks/10zw_next_dist_client_0ii3he1._.js:11800:61
    at startTransition (http://localhost:3000/_next/static/chunks/10zw_next_dist_compiled_0mu0jk-._.js:1279:31)
    at Object.hmrRefresh (http://localhost:3000/_next/static/chunks/10zw_next_dist_client_0ii3he1._.js:11799:40)
    at processMessage (http://localhost:3000/_next/static/chunks/10zw_next_dist_client_0ii3he1._.js:13990:67)
    at WebSocket.handleMessage (http://localhost:3000/_next/static/chunks/10zw_next_dist_client_0ii3he1._.js:13335:52)
[  486621ms] Error: Internal Next.js error: Router action dispatched before initialization.
    at dispatchAppRouterAction (http://localhost:3000/_next/static/chunks/10zw_next_dist_client_0ii3he1._.js:916:37)
    at http://localhost:3000/_next/static/chunks/10zw_next_dist_client_0ii3he1._.js:11800:61
    at startTransition (http://localhost:3000/_next/static/chunks/10zw_next_dist_compiled_0mu0jk-._.js:1279:31)
    at Object.hmrRefresh (http://localhost:3000/_next/static/chunks/10zw_next_dist_client_0ii3he1._.js:11799:40)
    at processMessage (http://localhost:3000/_next/static/chunks/10zw_next_dist_client_0ii3he1._.js:13990:67)
    at WebSocket.handleMessage (http://localhost:3000/_next/static/chunks/10zw_next_dist_client_0ii3he1._.js:13335:52)
[  486621ms] Error: Internal Next.js error: Router action dispatched before initialization.
    at dispatchAppRouterAction (http://localhost:3000/_next/static/chunks/10zw_next_dist_client_0ii3he1._.js:916:37)
    at http://localhost:3000/_next/static/chunks/10zw_next_dist_client_0ii3he1._.js:11800:61
    at startTransition (http://localhost:3000/_next/static/chunks/10zw_next_dist_compiled_0mu0jk-._.js:1279:31)
    at Object.hmrRefresh (http://localhost:3000/_next/static/chunks/10zw_next_dist_client_0ii3he1._.js:11799:40)
    at processMessage (http://localhost:3000/_next/static/chunks/10zw_next_dist_client_0ii3he1._.js:13990:67)
    at WebSocket.handleMessage (http://localhost:3000/_next/static/chunks/10zw_next_dist_client_0ii3he1._.js:13335:52)
[  486622ms] Error: Internal Next.js error: Router action dispatched before initialization.
    at dispatchAppRouterAction (http://localhost:3000/_next/static/chunks/10zw_next_dist_client_0ii3he1._.js:916:37)
    at http://localhost:3000/_next/static/chunks/10zw_next_dist_client_0ii3he1._.js:11800:61
    at startTransition (http://localhost:3000/_next/static/chunks/10zw_next_dist_compiled_0mu0jk-._.js:1279:31)
    at Object.hmrRefresh (http://localhost:3000/_next/static/chunks/10zw_next_dist_client_0ii3he1._.js:11799:40)
    at processMessage (http://localhost:3000/_next/static/chunks/10zw_next_dist_client_0ii3he1._.js:13990:67)
    at WebSocket.handleMessage (http://localhost:3000/_next/static/chunks/10zw_next_dist_client_0ii3he1._.js:13335:52)
[  486622ms] Error: Internal Next.js error: Router action dispatched before initialization.
    at dispatchAppRouterAction (http://localhost:3000/_next/static/chunks/10zw_next_dist_client_0ii3he1._.js:916:37)
    at http://localhost:3000/_next/static/chunks/10zw_next_dist_client_0ii3he1._.js:11800:61
    at startTransition (http://localhost:3000/_next/static/chunks/10zw_next_dist_compiled_0mu0jk-._.js:1279:31)
    at Object.hmrRefresh (http://localhost:3000/_next/static/chunks/10zw_next_dist_client_0ii3he1._.js:11799:40)
    at processMessage (http://localhost:3000/_next/static/chunks/10zw_next_dist_client_0ii3he1._.js:13990:67)
    at WebSocket.handleMessage (http://localhost:3000/_next/static/chunks/10zw_next_dist_client_0ii3he1._.js:13335:52)
[  486623ms] Error: Internal Next.js error: Router action dispatched before initialization.
    at dispatchAppRouterAction (http://localhost:3000/_next/static/chunks/10zw_next_dist_client_0ii3he1._.js:916:37)
    at http://localhost:3000/_next/static/chunks/10zw_next_dist_client_0ii3he1._.js:11800:61
    at startTransition (http://localhost:3000/_next/static/chunks/10zw_next_dist_compiled_0mu0jk-._.js:1279:31)
    at Object.hmrRefresh (http://localhost:3000/_next/static/chunks/10zw_next_dist_client_0ii3he1._.js:11799:40)
    at processMessage (http://localhost:3000/_next/static/chunks/10zw_next_dist_client_0ii3he1._.js:13990:67)
    at WebSocket.handleMessage (http://localhost:3000/_next/static/chunks/10zw_next_dist_client_0ii3he1._.js:13335:52)
[  486623ms] Error: Internal Next.js error: Router action dispatched before initialization.
    at dispatchAppRouterAction (http://localhost:3000/_next/static/chunks/10zw_next_dist_client_0ii3he1._.js:916:37)
    at http://localhost:3000/_next/static/chunks/10zw_next_dist_client_0ii3he1._.js:11800:61
    at startTransition (http://localhost:3000/_next/static/chunks/10zw_next_dist_compiled_0mu0jk-._.js:1279:31)
    at Object.hmrRefresh (http://localhost:3000/_next/static/chunks/10zw_next_dist_client_0ii3he1._.js:11799:40)
    at processMessage (http://localhost:3000/_next/static/chunks/10zw_next_dist_client_0ii3he1._.js:13990:67)
    at WebSocket.handleMessage (http://localhost:3000/_next/static/chunks/10zw_next_dist_client_0ii3he1._.js:13335:52)
[  486624ms] Error: Internal Next.js error: Router action dispatched before initialization.
    at dispatchAppRouterAction (http://localhost:3000/_next/static/chunks/10zw_next_dist_client_0ii3he1._.js:916:37)
    at http://localhost:3000/_next/static/chunks/10zw_next_dist_client_0ii3he1._.js:11800:61
    at startTransition (http://localhost:3000/_next/static/chunks/10zw_next_dist_compiled_0mu0jk-._.js:1279:31)
    at Object.hmrRefresh (http://localhost:3000/_next/static/chunks/10zw_next_dist_client_0ii3he1._.js:11799:40)
    at processMessage (http://localhost:3000/_next/static/chunks/10zw_next_dist_client_0ii3he1._.js:13990:67)
    at WebSocket.handleMessage (http://localhost:3000/_next/static/chunks/10zw_next_dist_client_0ii3he1._.js:13335:52)
[  486626ms] Error: Internal Next.js error: Router action dispatched before initialization.
    at dispatchAppRouterAction (http://localhost:3000/_next/static/chunks/10zw_next_dist_client_0ii3he1._.js:916:37)
    at http://localhost:3000/_next/static/chunks/10zw_next_dist_client_0ii3he1._.js:11800:61
    at startTransition (http://localhost:3000/_next/static/chunks/10zw_next_dist_compiled_0mu0jk-._.js:1279:31)
    at Object.hmrRefresh (http://localhost:3000/_next/static/chunks/10zw_next_dist_client_0ii3he1._.js:11799:40)
    at processMessage (http://localhost:3000/_next/static/chunks/10zw_next_dist_client_0ii3he1._.js:13990:67)
    at WebSocket.handleMessage (http://localhost:3000/_next/static/chunks/10zw_next_dist_client_0ii3he1._.js:13335:52)
[  486632ms] Error: Internal Next.js error: Router action dispatched before initialization.
    at dispatchAppRouterAction (http://localhost:3000/_next/static/chunks/10zw_next_dist_client_0ii3he1._.js:916:37)
    at http://localhost:3000/_next/static/chunks/10zw_next_dist_client_0ii3he1._.js:11800:61
    at startTransition (http://localhost:3000/_next/static/chunks/10zw_next_dist_compiled_0mu0jk-._.js:1279:31)
    at Object.hmrRefresh (http://localhost:3000/_next/static/chunks/10zw_next_dist_client_0ii3he1._.js:11799:40)
    at processMessage (http://localhost:3000/_next/static/chunks/10zw_next_dist_client_0ii3he1._.js:13990:67)
    at WebSocket.handleMessage (http://localhost:3000/_next/static/chunks/10zw_next_dist_client_0ii3he1._.js:13335:52)
[  486634ms] Error: Internal Next.js error: Router action dispatched before initialization.
    at dispatchAppRouterAction (http://localhost:3000/_next/static/chunks/10zw_next_dist_client_0ii3he1._.js:916:37)
    at http://localhost:3000/_next/static/chunks/10zw_next_dist_client_0ii3he1._.js:11800:61
    at startTransition (http://localhost:3000/_next/static/chunks/10zw_next_dist_compiled_0mu0jk-._.js:1279:31)
    at Object.hmrRefresh (http://localhost:3000/_next/static/chunks/10zw_next_dist_client_0ii3he1._.js:11799:40)
    at processMessage (http://localhost:3000/_next/static/chunks/10zw_next_dist_client_0ii3he1._.js:13990:67)
    at WebSocket.handleMessage (http://localhost:3000/_next/static/chunks/10zw_next_dist_client_0ii3he1._.js:13335:52)
[  486635ms] Error: Internal Next.js error: Router action dispatched before initialization.
    at dispatchAppRouterAction (http://localhost:3000/_next/static/chunks/10zw_next_dist_client_0ii3he1._.js:916:37)
    at http://localhost:3000/_next/static/chunks/10zw_next_dist_client_0ii3he1._.js:11800:61
    at startTransition (http://localhost:3000/_next/static/chunks/10zw_next_dist_compiled_0mu0jk-._.js:1279:31)
    at Object.hmrRefresh (http://localhost:3000/_next/static/chunks/10zw_next_dist_client_0ii3he1._.js:11799:40)
    at processMessage (http://localhost:3000/_next/static/chunks/10zw_next_dist_client_0ii3he1._.js:13990:67)
    at WebSocket.handleMessage (http://localhost:3000/_next/static/chunks/10zw_next_dist_client_0ii3he1._.js:13335:52)
[  486671ms] [LOG] [Fast Refresh] done in 39ms @ http://localhost:3000/_next/static/chunks/10zw_next_dist_09~qnvg._.js:2431
[  486675ms] [LOG] [Fast Refresh] rebuilding @ http://localhost:3000/_next/static/chunks/10zw_next_dist_09~qnvg._.js:2431
[  486679ms] Error: Internal Next.js error: Router action dispatched before initialization.
    at dispatchAppRouterAction (http://localhost:3000/_next/static/chunks/10zw_next_dist_client_0ii3he1._.js:916:37)
    at http://localhost:3000/_next/static/chunks/10zw_next_dist_client_0ii3he1._.js:11800:61
    at startTransition (http://localhost:3000/_next/static/chunks/10zw_next_dist_compiled_0mu0jk-._.js:1279:31)
    at Object.hmrRefresh (http://localhost:3000/_next/static/chunks/10zw_next_dist_client_0ii3he1._.js:11799:40)
    at http://localhost:3000/_next/static/chunks/10zw_next_dist_client_0ii3he1._.js:13967:64
    at startTransition (http://localhost:3000/_next/static/chunks/10zw_next_dist_compiled_0mu0jk-._.js:1279:31)
    at processMessage (http://localhost:3000/_next/static/chunks/10zw_next_dist_client_0ii3he1._.js:13966:44)
    at WebSocket.handleMessage (http://localhost:3000/_next/static/chunks/10zw_next_dist_client_0ii3he1._.js:13335:52)
[  487483ms] [INFO] %cDownload the React DevTools for a better development experience: https://react.dev/link/react-devtools font-weight:bold @ http://localhost:3000/_next/static/chunks/10zw_next_dist_09~qnvg._.js:2431
[  487511ms] [LOG] [HMR] connected @ http://localhost:3000/_next/static/chunks/10zw_next_dist_09~qnvg._.js:2431
[  493541ms] [LOG] [Fast Refresh] rebuilding @ http://localhost:3000/_next/static/chunks/10zw_next_dist_09~qnvg._.js:2431
[  493666ms] [LOG] [Fast Refresh] done in 225ms @ http://localhost:3000/_next/static/chunks/10zw_next_dist_09~qnvg._.js:2431
[  493702ms] [INFO] %cDownload the React DevTools for a better development experience: https://react.dev/link/react-devtools font-weight:bold @ http://localhost:3000/_next/static/chunks/10zw_next_dist_09~qnvg._.js:2431
[  493710ms] [LOG] [HMR] connected @ http://localhost:3000/_next/static/chunks/10zw_next_dist_09~qnvg._.js:2431
[  533177ms] [LOG] [Fast Refresh] rebuilding @ http://localhost:3000/_next/static/chunks/10zw_next_dist_09~qnvg._.js:2431
[  534139ms] [LOG] [Fast Refresh] done in 1056ms @ http://localhost:3000/_next/static/chunks/10zw_next_dist_09~qnvg._.js:2431
[  538657ms] [LOG] [Fast Refresh] rebuilding @ http://localhost:3000/_next/static/chunks/10zw_next_dist_09~qnvg._.js:2431
[  538700ms] [LOG] [Fast Refresh] done in 52ms @ http://localhost:3000/_next/static/chunks/10zw_next_dist_09~qnvg._.js:2431
[  543291ms] [LOG] [Fast Refresh] rebuilding @ http://localhost:3000/_next/static/chunks/10zw_next_dist_09~qnvg._.js:2431
[  543465ms] [LOG] [Fast Refresh] done in 162ms @ http://localhost:3000/_next/static/chunks/10zw_next_dist_09~qnvg._.js:2431
[  585748ms] [LOG] [Fast Refresh] rebuilding @ http://localhost:3000/_next/static/chunks/10zw_next_dist_09~qnvg._.js:2431
[  586157ms] [ERROR] ./apps/web/app/page.tsx:271:11
Unexpected token. Did you mean `{'>'}` or `&gt;`?
  269 |           />
  270 |         </div>
> 271 |           >
      |           ^
  272 |             <code>{TOKEN_MD}</code>
  273 |           </pre>
  274 |

Parsing ecmascript source code failed

Import traces:
  Client Component Browser:
    ./apps/web/app/page.tsx [Client Component Browser]
    ./apps/web/app/page.tsx [Server Component]

  Client Component SSR:
    ./apps/web/app/page.tsx [Client Component SSR]
    ./apps/web/app/page.tsx [Server Component] @ http://localhost:3000/_next/static/chunks/10zw_next_dist_09~qnvg._.js:3272
[  586267ms] [LOG] [Fast Refresh] rebuilding @ http://localhost:3000/_next/static/chunks/10zw_next_dist_09~qnvg._.js:2431
[  586337ms] [ERROR] ./apps/web/app/page.tsx:271:11
Unexpected token. Did you mean `{'>'}` or `&gt;`?
  269 |           />
  270 |         </div>
> 271 |           >
      |           ^
  272 |             <code>{TOKEN_MD}</code>
  273 |           </pre>
  274 |

Parsing ecmascript source code failed

Import traces:
  Client Component Browser:
    ./apps/web/app/page.tsx [Client Component Browser]
    ./apps/web/app/page.tsx [Server Component]

  Client Component SSR:
    ./apps/web/app/page.tsx [Client Component SSR]
    ./apps/web/app/page.tsx [Server Component] @ http://localhost:3000/_next/static/chunks/10zw_next_dist_09~qnvg._.js:3272
[  586338ms] [ERROR] Failed to load resource: the server responded with a status of 500 (Internal Server Error) @ http://localhost:3000/?_rsc=wnywt:0
[  586354ms] [ERROR] Failed to load resource: the server responded with a status of 500 (Internal Server Error) @ http://localhost:3000/?_rsc=wnywt:0
[  586374ms] [ERROR] Failed to load resource: the server responded with a status of 500 (Internal Server Error) @ http://localhost:3000/?_rsc=wnywt:0
[  586405ms] [ERROR] ./apps/web/app/page.tsx:271:11
Unexpected token. Did you mean `{'>'}` or `&gt;`?
  269 |           />
  270 |         </div>
> 271 |           >
      |           ^
  272 |             <code>{TOKEN_MD}</code>
  273 |           </pre>
  274 |

Parsing ecmascript source code failed

Import traces:
  Client Component Browser:
    ./apps/web/app/page.tsx [Client Component Browser]
    ./apps/web/app/page.tsx [Server Component]

  Client Component SSR:
    ./apps/web/app/page.tsx [Client Component SSR]
    ./apps/web/app/page.tsx [Server Component] @ http://localhost:3000/_next/static/chunks/10zw_next_dist_09~qnvg._.js:3272
[  586437ms] [ERROR] Failed to load resource: the server responded with a status of 500 (Internal Server Error) @ http://localhost:3000/?_rsc=wnywt:0
[  586456ms] [ERROR] ./apps/web/app/page.tsx:271:11
Unexpected token. Did you mean `{'>'}` or `&gt;`?
  269 |           />
  270 |         </div>
> 271 |           >
      |           ^
  272 |             <code>{TOKEN_MD}</code>
  273 |           </pre>
  274 |

Parsing ecmascript source code failed

Import traces:
  Client Component Browser:
    ./apps/web/app/page.tsx [Client Component Browser]
    ./apps/web/app/page.tsx [Server Component]

  Client Component SSR:
    ./apps/web/app/page.tsx [Client Component SSR]
    ./apps/web/app/page.tsx [Server Component] @ http://localhost:3000/_next/static/chunks/10zw_next_dist_09~qnvg._.js:3272
[  586513ms] [LOG] [Fast Refresh] rebuilding @ http://localhost:3000/_next/static/chunks/10zw_next_dist_09~qnvg._.js:2431
[  586544ms] [ERROR] Failed to load resource: the server responded with a status of 500 (Internal Server Error) @ http://localhost:3000/:0
[  586595ms] [INFO] %cDownload the React DevTools for a better development experience: https://react.dev/link/react-devtools font-weight:bold @ http://localhost:3000/_next/static/chunks/0e-u_react-dom_0037m-m._.js:15305
[  586626ms] Error: ./apps/web/app/page.tsx:271:11
Unexpected token. Did you mean `{'>'}` or `&gt;`?
  269 |           />
  270 |         </div>
> 271 |           >
      |           ^
  272 |             <code>{TOKEN_MD}</code>
  273 |           </pre>
  274 |

Parsing ecmascript source code failed

Import traces:
  Client Component Browser:
    ./apps/web/app/page.tsx [Client Component Browser]
    ./apps/web/app/page.tsx [Server Component]

  Client Component SSR:
    ./apps/web/app/page.tsx [Client Component SSR]
    ./apps/web/app/page.tsx [Server Component]


    at <unknown> (Error: ./apps/web/app/page.tsx:271:11)
    at Object.getCompilationErrors (file:///Users/kevinliu/Documents/GitHub/reticle-ui/node_modules/.pnpm/next@16.2.4_@opentelemetry+api@1.9.0_react-dom@19.2.5_react@19.2.5__react@19.2.5/node_modules/next/dist/server/dev/hot-reloader-turbopack.js:1186:59)
    at DevBundlerService.getCompilationError (file:///Users/kevinliu/Documents/GitHub/reticle-ui/node_modules/.pnpm/next@16.2.4_@opentelemetry+api@1.9.0_react-dom@19.2.5_react@19.2.5__react@19.2.5/node_modules/next/dist/server/lib/dev-bundler-service.js:44:55)
    at DevServer.getCompilationError (file:///Users/kevinliu/Documents/GitHub/reticle-ui/node_modules/.pnpm/next@16.2.4_@opentelemetry+api@1.9.0_react-dom@19.2.5_react@19.2.5__react@19.2.5/node_modules/next/dist/server/dev/next-dev-server.js:719:42)
    at DevServer.findPageComponents (file:///Users/kevinliu/Documents/GitHub/reticle-ui/node_modules/.pnpm/next@16.2.4_@opentelemetry+api@1.9.0_react-dom@19.2.5_react@19.2.5__react@19.2.5/node_modules/next/dist/server/dev/next-dev-server.js:689:43)
    at async DevServer.renderErrorToResponseImpl (file:///Users/kevinliu/Documents/GitHub/reticle-ui/node_modules/.pnpm/next@16.2.4_@opentelemetry+api@1.9.0_react-dom@19.2.5_react@19.2.5__react@19.2.5/node_modules/next/dist/server/base-server.js:1745:26)
[  586625ms] [LOG] [HMR] connected @ http://localhost:3000/_next/static/chunks/10zw_next_dist_10gys1k._.js:1226
[  586630ms] [ERROR] ./apps/web/app/page.tsx:271:11
Unexpected token. Did you mean `{'>'}` or `&gt;`?
  269 |           />
  270 |         </div>
> 271 |           >
      |           ^
  272 |             <code>{TOKEN_MD}</code>
  273 |           </pre>
  274 |

Parsing ecmascript source code failed

Import traces:
  Client Component Browser:
    ./apps/web/app/page.tsx [Client Component Browser]
    ./apps/web/app/page.tsx [Server Component]

  Client Component SSR:
    ./apps/web/app/page.tsx [Client Component SSR]
    ./apps/web/app/page.tsx [Server Component] @ http://localhost:3000/_next/static/chunks/10zw_next_dist_10gys1k._.js:1945
[  586730ms] [LOG] [Fast Refresh] rebuilding @ http://localhost:3000/_next/static/chunks/10zw_next_dist_10gys1k._.js:1226
[  586934ms] [ERROR] ./apps/web/app/page.tsx:271:11
Unexpected token. Did you mean `{'>'}` or `&gt;`?
  269 |           />
  270 |         </div>
> 271 |           >
      |           ^
  272 |             <code>{TOKEN_MD}</code>
  273 |           </pre>
  274 |

Parsing ecmascript source code failed

Import traces:
  Client Component Browser:
    ./apps/web/app/page.tsx [Client Component Browser]
    ./apps/web/app/page.tsx [Server Component]

  Client Component SSR:
    ./apps/web/app/page.tsx [Client Component SSR]
    ./apps/web/app/page.tsx [Server Component] @ http://localhost:3000/_next/static/chunks/10zw_next_dist_10gys1k._.js:1945
[  618037ms] [LOG] [Fast Refresh] rebuilding @ http://localhost:3000/_next/static/chunks/10zw_next_dist_10gys1k._.js:1226
[  618054ms] [ERROR] ./apps/web/app/page.tsx:294:17
Expected a semicolon
  292 |           >
  293 |             <code>
> 294 |               {`sigil.tokens.md
      |                 ^^^^^
  295 |       │
  296 |       ▼
  297 | 300+ CSS variables

Parsing ecmascript source code failed

Import traces:
  Client Component Browser:
    ./apps/web/app/page.tsx [Client Component Browser]
    ./apps/web/app/page.tsx [Server Component]

  Client Component SSR:
    ./apps/web/app/page.tsx [Client Component SSR]
    ./apps/web/app/page.tsx [Server Component] @ http://localhost:3000/_next/static/chunks/10zw_next_dist_10gys1k._.js:1945
[  618112ms] [ERROR] ./apps/web/app/page.tsx:294:17
Expected a semicolon
  292 |           >
  293 |             <code>
> 294 |               {`sigil.tokens.md
      |                 ^^^^^
  295 |       │
  296 |       ▼
  297 | 300+ CSS variables

Parsing ecmascript source code failed

Import traces:
  Client Component Browser:
    ./apps/web/app/page.tsx [Client Component Browser]
    ./apps/web/app/page.tsx [Server Component]

  Client Component SSR:
    ./apps/web/app/page.tsx [Client Component SSR]
    ./apps/web/app/page.tsx [Server Component] @ http://localhost:3000/_next/static/chunks/10zw_next_dist_10gys1k._.js:1945
[  618135ms] [ERROR] Failed to load resource: the server responded with a status of 500 (Internal Server Error) @ http://localhost:3000/:0
[  618179ms] [INFO] %cDownload the React DevTools for a better development experience: https://react.dev/link/react-devtools font-weight:bold @ http://localhost:3000/_next/static/chunks/0e-u_react-dom_0037m-m._.js:15305
[  618192ms] Error: ./apps/web/app/page.tsx:294:17
Expected a semicolon
  292 |           >
  293 |             <code>
> 294 |               {`sigil.tokens.md
      |                 ^^^^^
  295 |       │
  296 |       ▼
  297 | 300+ CSS variables

Parsing ecmascript source code failed

Import traces:
  Client Component Browser:
    ./apps/web/app/page.tsx [Client Component Browser]
    ./apps/web/app/page.tsx [Server Component]

  Client Component SSR:
    ./apps/web/app/page.tsx [Client Component SSR]
    ./apps/web/app/page.tsx [Server Component]


    at <unknown> (Error: ./apps/web/app/page.tsx:294:17)
    at Object.getCompilationErrors (file:///Users/kevinliu/Documents/GitHub/reticle-ui/node_modules/.pnpm/next@16.2.4_@opentelemetry+api@1.9.0_react-dom@19.2.5_react@19.2.5__react@19.2.5/node_modules/next/dist/server/dev/hot-reloader-turbopack.js:1186:59)
    at DevBundlerService.getCompilationError (file:///Users/kevinliu/Documents/GitHub/reticle-ui/node_modules/.pnpm/next@16.2.4_@opentelemetry+api@1.9.0_react-dom@19.2.5_react@19.2.5__react@19.2.5/node_modules/next/dist/server/lib/dev-bundler-service.js:44:55)
    at DevServer.getCompilationError (file:///Users/kevinliu/Documents/GitHub/reticle-ui/node_modules/.pnpm/next@16.2.4_@opentelemetry+api@1.9.0_react-dom@19.2.5_react@19.2.5__react@19.2.5/node_modules/next/dist/server/dev/next-dev-server.js:719:42)
    at DevServer.findPageComponents (file:///Users/kevinliu/Documents/GitHub/reticle-ui/node_modules/.pnpm/next@16.2.4_@opentelemetry+api@1.9.0_react-dom@19.2.5_react@19.2.5__react@19.2.5/node_modules/next/dist/server/dev/next-dev-server.js:689:43)
    at async DevServer.renderErrorToResponseImpl (file:///Users/kevinliu/Documents/GitHub/reticle-ui/node_modules/.pnpm/next@16.2.4_@opentelemetry+api@1.9.0_react-dom@19.2.5_react@19.2.5__react@19.2.5/node_modules/next/dist/server/base-server.js:1745:26)
[  618188ms] [LOG] [HMR] connected @ http://localhost:3000/_next/static/chunks/10zw_next_dist_10gys1k._.js:1226
[  618189ms] [ERROR] ./apps/web/app/page.tsx:294:17
Expected a semicolon
  292 |           >
  293 |             <code>
> 294 |               {`sigil.tokens.md
      |                 ^^^^^
  295 |       │
  296 |       ▼
  297 | 300+ CSS variables

Parsing ecmascript source code failed

Import traces:
  Client Component Browser:
    ./apps/web/app/page.tsx [Client Component Browser]
    ./apps/web/app/page.tsx [Server Component]

  Client Component SSR:
    ./apps/web/app/page.tsx [Client Component SSR]
    ./apps/web/app/page.tsx [Server Component] @ http://localhost:3000/_next/static/chunks/10zw_next_dist_10gys1k._.js:1945
[  618251ms] [ERROR] ./apps/web/app/page.tsx:294:17
Expected a semicolon
  292 |           >
  293 |             <code>
> 294 |               {`sigil.tokens.md
      |                 ^^^^^
  295 |       │
  296 |       ▼
  297 | 300+ CSS variables

Parsing ecmascript source code failed

Import traces:
  Client Component Browser:
    ./apps/web/app/page.tsx [Client Component Browser]
    ./apps/web/app/page.tsx [Server Component]

  Client Component SSR:
    ./apps/web/app/page.tsx [Client Component SSR]
    ./apps/web/app/page.tsx [Server Component] @ http://localhost:3000/_next/static/chunks/10zw_next_dist_10gys1k._.js:1945
[  618295ms] [LOG] [Fast Refresh] rebuilding @ http://localhost:3000/_next/static/chunks/10zw_next_dist_10gys1k._.js:1226
[  664356ms] [LOG] [Fast Refresh] rebuilding @ http://localhost:3000/_next/static/chunks/10zw_next_dist_10gys1k._.js:1226
[  664409ms] [LOG] [Fast Refresh] done in 87ms @ http://localhost:3000/_next/static/chunks/10zw_next_dist_10gys1k._.js:1226
[  665068ms] [LOG] [Fast Refresh] rebuilding @ http://localhost:3000/_next/static/chunks/10zw_next_dist_10gys1k._.js:1226
[  665085ms] [LOG] [Fast Refresh] done in 117ms @ http://localhost:3000/_next/static/chunks/10zw_next_dist_10gys1k._.js:1226
[  665175ms] [INFO] %cDownload the React DevTools for a better development experience: https://react.dev/link/react-devtools font-weight:bold @ http://localhost:3000/_next/static/chunks/10zw_next_dist_09~qnvg._.js:2431
[  665241ms] [LOG] [HMR] connected @ http://localhost:3000/_next/static/chunks/10zw_next_dist_09~qnvg._.js:2431
[  710998ms] [LOG] [Fast Refresh] rebuilding @ http://localhost:3000/_next/static/chunks/10zw_next_dist_09~qnvg._.js:2431
[  711044ms] [LOG] [Fast Refresh] done in 64ms @ http://localhost:3000/_next/static/chunks/10zw_next_dist_09~qnvg._.js:2431
[  720838ms] [LOG] [Fast Refresh] rebuilding @ http://localhost:3000/_next/static/chunks/10zw_next_dist_09~qnvg._.js:2431
[  721226ms] [LOG] [Fast Refresh] done in 489ms @ http://localhost:3000/_next/static/chunks/10zw_next_dist_09~qnvg._.js:2431
