[     145ms] [LOG] [Fast Refresh] rebuilding @ http://localhost:3000/_next/static/chunks/10zw_next_dist_09~qnvg._.js:2431
[     190ms] [LOG] [Fast Refresh] done in 146ms @ http://localhost:3000/_next/static/chunks/10zw_next_dist_09~qnvg._.js:2431
[     315ms] [INFO] %cDownload the React DevTools for a better development experience: https://react.dev/link/react-devtools font-weight:bold @ http://localhost:3000/_next/static/chunks/10zw_next_dist_09~qnvg._.js:2431
[     363ms] [LOG] [HMR] connected @ http://localhost:3000/_next/static/chunks/10zw_next_dist_09~qnvg._.js:2431
[   15191ms] [LOG] [Fast Refresh] rebuilding @ http://localhost:3000/_next/static/chunks/10zw_next_dist_09~qnvg._.js:2431
[   15700ms] [LOG] [Fast Refresh] done in 383ms @ http://localhost:3000/_next/static/chunks/10zw_next_dist_09~qnvg._.js:2431
[   77404ms] [LOG] [Fast Refresh] rebuilding @ http://localhost:3000/_next/static/chunks/10zw_next_dist_09~qnvg._.js:2431
[   77831ms] [LOG] [Fast Refresh] done in 289ms @ http://localhost:3000/_next/static/chunks/10zw_next_dist_09~qnvg._.js:2431
[   82029ms] [LOG] [Fast Refresh] rebuilding @ http://localhost:3000/_next/static/chunks/10zw_next_dist_09~qnvg._.js:2431
[   82448ms] [LOG] [Fast Refresh] done in 375ms @ http://localhost:3000/_next/static/chunks/10zw_next_dist_09~qnvg._.js:2431
[  101919ms] [LOG] [Fast Refresh] rebuilding @ http://localhost:3000/_next/static/chunks/10zw_next_dist_09~qnvg._.js:2431
[  102265ms] [LOG] [Fast Refresh] done in 333ms @ http://localhost:3000/_next/static/chunks/10zw_next_dist_09~qnvg._.js:2431
[  108872ms] [LOG] [Fast Refresh] rebuilding @ http://localhost:3000/_next/static/chunks/10zw_next_dist_09~qnvg._.js:2431
[  109202ms] [LOG] [Fast Refresh] done in 327ms @ http://localhost:3000/_next/static/chunks/10zw_next_dist_09~qnvg._.js:2431
[  130257ms] [LOG] [Fast Refresh] rebuilding @ http://localhost:3000/_next/static/chunks/10zw_next_dist_09~qnvg._.js:2431
[  130734ms] [LOG] [Fast Refresh] done in 467ms @ http://localhost:3000/_next/static/chunks/10zw_next_dist_09~qnvg._.js:2431
[  138037ms] [LOG] [Fast Refresh] rebuilding @ http://localhost:3000/_next/static/chunks/10zw_next_dist_09~qnvg._.js:2431
[  138372ms] [LOG] [Fast Refresh] done in 325ms @ http://localhost:3000/_next/static/chunks/10zw_next_dist_09~qnvg._.js:2431
[  148278ms] [LOG] [Fast Refresh] rebuilding @ http://localhost:3000/_next/static/chunks/10zw_next_dist_09~qnvg._.js:2431
[  154504ms] [LOG] [Fast Refresh] done in 431ms @ http://localhost:3000/_next/static/chunks/10zw_next_dist_09~qnvg._.js:2431
[  183211ms] [LOG] [Fast Refresh] rebuilding @ http://localhost:3000/_next/static/chunks/10zw_next_dist_09~qnvg._.js:2431
[  183689ms] [LOG] [Fast Refresh] done in 268ms @ http://localhost:3000/_next/static/chunks/10zw_next_dist_09~qnvg._.js:2431
[  188056ms] [LOG] [Fast Refresh] rebuilding @ http://localhost:3000/_next/static/chunks/10zw_next_dist_09~qnvg._.js:2431
[  188381ms] [LOG] [Fast Refresh] done in 324ms @ http://localhost:3000/_next/static/chunks/10zw_next_dist_09~qnvg._.js:2431
[  198150ms] [LOG] [Fast Refresh] rebuilding @ http://localhost:3000/_next/static/chunks/10zw_next_dist_09~qnvg._.js:2431
[  198567ms] [LOG] [Fast Refresh] done in 409ms @ http://localhost:3000/_next/static/chunks/10zw_next_dist_09~qnvg._.js:2431
[  203743ms] [LOG] [Fast Refresh] rebuilding @ http://localhost:3000/_next/static/chunks/10zw_next_dist_09~qnvg._.js:2431
[  204114ms] [LOG] [Fast Refresh] done in 267ms @ http://localhost:3000/_next/static/chunks/10zw_next_dist_09~qnvg._.js:2431
[  227420ms] [LOG] [Fast Refresh] rebuilding @ http://localhost:3000/_next/static/chunks/10zw_next_dist_09~qnvg._.js:2431
[  228050ms] [LOG] [Fast Refresh] done in 613ms @ http://localhost:3000/_next/static/chunks/10zw_next_dist_09~qnvg._.js:2431
[  236071ms] [LOG] [Fast Refresh] rebuilding @ http://localhost:3000/_next/static/chunks/10zw_next_dist_09~qnvg._.js:2431
[  236596ms] [LOG] [Fast Refresh] done in 494ms @ http://localhost:3000/_next/static/chunks/10zw_next_dist_09~qnvg._.js:2431
[  255847ms] [LOG] [Fast Refresh] rebuilding @ http://localhost:3000/_next/static/chunks/10zw_next_dist_09~qnvg._.js:2431
[  256367ms] [LOG] [Fast Refresh] done in 485ms @ http://localhost:3000/_next/static/chunks/10zw_next_dist_09~qnvg._.js:2431
[  282998ms] [LOG] [Fast Refresh] rebuilding @ http://localhost:3000/_next/static/chunks/10zw_next_dist_09~qnvg._.js:2431
[  283410ms] [LOG] [Fast Refresh] done in 407ms @ http://localhost:3000/_next/static/chunks/10zw_next_dist_09~qnvg._.js:2431
[  297115ms] [LOG] [Fast Refresh] rebuilding @ http://localhost:3000/_next/static/chunks/10zw_next_dist_09~qnvg._.js:2431
[  297507ms] [LOG] [Fast Refresh] done in 373ms @ http://localhost:3000/_next/static/chunks/10zw_next_dist_09~qnvg._.js:2431
[  307939ms] [LOG] [Fast Refresh] rebuilding @ http://localhost:3000/_next/static/chunks/10zw_next_dist_09~qnvg._.js:2431
[  308457ms] [LOG] [Fast Refresh] done in 425ms @ http://localhost:3000/_next/static/chunks/10zw_next_dist_09~qnvg._.js:2431
[  322038ms] [LOG] [Fast Refresh] rebuilding @ http://localhost:3000/_next/static/chunks/10zw_next_dist_09~qnvg._.js:2431
[  322646ms] [LOG] [Fast Refresh] done in 557ms @ http://localhost:3000/_next/static/chunks/10zw_next_dist_09~qnvg._.js:2431
[  345222ms] [LOG] [Fast Refresh] rebuilding @ http://localhost:3000/_next/static/chunks/10zw_next_dist_09~qnvg._.js:2431
[  345547ms] [LOG] [Fast Refresh] done in 201ms @ http://localhost:3000/_next/static/chunks/10zw_next_dist_09~qnvg._.js:2431
[  351160ms] [LOG] [Fast Refresh] rebuilding @ http://localhost:3000/_next/static/chunks/10zw_next_dist_09~qnvg._.js:2431
[  351518ms] [LOG] [Fast Refresh] done in 348ms @ http://localhost:3000/_next/static/chunks/10zw_next_dist_09~qnvg._.js:2431
[  361989ms] [LOG] [Fast Refresh] rebuilding @ http://localhost:3000/_next/static/chunks/10zw_next_dist_09~qnvg._.js:2431
[  362344ms] [LOG] [Fast Refresh] done in 353ms @ http://localhost:3000/_next/static/chunks/10zw_next_dist_09~qnvg._.js:2431
[  505215ms] [LOG] [Fast Refresh] rebuilding @ http://localhost:3000/_next/static/chunks/10zw_next_dist_09~qnvg._.js:2431
[  505338ms] [LOG] [Fast Refresh] done in 224ms @ http://localhost:3000/_next/static/chunks/10zw_next_dist_09~qnvg._.js:2431
[  505471ms] [LOG] [Fast Refresh] rebuilding @ http://localhost:3000/_next/static/chunks/10zw_next_dist_09~qnvg._.js:2431
[  505471ms] [LOG] [Fast Refresh] done in 101ms @ http://localhost:3000/_next/static/chunks/10zw_next_dist_09~qnvg._.js:2431
[  505750ms] [LOG] [Fast Refresh] rebuilding @ http://localhost:3000/_next/static/chunks/10zw_next_dist_09~qnvg._.js:2431
[  505760ms] [LOG] [Fast Refresh] done in 111ms @ http://localhost:3000/_next/static/chunks/10zw_next_dist_09~qnvg._.js:2431
[  508617ms] [LOG] [Fast Refresh] rebuilding @ http://localhost:3000/_next/static/chunks/10zw_next_dist_09~qnvg._.js:2431
[  508656ms] [LOG] [Fast Refresh] done in 141ms @ http://localhost:3000/_next/static/chunks/10zw_next_dist_09~qnvg._.js:2431
[  522140ms] [LOG] [Fast Refresh] rebuilding @ http://localhost:3000/_next/static/chunks/10zw_next_dist_09~qnvg._.js:2431
[  527423ms] [LOG] [Fast Refresh] done in 4967ms @ http://localhost:3000/_next/static/chunks/10zw_next_dist_09~qnvg._.js:2431
[  530044ms] [LOG] [Fast Refresh] rebuilding @ http://localhost:3000/_next/static/chunks/10zw_next_dist_09~qnvg._.js:2431
[  534314ms] [LOG] [Fast Refresh] done in 4093ms @ http://localhost:3000/_next/static/chunks/10zw_next_dist_09~qnvg._.js:2431
[  534483ms] [LOG] [Fast Refresh] rebuilding @ http://localhost:3000/_next/static/chunks/10zw_next_dist_09~qnvg._.js:2431
[  534484ms] [LOG] [Fast Refresh] done in 103ms @ http://localhost:3000/_next/static/chunks/10zw_next_dist_09~qnvg._.js:2431
[  534740ms] [INFO] %cDownload the React DevTools for a better development experience: https://react.dev/link/react-devtools font-weight:bold @ http://localhost:3000/_next/static/chunks/10zw_next_dist_09~qnvg._.js:2431
[  534829ms] [LOG] [HMR] connected @ http://localhost:3000/_next/static/chunks/10zw_next_dist_09~qnvg._.js:2431
[  561418ms] [LOG] [Fast Refresh] rebuilding @ http://localhost:3000/_next/static/chunks/10zw_next_dist_09~qnvg._.js:2431
[  563696ms] [LOG] [Fast Refresh] done in 2181ms @ http://localhost:3000/_next/static/chunks/10zw_next_dist_09~qnvg._.js:2431
[  563867ms] [LOG] [Fast Refresh] rebuilding @ http://localhost:3000/_next/static/chunks/10zw_next_dist_09~qnvg._.js:2431
[  564318ms] [LOG] [Fast Refresh] done in 553ms @ http://localhost:3000/_next/static/chunks/10zw_next_dist_09~qnvg._.js:2431
[  564527ms] [LOG] [Fast Refresh] rebuilding @ http://localhost:3000/_next/static/chunks/10zw_next_dist_09~qnvg._.js:2431
[  565706ms] [LOG] [Fast Refresh] done in 962ms @ http://localhost:3000/_next/static/chunks/10zw_next_dist_09~qnvg._.js:2431
[  565964ms] [LOG] [Fast Refresh] rebuilding @ http://localhost:3000/_next/static/chunks/10zw_next_dist_09~qnvg._.js:2431
[  567621ms] [LOG] [Fast Refresh] done in 1613ms @ http://localhost:3000/_next/static/chunks/10zw_next_dist_09~qnvg._.js:2431
[  567722ms] [LOG] [Fast Refresh] rebuilding @ http://localhost:3000/_next/static/chunks/10zw_next_dist_09~qnvg._.js:2431
[  570111ms] [LOG] [Fast Refresh] done in 2220ms @ http://localhost:3000/_next/static/chunks/10zw_next_dist_09~qnvg._.js:2431
[  571962ms] [LOG] [Fast Refresh] rebuilding @ http://localhost:3000/_next/static/chunks/10zw_next_dist_09~qnvg._.js:2431
[  573146ms] [LOG] [Fast Refresh] done in 1124ms @ http://localhost:3000/_next/static/chunks/10zw_next_dist_09~qnvg._.js:2431
[  573322ms] [LOG] [Fast Refresh] rebuilding @ http://localhost:3000/_next/static/chunks/10zw_next_dist_09~qnvg._.js:2431
[  575287ms] [LOG] [Fast Refresh] done in 1916ms @ http://localhost:3000/_next/static/chunks/10zw_next_dist_09~qnvg._.js:2431
[  575438ms] [LOG] [Fast Refresh] rebuilding @ http://localhost:3000/_next/static/chunks/10zw_next_dist_09~qnvg._.js:2431
[  577914ms] [LOG] [Fast Refresh] done in 2312ms @ http://localhost:3000/_next/static/chunks/10zw_next_dist_09~qnvg._.js:2431
[  578025ms] [LOG] [Fast Refresh] rebuilding @ http://localhost:3000/_next/static/chunks/10zw_next_dist_09~qnvg._.js:2431
[  579536ms] [LOG] [Fast Refresh] done in 1371ms @ http://localhost:3000/_next/static/chunks/10zw_next_dist_09~qnvg._.js:2431
[  580166ms] [LOG] [Fast Refresh] rebuilding @ http://localhost:3000/_next/static/chunks/10zw_next_dist_09~qnvg._.js:2431
[  581411ms] [LOG] [Fast Refresh] done in 1106ms @ http://localhost:3000/_next/static/chunks/10zw_next_dist_09~qnvg._.js:2431
[  584900ms] [LOG] [Fast Refresh] rebuilding @ http://localhost:3000/_next/static/chunks/10zw_next_dist_09~qnvg._.js:2431
[  586238ms] [LOG] [Fast Refresh] done in 1119ms @ http://localhost:3000/_next/static/chunks/10zw_next_dist_09~qnvg._.js:2431
[  586339ms] [LOG] [Fast Refresh] rebuilding @ http://localhost:3000/_next/static/chunks/10zw_next_dist_09~qnvg._.js:2431
[  587314ms] [LOG] [Fast Refresh] done in 894ms @ http://localhost:3000/_next/static/chunks/10zw_next_dist_09~qnvg._.js:2431
[  587515ms] [LOG] [Fast Refresh] rebuilding @ http://localhost:3000/_next/static/chunks/10zw_next_dist_09~qnvg._.js:2431
[  588627ms] [LOG] [Fast Refresh] done in 1022ms @ http://localhost:3000/_next/static/chunks/10zw_next_dist_09~qnvg._.js:2431
[  588791ms] [LOG] [Fast Refresh] rebuilding @ http://localhost:3000/_next/static/chunks/10zw_next_dist_09~qnvg._.js:2431
[  590713ms] [LOG] [Fast Refresh] done in 1892ms @ http://localhost:3000/_next/static/chunks/10zw_next_dist_09~qnvg._.js:2431
[  591133ms] [LOG] [Fast Refresh] rebuilding @ http://localhost:3000/_next/static/chunks/10zw_next_dist_09~qnvg._.js:2431
[  593134ms] [LOG] [Fast Refresh] done in 2013ms @ http://localhost:3000/_next/static/chunks/10zw_next_dist_09~qnvg._.js:2431
[  593314ms] [LOG] [Fast Refresh] rebuilding @ http://localhost:3000/_next/static/chunks/10zw_next_dist_09~qnvg._.js:2431
[  607797ms] [LOG] [Fast Refresh] done in 1342ms @ http://localhost:3000/_next/static/chunks/10zw_next_dist_09~qnvg._.js:2431
[  667743ms] [LOG] [Fast Refresh] rebuilding @ http://localhost:3000/_next/static/chunks/10zw_next_dist_09~qnvg._.js:2431
[  671635ms] [LOG] [Fast Refresh] done in 3775ms @ http://localhost:3000/_next/static/chunks/10zw_next_dist_09~qnvg._.js:2431
[  787856ms] [LOG] [Fast Refresh] rebuilding @ http://localhost:3000/_next/static/chunks/10zw_next_dist_09~qnvg._.js:2431
[  787903ms] ReferenceError: ApiVersionRow is not defined
    at HeroShowcase (http://localhost:3000/_next/static/chunks/apps_web_components_landing_0lw9hoe._.js?id=%255Bproject%255D%252Fapps%252Fweb%252Fcomponents%252Flanding%252Fhero-showcase.tsx+%255Bapp-client%255D+%2528ecmascript%2529:4485:421)
    at Object.react_stack_bottom_frame (http://localhost:3000/_next/static/chunks/10zw_next_dist_compiled_react-dom_00tuwn.._.js:15037:24)
    at renderWithHooks (http://localhost:3000/_next/static/chunks/10zw_next_dist_compiled_react-dom_00tuwn.._.js:4620:24)
    at updateFunctionComponent (http://localhost:3000/_next/static/chunks/10zw_next_dist_compiled_react-dom_00tuwn.._.js:6081:21)
    at beginWork (http://localhost:3000/_next/static/chunks/10zw_next_dist_compiled_react-dom_00tuwn.._.js:6691:24)
    at runWithFiberInDEV (http://localhost:3000/_next/static/chunks/10zw_next_dist_compiled_react-dom_00tuwn.._.js:965:74)
    at performUnitOfWork (http://localhost:3000/_next/static/chunks/10zw_next_dist_compiled_react-dom_00tuwn.._.js:9555:97)
    at workLoopSync (http://localhost:3000/_next/static/chunks/10zw_next_dist_compiled_react-dom_00tuwn.._.js:9449:40)
    at renderRootSync (http://localhost:3000/_next/static/chunks/10zw_next_dist_compiled_react-dom_00tuwn.._.js:9433:13)
    at performWorkOnRoot (http://localhost:3000/_next/static/chunks/10zw_next_dist_compiled_react-dom_00tuwn.._.js:9098:47)
    at performSyncWorkOnRoot (http://localhost:3000/_next/static/chunks/10zw_next_dist_compiled_react-dom_00tuwn.._.js:10263:9)
    at flushSyncWorkAcrossRoots_impl (http://localhost:3000/_next/static/chunks/10zw_next_dist_compiled_react-dom_00tuwn.._.js:10179:316)
    at flushSyncWork$1 (http://localhost:3000/_next/static/chunks/10zw_next_dist_compiled_react-dom_00tuwn.._.js:9230:86)
    at Object.scheduleRefresh (http://localhost:3000/_next/static/chunks/10zw_next_dist_compiled_react-dom_00tuwn.._.js:299:13)
    at http://localhost:3000/_next/static/chunks/10zw_next_dist_compiled_0mu0jk-._.js:391:33
    at Set.forEach (<anonymous>)
    at Object.performReactRefresh (http://localhost:3000/_next/static/chunks/10zw_next_dist_compiled_0mu0jk-._.js:384:38)
    at applyUpdate (http://localhost:3000/_next/static/chunks/10zw_next_dist_compiled_0mu0jk-._.js:878:31)
    at http://localhost:3000/_next/static/chunks/10zw_next_dist_compiled_0mu0jk-._.js:886:13
[  787893ms] [LOG] [Fast Refresh] done in 137ms @ http://localhost:3000/_next/static/chunks/10zw_next_dist_09~qnvg._.js:2431
[  798521ms] [LOG] [Fast Refresh] rebuilding @ http://localhost:3000/_next/static/chunks/10zw_next_dist_09~qnvg._.js:2431
[  798633ms] [WARNING] [Fast Refresh] performing full reload because your application had an unrecoverable error @ http://localhost:3000/_next/static/chunks/10zw_next_dist_09~qnvg._.js:2431
[  798637ms] [ERROR] Encountered a script tag while rendering React component. Scripts inside React components are never executed when rendering on the client. Consider using template tag instead (https://developer.mozilla.org/en-US/docs/Web/HTML/Element/template). @ http://localhost:3000/_next/static/chunks/10zw_next_dist_09~qnvg._.js:3272
[  798686ms] ReferenceError: ApiVersionRow is not defined
    at HeroShowcase (http://localhost:3000/_next/static/chunks/apps_web_components_landing_0lw9hoe._.js?id=%255Bproject%255D%252Fapps%252Fweb%252Fcomponents%252Flanding%252Fhero-showcase.tsx+%255Bapp-client%255D+%2528ecmascript%2529:4519:421)
    at Object.react_stack_bottom_frame (http://localhost:3000/_next/static/chunks/10zw_next_dist_compiled_react-dom_00tuwn.._.js:15037:24)
    at renderWithHooks (http://localhost:3000/_next/static/chunks/10zw_next_dist_compiled_react-dom_00tuwn.._.js:4620:24)
    at updateFunctionComponent (http://localhost:3000/_next/static/chunks/10zw_next_dist_compiled_react-dom_00tuwn.._.js:6081:21)
    at beginWork (http://localhost:3000/_next/static/chunks/10zw_next_dist_compiled_react-dom_00tuwn.._.js:6691:24)
    at runWithFiberInDEV (http://localhost:3000/_next/static/chunks/10zw_next_dist_compiled_react-dom_00tuwn.._.js:965:74)
    at performUnitOfWork (http://localhost:3000/_next/static/chunks/10zw_next_dist_compiled_react-dom_00tuwn.._.js:9555:97)
    at workLoopSync (http://localhost:3000/_next/static/chunks/10zw_next_dist_compiled_react-dom_00tuwn.._.js:9449:40)
    at renderRootSync (http://localhost:3000/_next/static/chunks/10zw_next_dist_compiled_react-dom_00tuwn.._.js:9433:13)
    at performWorkOnRoot (http://localhost:3000/_next/static/chunks/10zw_next_dist_compiled_react-dom_00tuwn.._.js:9098:47)
    at performSyncWorkOnRoot (http://localhost:3000/_next/static/chunks/10zw_next_dist_compiled_react-dom_00tuwn.._.js:10263:9)
    at flushSyncWorkAcrossRoots_impl (http://localhost:3000/_next/static/chunks/10zw_next_dist_compiled_react-dom_00tuwn.._.js:10179:316)
    at flushSyncWork$1 (http://localhost:3000/_next/static/chunks/10zw_next_dist_compiled_react-dom_00tuwn.._.js:9230:86)
    at Object.scheduleRefresh (http://localhost:3000/_next/static/chunks/10zw_next_dist_compiled_react-dom_00tuwn.._.js:299:13)
    at http://localhost:3000/_next/static/chunks/10zw_next_dist_compiled_0mu0jk-._.js:391:33
    at Set.forEach (<anonymous>)
    at Object.performReactRefresh (http://localhost:3000/_next/static/chunks/10zw_next_dist_compiled_0mu0jk-._.js:384:38)
    at applyUpdate (http://localhost:3000/_next/static/chunks/10zw_next_dist_compiled_0mu0jk-._.js:878:31)
    at http://localhost:3000/_next/static/chunks/10zw_next_dist_compiled_0mu0jk-._.js:886:13
[  798699ms] [WARNING] [Fast Refresh] performing full reload because your application had an unrecoverable error @ http://localhost:3000/_next/static/chunks/10zw_next_dist_09~qnvg._.js:2431
[  798733ms] ReferenceError: ApiVersionRow is not defined
    at HeroShowcase (http://localhost:3000/_next/static/chunks/apps_web_components_landing_0lw9hoe._.js?id=%255Bproject%255D%252Fapps%252Fweb%252Fcomponents%252Flanding%252Fhero-showcase.tsx+%255Bapp-client%255D+%2528ecmascript%2529:4519:421)
    at Object.react_stack_bottom_frame (http://localhost:3000/_next/static/chunks/10zw_next_dist_compiled_react-dom_00tuwn.._.js:15037:24)
    at renderWithHooks (http://localhost:3000/_next/static/chunks/10zw_next_dist_compiled_react-dom_00tuwn.._.js:4620:24)
    at updateFunctionComponent (http://localhost:3000/_next/static/chunks/10zw_next_dist_compiled_react-dom_00tuwn.._.js:6081:21)
    at beginWork (http://localhost:3000/_next/static/chunks/10zw_next_dist_compiled_react-dom_00tuwn.._.js:6691:24)
    at runWithFiberInDEV (http://localhost:3000/_next/static/chunks/10zw_next_dist_compiled_react-dom_00tuwn.._.js:965:74)
    at performUnitOfWork (http://localhost:3000/_next/static/chunks/10zw_next_dist_compiled_react-dom_00tuwn.._.js:9555:97)
    at workLoopSync (http://localhost:3000/_next/static/chunks/10zw_next_dist_compiled_react-dom_00tuwn.._.js:9449:40)
    at renderRootSync (http://localhost:3000/_next/static/chunks/10zw_next_dist_compiled_react-dom_00tuwn.._.js:9433:13)
    at performWorkOnRoot (http://localhost:3000/_next/static/chunks/10zw_next_dist_compiled_react-dom_00tuwn.._.js:9098:47)
    at performSyncWorkOnRoot (http://localhost:3000/_next/static/chunks/10zw_next_dist_compiled_react-dom_00tuwn.._.js:10263:9)
    at flushSyncWorkAcrossRoots_impl (http://localhost:3000/_next/static/chunks/10zw_next_dist_compiled_react-dom_00tuwn.._.js:10179:316)
    at flushSyncWork$1 (http://localhost:3000/_next/static/chunks/10zw_next_dist_compiled_react-dom_00tuwn.._.js:9230:86)
    at Object.scheduleRefresh (http://localhost:3000/_next/static/chunks/10zw_next_dist_compiled_react-dom_00tuwn.._.js:299:13)
    at http://localhost:3000/_next/static/chunks/10zw_next_dist_compiled_0mu0jk-._.js:391:33
    at Set.forEach (<anonymous>)
    at Object.performReactRefresh (http://localhost:3000/_next/static/chunks/10zw_next_dist_compiled_0mu0jk-._.js:384:38)
    at applyUpdate (http://localhost:3000/_next/static/chunks/10zw_next_dist_compiled_0mu0jk-._.js:878:31)
    at http://localhost:3000/_next/static/chunks/10zw_next_dist_compiled_0mu0jk-._.js:886:13
[  798734ms] [WARNING] [Fast Refresh] performing full reload because your application had an unrecoverable error @ http://localhost:3000/_next/static/chunks/10zw_next_dist_09~qnvg._.js:2431
[  798848ms] [LOG] [Fast Refresh] done in 314ms @ http://localhost:3000/_next/static/chunks/10zw_next_dist_09~qnvg._.js:2431
[  798925ms] [ERROR] Failed to load resource: the server responded with a status of 500 (Internal Server Error) @ http://localhost:3000/:0
[  798956ms] [INFO] %cDownload the React DevTools for a better development experience: https://react.dev/link/react-devtools font-weight:bold @ http://localhost:3000/_next/static/chunks/10zw_next_dist_09~qnvg._.js:2431
[  798976ms] [LOG] [HMR] connected @ http://localhost:3000/_next/static/chunks/10zw_next_dist_09~qnvg._.js:2431
[  799061ms] [ERROR] Encountered a script tag while rendering React component. Scripts inside React components are never executed when rendering on the client. Consider using template tag instead (https://developer.mozilla.org/en-US/docs/Web/HTML/Element/template). @ http://localhost:3000/_next/static/chunks/10zw_next_dist_09~qnvg._.js:3272
[  799118ms] ReferenceError: ApiVersionRow is not defined
    at HeroShowcase (http://localhost:3000/_next/static/chunks/apps_web_components_landing_0lw9hoe._.js:4520:421)
    at Object.react_stack_bottom_frame (http://localhost:3000/_next/static/chunks/10zw_next_dist_compiled_react-dom_00tuwn.._.js:15037:24)
    at renderWithHooks (http://localhost:3000/_next/static/chunks/10zw_next_dist_compiled_react-dom_00tuwn.._.js:4620:24)
    at updateFunctionComponent (http://localhost:3000/_next/static/chunks/10zw_next_dist_compiled_react-dom_00tuwn.._.js:6081:21)
    at beginWork (http://localhost:3000/_next/static/chunks/10zw_next_dist_compiled_react-dom_00tuwn.._.js:6691:24)
    at runWithFiberInDEV (http://localhost:3000/_next/static/chunks/10zw_next_dist_compiled_react-dom_00tuwn.._.js:965:74)
    at performUnitOfWork (http://localhost:3000/_next/static/chunks/10zw_next_dist_compiled_react-dom_00tuwn.._.js:9555:97)
    at workLoopSync (http://localhost:3000/_next/static/chunks/10zw_next_dist_compiled_react-dom_00tuwn.._.js:9449:40)
    at renderRootSync (http://localhost:3000/_next/static/chunks/10zw_next_dist_compiled_react-dom_00tuwn.._.js:9433:13)
    at performWorkOnRoot (http://localhost:3000/_next/static/chunks/10zw_next_dist_compiled_react-dom_00tuwn.._.js:9098:47)
    at performWorkOnRootViaSchedulerTask (http://localhost:3000/_next/static/chunks/10zw_next_dist_compiled_react-dom_00tuwn.._.js:10255:9)
    at MessagePort.performWorkUntilDeadline (http://localhost:3000/_next/static/chunks/10zw_next_dist_compiled_0mu0jk-._.js:2647:64)
[  803187ms] [LOG] [Fast Refresh] rebuilding @ http://localhost:3000/_next/static/chunks/10zw_next_dist_09~qnvg._.js:2431
[  803202ms] [WARNING] [Fast Refresh] performing full reload because your application had an unrecoverable error @ http://localhost:3000/_next/static/chunks/10zw_next_dist_09~qnvg._.js:2431
[  803202ms] [LOG] [Fast Refresh] done in 114ms @ http://localhost:3000/_next/static/chunks/10zw_next_dist_09~qnvg._.js:2431
[  803282ms] [ERROR] Failed to load resource: the server responded with a status of 500 (Internal Server Error) @ http://localhost:3000/:0
[  803304ms] [INFO] %cDownload the React DevTools for a better development experience: https://react.dev/link/react-devtools font-weight:bold @ http://localhost:3000/_next/static/chunks/10zw_next_dist_09~qnvg._.js:2431
[  803324ms] [LOG] [HMR] connected @ http://localhost:3000/_next/static/chunks/10zw_next_dist_09~qnvg._.js:2431
[  803338ms] [ERROR] Encountered a script tag while rendering React component. Scripts inside React components are never executed when rendering on the client. Consider using template tag instead (https://developer.mozilla.org/en-US/docs/Web/HTML/Element/template). @ http://localhost:3000/_next/static/chunks/10zw_next_dist_09~qnvg._.js:3272
[  803447ms] ReferenceError: TimeZoneRow is not defined
    at HeroShowcase (http://localhost:3000/_next/static/chunks/apps_web_components_landing_0lw9hoe._.js:4611:421)
    at Object.react_stack_bottom_frame (http://localhost:3000/_next/static/chunks/10zw_next_dist_compiled_react-dom_00tuwn.._.js:15037:24)
    at renderWithHooks (http://localhost:3000/_next/static/chunks/10zw_next_dist_compiled_react-dom_00tuwn.._.js:4620:24)
    at updateFunctionComponent (http://localhost:3000/_next/static/chunks/10zw_next_dist_compiled_react-dom_00tuwn.._.js:6081:21)
    at beginWork (http://localhost:3000/_next/static/chunks/10zw_next_dist_compiled_react-dom_00tuwn.._.js:6691:24)
    at runWithFiberInDEV (http://localhost:3000/_next/static/chunks/10zw_next_dist_compiled_react-dom_00tuwn.._.js:965:74)
    at performUnitOfWork (http://localhost:3000/_next/static/chunks/10zw_next_dist_compiled_react-dom_00tuwn.._.js:9555:97)
    at workLoopSync (http://localhost:3000/_next/static/chunks/10zw_next_dist_compiled_react-dom_00tuwn.._.js:9449:40)
    at renderRootSync (http://localhost:3000/_next/static/chunks/10zw_next_dist_compiled_react-dom_00tuwn.._.js:9433:13)
    at performWorkOnRoot (http://localhost:3000/_next/static/chunks/10zw_next_dist_compiled_react-dom_00tuwn.._.js:9098:47)
    at performWorkOnRootViaSchedulerTask (http://localhost:3000/_next/static/chunks/10zw_next_dist_compiled_react-dom_00tuwn.._.js:10255:9)
    at MessagePort.performWorkUntilDeadline (http://localhost:3000/_next/static/chunks/10zw_next_dist_compiled_0mu0jk-._.js:2647:64)
[  808901ms] [LOG] [Fast Refresh] rebuilding @ http://localhost:3000/_next/static/chunks/10zw_next_dist_09~qnvg._.js:2431
[  808916ms] [WARNING] [Fast Refresh] performing full reload because your application had an unrecoverable error @ http://localhost:3000/_next/static/chunks/10zw_next_dist_09~qnvg._.js:2431
[  808917ms] [LOG] [Fast Refresh] done in 117ms @ http://localhost:3000/_next/static/chunks/10zw_next_dist_09~qnvg._.js:2431
[  808992ms] [ERROR] Failed to load resource: the server responded with a status of 500 (Internal Server Error) @ http://localhost:3000/:0
[  809032ms] [INFO] %cDownload the React DevTools for a better development experience: https://react.dev/link/react-devtools font-weight:bold @ http://localhost:3000/_next/static/chunks/10zw_next_dist_09~qnvg._.js:2431
[  809046ms] [LOG] [HMR] connected @ http://localhost:3000/_next/static/chunks/10zw_next_dist_09~qnvg._.js:2431
[  809088ms] [ERROR] Encountered a script tag while rendering React component. Scripts inside React components are never executed when rendering on the client. Consider using template tag instead (https://developer.mozilla.org/en-US/docs/Web/HTML/Element/template). @ http://localhost:3000/_next/static/chunks/10zw_next_dist_09~qnvg._.js:3272
[  809163ms] ReferenceError: LoadingStatesRow is not defined
    at HeroShowcase (http://localhost:3000/_next/static/chunks/apps_web_components_landing_0lw9hoe._.js:4692:421)
    at Object.react_stack_bottom_frame (http://localhost:3000/_next/static/chunks/10zw_next_dist_compiled_react-dom_00tuwn.._.js:15037:24)
    at renderWithHooks (http://localhost:3000/_next/static/chunks/10zw_next_dist_compiled_react-dom_00tuwn.._.js:4620:24)
    at updateFunctionComponent (http://localhost:3000/_next/static/chunks/10zw_next_dist_compiled_react-dom_00tuwn.._.js:6081:21)
    at beginWork (http://localhost:3000/_next/static/chunks/10zw_next_dist_compiled_react-dom_00tuwn.._.js:6691:24)
    at runWithFiberInDEV (http://localhost:3000/_next/static/chunks/10zw_next_dist_compiled_react-dom_00tuwn.._.js:965:74)
    at performUnitOfWork (http://localhost:3000/_next/static/chunks/10zw_next_dist_compiled_react-dom_00tuwn.._.js:9555:97)
    at workLoopSync (http://localhost:3000/_next/static/chunks/10zw_next_dist_compiled_react-dom_00tuwn.._.js:9449:40)
    at renderRootSync (http://localhost:3000/_next/static/chunks/10zw_next_dist_compiled_react-dom_00tuwn.._.js:9433:13)
    at performWorkOnRoot (http://localhost:3000/_next/static/chunks/10zw_next_dist_compiled_react-dom_00tuwn.._.js:9098:47)
    at performWorkOnRootViaSchedulerTask (http://localhost:3000/_next/static/chunks/10zw_next_dist_compiled_react-dom_00tuwn.._.js:10255:9)
    at MessagePort.performWorkUntilDeadline (http://localhost:3000/_next/static/chunks/10zw_next_dist_compiled_0mu0jk-._.js:2647:64)
[  816248ms] [LOG] [Fast Refresh] rebuilding @ http://localhost:3000/_next/static/chunks/10zw_next_dist_09~qnvg._.js:2431
[  816263ms] [WARNING] [Fast Refresh] performing full reload because your application had an unrecoverable error @ http://localhost:3000/_next/static/chunks/10zw_next_dist_09~qnvg._.js:2431
[  816265ms] [LOG] [Fast Refresh] done in 111ms @ http://localhost:3000/_next/static/chunks/10zw_next_dist_09~qnvg._.js:2431
[  816565ms] [INFO] %cDownload the React DevTools for a better development experience: https://react.dev/link/react-devtools font-weight:bold @ http://localhost:3000/_next/static/chunks/10zw_next_dist_09~qnvg._.js:2431
[  816614ms] [LOG] [HMR] connected @ http://localhost:3000/_next/static/chunks/10zw_next_dist_09~qnvg._.js:2431
