[     162ms] [INFO] %cDownload the React DevTools for a better development experience: https://react.dev/link/react-devtools font-weight:bold @ http://localhost:3000/_next/static/chunks/10zw_next_dist_09~qnvg._.js:2431
[     177ms] [LOG] [HMR] connected @ http://localhost:3000/_next/static/chunks/10zw_next_dist_09~qnvg._.js:2431
[   79557ms] [LOG] [Fast Refresh] rebuilding @ http://localhost:3000/_next/static/chunks/10zw_next_dist_09~qnvg._.js:2431
[   79615ms] [LOG] [Fast Refresh] done in 158ms @ http://localhost:3000/_next/static/chunks/10zw_next_dist_09~qnvg._.js:2431
[   80594ms] [LOG] [Fast Refresh] rebuilding @ http://localhost:3000/_next/static/chunks/10zw_next_dist_09~qnvg._.js:2431
[   80938ms] [ERROR] ./apps/web/components/sandbox/token-provider.tsx:13:1
Module not found: Can't resolve '@sigil-ui/presets'
  11 | import type { SigilPreset, SigilTokens } from "@sigil-ui/tokens";
  12 | import { defaultTokens } from "@sigil-ui/tokens";
> 13 | import { presets, type PresetName } from "@sigil-ui/presets";
     | ^^^^^^^^^^^^^^^^^^^^^^^^^^^^^^^^^^^^^^^^^^^^^^^^^^^^^^^^^^^^^
  14 |
  15 | type SigilTokensContextValue = {
  16 |   tokens: SigilTokens;

Import traces:
  #1 [Client Component Browser]:
    ./apps/web/components/sandbox/token-provider.tsx [Client Component Browser]
    ./apps/web/app/page.tsx [Client Component Browser]
    ./apps/web/app/page.tsx [Server Component]

  #2 [Client Component SSR]:
    ./apps/web/components/sandbox/token-provider.tsx [Client Component SSR]
    ./apps/web/app/page.tsx [Client Component SSR]
    ./apps/web/app/page.tsx [Server Component]

  #3 [Client Component Browser]:
    ./apps/web/components/sandbox/token-provider.tsx [Client Component Browser]
    ./apps/web/components/sigil-shell.tsx [Client Component Browser]
    ./apps/web/components/sigil-shell.tsx [Server Component]
    ./apps/web/app/layout.tsx [Server Component]

  #4 [Client Component SSR]:
    ./apps/web/components/sandbox/token-provider.tsx [Client Component SSR]
    ./apps/web/components/sigil-shell.tsx [Client Component SSR]
    ./apps/web/components/sigil-shell.tsx [Server Component]
    ./apps/web/app/layout.tsx [Server Component]

https://nextjs.org/docs/messages/module-not-found @ http://localhost:3000/_next/static/chunks/10zw_next_dist_09~qnvg._.js:3272
[   81197ms] [LOG] [Fast Refresh] rebuilding @ http://localhost:3000/_next/static/chunks/10zw_next_dist_09~qnvg._.js:2431
[   81468ms] [ERROR] Failed to load resource: the server responded with a status of 500 (Internal Server Error) @ http://localhost:3000/?_rsc=wnywt:0
[   81470ms] [LOG] [Fast Refresh] done in 339ms @ http://localhost:3000/_next/static/chunks/10zw_next_dist_09~qnvg._.js:2431
[   81654ms] [LOG] [Fast Refresh] rebuilding @ http://localhost:3000/_next/static/chunks/10zw_next_dist_09~qnvg._.js:2431
[   81838ms] [LOG] [Fast Refresh] done in 285ms @ http://localhost:3000/_next/static/chunks/10zw_next_dist_09~qnvg._.js:2431
[   81939ms] [LOG] [Fast Refresh] rebuilding @ http://localhost:3000/_next/static/chunks/10zw_next_dist_09~qnvg._.js:2431
[   81944ms] [LOG] [Fast Refresh] done in 105ms @ http://localhost:3000/_next/static/chunks/10zw_next_dist_09~qnvg._.js:2431
[   82178ms] [INFO] %cDownload the React DevTools for a better development experience: https://react.dev/link/react-devtools font-weight:bold @ http://localhost:3000/_next/static/chunks/10zw_next_dist_09~qnvg._.js:2431
[   82239ms] [LOG] [HMR] connected @ http://localhost:3000/_next/static/chunks/10zw_next_dist_09~qnvg._.js:2431
[  120149ms] [LOG] [Fast Refresh] rebuilding @ http://localhost:3000/_next/static/chunks/10zw_next_dist_09~qnvg._.js:2431
[  120155ms] [LOG] [Fast Refresh] done in 106ms @ http://localhost:3000/_next/static/chunks/10zw_next_dist_09~qnvg._.js:2431
