[     314ms] [INFO] %cDownload the React DevTools for a better development experience: https://react.dev/link/react-devtools font-weight:bold @ http://localhost:3000/_next/static/chunks/10zw_next_dist_09~qnvg._.js:2431
[     345ms] [LOG] [HMR] connected @ http://localhost:3000/_next/static/chunks/10zw_next_dist_09~qnvg._.js:2431
[    7556ms] [LOG] [Fast Refresh] rebuilding @ http://localhost:3000/_next/static/chunks/10zw_next_dist_09~qnvg._.js:2431
[    7626ms] [LOG] [Fast Refresh] done in 106ms @ http://localhost:3000/_next/static/chunks/10zw_next_dist_09~qnvg._.js:2431
[   32034ms] [LOG] [Fast Refresh] rebuilding @ http://localhost:3000/_next/static/chunks/10zw_next_dist_09~qnvg._.js:2431
[   32084ms] [LOG] [Fast Refresh] done in 151ms @ http://localhost:3000/_next/static/chunks/10zw_next_dist_09~qnvg._.js:2431
[   43120ms] [LOG] [Fast Refresh] rebuilding @ http://localhost:3000/_next/static/chunks/10zw_next_dist_09~qnvg._.js:2431
[   43193ms] [ERROR] ./apps/web/components/devbar.tsx:517:7
Expression expected
  515 |     </div>
  516 |     <ControlPanel open={panelOpen} onClose={() => setPanelOpen(false)} />
> 517 |     </>
      |       ^
  518 |   );
  519 | }
  520 |

Parsing ecmascript source code failed

Import traces:
  Client Component Browser:
    ./apps/web/components/devbar.tsx [Client Component Browser]
    ./apps/web/components/sigil-shell.tsx [Client Component Browser]
    ./apps/web/components/sigil-shell.tsx [Server Component]
    ./apps/web/app/layout.tsx [Server Component]

  Client Component SSR:
    ./apps/web/components/devbar.tsx [Client Component SSR]
    ./apps/web/components/sigil-shell.tsx [Client Component SSR]
    ./apps/web/components/sigil-shell.tsx [Server Component]
    ./apps/web/app/layout.tsx [Server Component] @ http://localhost:3000/_next/static/chunks/10zw_next_dist_09~qnvg._.js:3272
[   54675ms] [ERROR] ./apps/web/components/devbar.tsx:528:7
Expression expected
  526 |     </div>
  527 |     <ControlPanel open={panelOpen} onClose={() => setPanelOpen(false)} />
> 528 |     </>
      |       ^
  529 |   );
  530 | }
  531 |

Parsing ecmascript source code failed

Import traces:
  Client Component Browser:
    ./apps/web/components/devbar.tsx [Client Component Browser]
    ./apps/web/components/sigil-shell.tsx [Client Component Browser]
    ./apps/web/components/sigil-shell.tsx [Server Component]
    ./apps/web/app/layout.tsx [Server Component]

  Client Component SSR:
    ./apps/web/components/devbar.tsx [Client Component SSR]
    ./apps/web/components/sigil-shell.tsx [Client Component SSR]
    ./apps/web/components/sigil-shell.tsx [Server Component]
    ./apps/web/app/layout.tsx [Server Component] @ http://localhost:3000/_next/static/chunks/10zw_next_dist_09~qnvg._.js:3272
[   54693ms] [LOG] [Fast Refresh] rebuilding @ http://localhost:3000/_next/static/chunks/10zw_next_dist_09~qnvg._.js:2431
[   70975ms] [LOG] [Fast Refresh] rebuilding @ http://localhost:3000/_next/static/chunks/10zw_next_dist_09~qnvg._.js:2431
[   71687ms] [LOG] [Fast Refresh] done in 786ms @ http://localhost:3000/_next/static/chunks/10zw_next_dist_09~qnvg._.js:2431
[   71799ms] [LOG] [Fast Refresh] rebuilding @ http://localhost:3000/_next/static/chunks/10zw_next_dist_09~qnvg._.js:2431
[   72160ms] [LOG] [Fast Refresh] done in 462ms @ http://localhost:3000/_next/static/chunks/10zw_next_dist_09~qnvg._.js:2431
[   72563ms] [LOG] [Fast Refresh] rebuilding @ http://localhost:3000/_next/static/chunks/10zw_next_dist_09~qnvg._.js:2431
[   72571ms] [LOG] [Fast Refresh] done in 109ms @ http://localhost:3000/_next/static/chunks/10zw_next_dist_09~qnvg._.js:2431
[   72893ms] [LOG] [Fast Refresh] rebuilding @ http://localhost:3000/_next/static/chunks/10zw_next_dist_09~qnvg._.js:2431
[   72957ms] [LOG] [Fast Refresh] done in 165ms @ http://localhost:3000/_next/static/chunks/10zw_next_dist_09~qnvg._.js:2431
