[     266ms] [INFO] %cDownload the React DevTools for a better development experience: https://react.dev/link/react-devtools font-weight:bold @ http://localhost:3000/_next/static/chunks/10zw_next_dist_09~qnvg._.js:2431
[     281ms] [LOG] [HMR] connected @ http://localhost:3000/_next/static/chunks/10zw_next_dist_09~qnvg._.js:2431
[   68658ms] [INFO] %cDownload the React DevTools for a better development experience: https://react.dev/link/react-devtools font-weight:bold @ http://localhost:3000/_next/static/chunks/10zw_next_dist_09~qnvg._.js:2431
[   68671ms] [LOG] [HMR] connected @ http://localhost:3000/_next/static/chunks/10zw_next_dist_09~qnvg._.js:2431
[  467476ms] [LOG] [Fast Refresh] rebuilding @ http://localhost:3000/_next/static/chunks/10zw_next_dist_09~qnvg._.js:2431
[  468559ms] [LOG] [Fast Refresh] done in 1173ms @ http://localhost:3000/_next/static/chunks/10zw_next_dist_09~qnvg._.js:2431
[  472219ms] [LOG] [Fast Refresh] rebuilding @ http://localhost:3000/_next/static/chunks/10zw_next_dist_09~qnvg._.js:2431
[  472752ms] [LOG] [Fast Refresh] done in 605ms @ http://localhost:3000/_next/static/chunks/10zw_next_dist_09~qnvg._.js:2431
[  479412ms] [LOG] [Fast Refresh] rebuilding @ http://localhost:3000/_next/static/chunks/10zw_next_dist_09~qnvg._.js:2431
[  479860ms] [LOG] [Fast Refresh] done in 534ms @ http://localhost:3000/_next/static/chunks/10zw_next_dist_09~qnvg._.js:2431
[  480037ms] [LOG] [Fast Refresh] rebuilding @ http://localhost:3000/_next/static/chunks/10zw_next_dist_09~qnvg._.js:2431
[  480519ms] [LOG] [Fast Refresh] done in 582ms @ http://localhost:3000/_next/static/chunks/10zw_next_dist_09~qnvg._.js:2431
[  481966ms] [INFO] %cDownload the React DevTools for a better development experience: https://react.dev/link/react-devtools font-weight:bold @ http://localhost:3000/_next/static/chunks/10zw_next_dist_09~qnvg._.js:2431
[  481980ms] [LOG] [HMR] connected @ http://localhost:3000/_next/static/chunks/10zw_next_dist_09~qnvg._.js:2431
[  482178ms] [LOG] [Fast Refresh] rebuilding @ http://localhost:3000/_next/static/chunks/10zw_next_dist_09~qnvg._.js:2431
[  482503ms] [LOG] [Fast Refresh] done in 425ms @ http://localhost:3000/_next/static/chunks/10zw_next_dist_09~qnvg._.js:2431
[  495183ms] [LOG] [Fast Refresh] rebuilding @ http://localhost:3000/_next/static/chunks/10zw_next_dist_09~qnvg._.js:2431
[  495241ms] [LOG] [Fast Refresh] done in 159ms @ http://localhost:3000/_next/static/chunks/10zw_next_dist_09~qnvg._.js:2431
[  495323ms] [INFO] %cDownload the React DevTools for a better development experience: https://react.dev/link/react-devtools font-weight:bold @ http://localhost:3000/_next/static/chunks/10zw_next_dist_09~qnvg._.js:2431
[  495328ms] [LOG] [HMR] connected @ http://localhost:3000/_next/static/chunks/10zw_next_dist_09~qnvg._.js:2431
[  496583ms] [INFO] %cDownload the React DevTools for a better development experience: https://react.dev/link/react-devtools font-weight:bold @ http://localhost:3000/_next/static/chunks/10zw_next_dist_09~qnvg._.js:2431
[  496590ms] [LOG] [HMR] connected @ http://localhost:3000/_next/static/chunks/10zw_next_dist_09~qnvg._.js:2431
[  496720ms] [INFO] %cDownload the React DevTools for a better development experience: https://react.dev/link/react-devtools font-weight:bold @ http://localhost:3000/_next/static/chunks/10zw_next_dist_09~qnvg._.js:2431
[  496744ms] [LOG] [HMR] connected @ http://localhost:3000/_next/static/chunks/10zw_next_dist_09~qnvg._.js:2431
[  516701ms] [INFO] %cDownload the React DevTools for a better development experience: https://react.dev/link/react-devtools font-weight:bold @ http://localhost:3000/_next/static/chunks/10zw_next_dist_09~qnvg._.js:2431
[  516712ms] [LOG] [HMR] connected @ http://localhost:3000/_next/static/chunks/10zw_next_dist_09~qnvg._.js:2431
[  688580ms] [LOG] [Fast Refresh] rebuilding @ http://localhost:3000/_next/static/chunks/10zw_next_dist_09~qnvg._.js:2431
[  688925ms] [LOG] [Fast Refresh] done in 392ms @ http://localhost:3000/_next/static/chunks/10zw_next_dist_09~qnvg._.js:2431
[  696662ms] [LOG] [Fast Refresh] rebuilding @ http://localhost:3000/_next/static/chunks/10zw_next_dist_09~qnvg._.js:2431
[  696709ms] [LOG] [Fast Refresh] done in 48ms @ http://localhost:3000/_next/static/chunks/10zw_next_dist_09~qnvg._.js:2431
[  702354ms] [LOG] [Fast Refresh] rebuilding @ http://localhost:3000/_next/static/chunks/10zw_next_dist_09~qnvg._.js:2431
[  702497ms] [LOG] [Fast Refresh] done in 143ms @ http://localhost:3000/_next/static/chunks/10zw_next_dist_09~qnvg._.js:2431
[  760051ms] [LOG] [Fast Refresh] rebuilding @ http://localhost:3000/_next/static/chunks/10zw_next_dist_09~qnvg._.js:2431
[  760871ms] [ERROR] Failed to load resource: the server responded with a status of 500 (Internal Server Error) @ http://localhost:3000/?_rsc=wnywt:0
[  760886ms] [ERROR] Failed to load resource: the server responded with a status of 500 (Internal Server Error) @ http://localhost:3000/?_rsc=wnywt:0
[  760906ms] [ERROR] Failed to load resource: the server responded with a status of 500 (Internal Server Error) @ http://localhost:3000/?_rsc=wnywt:0
[  760938ms] [ERROR] Failed to load resource: the server responded with a status of 500 (Internal Server Error) @ http://localhost:3000/?_rsc=wnywt:0
[  760970ms] [ERROR] Failed to load resource: the server responded with a status of 500 (Internal Server Error) @ http://localhost:3000/:0
[  761004ms] [INFO] %cDownload the React DevTools for a better development experience: https://react.dev/link/react-devtools font-weight:bold @ http://localhost:3000/_next/static/chunks/0e-u_react-dom_0037m-m._.js:15305
[  761049ms] Error: ./apps/web/app/page.tsx:19:1
Export SigilNavbar doesn't exist in target module
  17 | import { useSigilSound } from "@/components/sound-provider";
  18 |
> 19 | import { SigilPageGrid, SigilSection, SigilNavbar } from "@sigil-ui/components";
     | ^^^^^^^^^^^^^^^^^^^^^^^^^^^^^^^^^^^^^^^^^^^^^^^^^^^^^^^^^^^^^^^^^^^^^^^^^^^^^^^^
  20 | import { BookOpen, LayoutGrid, Palette, ExternalLink, Flame } from "lucide-react";
  21 |
  22 | /* ================================================================ */

The export SigilNavbar was not found in module [project]/packages/components/dist/index.js [app-client] (ecmascript).
Did you mean to import SigilGrid?
All exports of the module are statically known (It doesn't have dynamic exports). So it's known statically that the requested export doesn't exist.

Import traces:
  Client Component Browser:
    ./apps/web/app/page.tsx [Client Component Browser]
    ./apps/web/app/page.tsx [Server Component]

  Client Component SSR:
    ./apps/web/app/page.tsx [Client Component SSR]
    ./apps/web/app/page.tsx [Server Component]


    at <unknown> (Error: ./apps/web/app/page.tsx:19:1)
    at Object.getCompilationErrors (file:///Users/kevinliu/Documents/GitHub/reticle-ui/node_modules/.pnpm/next@16.2.4_@opentelemetry+api@1.9.0_react-dom@19.2.5_react@19.2.5__react@19.2.5/node_modules/next/dist/server/dev/hot-reloader-turbopack.js:1186:59)
    at DevBundlerService.getCompilationError (file:///Users/kevinliu/Documents/GitHub/reticle-ui/node_modules/.pnpm/next@16.2.4_@opentelemetry+api@1.9.0_react-dom@19.2.5_react@19.2.5__react@19.2.5/node_modules/next/dist/server/lib/dev-bundler-service.js:44:55)
    at DevServer.getCompilationError (file:///Users/kevinliu/Documents/GitHub/reticle-ui/node_modules/.pnpm/next@16.2.4_@opentelemetry+api@1.9.0_react-dom@19.2.5_react@19.2.5__react@19.2.5/node_modules/next/dist/server/dev/next-dev-server.js:719:42)
    at DevServer.findPageComponents (file:///Users/kevinliu/Documents/GitHub/reticle-ui/node_modules/.pnpm/next@16.2.4_@opentelemetry+api@1.9.0_react-dom@19.2.5_react@19.2.5__react@19.2.5/node_modules/next/dist/server/dev/next-dev-server.js:689:43)
    at async DevServer.renderErrorToResponseImpl (file:///Users/kevinliu/Documents/GitHub/reticle-ui/node_modules/.pnpm/next@16.2.4_@opentelemetry+api@1.9.0_react-dom@19.2.5_react@19.2.5__react@19.2.5/node_modules/next/dist/server/base-server.js:1745:26)
[  761010ms] [LOG] [HMR] connected @ http://localhost:3000/_next/static/chunks/10zw_next_dist_10gys1k._.js:1226
[  761031ms] [ERROR] ./apps/web/app/page.tsx:19:1
Export SigilNavbar doesn't exist in target module
  17 | import { useSigilSound } from "@/components/sound-provider";
  18 |
> 19 | import { SigilPageGrid, SigilSection, SigilNavbar } from "@sigil-ui/components";
     | ^^^^^^^^^^^^^^^^^^^^^^^^^^^^^^^^^^^^^^^^^^^^^^^^^^^^^^^^^^^^^^^^^^^^^^^^^^^^^^^^
  20 | import { BookOpen, LayoutGrid, Palette, ExternalLink, Flame } from "lucide-react";
  21 |
  22 | /* ================================================================ */

The export SigilNavbar was not found in module [project]/packages/components/dist/index.js [app-client] (ecmascript).
Did you mean to import SigilGrid?
All exports of the module are statically known (It doesn't have dynamic exports). So it's known statically that the requested export doesn't exist.

Import traces:
  Client Component Browser:
    ./apps/web/app/page.tsx [Client Component Browser]
    ./apps/web/app/page.tsx [Server Component]

  Client Component SSR:
    ./apps/web/app/page.tsx [Client Component SSR]
    ./apps/web/app/page.tsx [Server Component] @ http://localhost:3000/_next/static/chunks/10zw_next_dist_10gys1k._.js:1945
[  761031ms] [ERROR] ./apps/web/app/page.tsx:19:1
Export SigilNavbar doesn't exist in target module
  17 | import { useSigilSound } from "@/components/sound-provider";
  18 |
> 19 | import { SigilPageGrid, SigilSection, SigilNavbar } from "@sigil-ui/components";
     | ^^^^^^^^^^^^^^^^^^^^^^^^^^^^^^^^^^^^^^^^^^^^^^^^^^^^^^^^^^^^^^^^^^^^^^^^^^^^^^^^
  20 | import { BookOpen, LayoutGrid, Palette, ExternalLink, Flame } from "lucide-react";
  21 |
  22 | /* ================================================================ */

The export SigilNavbar was not found in module [project]/packages/components/dist/index.js [app-ssr] (ecmascript).
Did you mean to import SigilGrid?
All exports of the module are statically known (It doesn't have dynamic exports). So it's known statically that the requested export doesn't exist.

Import traces:
  Client Component Browser:
    ./apps/web/app/page.tsx [Client Component Browser]
    ./apps/web/app/page.tsx [Server Component]

  Client Component SSR:
    ./apps/web/app/page.tsx [Client Component SSR]
    ./apps/web/app/page.tsx [Server Component] @ http://localhost:3000/_next/static/chunks/10zw_next_dist_10gys1k._.js:1945
[  761031ms] [ERROR] ./apps/web/app/page.tsx:19:1
Export SigilPageGrid doesn't exist in target module
  17 | import { useSigilSound } from "@/components/sound-provider";
  18 |
> 19 | import { SigilPageGrid, SigilSection, SigilNavbar } from "@sigil-ui/components";
     | ^^^^^^^^^^^^^^^^^^^^^^^^^^^^^^^^^^^^^^^^^^^^^^^^^^^^^^^^^^^^^^^^^^^^^^^^^^^^^^^^
  20 | import { BookOpen, LayoutGrid, Palette, ExternalLink, Flame } from "lucide-react";
  21 |
  22 | /* ================================================================ */

The export SigilPageGrid was not found in module [project]/packages/components/dist/index.js [app-client] (ecmascript).
Did you mean to import SigilGrid?
All exports of the module are statically known (It doesn't have dynamic exports). So it's known statically that the requested export doesn't exist.

Import traces:
  Client Component Browser:
    ./apps/web/app/page.tsx [Client Component Browser]
    ./apps/web/app/page.tsx [Server Component]

  Client Component SSR:
    ./apps/web/app/page.tsx [Client Component SSR]
    ./apps/web/app/page.tsx [Server Component] @ http://localhost:3000/_next/static/chunks/10zw_next_dist_10gys1k._.js:1945
[  761031ms] [ERROR] ./apps/web/app/page.tsx:19:1
Export SigilPageGrid doesn't exist in target module
  17 | import { useSigilSound } from "@/components/sound-provider";
  18 |
> 19 | import { SigilPageGrid, SigilSection, SigilNavbar } from "@sigil-ui/components";
     | ^^^^^^^^^^^^^^^^^^^^^^^^^^^^^^^^^^^^^^^^^^^^^^^^^^^^^^^^^^^^^^^^^^^^^^^^^^^^^^^^
  20 | import { BookOpen, LayoutGrid, Palette, ExternalLink, Flame } from "lucide-react";
  21 |
  22 | /* ================================================================ */

The export SigilPageGrid was not found in module [project]/packages/components/dist/index.js [app-ssr] (ecmascript).
Did you mean to import SigilGrid?
All exports of the module are statically known (It doesn't have dynamic exports). So it's known statically that the requested export doesn't exist.

Import traces:
  Client Component Browser:
    ./apps/web/app/page.tsx [Client Component Browser]
    ./apps/web/app/page.tsx [Server Component]

  Client Component SSR:
    ./apps/web/app/page.tsx [Client Component SSR]
    ./apps/web/app/page.tsx [Server Component] @ http://localhost:3000/_next/static/chunks/10zw_next_dist_10gys1k._.js:1945
[  761031ms] [ERROR] ./apps/web/app/page.tsx:19:1
Export SigilSection doesn't exist in target module
  17 | import { useSigilSound } from "@/components/sound-provider";
  18 |
> 19 | import { SigilPageGrid, SigilSection, SigilNavbar } from "@sigil-ui/components";
     | ^^^^^^^^^^^^^^^^^^^^^^^^^^^^^^^^^^^^^^^^^^^^^^^^^^^^^^^^^^^^^^^^^^^^^^^^^^^^^^^^
  20 | import { BookOpen, LayoutGrid, Palette, ExternalLink, Flame } from "lucide-react";
  21 |
  22 | /* ================================================================ */

The export SigilSection was not found in module [project]/packages/components/dist/index.js [app-client] (ecmascript).
Did you mean to import Section?
All exports of the module are statically known (It doesn't have dynamic exports). So it's known statically that the requested export doesn't exist.

Import traces:
  Client Component Browser:
    ./apps/web/app/page.tsx [Client Component Browser]
    ./apps/web/app/page.tsx [Server Component]

  Client Component SSR:
    ./apps/web/app/page.tsx [Client Component SSR]
    ./apps/web/app/page.tsx [Server Component] @ http://localhost:3000/_next/static/chunks/10zw_next_dist_10gys1k._.js:1945
[  761031ms] [ERROR] ./apps/web/app/page.tsx:19:1
Export SigilSection doesn't exist in target module
  17 | import { useSigilSound } from "@/components/sound-provider";
  18 |
> 19 | import { SigilPageGrid, SigilSection, SigilNavbar } from "@sigil-ui/components";
     | ^^^^^^^^^^^^^^^^^^^^^^^^^^^^^^^^^^^^^^^^^^^^^^^^^^^^^^^^^^^^^^^^^^^^^^^^^^^^^^^^
  20 | import { BookOpen, LayoutGrid, Palette, ExternalLink, Flame } from "lucide-react";
  21 |
  22 | /* ================================================================ */

The export SigilSection was not found in module [project]/packages/components/dist/index.js [app-ssr] (ecmascript).
Did you mean to import Section?
All exports of the module are statically known (It doesn't have dynamic exports). So it's known statically that the requested export doesn't exist.

Import traces:
  Client Component Browser:
    ./apps/web/app/page.tsx [Client Component Browser]
    ./apps/web/app/page.tsx [Server Component]

  Client Component SSR:
    ./apps/web/app/page.tsx [Client Component SSR]
    ./apps/web/app/page.tsx [Server Component] @ http://localhost:3000/_next/static/chunks/10zw_next_dist_10gys1k._.js:1945
[  761071ms] [ERROR] ./apps/web/app/page.tsx:19:1
Export SigilNavbar doesn't exist in target module
  17 | import { useSigilSound } from "@/components/sound-provider";
  18 |
> 19 | import { SigilPageGrid, SigilSection, SigilNavbar } from "@sigil-ui/components";
     | ^^^^^^^^^^^^^^^^^^^^^^^^^^^^^^^^^^^^^^^^^^^^^^^^^^^^^^^^^^^^^^^^^^^^^^^^^^^^^^^^
  20 | import { BookOpen, LayoutGrid, Palette, ExternalLink, Flame } from "lucide-react";
  21 |
  22 | /* ================================================================ */

The export SigilNavbar was not found in module [project]/packages/components/dist/index.js [app-client] (ecmascript).
Did you mean to import SigilGrid?
All exports of the module are statically known (It doesn't have dynamic exports). So it's known statically that the requested export doesn't exist.

Import traces:
  Client Component Browser:
    ./apps/web/app/page.tsx [Client Component Browser]
    ./apps/web/app/page.tsx [Server Component]

  Client Component SSR:
    ./apps/web/app/page.tsx [Client Component SSR]
    ./apps/web/app/page.tsx [Server Component] @ http://localhost:3000/_next/static/chunks/10zw_next_dist_10gys1k._.js:1945
[  761072ms] [ERROR] ./apps/web/app/page.tsx:19:1
Export SigilNavbar doesn't exist in target module
  17 | import { useSigilSound } from "@/components/sound-provider";
  18 |
> 19 | import { SigilPageGrid, SigilSection, SigilNavbar } from "@sigil-ui/components";
     | ^^^^^^^^^^^^^^^^^^^^^^^^^^^^^^^^^^^^^^^^^^^^^^^^^^^^^^^^^^^^^^^^^^^^^^^^^^^^^^^^
  20 | import { BookOpen, LayoutGrid, Palette, ExternalLink, Flame } from "lucide-react";
  21 |
  22 | /* ================================================================ */

The export SigilNavbar was not found in module [project]/packages/components/dist/index.js [app-ssr] (ecmascript).
Did you mean to import SigilGrid?
All exports of the module are statically known (It doesn't have dynamic exports). So it's known statically that the requested export doesn't exist.

Import traces:
  Client Component Browser:
    ./apps/web/app/page.tsx [Client Component Browser]
    ./apps/web/app/page.tsx [Server Component]

  Client Component SSR:
    ./apps/web/app/page.tsx [Client Component SSR]
    ./apps/web/app/page.tsx [Server Component] @ http://localhost:3000/_next/static/chunks/10zw_next_dist_10gys1k._.js:1945
[  761072ms] [ERROR] ./apps/web/app/page.tsx:19:1
Export SigilPageGrid doesn't exist in target module
  17 | import { useSigilSound } from "@/components/sound-provider";
  18 |
> 19 | import { SigilPageGrid, SigilSection, SigilNavbar } from "@sigil-ui/components";
     | ^^^^^^^^^^^^^^^^^^^^^^^^^^^^^^^^^^^^^^^^^^^^^^^^^^^^^^^^^^^^^^^^^^^^^^^^^^^^^^^^
  20 | import { BookOpen, LayoutGrid, Palette, ExternalLink, Flame } from "lucide-react";
  21 |
  22 | /* ================================================================ */

The export SigilPageGrid was not found in module [project]/packages/components/dist/index.js [app-client] (ecmascript).
Did you mean to import SigilGrid?
All exports of the module are statically known (It doesn't have dynamic exports). So it's known statically that the requested export doesn't exist.

Import traces:
  Client Component Browser:
    ./apps/web/app/page.tsx [Client Component Browser]
    ./apps/web/app/page.tsx [Server Component]

  Client Component SSR:
    ./apps/web/app/page.tsx [Client Component SSR]
    ./apps/web/app/page.tsx [Server Component] @ http://localhost:3000/_next/static/chunks/10zw_next_dist_10gys1k._.js:1945
[  761072ms] [ERROR] ./apps/web/app/page.tsx:19:1
Export SigilPageGrid doesn't exist in target module
  17 | import { useSigilSound } from "@/components/sound-provider";
  18 |
> 19 | import { SigilPageGrid, SigilSection, SigilNavbar } from "@sigil-ui/components";
     | ^^^^^^^^^^^^^^^^^^^^^^^^^^^^^^^^^^^^^^^^^^^^^^^^^^^^^^^^^^^^^^^^^^^^^^^^^^^^^^^^
  20 | import { BookOpen, LayoutGrid, Palette, ExternalLink, Flame } from "lucide-react";
  21 |
  22 | /* ================================================================ */

The export SigilPageGrid was not found in module [project]/packages/components/dist/index.js [app-ssr] (ecmascript).
Did you mean to import SigilGrid?
All exports of the module are statically known (It doesn't have dynamic exports). So it's known statically that the requested export doesn't exist.

Import traces:
  Client Component Browser:
    ./apps/web/app/page.tsx [Client Component Browser]
    ./apps/web/app/page.tsx [Server Component]

  Client Component SSR:
    ./apps/web/app/page.tsx [Client Component SSR]
    ./apps/web/app/page.tsx [Server Component] @ http://localhost:3000/_next/static/chunks/10zw_next_dist_10gys1k._.js:1945
[  761072ms] [ERROR] ./apps/web/app/page.tsx:19:1
Export SigilSection doesn't exist in target module
  17 | import { useSigilSound } from "@/components/sound-provider";
  18 |
> 19 | import { SigilPageGrid, SigilSection, SigilNavbar } from "@sigil-ui/components";
     | ^^^^^^^^^^^^^^^^^^^^^^^^^^^^^^^^^^^^^^^^^^^^^^^^^^^^^^^^^^^^^^^^^^^^^^^^^^^^^^^^
  20 | import { BookOpen, LayoutGrid, Palette, ExternalLink, Flame } from "lucide-react";
  21 |
  22 | /* ================================================================ */

The export SigilSection was not found in module [project]/packages/components/dist/index.js [app-client] (ecmascript).
Did you mean to import Section?
All exports of the module are statically known (It doesn't have dynamic exports). So it's known statically that the requested export doesn't exist.

Import traces:
  Client Component Browser:
    ./apps/web/app/page.tsx [Client Component Browser]
    ./apps/web/app/page.tsx [Server Component]

  Client Component SSR:
    ./apps/web/app/page.tsx [Client Component SSR]
    ./apps/web/app/page.tsx [Server Component] @ http://localhost:3000/_next/static/chunks/10zw_next_dist_10gys1k._.js:1945
[  761072ms] [ERROR] ./apps/web/app/page.tsx:19:1
Export SigilSection doesn't exist in target module
  17 | import { useSigilSound } from "@/components/sound-provider";
  18 |
> 19 | import { SigilPageGrid, SigilSection, SigilNavbar } from "@sigil-ui/components";
     | ^^^^^^^^^^^^^^^^^^^^^^^^^^^^^^^^^^^^^^^^^^^^^^^^^^^^^^^^^^^^^^^^^^^^^^^^^^^^^^^^
  20 | import { BookOpen, LayoutGrid, Palette, ExternalLink, Flame } from "lucide-react";
  21 |
  22 | /* ================================================================ */

The export SigilSection was not found in module [project]/packages/components/dist/index.js [app-ssr] (ecmascript).
Did you mean to import Section?
All exports of the module are statically known (It doesn't have dynamic exports). So it's known statically that the requested export doesn't exist.

Import traces:
  Client Component Browser:
    ./apps/web/app/page.tsx [Client Component Browser]
    ./apps/web/app/page.tsx [Server Component]

  Client Component SSR:
    ./apps/web/app/page.tsx [Client Component SSR]
    ./apps/web/app/page.tsx [Server Component] @ http://localhost:3000/_next/static/chunks/10zw_next_dist_10gys1k._.js:1945
[  761125ms] [LOG] [Fast Refresh] rebuilding @ http://localhost:3000/_next/static/chunks/10zw_next_dist_10gys1k._.js:1226
[  761337ms] [ERROR] ./apps/web/app/page.tsx:19:1
Export SigilNavbar doesn't exist in target module
  17 | import { useSigilSound } from "@/components/sound-provider";
  18 |
> 19 | import { SigilPageGrid, SigilSection, SigilNavbar } from "@sigil-ui/components";
     | ^^^^^^^^^^^^^^^^^^^^^^^^^^^^^^^^^^^^^^^^^^^^^^^^^^^^^^^^^^^^^^^^^^^^^^^^^^^^^^^^
  20 | import { BookOpen, LayoutGrid, Palette, ExternalLink, Flame } from "lucide-react";
  21 |
  22 | /* ================================================================ */

The export SigilNavbar was not found in module [project]/packages/components/dist/index.js [app-client] (ecmascript).
Did you mean to import SigilGrid?
All exports of the module are statically known (It doesn't have dynamic exports). So it's known statically that the requested export doesn't exist.

Import traces:
  Client Component Browser:
    ./apps/web/app/page.tsx [Client Component Browser]
    ./apps/web/app/page.tsx [Server Component]

  Client Component SSR:
    ./apps/web/app/page.tsx [Client Component SSR]
    ./apps/web/app/page.tsx [Server Component] @ http://localhost:3000/_next/static/chunks/10zw_next_dist_10gys1k._.js:1945
[  761337ms] [ERROR] ./apps/web/app/page.tsx:19:1
Export SigilNavbar doesn't exist in target module
  17 | import { useSigilSound } from "@/components/sound-provider";
  18 |
> 19 | import { SigilPageGrid, SigilSection, SigilNavbar } from "@sigil-ui/components";
     | ^^^^^^^^^^^^^^^^^^^^^^^^^^^^^^^^^^^^^^^^^^^^^^^^^^^^^^^^^^^^^^^^^^^^^^^^^^^^^^^^
  20 | import { BookOpen, LayoutGrid, Palette, ExternalLink, Flame } from "lucide-react";
  21 |
  22 | /* ================================================================ */

The export SigilNavbar was not found in module [project]/packages/components/dist/index.js [app-ssr] (ecmascript).
Did you mean to import SigilGrid?
All exports of the module are statically known (It doesn't have dynamic exports). So it's known statically that the requested export doesn't exist.

Import traces:
  Client Component Browser:
    ./apps/web/app/page.tsx [Client Component Browser]
    ./apps/web/app/page.tsx [Server Component]

  Client Component SSR:
    ./apps/web/app/page.tsx [Client Component SSR]
    ./apps/web/app/page.tsx [Server Component] @ http://localhost:3000/_next/static/chunks/10zw_next_dist_10gys1k._.js:1945
[  761337ms] [ERROR] ./apps/web/app/page.tsx:19:1
Export SigilPageGrid doesn't exist in target module
  17 | import { useSigilSound } from "@/components/sound-provider";
  18 |
> 19 | import { SigilPageGrid, SigilSection, SigilNavbar } from "@sigil-ui/components";
     | ^^^^^^^^^^^^^^^^^^^^^^^^^^^^^^^^^^^^^^^^^^^^^^^^^^^^^^^^^^^^^^^^^^^^^^^^^^^^^^^^
  20 | import { BookOpen, LayoutGrid, Palette, ExternalLink, Flame } from "lucide-react";
  21 |
  22 | /* ================================================================ */

The export SigilPageGrid was not found in module [project]/packages/components/dist/index.js [app-client] (ecmascript).
Did you mean to import SigilGrid?
All exports of the module are statically known (It doesn't have dynamic exports). So it's known statically that the requested export doesn't exist.

Import traces:
  Client Component Browser:
    ./apps/web/app/page.tsx [Client Component Browser]
    ./apps/web/app/page.tsx [Server Component]

  Client Component SSR:
    ./apps/web/app/page.tsx [Client Component SSR]
    ./apps/web/app/page.tsx [Server Component] @ http://localhost:3000/_next/static/chunks/10zw_next_dist_10gys1k._.js:1945
[  761337ms] [ERROR] ./apps/web/app/page.tsx:19:1
Export SigilPageGrid doesn't exist in target module
  17 | import { useSigilSound } from "@/components/sound-provider";
  18 |
> 19 | import { SigilPageGrid, SigilSection, SigilNavbar } from "@sigil-ui/components";
     | ^^^^^^^^^^^^^^^^^^^^^^^^^^^^^^^^^^^^^^^^^^^^^^^^^^^^^^^^^^^^^^^^^^^^^^^^^^^^^^^^
  20 | import { BookOpen, LayoutGrid, Palette, ExternalLink, Flame } from "lucide-react";
  21 |
  22 | /* ================================================================ */

The export SigilPageGrid was not found in module [project]/packages/components/dist/index.js [app-ssr] (ecmascript).
Did you mean to import SigilGrid?
All exports of the module are statically known (It doesn't have dynamic exports). So it's known statically that the requested export doesn't exist.

Import traces:
  Client Component Browser:
    ./apps/web/app/page.tsx [Client Component Browser]
    ./apps/web/app/page.tsx [Server Component]

  Client Component SSR:
    ./apps/web/app/page.tsx [Client Component SSR]
    ./apps/web/app/page.tsx [Server Component] @ http://localhost:3000/_next/static/chunks/10zw_next_dist_10gys1k._.js:1945
[  761337ms] [ERROR] ./apps/web/app/page.tsx:19:1
Export SigilSection doesn't exist in target module
  17 | import { useSigilSound } from "@/components/sound-provider";
  18 |
> 19 | import { SigilPageGrid, SigilSection, SigilNavbar } from "@sigil-ui/components";
     | ^^^^^^^^^^^^^^^^^^^^^^^^^^^^^^^^^^^^^^^^^^^^^^^^^^^^^^^^^^^^^^^^^^^^^^^^^^^^^^^^
  20 | import { BookOpen, LayoutGrid, Palette, ExternalLink, Flame } from "lucide-react";
  21 |
  22 | /* ================================================================ */

The export SigilSection was not found in module [project]/packages/components/dist/index.js [app-client] (ecmascript).
Did you mean to import Section?
All exports of the module are statically known (It doesn't have dynamic exports). So it's known statically that the requested export doesn't exist.

Import traces:
  Client Component Browser:
    ./apps/web/app/page.tsx [Client Component Browser]
    ./apps/web/app/page.tsx [Server Component]

  Client Component SSR:
    ./apps/web/app/page.tsx [Client Component SSR]
    ./apps/web/app/page.tsx [Server Component] @ http://localhost:3000/_next/static/chunks/10zw_next_dist_10gys1k._.js:1945
[  761337ms] [ERROR] ./apps/web/app/page.tsx:19:1
Export SigilSection doesn't exist in target module
  17 | import { useSigilSound } from "@/components/sound-provider";
  18 |
> 19 | import { SigilPageGrid, SigilSection, SigilNavbar } from "@sigil-ui/components";
     | ^^^^^^^^^^^^^^^^^^^^^^^^^^^^^^^^^^^^^^^^^^^^^^^^^^^^^^^^^^^^^^^^^^^^^^^^^^^^^^^^
  20 | import { BookOpen, LayoutGrid, Palette, ExternalLink, Flame } from "lucide-react";
  21 |
  22 | /* ================================================================ */

The export SigilSection was not found in module [project]/packages/components/dist/index.js [app-ssr] (ecmascript).
Did you mean to import Section?
All exports of the module are statically known (It doesn't have dynamic exports). So it's known statically that the requested export doesn't exist.

Import traces:
  Client Component Browser:
    ./apps/web/app/page.tsx [Client Component Browser]
    ./apps/web/app/page.tsx [Server Component]

  Client Component SSR:
    ./apps/web/app/page.tsx [Client Component SSR]
    ./apps/web/app/page.tsx [Server Component] @ http://localhost:3000/_next/static/chunks/10zw_next_dist_10gys1k._.js:1945
[  761395ms] [LOG] [Fast Refresh] rebuilding @ http://localhost:3000/_next/static/chunks/10zw_next_dist_10gys1k._.js:1226
[  806711ms] [ERROR] ./apps/web/app/page.tsx:19:1
Export SigilNavbar doesn't exist in target module
  17 | import { useSigilSound } from "@/components/sound-provider";
  18 |
> 19 | import { SigilPageGrid, SigilSection, SigilNavbar } from "@sigil-ui/components";
     | ^^^^^^^^^^^^^^^^^^^^^^^^^^^^^^^^^^^^^^^^^^^^^^^^^^^^^^^^^^^^^^^^^^^^^^^^^^^^^^^^
  20 | import { BookOpen, LayoutGrid, Palette, ExternalLink, Flame } from "lucide-react";
  21 |
  22 | /* ================================================================ */

The export SigilNavbar was not found in module [project]/packages/components/dist/index.js [app-client] (ecmascript).
Did you mean to import SigilGrid?
All exports of the module are statically known (It doesn't have dynamic exports). So it's known statically that the requested export doesn't exist.

Import traces:
  Client Component Browser:
    ./apps/web/app/page.tsx [Client Component Browser]
    ./apps/web/app/page.tsx [Server Component]

  Client Component SSR:
    ./apps/web/app/page.tsx [Client Component SSR]
    ./apps/web/app/page.tsx [Server Component] @ http://localhost:3000/_next/static/chunks/10zw_next_dist_10gys1k._.js:1945
[  806711ms] [ERROR] ./apps/web/app/page.tsx:19:1
Export SigilNavbar doesn't exist in target module
  17 | import { useSigilSound } from "@/components/sound-provider";
  18 |
> 19 | import { SigilPageGrid, SigilSection, SigilNavbar } from "@sigil-ui/components";
     | ^^^^^^^^^^^^^^^^^^^^^^^^^^^^^^^^^^^^^^^^^^^^^^^^^^^^^^^^^^^^^^^^^^^^^^^^^^^^^^^^
  20 | import { BookOpen, LayoutGrid, Palette, ExternalLink, Flame } from "lucide-react";
  21 |
  22 | /* ================================================================ */

The export SigilNavbar was not found in module [project]/packages/components/dist/index.js [app-ssr] (ecmascript).
Did you mean to import SigilGrid?
All exports of the module are statically known (It doesn't have dynamic exports). So it's known statically that the requested export doesn't exist.

Import traces:
  Client Component Browser:
    ./apps/web/app/page.tsx [Client Component Browser]
    ./apps/web/app/page.tsx [Server Component]

  Client Component SSR:
    ./apps/web/app/page.tsx [Client Component SSR]
    ./apps/web/app/page.tsx [Server Component] @ http://localhost:3000/_next/static/chunks/10zw_next_dist_10gys1k._.js:1945
[  806711ms] [ERROR] ./apps/web/app/page.tsx:19:1
Export SigilPageGrid doesn't exist in target module
  17 | import { useSigilSound } from "@/components/sound-provider";
  18 |
> 19 | import { SigilPageGrid, SigilSection, SigilNavbar } from "@sigil-ui/components";
     | ^^^^^^^^^^^^^^^^^^^^^^^^^^^^^^^^^^^^^^^^^^^^^^^^^^^^^^^^^^^^^^^^^^^^^^^^^^^^^^^^
  20 | import { BookOpen, LayoutGrid, Palette, ExternalLink, Flame } from "lucide-react";
  21 |
  22 | /* ================================================================ */

The export SigilPageGrid was not found in module [project]/packages/components/dist/index.js [app-client] (ecmascript).
Did you mean to import SigilGrid?
All exports of the module are statically known (It doesn't have dynamic exports). So it's known statically that the requested export doesn't exist.

Import traces:
  Client Component Browser:
    ./apps/web/app/page.tsx [Client Component Browser]
    ./apps/web/app/page.tsx [Server Component]

  Client Component SSR:
    ./apps/web/app/page.tsx [Client Component SSR]
    ./apps/web/app/page.tsx [Server Component] @ http://localhost:3000/_next/static/chunks/10zw_next_dist_10gys1k._.js:1945
[  806711ms] [ERROR] ./apps/web/app/page.tsx:19:1
Export SigilPageGrid doesn't exist in target module
  17 | import { useSigilSound } from "@/components/sound-provider";
  18 |
> 19 | import { SigilPageGrid, SigilSection, SigilNavbar } from "@sigil-ui/components";
     | ^^^^^^^^^^^^^^^^^^^^^^^^^^^^^^^^^^^^^^^^^^^^^^^^^^^^^^^^^^^^^^^^^^^^^^^^^^^^^^^^
  20 | import { BookOpen, LayoutGrid, Palette, ExternalLink, Flame } from "lucide-react";
  21 |
  22 | /* ================================================================ */

The export SigilPageGrid was not found in module [project]/packages/components/dist/index.js [app-ssr] (ecmascript).
Did you mean to import SigilGrid?
All exports of the module are statically known (It doesn't have dynamic exports). So it's known statically that the requested export doesn't exist.

Import traces:
  Client Component Browser:
    ./apps/web/app/page.tsx [Client Component Browser]
    ./apps/web/app/page.tsx [Server Component]

  Client Component SSR:
    ./apps/web/app/page.tsx [Client Component SSR]
    ./apps/web/app/page.tsx [Server Component] @ http://localhost:3000/_next/static/chunks/10zw_next_dist_10gys1k._.js:1945
[  806711ms] [ERROR] ./apps/web/app/page.tsx:19:1
Export SigilSection doesn't exist in target module
  17 | import { useSigilSound } from "@/components/sound-provider";
  18 |
> 19 | import { SigilPageGrid, SigilSection, SigilNavbar } from "@sigil-ui/components";
     | ^^^^^^^^^^^^^^^^^^^^^^^^^^^^^^^^^^^^^^^^^^^^^^^^^^^^^^^^^^^^^^^^^^^^^^^^^^^^^^^^
  20 | import { BookOpen, LayoutGrid, Palette, ExternalLink, Flame } from "lucide-react";
  21 |
  22 | /* ================================================================ */

The export SigilSection was not found in module [project]/packages/components/dist/index.js [app-client] (ecmascript).
Did you mean to import Section?
All exports of the module are statically known (It doesn't have dynamic exports). So it's known statically that the requested export doesn't exist.

Import traces:
  Client Component Browser:
    ./apps/web/app/page.tsx [Client Component Browser]
    ./apps/web/app/page.tsx [Server Component]

  Client Component SSR:
    ./apps/web/app/page.tsx [Client Component SSR]
    ./apps/web/app/page.tsx [Server Component] @ http://localhost:3000/_next/static/chunks/10zw_next_dist_10gys1k._.js:1945
[  806711ms] [ERROR] ./apps/web/app/page.tsx:19:1
Export SigilSection doesn't exist in target module
  17 | import { useSigilSound } from "@/components/sound-provider";
  18 |
> 19 | import { SigilPageGrid, SigilSection, SigilNavbar } from "@sigil-ui/components";
     | ^^^^^^^^^^^^^^^^^^^^^^^^^^^^^^^^^^^^^^^^^^^^^^^^^^^^^^^^^^^^^^^^^^^^^^^^^^^^^^^^
  20 | import { BookOpen, LayoutGrid, Palette, ExternalLink, Flame } from "lucide-react";
  21 |
  22 | /* ================================================================ */

The export SigilSection was not found in module [project]/packages/components/dist/index.js [app-ssr] (ecmascript).
Did you mean to import Section?
All exports of the module are statically known (It doesn't have dynamic exports). So it's known statically that the requested export doesn't exist.

Import traces:
  Client Component Browser:
    ./apps/web/app/page.tsx [Client Component Browser]
    ./apps/web/app/page.tsx [Server Component]

  Client Component SSR:
    ./apps/web/app/page.tsx [Client Component SSR]
    ./apps/web/app/page.tsx [Server Component] @ http://localhost:3000/_next/static/chunks/10zw_next_dist_10gys1k._.js:1945
[  806811ms] [LOG] [Fast Refresh] rebuilding @ http://localhost:3000/_next/static/chunks/10zw_next_dist_10gys1k._.js:1226
[  807205ms] [LOG] [Fast Refresh] done in 494ms @ http://localhost:3000/_next/static/chunks/10zw_next_dist_10gys1k._.js:1226
[  807703ms] [INFO] %cDownload the React DevTools for a better development experience: https://react.dev/link/react-devtools font-weight:bold @ http://localhost:3000/_next/static/chunks/10zw_next_dist_09~qnvg._.js:2431
[  807760ms] [LOG] [HMR] connected @ http://localhost:3000/_next/static/chunks/10zw_next_dist_09~qnvg._.js:2431
