[    1918ms] [ERROR] Failed to load resource: the server responded with a status of 500 (Internal Server Error) @ http://localhost:3000/:0
[    1976ms] [INFO] %cDownload the React DevTools for a better development experience: https://react.dev/link/react-devtools font-weight:bold @ http://localhost:3000/_next/static/chunks/0e-u_react-dom_0037m-m._.js:15305
[    2017ms] Error: ./apps/web/app/layout.tsx:2:1
Module not found: Can't resolve 'fumadocs-ui/provider'
  1 | import "./global.css";
> 2 | import { RootProvider } from "fumadocs-ui/provider";
    | ^^^^^^^^^^^^^^^^^^^^^^^^^^^^^^^^^^^^^^^^^^^^^^^^^^^^
  3 | import { Roboto_Mono } from "next/font/google";
  4 | import type { Metadata } from "next";
  5 | import type { ReactNode } from "react";



https://nextjs.org/docs/messages/module-not-found


    at <unknown> (Error: ./apps/web/app/layout.tsx:2:1)
    at <unknown> (https://nextjs.org/docs/messages/module-not-found)
    at Object.getCompilationErrors (file:///Users/kevinliu/Documents/GitHub/reticle-ui/node_modules/.pnpm/next@16.2.4_@opentelemetry+api@1.9.0_react-dom@19.2.5_react@19.2.5__react@19.2.5/node_modules/next/dist/server/dev/hot-reloader-turbopack.js:1186:59)
    at DevBundlerService.getCompilationError (file:///Users/kevinliu/Documents/GitHub/reticle-ui/node_modules/.pnpm/next@16.2.4_@opentelemetry+api@1.9.0_react-dom@19.2.5_react@19.2.5__react@19.2.5/node_modules/next/dist/server/lib/dev-bundler-service.js:44:55)
    at DevServer.getCompilationError (file:///Users/kevinliu/Documents/GitHub/reticle-ui/node_modules/.pnpm/next@16.2.4_@opentelemetry+api@1.9.0_react-dom@19.2.5_react@19.2.5__react@19.2.5/node_modules/next/dist/server/dev/next-dev-server.js:719:42)
    at DevServer.findPageComponents (file:///Users/kevinliu/Documents/GitHub/reticle-ui/node_modules/.pnpm/next@16.2.4_@opentelemetry+api@1.9.0_react-dom@19.2.5_react@19.2.5__react@19.2.5/node_modules/next/dist/server/dev/next-dev-server.js:689:43)
    at async DevServer.renderErrorToResponseImpl (file:///Users/kevinliu/Documents/GitHub/reticle-ui/node_modules/.pnpm/next@16.2.4_@opentelemetry+api@1.9.0_react-dom@19.2.5_react@19.2.5__react@19.2.5/node_modules/next/dist/server/base-server.js:1745:26)
[    2016ms] [LOG] [HMR] connected @ http://localhost:3000/_next/static/chunks/10zw_next_dist_10gys1k._.js:1226
[    2092ms] [ERROR] ./apps/web/app/layout.tsx:2:1
Module not found: Can't resolve 'fumadocs-ui/provider'
  1 | import "./global.css";
> 2 | import { RootProvider } from "fumadocs-ui/provider";
    | ^^^^^^^^^^^^^^^^^^^^^^^^^^^^^^^^^^^^^^^^^^^^^^^^^^^^
  3 | import { Roboto_Mono } from "next/font/google";
  4 | import type { Metadata } from "next";
  5 | import type { ReactNode } from "react";

https://nextjs.org/docs/messages/module-not-found @ http://localhost:3000/_next/static/chunks/10zw_next_dist_10gys1k._.js:1945
[    2130ms] [ERROR] ./apps/web/app/layout.tsx:2:1
Module not found: Can't resolve 'fumadocs-ui/provider'
  1 | import "./global.css";
> 2 | import { RootProvider } from "fumadocs-ui/provider";
    | ^^^^^^^^^^^^^^^^^^^^^^^^^^^^^^^^^^^^^^^^^^^^^^^^^^^^
  3 | import { Roboto_Mono } from "next/font/google";
  4 | import type { Metadata } from "next";
  5 | import type { ReactNode } from "react";

https://nextjs.org/docs/messages/module-not-found @ http://localhost:3000/_next/static/chunks/10zw_next_dist_10gys1k._.js:1945
[    2195ms] [LOG] [Fast Refresh] rebuilding @ http://localhost:3000/_next/static/chunks/10zw_next_dist_10gys1k._.js:1226
[    2254ms] [ERROR] ./apps/web/app/layout.tsx:2:1
Module not found: Can't resolve 'fumadocs-ui/provider'
  1 | import "./global.css";
> 2 | import { RootProvider } from "fumadocs-ui/provider";
    | ^^^^^^^^^^^^^^^^^^^^^^^^^^^^^^^^^^^^^^^^^^^^^^^^^^^^
  3 | import { Roboto_Mono } from "next/font/google";
  4 | import type { Metadata } from "next";
  5 | import type { ReactNode } from "react";

https://nextjs.org/docs/messages/module-not-found @ http://localhost:3000/_next/static/chunks/10zw_next_dist_10gys1k._.js:1945
[   38399ms] [LOG] [Fast Refresh] rebuilding @ http://localhost:3000/_next/static/chunks/10zw_next_dist_10gys1k._.js:1226
[   39374ms] [LOG] [Fast Refresh] done in 817ms @ http://localhost:3000/_next/static/chunks/10zw_next_dist_10gys1k._.js:1226
[   39647ms] [INFO] %cDownload the React DevTools for a better development experience: https://react.dev/link/react-devtools font-weight:bold @ http://localhost:3000/_next/static/chunks/10zw_next_dist_09~qnvg._.js:2431
[   39696ms] [LOG] [HMR] connected @ http://localhost:3000/_next/static/chunks/10zw_next_dist_09~qnvg._.js:2431
[   70780ms] [LOG] [Fast Refresh] rebuilding @ http://localhost:3000/_next/static/chunks/10zw_next_dist_09~qnvg._.js:2431
[   70876ms] [LOG] [Fast Refresh] done in 197ms @ http://localhost:3000/_next/static/chunks/10zw_next_dist_09~qnvg._.js:2431
[  115662ms] [ERROR] WebSocket connection to 'ws://localhost:3000/_next/webpack-hmr?id=hoBOtC-2IM7PF09Rh9gL_' failed: Error in connection establishment: net::ERR_CONNECTION_REFUSED @ http://localhost:3000/_next/static/chunks/10zw_next_dist_client_0ii3he1._.js:13299
[  116664ms] [ERROR] WebSocket connection to 'ws://localhost:3000/_next/webpack-hmr?id=hoBOtC-2IM7PF09Rh9gL_' failed: Error in connection establishment: net::ERR_CONNECTION_REFUSED @ http://localhost:3000/_next/static/chunks/10zw_next_dist_client_0ii3he1._.js:13299
[  118215ms] [LOG] [HMR] connected @ http://localhost:3000/_next/static/chunks/10zw_next_dist_09~qnvg._.js:2431
[  118796ms] [INFO] %cDownload the React DevTools for a better development experience: https://react.dev/link/react-devtools font-weight:bold @ http://localhost:3000/_next/static/chunks/10zw_next_dist_09~qnvg._.js:2431
[  118811ms] [LOG] [HMR] connected @ http://localhost:3000/_next/static/chunks/10zw_next_dist_09~qnvg._.js:2431
