[     142ms] [LOG] [Fast Refresh] rebuilding @ http://localhost:3000/_next/static/chunks/10zw_next_dist_09~qnvg._.js:2431
[     189ms] [LOG] [Fast Refresh] done in 147ms @ http://localhost:3000/_next/static/chunks/10zw_next_dist_09~qnvg._.js:2431
[     337ms] [INFO] %cDownload the React DevTools for a better development experience: https://react.dev/link/react-devtools font-weight:bold @ http://localhost:3000/_next/static/chunks/10zw_next_dist_09~qnvg._.js:2431
[     380ms] [LOG] [HMR] connected @ http://localhost:3000/_next/static/chunks/10zw_next_dist_09~qnvg._.js:2431
[  116751ms] [LOG] [Fast Refresh] rebuilding @ http://localhost:3000/_next/static/chunks/10zw_next_dist_09~qnvg._.js:2431
[  116908ms] [LOG] [Fast Refresh] done in 257ms @ http://localhost:3000/_next/static/chunks/10zw_next_dist_09~qnvg._.js:2431
[  117015ms] [VERBOSE] [DOM] Password field is not contained in a form: (More info: https://goo.gl/9p2vKq) %o @ http://localhost:3000/components:0
[  117034ms] [INFO] %cDownload the React DevTools for a better development experience: https://react.dev/link/react-devtools font-weight:bold @ http://localhost:3000/_next/static/chunks/10zw_next_dist_09~qnvg._.js:2431
[  117088ms] [LOG] [HMR] connected @ http://localhost:3000/_next/static/chunks/10zw_next_dist_09~qnvg._.js:2431
[  117206ms] [LOG] [Fast Refresh] rebuilding @ http://localhost:3000/_next/static/chunks/10zw_next_dist_09~qnvg._.js:2431
[  117230ms] [LOG] [Fast Refresh] done in 134ms @ http://localhost:3000/_next/static/chunks/10zw_next_dist_09~qnvg._.js:2431
[  119059ms] [LOG] [Fast Refresh] rebuilding @ http://localhost:3000/_next/static/chunks/10zw_next_dist_09~qnvg._.js:2431
[  119610ms] [LOG] [Fast Refresh] done in 653ms @ http://localhost:3000/_next/static/chunks/10zw_next_dist_09~qnvg._.js:2431
[  120606ms] [INFO] %cDownload the React DevTools for a better development experience: https://react.dev/link/react-devtools font-weight:bold @ http://localhost:3000/_next/static/chunks/10zw_next_dist_09~qnvg._.js:2431
[  120615ms] [LOG] [HMR] connected @ http://localhost:3000/_next/static/chunks/10zw_next_dist_09~qnvg._.js:2431
[  120733ms] [LOG] [Fast Refresh] rebuilding @ http://localhost:3000/_next/static/chunks/10zw_next_dist_09~qnvg._.js:2431
[  120738ms] [LOG] [Fast Refresh] done in 111ms @ http://localhost:3000/_next/static/chunks/10zw_next_dist_09~qnvg._.js:2431
[  120944ms] [LOG] [Fast Refresh] rebuilding @ http://localhost:3000/_next/static/chunks/10zw_next_dist_09~qnvg._.js:2431
[  121023ms] [LOG] [Fast Refresh] done in 179ms @ http://localhost:3000/_next/static/chunks/10zw_next_dist_09~qnvg._.js:2431
[  147857ms] [LOG] [Fast Refresh] rebuilding @ http://localhost:3000/_next/static/chunks/10zw_next_dist_09~qnvg._.js:2431
[  147903ms] [LOG] [Fast Refresh] done in 135ms @ http://localhost:3000/_next/static/chunks/10zw_next_dist_09~qnvg._.js:2431
