[     221ms] [INFO] %cDownload the React DevTools for a better development experience: https://react.dev/link/react-devtools font-weight:bold @ http://localhost:3000/_next/static/chunks/10zw_next_dist_09~qnvg._.js:2431
[     233ms] [LOG] [HMR] connected @ http://localhost:3000/_next/static/chunks/10zw_next_dist_09~qnvg._.js:2431
[   82221ms] [LOG] [Fast Refresh] rebuilding @ http://localhost:3000/_next/static/chunks/10zw_next_dist_09~qnvg._.js:2431
[   83962ms] [ERROR] ./apps/web/app/manifesto/content.tsx:279:46
Expected '</', got 'ident'
  277 | ...             <BulletList
  278 | ...               items={[
> 279 | ...                 "An agent can switch from "warm editorial" to "cold industrial" by swapping ...
      |                                                ^^^^
  280 | ...                 "A designer can lock down the token spec and hand it to an agent with confid...
  281 | ...                 "Two projects using Sigil can look nothing alike, because the system was des...
  282 | ...                 "The agent has a legible, structured interface to the entire visual system —...

Parsing ecmascript source code failed

Import trace:
  Server Component:
    ./apps/web/app/manifesto/content.tsx
    ./apps/web/app/manifesto/page.tsx @ http://localhost:3000/_next/static/chunks/10zw_next_dist_09~qnvg._.js:3272
[   83981ms] [ERROR] Failed to load resource: the server responded with a status of 500 (Internal Server Error) @ http://localhost:3000/manifesto:0
[   84009ms] [INFO] %cDownload the React DevTools for a better development experience: https://react.dev/link/react-devtools font-weight:bold @ http://localhost:3000/_next/static/chunks/0e-u_react-dom_0037m-m._.js:15305
[   84038ms] Error: ./apps/web/app/manifesto/content.tsx:279:46
Expected '</', got 'ident'
  277 | ...             <BulletList
  278 | ...               items={[
> 279 | ...                 "An agent can switch from "warm editorial" to "cold industrial" by swapping ...
      |                                                ^^^^
  280 | ...                 "A designer can lock down the token spec and hand it to an agent with confid...
  281 | ...                 "Two projects using Sigil can look nothing alike, because the system was des...
  282 | ...                 "The agent has a legible, structured interface to the entire visual system —...

Parsing ecmascript source code failed

Import trace:
  Server Component:
    ./apps/web/app/manifesto/content.tsx
    ./apps/web/app/manifesto/page.tsx


    at <unknown> (Error: ./apps/web/app/manifesto/content.tsx:279:46)
    at Object.getCompilationErrors (file:///Users/kevinliu/Documents/GitHub/reticle-ui/node_modules/.pnpm/next@16.2.4_@opentelemetry+api@1.9.0_react-dom@19.2.5_react@19.2.5__react@19.2.5/node_modules/next/dist/server/dev/hot-reloader-turbopack.js:1186:59)
    at DevBundlerService.getCompilationError (file:///Users/kevinliu/Documents/GitHub/reticle-ui/node_modules/.pnpm/next@16.2.4_@opentelemetry+api@1.9.0_react-dom@19.2.5_react@19.2.5__react@19.2.5/node_modules/next/dist/server/lib/dev-bundler-service.js:44:55)
    at DevServer.getCompilationError (file:///Users/kevinliu/Documents/GitHub/reticle-ui/node_modules/.pnpm/next@16.2.4_@opentelemetry+api@1.9.0_react-dom@19.2.5_react@19.2.5__react@19.2.5/node_modules/next/dist/server/dev/next-dev-server.js:719:42)
    at DevServer.findPageComponents (file:///Users/kevinliu/Documents/GitHub/reticle-ui/node_modules/.pnpm/next@16.2.4_@opentelemetry+api@1.9.0_react-dom@19.2.5_react@19.2.5__react@19.2.5/node_modules/next/dist/server/dev/next-dev-server.js:689:43)
    at async DevServer.renderErrorToResponseImpl (file:///Users/kevinliu/Documents/GitHub/reticle-ui/node_modules/.pnpm/next@16.2.4_@opentelemetry+api@1.9.0_react-dom@19.2.5_react@19.2.5__react@19.2.5/node_modules/next/dist/server/base-server.js:1745:26)
[   84016ms] [LOG] [HMR] connected @ http://localhost:3000/_next/static/chunks/10zw_next_dist_10gys1k._.js:1226
[   84028ms] [ERROR] ./apps/web/app/manifesto/content.tsx:279:46
Expected '</', got 'ident'
  277 | ...             <BulletList
  278 | ...               items={[
> 279 | ...                 "An agent can switch from "warm editorial" to "cold industrial" by swapping ...
      |                                                ^^^^
  280 | ...                 "A designer can lock down the token spec and hand it to an agent with confid...
  281 | ...                 "Two projects using Sigil can look nothing alike, because the system was des...
  282 | ...                 "The agent has a legible, structured interface to the entire visual system —...

Parsing ecmascript source code failed

Import trace:
  Server Component:
    ./apps/web/app/manifesto/content.tsx
    ./apps/web/app/manifesto/page.tsx @ http://localhost:3000/_next/static/chunks/10zw_next_dist_10gys1k._.js:1945
[   84127ms] [LOG] [Fast Refresh] rebuilding @ http://localhost:3000/_next/static/chunks/10zw_next_dist_10gys1k._.js:1226
[   84154ms] [ERROR] ./apps/web/app/manifesto/content.tsx:279:46
Expected '</', got 'ident'
  277 | ...             <BulletList
  278 | ...               items={[
> 279 | ...                 "An agent can switch from "warm editorial" to "cold industrial" by swapping ...
      |                                                ^^^^
  280 | ...                 "A designer can lock down the token spec and hand it to an agent with confid...
  281 | ...                 "Two projects using Sigil can look nothing alike, because the system was des...
  282 | ...                 "The agent has a legible, structured interface to the entire visual system —...

Parsing ecmascript source code failed

Import trace:
  Server Component:
    ./apps/web/app/manifesto/content.tsx
    ./apps/web/app/manifesto/page.tsx @ http://localhost:3000/_next/static/chunks/10zw_next_dist_10gys1k._.js:1945
[  114602ms] [INFO] %cDownload the React DevTools for a better development experience: https://react.dev/link/react-devtools font-weight:bold @ http://localhost:3000/_next/static/chunks/10zw_next_dist_09~qnvg._.js:2431
[  114697ms] [LOG] [HMR] connected @ http://localhost:3000/_next/static/chunks/10zw_next_dist_09~qnvg._.js:2431
[  114798ms] [ERROR] ./apps/web/app/manifesto/content.tsx:279:46
Expected '</', got 'ident'
  277 | ...             <BulletList
  278 | ...               items={[
> 279 | ...                 "An agent can switch from "warm editorial" to "cold industrial" by swapping ...
      |                                                ^^^^
  280 | ...                 "A designer can lock down the token spec and hand it to an agent with confid...
  281 | ...                 "Two projects using Sigil can look nothing alike, because the system was des...
  282 | ...                 "The agent has a legible, structured interface to the entire visual system —...

Parsing ecmascript source code failed

Import trace:
  Server Component:
    ./apps/web/app/manifesto/content.tsx
    ./apps/web/app/manifesto/page.tsx @ http://localhost:3000/_next/static/chunks/10zw_next_dist_09~qnvg._.js:3272
[  114829ms] [ERROR] ./apps/web/app/manifesto/content.tsx:279:46
Expected '</', got 'ident'
  277 | ...             <BulletList
  278 | ...               items={[
> 279 | ...                 "An agent can switch from "warm editorial" to "cold industrial" by swapping ...
      |                                                ^^^^
  280 | ...                 "A designer can lock down the token spec and hand it to an agent with confid...
  281 | ...                 "Two projects using Sigil can look nothing alike, because the system was des...
  282 | ...                 "The agent has a legible, structured interface to the entire visual system —...

Parsing ecmascript source code failed

Import trace:
  Server Component:
    ./apps/web/app/manifesto/content.tsx
    ./apps/web/app/manifesto/page.tsx @ http://localhost:3000/_next/static/chunks/10zw_next_dist_09~qnvg._.js:3272
[  114917ms] [ERROR] ./apps/web/app/manifesto/content.tsx:279:46
Expected '</', got 'ident'
  277 | ...             <BulletList
  278 | ...               items={[
> 279 | ...                 "An agent can switch from "warm editorial" to "cold industrial" by swapping ...
      |                                                ^^^^
  280 | ...                 "A designer can lock down the token spec and hand it to an agent with confid...
  281 | ...                 "Two projects using Sigil can look nothing alike, because the system was des...
  282 | ...                 "The agent has a legible, structured interface to the entire visual system —...

Parsing ecmascript source code failed

Import trace:
  Server Component:
    ./apps/web/app/manifesto/content.tsx
    ./apps/web/app/manifesto/page.tsx @ http://localhost:3000/_next/static/chunks/10zw_next_dist_09~qnvg._.js:3272
[  114931ms] [LOG] [Fast Refresh] rebuilding @ http://localhost:3000/_next/static/chunks/10zw_next_dist_09~qnvg._.js:2431
[  152847ms] [LOG] [Fast Refresh] rebuilding @ http://localhost:3000/_next/static/chunks/10zw_next_dist_09~qnvg._.js:2431
[  153874ms] Error: Internal Next.js error: Router action dispatched before initialization.
    at dispatchAppRouterAction (http://localhost:3000/_next/static/chunks/10zw_next_dist_client_0ii3he1._.js:916:37)
    at http://localhost:3000/_next/static/chunks/10zw_next_dist_client_0ii3he1._.js:11800:61
    at startTransition (http://localhost:3000/_next/static/chunks/10zw_next_dist_compiled_0mu0jk-._.js:1279:31)
    at Object.hmrRefresh (http://localhost:3000/_next/static/chunks/10zw_next_dist_client_0ii3he1._.js:11799:40)
    at http://localhost:3000/_next/static/chunks/10zw_next_dist_client_0ii3he1._.js:13967:64
    at startTransition (http://localhost:3000/_next/static/chunks/10zw_next_dist_compiled_0mu0jk-._.js:1279:31)
    at processMessage (http://localhost:3000/_next/static/chunks/10zw_next_dist_client_0ii3he1._.js:13966:44)
    at WebSocket.handleMessage (http://localhost:3000/_next/static/chunks/10zw_next_dist_client_0ii3he1._.js:13335:52)
[  154184ms] Error: Internal Next.js error: Router action dispatched before initialization.
    at dispatchAppRouterAction (http://localhost:3000/_next/static/chunks/10zw_next_dist_client_0ii3he1._.js:916:37)
    at http://localhost:3000/_next/static/chunks/10zw_next_dist_client_0ii3he1._.js:11800:61
    at startTransition (http://localhost:3000/_next/static/chunks/10zw_next_dist_compiled_0mu0jk-._.js:1279:31)
    at Object.hmrRefresh (http://localhost:3000/_next/static/chunks/10zw_next_dist_client_0ii3he1._.js:11799:40)
    at http://localhost:3000/_next/static/chunks/10zw_next_dist_client_0ii3he1._.js:13967:64
    at startTransition (http://localhost:3000/_next/static/chunks/10zw_next_dist_compiled_0mu0jk-._.js:1279:31)
    at processMessage (http://localhost:3000/_next/static/chunks/10zw_next_dist_client_0ii3he1._.js:13966:44)
    at WebSocket.handleMessage (http://localhost:3000/_next/static/chunks/10zw_next_dist_client_0ii3he1._.js:13335:52)
[  154280ms] [LOG] [Fast Refresh] done in 1438ms @ http://localhost:3000/_next/static/chunks/10zw_next_dist_09~qnvg._.js:2431
[  154300ms] Error: Internal Next.js error: Router action dispatched before initialization.
    at dispatchAppRouterAction (http://localhost:3000/_next/static/chunks/10zw_next_dist_client_0ii3he1._.js:916:37)
    at http://localhost:3000/_next/static/chunks/10zw_next_dist_client_0ii3he1._.js:11800:61
    at startTransition (http://localhost:3000/_next/static/chunks/10zw_next_dist_compiled_0mu0jk-._.js:1279:31)
    at Object.hmrRefresh (http://localhost:3000/_next/static/chunks/10zw_next_dist_client_0ii3he1._.js:11799:40)
    at http://localhost:3000/_next/static/chunks/10zw_next_dist_client_0ii3he1._.js:13967:64
    at startTransition (http://localhost:3000/_next/static/chunks/10zw_next_dist_compiled_0mu0jk-._.js:1279:31)
    at processMessage (http://localhost:3000/_next/static/chunks/10zw_next_dist_client_0ii3he1._.js:13966:44)
    at WebSocket.handleMessage (http://localhost:3000/_next/static/chunks/10zw_next_dist_client_0ii3he1._.js:13335:52)
[  154315ms] Error: Internal Next.js error: Router action dispatched before initialization.
    at dispatchAppRouterAction (http://localhost:3000/_next/static/chunks/10zw_next_dist_client_0ii3he1._.js:916:37)
    at http://localhost:3000/_next/static/chunks/10zw_next_dist_client_0ii3he1._.js:11800:61
    at startTransition (http://localhost:3000/_next/static/chunks/10zw_next_dist_compiled_0mu0jk-._.js:1279:31)
    at Object.hmrRefresh (http://localhost:3000/_next/static/chunks/10zw_next_dist_client_0ii3he1._.js:11799:40)
    at http://localhost:3000/_next/static/chunks/10zw_next_dist_client_0ii3he1._.js:13967:64
    at startTransition (http://localhost:3000/_next/static/chunks/10zw_next_dist_compiled_0mu0jk-._.js:1279:31)
    at processMessage (http://localhost:3000/_next/static/chunks/10zw_next_dist_client_0ii3he1._.js:13966:44)
    at WebSocket.handleMessage (http://localhost:3000/_next/static/chunks/10zw_next_dist_client_0ii3he1._.js:13335:52)
