[      82ms] [ERROR] Failed to load resource: the server responded with a status of 500 (Internal Server Error) @ http://localhost:3000/demos/ai-saas:0
[     104ms] [INFO] %cDownload the React DevTools for a better development experience: https://react.dev/link/react-devtools font-weight:bold @ http://localhost:3000/_next/static/chunks/0e-u_react-dom_0037m-m._.js:15305
[     114ms] Error: ./apps/web/components/sound-provider.tsx:5:1
Export SigilSoundContext doesn't exist in target module
  3 | import { useCallback, useMemo, useState, type ReactNode } from "react";
  4 | import { defineSound } from "@web-kits/audio";
> 5 | import { SigilSoundContext, type SigilSoundName } from "@sigil-ui/components";
    | ^^^^^^^^^^^^^^^^^^^^^^^^^^^^^^^^^^^^^^^^^^^^^^^^^^^^^^^^^^^^^^^^^^^^^^^^^^^^^^
  6 |
  7 | type SoundDef = {
  8 |   source: { type: string; frequency: number | { start: number; end: number } };

The export SigilSoundContext was not found in module [project]/packages/components/dist/index.js [app-client] (ecmascript).
Did you mean to import SigilGutter?
All exports of the module are statically known (It doesn't have dynamic exports). So it's known statically that the requested export doesn't exist.

Import traces:
  #1 [Client Component Browser]:
    ./apps/web/components/sound-provider.tsx [Client Component Browser]
    ./apps/web/app/page.tsx [Client Component Browser]
    ./apps/web/app/page.tsx [Server Component]

  #2 [Client Component SSR]:
    ./apps/web/components/sound-provider.tsx [Client Component SSR]
    ./apps/web/app/page.tsx [Client Component SSR]
    ./apps/web/app/page.tsx [Server Component]

  #3 [Client Component Browser]:
    ./apps/web/components/sound-provider.tsx [Client Component Browser]
    ./apps/web/components/sigil-shell.tsx [Client Component Browser]
    ./apps/web/components/sigil-shell.tsx [Server Component]
    ./apps/web/app/layout.tsx [Server Component]

  #4 [Client Component SSR]:
    ./apps/web/components/sound-provider.tsx [Client Component SSR]
    ./apps/web/components/sigil-shell.tsx [Client Component SSR]
    ./apps/web/components/sigil-shell.tsx [Server Component]
    ./apps/web/app/layout.tsx [Server Component]


    at <unknown> (Error: ./apps/web/components/sound-provider.tsx:5:1)
    at Object.getCompilationErrors (file:///Users/kevinliu/Documents/GitHub/reticle-ui/node_modules/.pnpm/next@16.2.4_@opentelemetry+api@1.9.0_react-dom@19.2.5_react@19.2.5__react@19.2.5/node_modules/next/dist/server/dev/hot-reloader-turbopack.js:1186:59)
    at DevBundlerService.getCompilationError (file:///Users/kevinliu/Documents/GitHub/reticle-ui/node_modules/.pnpm/next@16.2.4_@opentelemetry+api@1.9.0_react-dom@19.2.5_react@19.2.5__react@19.2.5/node_modules/next/dist/server/lib/dev-bundler-service.js:44:55)
    at DevServer.getCompilationError (file:///Users/kevinliu/Documents/GitHub/reticle-ui/node_modules/.pnpm/next@16.2.4_@opentelemetry+api@1.9.0_react-dom@19.2.5_react@19.2.5__react@19.2.5/node_modules/next/dist/server/dev/next-dev-server.js:719:42)
    at DevServer.findPageComponents (file:///Users/kevinliu/Documents/GitHub/reticle-ui/node_modules/.pnpm/next@16.2.4_@opentelemetry+api@1.9.0_react-dom@19.2.5_react@19.2.5__react@19.2.5/node_modules/next/dist/server/dev/next-dev-server.js:689:43)
    at async DevServer.renderErrorToResponseImpl (file:///Users/kevinliu/Documents/GitHub/reticle-ui/node_modules/.pnpm/next@16.2.4_@opentelemetry+api@1.9.0_react-dom@19.2.5_react@19.2.5__react@19.2.5/node_modules/next/dist/server/base-server.js:1745:26)
[     111ms] [LOG] [HMR] connected @ http://localhost:3000/_next/static/chunks/10zw_next_dist_10gys1k._.js:1226
[     114ms] [ERROR] ./apps/web/components/sound-provider.tsx:5:1
Export SigilSoundContext doesn't exist in target module
  3 | import { useCallback, useMemo, useState, type ReactNode } from "react";
  4 | import { defineSound } from "@web-kits/audio";
> 5 | import { SigilSoundContext, type SigilSoundName } from "@sigil-ui/components";
    | ^^^^^^^^^^^^^^^^^^^^^^^^^^^^^^^^^^^^^^^^^^^^^^^^^^^^^^^^^^^^^^^^^^^^^^^^^^^^^^
  6 |
  7 | type SoundDef = {
  8 |   source: { type: string; frequency: number | { start: number; end: number } };

The export SigilSoundContext was not found in module [project]/packages/components/dist/index.js [app-client] (ecmascript).
Did you mean to import SigilGutter?
All exports of the module are statically known (It doesn't have dynamic exports). So it's known statically that the requested export doesn't exist.

Import traces:
  #1 [Client Component Browser]:
    ./apps/web/components/sound-provider.tsx [Client Component Browser]
    ./apps/web/app/page.tsx [Client Component Browser]
    ./apps/web/app/page.tsx [Server Component]

  #2 [Client Component SSR]:
    ./apps/web/components/sound-provider.tsx [Client Component SSR]
    ./apps/web/app/page.tsx [Client Component SSR]
    ./apps/web/app/page.tsx [Server Component]

  #3 [Client Component Browser]:
    ./apps/web/components/sound-provider.tsx [Client Component Browser]
    ./apps/web/components/sigil-shell.tsx [Client Component Browser]
    ./apps/web/components/sigil-shell.tsx [Server Component]
    ./apps/web/app/layout.tsx [Server Component]

  #4 [Client Component SSR]:
    ./apps/web/components/sound-provider.tsx [Client Component SSR]
    ./apps/web/components/sigil-shell.tsx [Client Component SSR]
    ./apps/web/components/sigil-shell.tsx [Server Component]
    ./apps/web/app/layout.tsx [Server Component] @ http://localhost:3000/_next/static/chunks/10zw_next_dist_10gys1k._.js:1945
[     115ms] [ERROR] ./apps/web/components/sound-provider.tsx:5:1
Export SigilSoundContext doesn't exist in target module
  3 | import { useCallback, useMemo, useState, type ReactNode } from "react";
  4 | import { defineSound } from "@web-kits/audio";
> 5 | import { SigilSoundContext, type SigilSoundName } from "@sigil-ui/components";
    | ^^^^^^^^^^^^^^^^^^^^^^^^^^^^^^^^^^^^^^^^^^^^^^^^^^^^^^^^^^^^^^^^^^^^^^^^^^^^^^
  6 |
  7 | type SoundDef = {
  8 |   source: { type: string; frequency: number | { start: number; end: number } };

The export SigilSoundContext was not found in module [project]/packages/components/dist/index.js [app-ssr] (ecmascript).
Did you mean to import SigilGutter?
All exports of the module are statically known (It doesn't have dynamic exports). So it's known statically that the requested export doesn't exist.

Import traces:
  #1 [Client Component Browser]:
    ./apps/web/components/sound-provider.tsx [Client Component Browser]
    ./apps/web/app/page.tsx [Client Component Browser]
    ./apps/web/app/page.tsx [Server Component]

  #2 [Client Component SSR]:
    ./apps/web/components/sound-provider.tsx [Client Component SSR]
    ./apps/web/app/page.tsx [Client Component SSR]
    ./apps/web/app/page.tsx [Server Component]

  #3 [Client Component Browser]:
    ./apps/web/components/sound-provider.tsx [Client Component Browser]
    ./apps/web/components/sigil-shell.tsx [Client Component Browser]
    ./apps/web/components/sigil-shell.tsx [Server Component]
    ./apps/web/app/layout.tsx [Server Component]

  #4 [Client Component SSR]:
    ./apps/web/components/sound-provider.tsx [Client Component SSR]
    ./apps/web/components/sigil-shell.tsx [Client Component SSR]
    ./apps/web/components/sigil-shell.tsx [Server Component]
    ./apps/web/app/layout.tsx [Server Component] @ http://localhost:3000/_next/static/chunks/10zw_next_dist_10gys1k._.js:1945
[     115ms] [ERROR] ./apps/web/components/sound-provider.tsx:5:1
Export SigilSoundContext doesn't exist in target module
  3 | import { useCallback, useMemo, useState, type ReactNode } from "react";
  4 | import { defineSound } from "@web-kits/audio";
> 5 | import { SigilSoundContext, type SigilSoundName } from "@sigil-ui/components";
    | ^^^^^^^^^^^^^^^^^^^^^^^^^^^^^^^^^^^^^^^^^^^^^^^^^^^^^^^^^^^^^^^^^^^^^^^^^^^^^^
  6 |
  7 | type SoundDef = {
  8 |   source: { type: string; frequency: number | { start: number; end: number } };

The export SigilSoundContext was not found in module [project]/packages/components/dist/index.js [app-client] (ecmascript).
Did you mean to import SigilGutter?
All exports of the module are statically known (It doesn't have dynamic exports). So it's known statically that the requested export doesn't exist.

Import traces:
  Client Component Browser:
    ./apps/web/components/sound-provider.tsx [Client Component Browser]
    ./apps/web/components/sigil-shell.tsx [Client Component Browser]
    ./apps/web/components/sigil-shell.tsx [Server Component]
    ./apps/web/app/layout.tsx [Server Component]

  Client Component SSR:
    ./apps/web/components/sound-provider.tsx [Client Component SSR]
    ./apps/web/components/sigil-shell.tsx [Client Component SSR]
    ./apps/web/components/sigil-shell.tsx [Server Component]
    ./apps/web/app/layout.tsx [Server Component] @ http://localhost:3000/_next/static/chunks/10zw_next_dist_10gys1k._.js:1945
[     115ms] [ERROR] ./apps/web/components/sound-provider.tsx:5:1
Export SigilSoundContext doesn't exist in target module
  3 | import { useCallback, useMemo, useState, type ReactNode } from "react";
  4 | import { defineSound } from "@web-kits/audio";
> 5 | import { SigilSoundContext, type SigilSoundName } from "@sigil-ui/components";
    | ^^^^^^^^^^^^^^^^^^^^^^^^^^^^^^^^^^^^^^^^^^^^^^^^^^^^^^^^^^^^^^^^^^^^^^^^^^^^^^
  6 |
  7 | type SoundDef = {
  8 |   source: { type: string; frequency: number | { start: number; end: number } };

The export SigilSoundContext was not found in module [project]/packages/components/dist/index.js [app-ssr] (ecmascript).
Did you mean to import SigilGutter?
All exports of the module are statically known (It doesn't have dynamic exports). So it's known statically that the requested export doesn't exist.

Import traces:
  Client Component Browser:
    ./apps/web/components/sound-provider.tsx [Client Component Browser]
    ./apps/web/components/sigil-shell.tsx [Client Component Browser]
    ./apps/web/components/sigil-shell.tsx [Server Component]
    ./apps/web/app/layout.tsx [Server Component]

  Client Component SSR:
    ./apps/web/components/sound-provider.tsx [Client Component SSR]
    ./apps/web/components/sigil-shell.tsx [Client Component SSR]
    ./apps/web/components/sigil-shell.tsx [Server Component]
    ./apps/web/app/layout.tsx [Server Component] @ http://localhost:3000/_next/static/chunks/10zw_next_dist_10gys1k._.js:1945
[     115ms] [ERROR] ./apps/web/components/sound-provider.tsx:5:1
Export SigilSoundContext doesn't exist in target module
  3 | import { useCallback, useMemo, useState, type ReactNode } from "react";
  4 | import { defineSound } from "@web-kits/audio";
> 5 | import { SigilSoundContext, type SigilSoundName } from "@sigil-ui/components";
    | ^^^^^^^^^^^^^^^^^^^^^^^^^^^^^^^^^^^^^^^^^^^^^^^^^^^^^^^^^^^^^^^^^^^^^^^^^^^^^^
  6 |
  7 | type SoundDef = {
  8 |   source: { type: string; frequency: number | { start: number; end: number } };

The export SigilSoundContext was not found in module [project]/packages/components/dist/index.js [app-client] (ecmascript).
Did you mean to import SigilGutter?
All exports of the module are statically known (It doesn't have dynamic exports). So it's known statically that the requested export doesn't exist.

Import traces:
  Client Component Browser:
    ./apps/web/components/sound-provider.tsx [Client Component Browser]
    ./apps/web/components/sigil-shell.tsx [Client Component Browser]
    ./apps/web/components/sigil-shell.tsx [Server Component]
    ./apps/web/app/layout.tsx [Server Component]

  Client Component SSR:
    ./apps/web/components/sound-provider.tsx [Client Component SSR]
    ./apps/web/components/sigil-shell.tsx [Client Component SSR]
    ./apps/web/components/sigil-shell.tsx [Server Component]
    ./apps/web/app/layout.tsx [Server Component] @ http://localhost:3000/_next/static/chunks/10zw_next_dist_10gys1k._.js:1945
[     115ms] [ERROR] ./apps/web/components/sound-provider.tsx:5:1
Export SigilSoundContext doesn't exist in target module
  3 | import { useCallback, useMemo, useState, type ReactNode } from "react";
  4 | import { defineSound } from "@web-kits/audio";
> 5 | import { SigilSoundContext, type SigilSoundName } from "@sigil-ui/components";
    | ^^^^^^^^^^^^^^^^^^^^^^^^^^^^^^^^^^^^^^^^^^^^^^^^^^^^^^^^^^^^^^^^^^^^^^^^^^^^^^
  6 |
  7 | type SoundDef = {
  8 |   source: { type: string; frequency: number | { start: number; end: number } };

The export SigilSoundContext was not found in module [project]/packages/components/dist/index.js [app-ssr] (ecmascript).
Did you mean to import SigilGutter?
All exports of the module are statically known (It doesn't have dynamic exports). So it's known statically that the requested export doesn't exist.

Import traces:
  Client Component Browser:
    ./apps/web/components/sound-provider.tsx [Client Component Browser]
    ./apps/web/components/sigil-shell.tsx [Client Component Browser]
    ./apps/web/components/sigil-shell.tsx [Server Component]
    ./apps/web/app/layout.tsx [Server Component]

  Client Component SSR:
    ./apps/web/components/sound-provider.tsx [Client Component SSR]
    ./apps/web/components/sigil-shell.tsx [Client Component SSR]
    ./apps/web/components/sigil-shell.tsx [Server Component]
    ./apps/web/app/layout.tsx [Server Component] @ http://localhost:3000/_next/static/chunks/10zw_next_dist_10gys1k._.js:1945
[     115ms] [ERROR] ./apps/web/components/sound-provider.tsx:5:1
Export SigilSoundContext doesn't exist in target module
  3 | import { useCallback, useMemo, useState, type ReactNode } from "react";
  4 | import { defineSound } from "@web-kits/audio";
> 5 | import { SigilSoundContext, type SigilSoundName } from "@sigil-ui/components";
    | ^^^^^^^^^^^^^^^^^^^^^^^^^^^^^^^^^^^^^^^^^^^^^^^^^^^^^^^^^^^^^^^^^^^^^^^^^^^^^^
  6 |
  7 | type SoundDef = {
  8 |   source: { type: string; frequency: number | { start: number; end: number } };

The export SigilSoundContext was not found in module [project]/packages/components/dist/index.js [app-client] (ecmascript).
Did you mean to import SigilGutter?
All exports of the module are statically known (It doesn't have dynamic exports). So it's known statically that the requested export doesn't exist.

Import traces:
  Client Component Browser:
    ./apps/web/components/sound-provider.tsx [Client Component Browser]
    ./apps/web/components/sigil-shell.tsx [Client Component Browser]
    ./apps/web/components/sigil-shell.tsx [Server Component]
    ./apps/web/app/layout.tsx [Server Component]

  Client Component SSR:
    ./apps/web/components/sound-provider.tsx [Client Component SSR]
    ./apps/web/components/sigil-shell.tsx [Client Component SSR]
    ./apps/web/components/sigil-shell.tsx [Server Component]
    ./apps/web/app/layout.tsx [Server Component] @ http://localhost:3000/_next/static/chunks/10zw_next_dist_10gys1k._.js:1945
[     115ms] [ERROR] ./apps/web/components/sound-provider.tsx:5:1
Export SigilSoundContext doesn't exist in target module
  3 | import { useCallback, useMemo, useState, type ReactNode } from "react";
  4 | import { defineSound } from "@web-kits/audio";
> 5 | import { SigilSoundContext, type SigilSoundName } from "@sigil-ui/components";
    | ^^^^^^^^^^^^^^^^^^^^^^^^^^^^^^^^^^^^^^^^^^^^^^^^^^^^^^^^^^^^^^^^^^^^^^^^^^^^^^
  6 |
  7 | type SoundDef = {
  8 |   source: { type: string; frequency: number | { start: number; end: number } };

The export SigilSoundContext was not found in module [project]/packages/components/dist/index.js [app-ssr] (ecmascript).
Did you mean to import SigilGutter?
All exports of the module are statically known (It doesn't have dynamic exports). So it's known statically that the requested export doesn't exist.

Import traces:
  Client Component Browser:
    ./apps/web/components/sound-provider.tsx [Client Component Browser]
    ./apps/web/components/sigil-shell.tsx [Client Component Browser]
    ./apps/web/components/sigil-shell.tsx [Server Component]
    ./apps/web/app/layout.tsx [Server Component]

  Client Component SSR:
    ./apps/web/components/sound-provider.tsx [Client Component SSR]
    ./apps/web/components/sigil-shell.tsx [Client Component SSR]
    ./apps/web/components/sigil-shell.tsx [Server Component]
    ./apps/web/app/layout.tsx [Server Component] @ http://localhost:3000/_next/static/chunks/10zw_next_dist_10gys1k._.js:1945
[     115ms] [ERROR] ./apps/web/components/sound-provider.tsx:5:1
Export SigilSoundContext doesn't exist in target module
  3 | import { useCallback, useMemo, useState, type ReactNode } from "react";
  4 | import { defineSound } from "@web-kits/audio";
> 5 | import { SigilSoundContext, type SigilSoundName } from "@sigil-ui/components";
    | ^^^^^^^^^^^^^^^^^^^^^^^^^^^^^^^^^^^^^^^^^^^^^^^^^^^^^^^^^^^^^^^^^^^^^^^^^^^^^^
  6 |
  7 | type SoundDef = {
  8 |   source: { type: string; frequency: number | { start: number; end: number } };

The export SigilSoundContext was not found in module [project]/packages/components/dist/index.js [app-client] (ecmascript).
Did you mean to import SigilGutter?
All exports of the module are statically known (It doesn't have dynamic exports). So it's known statically that the requested export doesn't exist.

Import traces:
  Client Component Browser:
    ./apps/web/components/sound-provider.tsx [Client Component Browser]
    ./apps/web/components/sigil-shell.tsx [Client Component Browser]
    ./apps/web/components/sigil-shell.tsx [Server Component]
    ./apps/web/app/layout.tsx [Server Component]

  Client Component SSR:
    ./apps/web/components/sound-provider.tsx [Client Component SSR]
    ./apps/web/components/sigil-shell.tsx [Client Component SSR]
    ./apps/web/components/sigil-shell.tsx [Server Component]
    ./apps/web/app/layout.tsx [Server Component] @ http://localhost:3000/_next/static/chunks/10zw_next_dist_10gys1k._.js:1945
[     115ms] [ERROR] ./apps/web/components/sound-provider.tsx:5:1
Export SigilSoundContext doesn't exist in target module
  3 | import { useCallback, useMemo, useState, type ReactNode } from "react";
  4 | import { defineSound } from "@web-kits/audio";
> 5 | import { SigilSoundContext, type SigilSoundName } from "@sigil-ui/components";
    | ^^^^^^^^^^^^^^^^^^^^^^^^^^^^^^^^^^^^^^^^^^^^^^^^^^^^^^^^^^^^^^^^^^^^^^^^^^^^^^
  6 |
  7 | type SoundDef = {
  8 |   source: { type: string; frequency: number | { start: number; end: number } };

The export SigilSoundContext was not found in module [project]/packages/components/dist/index.js [app-ssr] (ecmascript).
Did you mean to import SigilGutter?
All exports of the module are statically known (It doesn't have dynamic exports). So it's known statically that the requested export doesn't exist.

Import traces:
  Client Component Browser:
    ./apps/web/components/sound-provider.tsx [Client Component Browser]
    ./apps/web/components/sigil-shell.tsx [Client Component Browser]
    ./apps/web/components/sigil-shell.tsx [Server Component]
    ./apps/web/app/layout.tsx [Server Component]

  Client Component SSR:
    ./apps/web/components/sound-provider.tsx [Client Component SSR]
    ./apps/web/components/sigil-shell.tsx [Client Component SSR]
    ./apps/web/components/sigil-shell.tsx [Server Component]
    ./apps/web/app/layout.tsx [Server Component] @ http://localhost:3000/_next/static/chunks/10zw_next_dist_10gys1k._.js:1945
[     145ms] [ERROR] ./apps/web/components/sound-provider.tsx:5:1
Export SigilSoundContext doesn't exist in target module
  3 | import { useCallback, useMemo, useState, type ReactNode } from "react";
  4 | import { defineSound } from "@web-kits/audio";
> 5 | import { SigilSoundContext, type SigilSoundName } from "@sigil-ui/components";
    | ^^^^^^^^^^^^^^^^^^^^^^^^^^^^^^^^^^^^^^^^^^^^^^^^^^^^^^^^^^^^^^^^^^^^^^^^^^^^^^
  6 |
  7 | type SoundDef = {
  8 |   source: { type: string; frequency: number | { start: number; end: number } };

The export SigilSoundContext was not found in module [project]/packages/components/dist/index.js [app-client] (ecmascript).
Did you mean to import SigilGutter?
All exports of the module are statically known (It doesn't have dynamic exports). So it's known statically that the requested export doesn't exist.

Import traces:
  #1 [Client Component Browser]:
    ./apps/web/components/sound-provider.tsx [Client Component Browser]
    ./apps/web/app/page.tsx [Client Component Browser]
    ./apps/web/app/page.tsx [Server Component]

  #2 [Client Component SSR]:
    ./apps/web/components/sound-provider.tsx [Client Component SSR]
    ./apps/web/app/page.tsx [Client Component SSR]
    ./apps/web/app/page.tsx [Server Component]

  #3 [Client Component Browser]:
    ./apps/web/components/sound-provider.tsx [Client Component Browser]
    ./apps/web/components/sigil-shell.tsx [Client Component Browser]
    ./apps/web/components/sigil-shell.tsx [Server Component]
    ./apps/web/app/layout.tsx [Server Component]

  #4 [Client Component SSR]:
    ./apps/web/components/sound-provider.tsx [Client Component SSR]
    ./apps/web/components/sigil-shell.tsx [Client Component SSR]
    ./apps/web/components/sigil-shell.tsx [Server Component]
    ./apps/web/app/layout.tsx [Server Component] @ http://localhost:3000/_next/static/chunks/10zw_next_dist_10gys1k._.js:1945
[     145ms] [ERROR] ./apps/web/components/sound-provider.tsx:5:1
Export SigilSoundContext doesn't exist in target module
  3 | import { useCallback, useMemo, useState, type ReactNode } from "react";
  4 | import { defineSound } from "@web-kits/audio";
> 5 | import { SigilSoundContext, type SigilSoundName } from "@sigil-ui/components";
    | ^^^^^^^^^^^^^^^^^^^^^^^^^^^^^^^^^^^^^^^^^^^^^^^^^^^^^^^^^^^^^^^^^^^^^^^^^^^^^^
  6 |
  7 | type SoundDef = {
  8 |   source: { type: string; frequency: number | { start: number; end: number } };

The export SigilSoundContext was not found in module [project]/packages/components/dist/index.js [app-ssr] (ecmascript).
Did you mean to import SigilGutter?
All exports of the module are statically known (It doesn't have dynamic exports). So it's known statically that the requested export doesn't exist.

Import traces:
  #1 [Client Component Browser]:
    ./apps/web/components/sound-provider.tsx [Client Component Browser]
    ./apps/web/app/page.tsx [Client Component Browser]
    ./apps/web/app/page.tsx [Server Component]

  #2 [Client Component SSR]:
    ./apps/web/components/sound-provider.tsx [Client Component SSR]
    ./apps/web/app/page.tsx [Client Component SSR]
    ./apps/web/app/page.tsx [Server Component]

  #3 [Client Component Browser]:
    ./apps/web/components/sound-provider.tsx [Client Component Browser]
    ./apps/web/components/sigil-shell.tsx [Client Component Browser]
    ./apps/web/components/sigil-shell.tsx [Server Component]
    ./apps/web/app/layout.tsx [Server Component]

  #4 [Client Component SSR]:
    ./apps/web/components/sound-provider.tsx [Client Component SSR]
    ./apps/web/components/sigil-shell.tsx [Client Component SSR]
    ./apps/web/components/sigil-shell.tsx [Server Component]
    ./apps/web/app/layout.tsx [Server Component] @ http://localhost:3000/_next/static/chunks/10zw_next_dist_10gys1k._.js:1945
[     214ms] [LOG] [Fast Refresh] rebuilding @ http://localhost:3000/_next/static/chunks/10zw_next_dist_10gys1k._.js:1226
[   47769ms] [LOG] [Fast Refresh] rebuilding @ http://localhost:3000/_next/static/chunks/10zw_next_dist_10gys1k._.js:1226
[   48046ms] [ERROR] ./apps/web/components/sound-provider.tsx:5:1
Export SigilSoundContext doesn't exist in target module
  3 | import { createContext, useCallback, useContext, useMemo, useState, type ReactNode } from "react";
  4 | import { defineSound } from "@web-kits/audio";
> 5 | import { SigilSoundContext, type SigilSoundName } from "@sigil-ui/components";
    | ^^^^^^^^^^^^^^^^^^^^^^^^^^^^^^^^^^^^^^^^^^^^^^^^^^^^^^^^^^^^^^^^^^^^^^^^^^^^^^
  6 |
  7 | // ---------------------------------------------------------------------------
  8 | // Sound definition types

The export SigilSoundContext was not found in module [project]/packages/components/dist/index.js [app-client] (ecmascript).
Did you mean to import SigilGutter?
All exports of the module are statically known (It doesn't have dynamic exports). So it's known statically that the requested export doesn't exist.

Import traces:
  #1 [Client Component Browser]:
    ./apps/web/components/sound-provider.tsx [Client Component Browser]
    ./apps/web/app/page.tsx [Client Component Browser]
    ./apps/web/app/page.tsx [Server Component]

  #2 [Client Component SSR]:
    ./apps/web/components/sound-provider.tsx [Client Component SSR]
    ./apps/web/app/page.tsx [Client Component SSR]
    ./apps/web/app/page.tsx [Server Component]

  #3 [Client Component Browser]:
    ./apps/web/components/sound-provider.tsx [Client Component Browser]
    ./apps/web/components/sigil-shell.tsx [Client Component Browser]
    ./apps/web/components/sigil-shell.tsx [Server Component]
    ./apps/web/app/layout.tsx [Server Component]

  #4 [Client Component SSR]:
    ./apps/web/components/sound-provider.tsx [Client Component SSR]
    ./apps/web/components/sigil-shell.tsx [Client Component SSR]
    ./apps/web/components/sigil-shell.tsx [Server Component]
    ./apps/web/app/layout.tsx [Server Component] @ http://localhost:3000/_next/static/chunks/10zw_next_dist_10gys1k._.js:1945
[   48046ms] [ERROR] ./apps/web/components/sound-provider.tsx:5:1
Export SigilSoundContext doesn't exist in target module
  3 | import { createContext, useCallback, useContext, useMemo, useState, type ReactNode } from "react";
  4 | import { defineSound } from "@web-kits/audio";
> 5 | import { SigilSoundContext, type SigilSoundName } from "@sigil-ui/components";
    | ^^^^^^^^^^^^^^^^^^^^^^^^^^^^^^^^^^^^^^^^^^^^^^^^^^^^^^^^^^^^^^^^^^^^^^^^^^^^^^
  6 |
  7 | // ---------------------------------------------------------------------------
  8 | // Sound definition types

The export SigilSoundContext was not found in module [project]/packages/components/dist/index.js [app-ssr] (ecmascript).
Did you mean to import SigilGutter?
All exports of the module are statically known (It doesn't have dynamic exports). So it's known statically that the requested export doesn't exist.

Import traces:
  #1 [Client Component Browser]:
    ./apps/web/components/sound-provider.tsx [Client Component Browser]
    ./apps/web/app/page.tsx [Client Component Browser]
    ./apps/web/app/page.tsx [Server Component]

  #2 [Client Component SSR]:
    ./apps/web/components/sound-provider.tsx [Client Component SSR]
    ./apps/web/app/page.tsx [Client Component SSR]
    ./apps/web/app/page.tsx [Server Component]

  #3 [Client Component Browser]:
    ./apps/web/components/sound-provider.tsx [Client Component Browser]
    ./apps/web/components/sigil-shell.tsx [Client Component Browser]
    ./apps/web/components/sigil-shell.tsx [Server Component]
    ./apps/web/app/layout.tsx [Server Component]

  #4 [Client Component SSR]:
    ./apps/web/components/sound-provider.tsx [Client Component SSR]
    ./apps/web/components/sigil-shell.tsx [Client Component SSR]
    ./apps/web/components/sigil-shell.tsx [Server Component]
    ./apps/web/app/layout.tsx [Server Component] @ http://localhost:3000/_next/static/chunks/10zw_next_dist_10gys1k._.js:1945
[   48102ms] [ERROR] Failed to load resource: the server responded with a status of 500 (Internal Server Error) @ http://localhost:3000/demos/ai-saas:0
[   48133ms] [INFO] %cDownload the React DevTools for a better development experience: https://react.dev/link/react-devtools font-weight:bold @ http://localhost:3000/_next/static/chunks/0e-u_react-dom_0037m-m._.js:15305
[   48267ms] Error: ./apps/web/components/sound-provider.tsx:5:1
Export SigilSoundContext doesn't exist in target module
  3 | import { createContext, useCallback, useContext, useMemo, useState, type ReactNode } from "react";
  4 | import { defineSound } from "@web-kits/audio";
> 5 | import { SigilSoundContext, type SigilSoundName } from "@sigil-ui/components";
    | ^^^^^^^^^^^^^^^^^^^^^^^^^^^^^^^^^^^^^^^^^^^^^^^^^^^^^^^^^^^^^^^^^^^^^^^^^^^^^^
  6 |
  7 | // ---------------------------------------------------------------------------
  8 | // Sound definition types

The export SigilSoundContext was not found in module [project]/packages/components/dist/index.js [app-client] (ecmascript).
Did you mean to import SigilGutter?
All exports of the module are statically known (It doesn't have dynamic exports). So it's known statically that the requested export doesn't exist.

Import traces:
  #1 [Client Component Browser]:
    ./apps/web/components/sound-provider.tsx [Client Component Browser]
    ./apps/web/app/page.tsx [Client Component Browser]
    ./apps/web/app/page.tsx [Server Component]

  #2 [Client Component SSR]:
    ./apps/web/components/sound-provider.tsx [Client Component SSR]
    ./apps/web/app/page.tsx [Client Component SSR]
    ./apps/web/app/page.tsx [Server Component]

  #3 [Client Component Browser]:
    ./apps/web/components/sound-provider.tsx [Client Component Browser]
    ./apps/web/components/sigil-shell.tsx [Client Component Browser]
    ./apps/web/components/sigil-shell.tsx [Server Component]
    ./apps/web/app/layout.tsx [Server Component]

  #4 [Client Component SSR]:
    ./apps/web/components/sound-provider.tsx [Client Component SSR]
    ./apps/web/components/sigil-shell.tsx [Client Component SSR]
    ./apps/web/components/sigil-shell.tsx [Server Component]
    ./apps/web/app/layout.tsx [Server Component]


    at <unknown> (Error: ./apps/web/components/sound-provider.tsx:5:1)
    at Object.getCompilationErrors (file:///Users/kevinliu/Documents/GitHub/reticle-ui/node_modules/.pnpm/next@16.2.4_@opentelemetry+api@1.9.0_react-dom@19.2.5_react@19.2.5__react@19.2.5/node_modules/next/dist/server/dev/hot-reloader-turbopack.js:1186:59)
    at DevBundlerService.getCompilationError (file:///Users/kevinliu/Documents/GitHub/reticle-ui/node_modules/.pnpm/next@16.2.4_@opentelemetry+api@1.9.0_react-dom@19.2.5_react@19.2.5__react@19.2.5/node_modules/next/dist/server/lib/dev-bundler-service.js:44:55)
    at DevServer.getCompilationError (file:///Users/kevinliu/Documents/GitHub/reticle-ui/node_modules/.pnpm/next@16.2.4_@opentelemetry+api@1.9.0_react-dom@19.2.5_react@19.2.5__react@19.2.5/node_modules/next/dist/server/dev/next-dev-server.js:719:42)
    at DevServer.findPageComponents (file:///Users/kevinliu/Documents/GitHub/reticle-ui/node_modules/.pnpm/next@16.2.4_@opentelemetry+api@1.9.0_react-dom@19.2.5_react@19.2.5__react@19.2.5/node_modules/next/dist/server/dev/next-dev-server.js:689:43)
    at async DevServer.renderErrorToResponseImpl (file:///Users/kevinliu/Documents/GitHub/reticle-ui/node_modules/.pnpm/next@16.2.4_@opentelemetry+api@1.9.0_react-dom@19.2.5_react@19.2.5__react@19.2.5/node_modules/next/dist/server/base-server.js:1745:26)
[   48143ms] [LOG] [HMR] connected @ http://localhost:3000/_next/static/chunks/10zw_next_dist_10gys1k._.js:1226
[   48153ms] [ERROR] ./apps/web/components/sound-provider.tsx:5:1
Export SigilSoundContext doesn't exist in target module
  3 | import { createContext, useCallback, useContext, useMemo, useState, type ReactNode } from "react";
  4 | import { defineSound } from "@web-kits/audio";
> 5 | import { SigilSoundContext, type SigilSoundName } from "@sigil-ui/components";
    | ^^^^^^^^^^^^^^^^^^^^^^^^^^^^^^^^^^^^^^^^^^^^^^^^^^^^^^^^^^^^^^^^^^^^^^^^^^^^^^
  6 |
  7 | // ---------------------------------------------------------------------------
  8 | // Sound definition types

The export SigilSoundContext was not found in module [project]/packages/components/dist/index.js [app-client] (ecmascript).
Did you mean to import SigilGutter?
All exports of the module are statically known (It doesn't have dynamic exports). So it's known statically that the requested export doesn't exist.

Import traces:
  #1 [Client Component Browser]:
    ./apps/web/components/sound-provider.tsx [Client Component Browser]
    ./apps/web/app/page.tsx [Client Component Browser]
    ./apps/web/app/page.tsx [Server Component]

  #2 [Client Component SSR]:
    ./apps/web/components/sound-provider.tsx [Client Component SSR]
    ./apps/web/app/page.tsx [Client Component SSR]
    ./apps/web/app/page.tsx [Server Component]

  #3 [Client Component Browser]:
    ./apps/web/components/sound-provider.tsx [Client Component Browser]
    ./apps/web/components/sigil-shell.tsx [Client Component Browser]
    ./apps/web/components/sigil-shell.tsx [Server Component]
    ./apps/web/app/layout.tsx [Server Component]

  #4 [Client Component SSR]:
    ./apps/web/components/sound-provider.tsx [Client Component SSR]
    ./apps/web/components/sigil-shell.tsx [Client Component SSR]
    ./apps/web/components/sigil-shell.tsx [Server Component]
    ./apps/web/app/layout.tsx [Server Component] @ http://localhost:3000/_next/static/chunks/10zw_next_dist_10gys1k._.js:1945
[   48155ms] [ERROR] ./apps/web/components/sound-provider.tsx:5:1
Export SigilSoundContext doesn't exist in target module
  3 | import { createContext, useCallback, useContext, useMemo, useState, type ReactNode } from "react";
  4 | import { defineSound } from "@web-kits/audio";
> 5 | import { SigilSoundContext, type SigilSoundName } from "@sigil-ui/components";
    | ^^^^^^^^^^^^^^^^^^^^^^^^^^^^^^^^^^^^^^^^^^^^^^^^^^^^^^^^^^^^^^^^^^^^^^^^^^^^^^
  6 |
  7 | // ---------------------------------------------------------------------------
  8 | // Sound definition types

The export SigilSoundContext was not found in module [project]/packages/components/dist/index.js [app-ssr] (ecmascript).
Did you mean to import SigilGutter?
All exports of the module are statically known (It doesn't have dynamic exports). So it's known statically that the requested export doesn't exist.

Import traces:
  #1 [Client Component Browser]:
    ./apps/web/components/sound-provider.tsx [Client Component Browser]
    ./apps/web/app/page.tsx [Client Component Browser]
    ./apps/web/app/page.tsx [Server Component]

  #2 [Client Component SSR]:
    ./apps/web/components/sound-provider.tsx [Client Component SSR]
    ./apps/web/app/page.tsx [Client Component SSR]
    ./apps/web/app/page.tsx [Server Component]

  #3 [Client Component Browser]:
    ./apps/web/components/sound-provider.tsx [Client Component Browser]
    ./apps/web/components/sigil-shell.tsx [Client Component Browser]
    ./apps/web/components/sigil-shell.tsx [Server Component]
    ./apps/web/app/layout.tsx [Server Component]

  #4 [Client Component SSR]:
    ./apps/web/components/sound-provider.tsx [Client Component SSR]
    ./apps/web/components/sigil-shell.tsx [Client Component SSR]
    ./apps/web/components/sigil-shell.tsx [Server Component]
    ./apps/web/app/layout.tsx [Server Component] @ http://localhost:3000/_next/static/chunks/10zw_next_dist_10gys1k._.js:1945
[   48155ms] [ERROR] ./apps/web/components/sound-provider.tsx:5:1
Export SigilSoundContext doesn't exist in target module
  3 | import { createContext, useCallback, useContext, useMemo, useState, type ReactNode } from "react";
  4 | import { defineSound } from "@web-kits/audio";
> 5 | import { SigilSoundContext, type SigilSoundName } from "@sigil-ui/components";
    | ^^^^^^^^^^^^^^^^^^^^^^^^^^^^^^^^^^^^^^^^^^^^^^^^^^^^^^^^^^^^^^^^^^^^^^^^^^^^^^
  6 |
  7 | // ---------------------------------------------------------------------------
  8 | // Sound definition types

The export SigilSoundContext was not found in module [project]/packages/components/dist/index.js [app-client] (ecmascript).
Did you mean to import SigilGutter?
All exports of the module are statically known (It doesn't have dynamic exports). So it's known statically that the requested export doesn't exist.

Import traces:
  Client Component Browser:
    ./apps/web/components/sound-provider.tsx [Client Component Browser]
    ./apps/web/components/sigil-shell.tsx [Client Component Browser]
    ./apps/web/components/sigil-shell.tsx [Server Component]
    ./apps/web/app/layout.tsx [Server Component]

  Client Component SSR:
    ./apps/web/components/sound-provider.tsx [Client Component SSR]
    ./apps/web/components/sigil-shell.tsx [Client Component SSR]
    ./apps/web/components/sigil-shell.tsx [Server Component]
    ./apps/web/app/layout.tsx [Server Component] @ http://localhost:3000/_next/static/chunks/10zw_next_dist_10gys1k._.js:1945
[   48155ms] [ERROR] ./apps/web/components/sound-provider.tsx:5:1
Export SigilSoundContext doesn't exist in target module
  3 | import { createContext, useCallback, useContext, useMemo, useState, type ReactNode } from "react";
  4 | import { defineSound } from "@web-kits/audio";
> 5 | import { SigilSoundContext, type SigilSoundName } from "@sigil-ui/components";
    | ^^^^^^^^^^^^^^^^^^^^^^^^^^^^^^^^^^^^^^^^^^^^^^^^^^^^^^^^^^^^^^^^^^^^^^^^^^^^^^
  6 |
  7 | // ---------------------------------------------------------------------------
  8 | // Sound definition types

The export SigilSoundContext was not found in module [project]/packages/components/dist/index.js [app-ssr] (ecmascript).
Did you mean to import SigilGutter?
All exports of the module are statically known (It doesn't have dynamic exports). So it's known statically that the requested export doesn't exist.

Import traces:
  Client Component Browser:
    ./apps/web/components/sound-provider.tsx [Client Component Browser]
    ./apps/web/components/sigil-shell.tsx [Client Component Browser]
    ./apps/web/components/sigil-shell.tsx [Server Component]
    ./apps/web/app/layout.tsx [Server Component]

  Client Component SSR:
    ./apps/web/components/sound-provider.tsx [Client Component SSR]
    ./apps/web/components/sigil-shell.tsx [Client Component SSR]
    ./apps/web/components/sigil-shell.tsx [Server Component]
    ./apps/web/app/layout.tsx [Server Component] @ http://localhost:3000/_next/static/chunks/10zw_next_dist_10gys1k._.js:1945
[   48155ms] [ERROR] ./apps/web/components/sound-provider.tsx:5:1
Export SigilSoundContext doesn't exist in target module
  3 | import { createContext, useCallback, useContext, useMemo, useState, type ReactNode } from "react";
  4 | import { defineSound } from "@web-kits/audio";
> 5 | import { SigilSoundContext, type SigilSoundName } from "@sigil-ui/components";
    | ^^^^^^^^^^^^^^^^^^^^^^^^^^^^^^^^^^^^^^^^^^^^^^^^^^^^^^^^^^^^^^^^^^^^^^^^^^^^^^
  6 |
  7 | // ---------------------------------------------------------------------------
  8 | // Sound definition types

The export SigilSoundContext was not found in module [project]/packages/components/dist/index.js [app-client] (ecmascript).
Did you mean to import SigilGutter?
All exports of the module are statically known (It doesn't have dynamic exports). So it's known statically that the requested export doesn't exist.

Import traces:
  Client Component Browser:
    ./apps/web/components/sound-provider.tsx [Client Component Browser]
    ./apps/web/components/sigil-shell.tsx [Client Component Browser]
    ./apps/web/components/sigil-shell.tsx [Server Component]
    ./apps/web/app/layout.tsx [Server Component]

  Client Component SSR:
    ./apps/web/components/sound-provider.tsx [Client Component SSR]
    ./apps/web/components/sigil-shell.tsx [Client Component SSR]
    ./apps/web/components/sigil-shell.tsx [Server Component]
    ./apps/web/app/layout.tsx [Server Component] @ http://localhost:3000/_next/static/chunks/10zw_next_dist_10gys1k._.js:1945
[   48155ms] [ERROR] ./apps/web/components/sound-provider.tsx:5:1
Export SigilSoundContext doesn't exist in target module
  3 | import { createContext, useCallback, useContext, useMemo, useState, type ReactNode } from "react";
  4 | import { defineSound } from "@web-kits/audio";
> 5 | import { SigilSoundContext, type SigilSoundName } from "@sigil-ui/components";
    | ^^^^^^^^^^^^^^^^^^^^^^^^^^^^^^^^^^^^^^^^^^^^^^^^^^^^^^^^^^^^^^^^^^^^^^^^^^^^^^
  6 |
  7 | // ---------------------------------------------------------------------------
  8 | // Sound definition types

The export SigilSoundContext was not found in module [project]/packages/components/dist/index.js [app-ssr] (ecmascript).
Did you mean to import SigilGutter?
All exports of the module are statically known (It doesn't have dynamic exports). So it's known statically that the requested export doesn't exist.

Import traces:
  Client Component Browser:
    ./apps/web/components/sound-provider.tsx [Client Component Browser]
    ./apps/web/components/sigil-shell.tsx [Client Component Browser]
    ./apps/web/components/sigil-shell.tsx [Server Component]
    ./apps/web/app/layout.tsx [Server Component]

  Client Component SSR:
    ./apps/web/components/sound-provider.tsx [Client Component SSR]
    ./apps/web/components/sigil-shell.tsx [Client Component SSR]
    ./apps/web/components/sigil-shell.tsx [Server Component]
    ./apps/web/app/layout.tsx [Server Component] @ http://localhost:3000/_next/static/chunks/10zw_next_dist_10gys1k._.js:1945
[   48155ms] [ERROR] ./apps/web/components/sound-provider.tsx:5:1
Export SigilSoundContext doesn't exist in target module
  3 | import { createContext, useCallback, useContext, useMemo, useState, type ReactNode } from "react";
  4 | import { defineSound } from "@web-kits/audio";
> 5 | import { SigilSoundContext, type SigilSoundName } from "@sigil-ui/components";
    | ^^^^^^^^^^^^^^^^^^^^^^^^^^^^^^^^^^^^^^^^^^^^^^^^^^^^^^^^^^^^^^^^^^^^^^^^^^^^^^
  6 |
  7 | // ---------------------------------------------------------------------------
  8 | // Sound definition types

The export SigilSoundContext was not found in module [project]/packages/components/dist/index.js [app-client] (ecmascript).
Did you mean to import SigilGutter?
All exports of the module are statically known (It doesn't have dynamic exports). So it's known statically that the requested export doesn't exist.

Import traces:
  Client Component Browser:
    ./apps/web/components/sound-provider.tsx [Client Component Browser]
    ./apps/web/components/sigil-shell.tsx [Client Component Browser]
    ./apps/web/components/sigil-shell.tsx [Server Component]
    ./apps/web/app/layout.tsx [Server Component]

  Client Component SSR:
    ./apps/web/components/sound-provider.tsx [Client Component SSR]
    ./apps/web/components/sigil-shell.tsx [Client Component SSR]
    ./apps/web/components/sigil-shell.tsx [Server Component]
    ./apps/web/app/layout.tsx [Server Component] @ http://localhost:3000/_next/static/chunks/10zw_next_dist_10gys1k._.js:1945
[   48155ms] [ERROR] ./apps/web/components/sound-provider.tsx:5:1
Export SigilSoundContext doesn't exist in target module
  3 | import { createContext, useCallback, useContext, useMemo, useState, type ReactNode } from "react";
  4 | import { defineSound } from "@web-kits/audio";
> 5 | import { SigilSoundContext, type SigilSoundName } from "@sigil-ui/components";
    | ^^^^^^^^^^^^^^^^^^^^^^^^^^^^^^^^^^^^^^^^^^^^^^^^^^^^^^^^^^^^^^^^^^^^^^^^^^^^^^
  6 |
  7 | // ---------------------------------------------------------------------------
  8 | // Sound definition types

The export SigilSoundContext was not found in module [project]/packages/components/dist/index.js [app-ssr] (ecmascript).
Did you mean to import SigilGutter?
All exports of the module are statically known (It doesn't have dynamic exports). So it's known statically that the requested export doesn't exist.

Import traces:
  Client Component Browser:
    ./apps/web/components/sound-provider.tsx [Client Component Browser]
    ./apps/web/components/sigil-shell.tsx [Client Component Browser]
    ./apps/web/components/sigil-shell.tsx [Server Component]
    ./apps/web/app/layout.tsx [Server Component]

  Client Component SSR:
    ./apps/web/components/sound-provider.tsx [Client Component SSR]
    ./apps/web/components/sigil-shell.tsx [Client Component SSR]
    ./apps/web/components/sigil-shell.tsx [Server Component]
    ./apps/web/app/layout.tsx [Server Component] @ http://localhost:3000/_next/static/chunks/10zw_next_dist_10gys1k._.js:1945
[   48155ms] [ERROR] ./apps/web/components/sound-provider.tsx:5:1
Export SigilSoundContext doesn't exist in target module
  3 | import { createContext, useCallback, useContext, useMemo, useState, type ReactNode } from "react";
  4 | import { defineSound } from "@web-kits/audio";
> 5 | import { SigilSoundContext, type SigilSoundName } from "@sigil-ui/components";
    | ^^^^^^^^^^^^^^^^^^^^^^^^^^^^^^^^^^^^^^^^^^^^^^^^^^^^^^^^^^^^^^^^^^^^^^^^^^^^^^
  6 |
  7 | // ---------------------------------------------------------------------------
  8 | // Sound definition types

The export SigilSoundContext was not found in module [project]/packages/components/dist/index.js [app-client] (ecmascript).
Did you mean to import SigilGutter?
All exports of the module are statically known (It doesn't have dynamic exports). So it's known statically that the requested export doesn't exist.

Import traces:
  Client Component Browser:
    ./apps/web/components/sound-provider.tsx [Client Component Browser]
    ./apps/web/components/sigil-shell.tsx [Client Component Browser]
    ./apps/web/components/sigil-shell.tsx [Server Component]
    ./apps/web/app/layout.tsx [Server Component]

  Client Component SSR:
    ./apps/web/components/sound-provider.tsx [Client Component SSR]
    ./apps/web/components/sigil-shell.tsx [Client Component SSR]
    ./apps/web/components/sigil-shell.tsx [Server Component]
    ./apps/web/app/layout.tsx [Server Component] @ http://localhost:3000/_next/static/chunks/10zw_next_dist_10gys1k._.js:1945
[   48155ms] [ERROR] ./apps/web/components/sound-provider.tsx:5:1
Export SigilSoundContext doesn't exist in target module
  3 | import { createContext, useCallback, useContext, useMemo, useState, type ReactNode } from "react";
  4 | import { defineSound } from "@web-kits/audio";
> 5 | import { SigilSoundContext, type SigilSoundName } from "@sigil-ui/components";
    | ^^^^^^^^^^^^^^^^^^^^^^^^^^^^^^^^^^^^^^^^^^^^^^^^^^^^^^^^^^^^^^^^^^^^^^^^^^^^^^
  6 |
  7 | // ---------------------------------------------------------------------------
  8 | // Sound definition types

The export SigilSoundContext was not found in module [project]/packages/components/dist/index.js [app-ssr] (ecmascript).
Did you mean to import SigilGutter?
All exports of the module are statically known (It doesn't have dynamic exports). So it's known statically that the requested export doesn't exist.

Import traces:
  Client Component Browser:
    ./apps/web/components/sound-provider.tsx [Client Component Browser]
    ./apps/web/components/sigil-shell.tsx [Client Component Browser]
    ./apps/web/components/sigil-shell.tsx [Server Component]
    ./apps/web/app/layout.tsx [Server Component]

  Client Component SSR:
    ./apps/web/components/sound-provider.tsx [Client Component SSR]
    ./apps/web/components/sigil-shell.tsx [Client Component SSR]
    ./apps/web/components/sigil-shell.tsx [Server Component]
    ./apps/web/app/layout.tsx [Server Component] @ http://localhost:3000/_next/static/chunks/10zw_next_dist_10gys1k._.js:1945
[   48198ms] [ERROR] ./apps/web/components/sound-provider.tsx:5:1
Export SigilSoundContext doesn't exist in target module
  3 | import { createContext, useCallback, useContext, useMemo, useState, type ReactNode } from "react";
  4 | import { defineSound } from "@web-kits/audio";
> 5 | import { SigilSoundContext, type SigilSoundName } from "@sigil-ui/components";
    | ^^^^^^^^^^^^^^^^^^^^^^^^^^^^^^^^^^^^^^^^^^^^^^^^^^^^^^^^^^^^^^^^^^^^^^^^^^^^^^
  6 |
  7 | // ---------------------------------------------------------------------------
  8 | // Sound definition types

The export SigilSoundContext was not found in module [project]/packages/components/dist/index.js [app-client] (ecmascript).
Did you mean to import SigilGutter?
All exports of the module are statically known (It doesn't have dynamic exports). So it's known statically that the requested export doesn't exist.

Import traces:
  #1 [Client Component Browser]:
    ./apps/web/components/sound-provider.tsx [Client Component Browser]
    ./apps/web/app/page.tsx [Client Component Browser]
    ./apps/web/app/page.tsx [Server Component]

  #2 [Client Component SSR]:
    ./apps/web/components/sound-provider.tsx [Client Component SSR]
    ./apps/web/app/page.tsx [Client Component SSR]
    ./apps/web/app/page.tsx [Server Component]

  #3 [Client Component Browser]:
    ./apps/web/components/sound-provider.tsx [Client Component Browser]
    ./apps/web/components/sigil-shell.tsx [Client Component Browser]
    ./apps/web/components/sigil-shell.tsx [Server Component]
    ./apps/web/app/layout.tsx [Server Component]

  #4 [Client Component SSR]:
    ./apps/web/components/sound-provider.tsx [Client Component SSR]
    ./apps/web/components/sigil-shell.tsx [Client Component SSR]
    ./apps/web/components/sigil-shell.tsx [Server Component]
    ./apps/web/app/layout.tsx [Server Component] @ http://localhost:3000/_next/static/chunks/10zw_next_dist_10gys1k._.js:1945
[   48198ms] [ERROR] ./apps/web/components/sound-provider.tsx:5:1
Export SigilSoundContext doesn't exist in target module
  3 | import { createContext, useCallback, useContext, useMemo, useState, type ReactNode } from "react";
  4 | import { defineSound } from "@web-kits/audio";
> 5 | import { SigilSoundContext, type SigilSoundName } from "@sigil-ui/components";
    | ^^^^^^^^^^^^^^^^^^^^^^^^^^^^^^^^^^^^^^^^^^^^^^^^^^^^^^^^^^^^^^^^^^^^^^^^^^^^^^
  6 |
  7 | // ---------------------------------------------------------------------------
  8 | // Sound definition types

The export SigilSoundContext was not found in module [project]/packages/components/dist/index.js [app-ssr] (ecmascript).
Did you mean to import SigilGutter?
All exports of the module are statically known (It doesn't have dynamic exports). So it's known statically that the requested export doesn't exist.

Import traces:
  #1 [Client Component Browser]:
    ./apps/web/components/sound-provider.tsx [Client Component Browser]
    ./apps/web/app/page.tsx [Client Component Browser]
    ./apps/web/app/page.tsx [Server Component]

  #2 [Client Component SSR]:
    ./apps/web/components/sound-provider.tsx [Client Component SSR]
    ./apps/web/app/page.tsx [Client Component SSR]
    ./apps/web/app/page.tsx [Server Component]

  #3 [Client Component Browser]:
    ./apps/web/components/sound-provider.tsx [Client Component Browser]
    ./apps/web/components/sigil-shell.tsx [Client Component Browser]
    ./apps/web/components/sigil-shell.tsx [Server Component]
    ./apps/web/app/layout.tsx [Server Component]

  #4 [Client Component SSR]:
    ./apps/web/components/sound-provider.tsx [Client Component SSR]
    ./apps/web/components/sigil-shell.tsx [Client Component SSR]
    ./apps/web/components/sigil-shell.tsx [Server Component]
    ./apps/web/app/layout.tsx [Server Component] @ http://localhost:3000/_next/static/chunks/10zw_next_dist_10gys1k._.js:1945
[   48250ms] [LOG] [Fast Refresh] rebuilding @ http://localhost:3000/_next/static/chunks/10zw_next_dist_10gys1k._.js:1226
[   48327ms] [ERROR] ./apps/web/components/sound-provider.tsx:5:1
Export SigilSoundContext doesn't exist in target module
  3 | import { createContext, useCallback, useContext, useMemo, useState, type ReactNode } from "react";
  4 | import { defineSound } from "@web-kits/audio";
> 5 | import { SigilSoundContext, type SigilSoundName } from "@sigil-ui/components";
    | ^^^^^^^^^^^^^^^^^^^^^^^^^^^^^^^^^^^^^^^^^^^^^^^^^^^^^^^^^^^^^^^^^^^^^^^^^^^^^^
  6 |
  7 | // ---------------------------------------------------------------------------
  8 | // Sound definition types

The export SigilSoundContext was not found in module [project]/packages/components/dist/index.js [app-client] (ecmascript).
Did you mean to import SigilGutter?
All exports of the module are statically known (It doesn't have dynamic exports). So it's known statically that the requested export doesn't exist.

Import traces:
  #1 [Client Component Browser]:
    ./apps/web/components/sound-provider.tsx [Client Component Browser]
    ./apps/web/app/page.tsx [Client Component Browser]
    ./apps/web/app/page.tsx [Server Component]

  #2 [Client Component SSR]:
    ./apps/web/components/sound-provider.tsx [Client Component SSR]
    ./apps/web/app/page.tsx [Client Component SSR]
    ./apps/web/app/page.tsx [Server Component]

  #3 [Client Component Browser]:
    ./apps/web/components/sound-provider.tsx [Client Component Browser]
    ./apps/web/components/sigil-shell.tsx [Client Component Browser]
    ./apps/web/components/sigil-shell.tsx [Server Component]
    ./apps/web/app/layout.tsx [Server Component]

  #4 [Client Component SSR]:
    ./apps/web/components/sound-provider.tsx [Client Component SSR]
    ./apps/web/components/sigil-shell.tsx [Client Component SSR]
    ./apps/web/components/sigil-shell.tsx [Server Component]
    ./apps/web/app/layout.tsx [Server Component] @ http://localhost:3000/_next/static/chunks/10zw_next_dist_10gys1k._.js:1945
[   48328ms] [ERROR] ./apps/web/components/sound-provider.tsx:5:1
Export SigilSoundContext doesn't exist in target module
  3 | import { createContext, useCallback, useContext, useMemo, useState, type ReactNode } from "react";
  4 | import { defineSound } from "@web-kits/audio";
> 5 | import { SigilSoundContext, type SigilSoundName } from "@sigil-ui/components";
    | ^^^^^^^^^^^^^^^^^^^^^^^^^^^^^^^^^^^^^^^^^^^^^^^^^^^^^^^^^^^^^^^^^^^^^^^^^^^^^^
  6 |
  7 | // ---------------------------------------------------------------------------
  8 | // Sound definition types

The export SigilSoundContext was not found in module [project]/packages/components/dist/index.js [app-ssr] (ecmascript).
Did you mean to import SigilGutter?
All exports of the module are statically known (It doesn't have dynamic exports). So it's known statically that the requested export doesn't exist.

Import traces:
  #1 [Client Component Browser]:
    ./apps/web/components/sound-provider.tsx [Client Component Browser]
    ./apps/web/app/page.tsx [Client Component Browser]
    ./apps/web/app/page.tsx [Server Component]

  #2 [Client Component SSR]:
    ./apps/web/components/sound-provider.tsx [Client Component SSR]
    ./apps/web/app/page.tsx [Client Component SSR]
    ./apps/web/app/page.tsx [Server Component]

  #3 [Client Component Browser]:
    ./apps/web/components/sound-provider.tsx [Client Component Browser]
    ./apps/web/components/sigil-shell.tsx [Client Component Browser]
    ./apps/web/components/sigil-shell.tsx [Server Component]
    ./apps/web/app/layout.tsx [Server Component]

  #4 [Client Component SSR]:
    ./apps/web/components/sound-provider.tsx [Client Component SSR]
    ./apps/web/components/sigil-shell.tsx [Client Component SSR]
    ./apps/web/components/sigil-shell.tsx [Server Component]
    ./apps/web/app/layout.tsx [Server Component] @ http://localhost:3000/_next/static/chunks/10zw_next_dist_10gys1k._.js:1945
[   48392ms] [LOG] [Fast Refresh] rebuilding @ http://localhost:3000/_next/static/chunks/10zw_next_dist_10gys1k._.js:1226
[   53710ms] [ERROR] ./apps/web/components/sound-provider.tsx:5:1
Export SigilSoundContext doesn't exist in target module
  3 | import { createContext, useCallback, useContext, useMemo, useState, type ReactNode } from "react";
  4 | import { defineSound } from "@web-kits/audio";
> 5 | import { SigilSoundContext, type SigilSoundName } from "@sigil-ui/components";
    | ^^^^^^^^^^^^^^^^^^^^^^^^^^^^^^^^^^^^^^^^^^^^^^^^^^^^^^^^^^^^^^^^^^^^^^^^^^^^^^
  6 |
  7 | // ---------------------------------------------------------------------------
  8 | // Sound definition types

The export SigilSoundContext was not found in module [project]/packages/components/dist/index.js [app-client] (ecmascript).
Did you mean to import SigilGutter?
All exports of the module are statically known (It doesn't have dynamic exports). So it's known statically that the requested export doesn't exist.

Import traces:
  #1 [Client Component Browser]:
    ./apps/web/components/sound-provider.tsx [Client Component Browser]
    ./apps/web/app/page.tsx [Client Component Browser]
    ./apps/web/app/page.tsx [Server Component]

  #2 [Client Component SSR]:
    ./apps/web/components/sound-provider.tsx [Client Component SSR]
    ./apps/web/app/page.tsx [Client Component SSR]
    ./apps/web/app/page.tsx [Server Component]

  #3 [Client Component Browser]:
    ./apps/web/components/sound-provider.tsx [Client Component Browser]
    ./apps/web/components/sigil-shell.tsx [Client Component Browser]
    ./apps/web/components/sigil-shell.tsx [Server Component]
    ./apps/web/app/layout.tsx [Server Component]

  #4 [Client Component SSR]:
    ./apps/web/components/sound-provider.tsx [Client Component SSR]
    ./apps/web/components/sigil-shell.tsx [Client Component SSR]
    ./apps/web/components/sigil-shell.tsx [Server Component]
    ./apps/web/app/layout.tsx [Server Component] @ http://localhost:3000/_next/static/chunks/10zw_next_dist_10gys1k._.js:1945
[   53710ms] [ERROR] ./apps/web/components/sound-provider.tsx:5:1
Export SigilSoundContext doesn't exist in target module
  3 | import { createContext, useCallback, useContext, useMemo, useState, type ReactNode } from "react";
  4 | import { defineSound } from "@web-kits/audio";
> 5 | import { SigilSoundContext, type SigilSoundName } from "@sigil-ui/components";
    | ^^^^^^^^^^^^^^^^^^^^^^^^^^^^^^^^^^^^^^^^^^^^^^^^^^^^^^^^^^^^^^^^^^^^^^^^^^^^^^
  6 |
  7 | // ---------------------------------------------------------------------------
  8 | // Sound definition types

The export SigilSoundContext was not found in module [project]/packages/components/dist/index.js [app-ssr] (ecmascript).
Did you mean to import SigilGutter?
All exports of the module are statically known (It doesn't have dynamic exports). So it's known statically that the requested export doesn't exist.

Import traces:
  #1 [Client Component Browser]:
    ./apps/web/components/sound-provider.tsx [Client Component Browser]
    ./apps/web/app/page.tsx [Client Component Browser]
    ./apps/web/app/page.tsx [Server Component]

  #2 [Client Component SSR]:
    ./apps/web/components/sound-provider.tsx [Client Component SSR]
    ./apps/web/app/page.tsx [Client Component SSR]
    ./apps/web/app/page.tsx [Server Component]

  #3 [Client Component Browser]:
    ./apps/web/components/sound-provider.tsx [Client Component Browser]
    ./apps/web/components/sigil-shell.tsx [Client Component Browser]
    ./apps/web/components/sigil-shell.tsx [Server Component]
    ./apps/web/app/layout.tsx [Server Component]

  #4 [Client Component SSR]:
    ./apps/web/components/sound-provider.tsx [Client Component SSR]
    ./apps/web/components/sigil-shell.tsx [Client Component SSR]
    ./apps/web/components/sigil-shell.tsx [Server Component]
    ./apps/web/app/layout.tsx [Server Component] @ http://localhost:3000/_next/static/chunks/10zw_next_dist_10gys1k._.js:1945
[   53812ms] [LOG] [Fast Refresh] rebuilding @ http://localhost:3000/_next/static/chunks/10zw_next_dist_10gys1k._.js:1226
[   53864ms] [ERROR] ./apps/web/components/sound-provider.tsx:5:1
Export SigilSoundContext doesn't exist in target module
  3 | import { createContext, useCallback, useContext, useMemo, useState, type ReactNode } from "react";
  4 | import { defineSound } from "@web-kits/audio";
> 5 | import { SigilSoundContext, type SigilSoundName } from "@sigil-ui/components";
    | ^^^^^^^^^^^^^^^^^^^^^^^^^^^^^^^^^^^^^^^^^^^^^^^^^^^^^^^^^^^^^^^^^^^^^^^^^^^^^^
  6 |
  7 | // ---------------------------------------------------------------------------
  8 | // Sound definition types

The export SigilSoundContext was not found in module [project]/packages/components/dist/index.js [app-client] (ecmascript).
Did you mean to import SigilGutter?
All exports of the module are statically known (It doesn't have dynamic exports). So it's known statically that the requested export doesn't exist.

Import traces:
  #1 [Client Component Browser]:
    ./apps/web/components/sound-provider.tsx [Client Component Browser]
    ./apps/web/app/page.tsx [Client Component Browser]
    ./apps/web/app/page.tsx [Server Component]

  #2 [Client Component SSR]:
    ./apps/web/components/sound-provider.tsx [Client Component SSR]
    ./apps/web/app/page.tsx [Client Component SSR]
    ./apps/web/app/page.tsx [Server Component]

  #3 [Client Component Browser]:
    ./apps/web/components/sound-provider.tsx [Client Component Browser]
    ./apps/web/components/sigil-shell.tsx [Client Component Browser]
    ./apps/web/components/sigil-shell.tsx [Server Component]
    ./apps/web/app/layout.tsx [Server Component]

  #4 [Client Component SSR]:
    ./apps/web/components/sound-provider.tsx [Client Component SSR]
    ./apps/web/components/sigil-shell.tsx [Client Component SSR]
    ./apps/web/components/sigil-shell.tsx [Server Component]
    ./apps/web/app/layout.tsx [Server Component] @ http://localhost:3000/_next/static/chunks/10zw_next_dist_10gys1k._.js:1945
[   53864ms] [ERROR] ./apps/web/components/sound-provider.tsx:5:1
Export SigilSoundContext doesn't exist in target module
  3 | import { createContext, useCallback, useContext, useMemo, useState, type ReactNode } from "react";
  4 | import { defineSound } from "@web-kits/audio";
> 5 | import { SigilSoundContext, type SigilSoundName } from "@sigil-ui/components";
    | ^^^^^^^^^^^^^^^^^^^^^^^^^^^^^^^^^^^^^^^^^^^^^^^^^^^^^^^^^^^^^^^^^^^^^^^^^^^^^^
  6 |
  7 | // ---------------------------------------------------------------------------
  8 | // Sound definition types

The export SigilSoundContext was not found in module [project]/packages/components/dist/index.js [app-ssr] (ecmascript).
Did you mean to import SigilGutter?
All exports of the module are statically known (It doesn't have dynamic exports). So it's known statically that the requested export doesn't exist.

Import traces:
  #1 [Client Component Browser]:
    ./apps/web/components/sound-provider.tsx [Client Component Browser]
    ./apps/web/app/page.tsx [Client Component Browser]
    ./apps/web/app/page.tsx [Server Component]

  #2 [Client Component SSR]:
    ./apps/web/components/sound-provider.tsx [Client Component SSR]
    ./apps/web/app/page.tsx [Client Component SSR]
    ./apps/web/app/page.tsx [Server Component]

  #3 [Client Component Browser]:
    ./apps/web/components/sound-provider.tsx [Client Component Browser]
    ./apps/web/components/sigil-shell.tsx [Client Component Browser]
    ./apps/web/components/sigil-shell.tsx [Server Component]
    ./apps/web/app/layout.tsx [Server Component]

  #4 [Client Component SSR]:
    ./apps/web/components/sound-provider.tsx [Client Component SSR]
    ./apps/web/components/sigil-shell.tsx [Client Component SSR]
    ./apps/web/components/sigil-shell.tsx [Server Component]
    ./apps/web/app/layout.tsx [Server Component] @ http://localhost:3000/_next/static/chunks/10zw_next_dist_10gys1k._.js:1945
[   54350ms] [ERROR] ./apps/web/components/sound-provider.tsx:5:1
Export SigilSoundContext doesn't exist in target module
  3 | import { createContext, useCallback, useContext, useMemo, useState, type ReactNode } from "react";
  4 | import { defineSound } from "@web-kits/audio";
> 5 | import { SigilSoundContext, type SigilSoundName } from "@sigil-ui/components";
    | ^^^^^^^^^^^^^^^^^^^^^^^^^^^^^^^^^^^^^^^^^^^^^^^^^^^^^^^^^^^^^^^^^^^^^^^^^^^^^^
  6 |
  7 | // ---------------------------------------------------------------------------
  8 | // Sound definition types

The export SigilSoundContext was not found in module [project]/packages/components/dist/index.js [app-client] (ecmascript).
Did you mean to import SigilGutter?
All exports of the module are statically known (It doesn't have dynamic exports). So it's known statically that the requested export doesn't exist.

Import traces:
  #1 [Client Component Browser]:
    ./apps/web/components/sound-provider.tsx [Client Component Browser]
    ./apps/web/app/page.tsx [Client Component Browser]
    ./apps/web/app/page.tsx [Server Component]

  #2 [Client Component SSR]:
    ./apps/web/components/sound-provider.tsx [Client Component SSR]
    ./apps/web/app/page.tsx [Client Component SSR]
    ./apps/web/app/page.tsx [Server Component]

  #3 [Client Component Browser]:
    ./apps/web/components/sound-provider.tsx [Client Component Browser]
    ./apps/web/components/sigil-shell.tsx [Client Component Browser]
    ./apps/web/components/sigil-shell.tsx [Server Component]
    ./apps/web/app/layout.tsx [Server Component]

  #4 [Client Component SSR]:
    ./apps/web/components/sound-provider.tsx [Client Component SSR]
    ./apps/web/components/sigil-shell.tsx [Client Component SSR]
    ./apps/web/components/sigil-shell.tsx [Server Component]
    ./apps/web/app/layout.tsx [Server Component] @ http://localhost:3000/_next/static/chunks/10zw_next_dist_10gys1k._.js:1945
[   54351ms] [ERROR] ./apps/web/components/sound-provider.tsx:5:1
Export SigilSoundContext doesn't exist in target module
  3 | import { createContext, useCallback, useContext, useMemo, useState, type ReactNode } from "react";
  4 | import { defineSound } from "@web-kits/audio";
> 5 | import { SigilSoundContext, type SigilSoundName } from "@sigil-ui/components";
    | ^^^^^^^^^^^^^^^^^^^^^^^^^^^^^^^^^^^^^^^^^^^^^^^^^^^^^^^^^^^^^^^^^^^^^^^^^^^^^^
  6 |
  7 | // ---------------------------------------------------------------------------
  8 | // Sound definition types

The export SigilSoundContext was not found in module [project]/packages/components/dist/index.js [app-ssr] (ecmascript).
Did you mean to import SigilGutter?
All exports of the module are statically known (It doesn't have dynamic exports). So it's known statically that the requested export doesn't exist.

Import traces:
  #1 [Client Component Browser]:
    ./apps/web/components/sound-provider.tsx [Client Component Browser]
    ./apps/web/app/page.tsx [Client Component Browser]
    ./apps/web/app/page.tsx [Server Component]

  #2 [Client Component SSR]:
    ./apps/web/components/sound-provider.tsx [Client Component SSR]
    ./apps/web/app/page.tsx [Client Component SSR]
    ./apps/web/app/page.tsx [Server Component]

  #3 [Client Component Browser]:
    ./apps/web/components/sound-provider.tsx [Client Component Browser]
    ./apps/web/components/sigil-shell.tsx [Client Component Browser]
    ./apps/web/components/sigil-shell.tsx [Server Component]
    ./apps/web/app/layout.tsx [Server Component]

  #4 [Client Component SSR]:
    ./apps/web/components/sound-provider.tsx [Client Component SSR]
    ./apps/web/components/sigil-shell.tsx [Client Component SSR]
    ./apps/web/components/sigil-shell.tsx [Server Component]
    ./apps/web/app/layout.tsx [Server Component] @ http://localhost:3000/_next/static/chunks/10zw_next_dist_10gys1k._.js:1945
[   54417ms] [LOG] [Fast Refresh] rebuilding @ http://localhost:3000/_next/static/chunks/10zw_next_dist_10gys1k._.js:1226
[   54477ms] [ERROR] ./apps/web/components/sound-provider.tsx:5:1
Export SigilSoundContext doesn't exist in target module
  3 | import { createContext, useCallback, useContext, useMemo, useState, type ReactNode } from "react";
  4 | import { defineSound } from "@web-kits/audio";
> 5 | import { SigilSoundContext, type SigilSoundName } from "@sigil-ui/components";
    | ^^^^^^^^^^^^^^^^^^^^^^^^^^^^^^^^^^^^^^^^^^^^^^^^^^^^^^^^^^^^^^^^^^^^^^^^^^^^^^
  6 |
  7 | // ---------------------------------------------------------------------------
  8 | // Sound definition types

The export SigilSoundContext was not found in module [project]/packages/components/dist/index.js [app-client] (ecmascript).
Did you mean to import SigilGutter?
All exports of the module are statically known (It doesn't have dynamic exports). So it's known statically that the requested export doesn't exist.

Import traces:
  #1 [Client Component Browser]:
    ./apps/web/components/sound-provider.tsx [Client Component Browser]
    ./apps/web/app/page.tsx [Client Component Browser]
    ./apps/web/app/page.tsx [Server Component]

  #2 [Client Component SSR]:
    ./apps/web/components/sound-provider.tsx [Client Component SSR]
    ./apps/web/app/page.tsx [Client Component SSR]
    ./apps/web/app/page.tsx [Server Component]

  #3 [Client Component Browser]:
    ./apps/web/components/sound-provider.tsx [Client Component Browser]
    ./apps/web/components/sigil-shell.tsx [Client Component Browser]
    ./apps/web/components/sigil-shell.tsx [Server Component]
    ./apps/web/app/layout.tsx [Server Component]

  #4 [Client Component SSR]:
    ./apps/web/components/sound-provider.tsx [Client Component SSR]
    ./apps/web/components/sigil-shell.tsx [Client Component SSR]
    ./apps/web/components/sigil-shell.tsx [Server Component]
    ./apps/web/app/layout.tsx [Server Component] @ http://localhost:3000/_next/static/chunks/10zw_next_dist_10gys1k._.js:1945
[   54477ms] [ERROR] ./apps/web/components/sound-provider.tsx:5:1
Export SigilSoundContext doesn't exist in target module
  3 | import { createContext, useCallback, useContext, useMemo, useState, type ReactNode } from "react";
  4 | import { defineSound } from "@web-kits/audio";
> 5 | import { SigilSoundContext, type SigilSoundName } from "@sigil-ui/components";
    | ^^^^^^^^^^^^^^^^^^^^^^^^^^^^^^^^^^^^^^^^^^^^^^^^^^^^^^^^^^^^^^^^^^^^^^^^^^^^^^
  6 |
  7 | // ---------------------------------------------------------------------------
  8 | // Sound definition types

The export SigilSoundContext was not found in module [project]/packages/components/dist/index.js [app-ssr] (ecmascript).
Did you mean to import SigilGutter?
All exports of the module are statically known (It doesn't have dynamic exports). So it's known statically that the requested export doesn't exist.

Import traces:
  #1 [Client Component Browser]:
    ./apps/web/components/sound-provider.tsx [Client Component Browser]
    ./apps/web/app/page.tsx [Client Component Browser]
    ./apps/web/app/page.tsx [Server Component]

  #2 [Client Component SSR]:
    ./apps/web/components/sound-provider.tsx [Client Component SSR]
    ./apps/web/app/page.tsx [Client Component SSR]
    ./apps/web/app/page.tsx [Server Component]

  #3 [Client Component Browser]:
    ./apps/web/components/sound-provider.tsx [Client Component Browser]
    ./apps/web/components/sigil-shell.tsx [Client Component Browser]
    ./apps/web/components/sigil-shell.tsx [Server Component]
    ./apps/web/app/layout.tsx [Server Component]

  #4 [Client Component SSR]:
    ./apps/web/components/sound-provider.tsx [Client Component SSR]
    ./apps/web/components/sigil-shell.tsx [Client Component SSR]
    ./apps/web/components/sigil-shell.tsx [Server Component]
    ./apps/web/app/layout.tsx [Server Component] @ http://localhost:3000/_next/static/chunks/10zw_next_dist_10gys1k._.js:1945
[   54521ms] [ERROR] ./apps/web/components/sound-provider.tsx:5:1
Export SigilSoundContext doesn't exist in target module
  3 | import { createContext, useCallback, useContext, useMemo, useState, type ReactNode } from "react";
  4 | import { defineSound } from "@web-kits/audio";
> 5 | import { SigilSoundContext, type SigilSoundName } from "@sigil-ui/components";
    | ^^^^^^^^^^^^^^^^^^^^^^^^^^^^^^^^^^^^^^^^^^^^^^^^^^^^^^^^^^^^^^^^^^^^^^^^^^^^^^
  6 |
  7 | // ---------------------------------------------------------------------------
  8 | // Sound definition types

The export SigilSoundContext was not found in module [project]/packages/components/dist/index.js [app-client] (ecmascript).
Did you mean to import SigilGutter?
All exports of the module are statically known (It doesn't have dynamic exports). So it's known statically that the requested export doesn't exist.

Import traces:
  #1 [Client Component Browser]:
    ./apps/web/components/sound-provider.tsx [Client Component Browser]
    ./apps/web/app/page.tsx [Client Component Browser]
    ./apps/web/app/page.tsx [Server Component]

  #2 [Client Component SSR]:
    ./apps/web/components/sound-provider.tsx [Client Component SSR]
    ./apps/web/app/page.tsx [Client Component SSR]
    ./apps/web/app/page.tsx [Server Component]

  #3 [Client Component Browser]:
    ./apps/web/components/sound-provider.tsx [Client Component Browser]
    ./apps/web/components/sigil-shell.tsx [Client Component Browser]
    ./apps/web/components/sigil-shell.tsx [Server Component]
    ./apps/web/app/layout.tsx [Server Component]

  #4 [Client Component SSR]:
    ./apps/web/components/sound-provider.tsx [Client Component SSR]
    ./apps/web/components/sigil-shell.tsx [Client Component SSR]
    ./apps/web/components/sigil-shell.tsx [Server Component]
    ./apps/web/app/layout.tsx [Server Component] @ http://localhost:3000/_next/static/chunks/10zw_next_dist_10gys1k._.js:1945
[   54521ms] [ERROR] ./apps/web/components/sound-provider.tsx:5:1
Export SigilSoundContext doesn't exist in target module
  3 | import { createContext, useCallback, useContext, useMemo, useState, type ReactNode } from "react";
  4 | import { defineSound } from "@web-kits/audio";
> 5 | import { SigilSoundContext, type SigilSoundName } from "@sigil-ui/components";
    | ^^^^^^^^^^^^^^^^^^^^^^^^^^^^^^^^^^^^^^^^^^^^^^^^^^^^^^^^^^^^^^^^^^^^^^^^^^^^^^
  6 |
  7 | // ---------------------------------------------------------------------------
  8 | // Sound definition types

The export SigilSoundContext was not found in module [project]/packages/components/dist/index.js [app-ssr] (ecmascript).
Did you mean to import SigilGutter?
All exports of the module are statically known (It doesn't have dynamic exports). So it's known statically that the requested export doesn't exist.

Import traces:
  #1 [Client Component Browser]:
    ./apps/web/components/sound-provider.tsx [Client Component Browser]
    ./apps/web/app/page.tsx [Client Component Browser]
    ./apps/web/app/page.tsx [Server Component]

  #2 [Client Component SSR]:
    ./apps/web/components/sound-provider.tsx [Client Component SSR]
    ./apps/web/app/page.tsx [Client Component SSR]
    ./apps/web/app/page.tsx [Server Component]

  #3 [Client Component Browser]:
    ./apps/web/components/sound-provider.tsx [Client Component Browser]
    ./apps/web/components/sigil-shell.tsx [Client Component Browser]
    ./apps/web/components/sigil-shell.tsx [Server Component]
    ./apps/web/app/layout.tsx [Server Component]

  #4 [Client Component SSR]:
    ./apps/web/components/sound-provider.tsx [Client Component SSR]
    ./apps/web/components/sigil-shell.tsx [Client Component SSR]
    ./apps/web/components/sigil-shell.tsx [Server Component]
    ./apps/web/app/layout.tsx [Server Component] @ http://localhost:3000/_next/static/chunks/10zw_next_dist_10gys1k._.js:1945
[   54585ms] [LOG] [Fast Refresh] rebuilding @ http://localhost:3000/_next/static/chunks/10zw_next_dist_10gys1k._.js:1226
[   73274ms] [ERROR] ./apps/web/components/sound-provider.tsx:5:1
Export SigilSoundContext doesn't exist in target module
  3 | import { createContext, useCallback, useContext, useMemo, useState, type ReactNode } from "react";
  4 | import { defineSound } from "@web-kits/audio";
> 5 | import { SigilSoundContext, type SigilSoundName } from "@sigil-ui/components";
    | ^^^^^^^^^^^^^^^^^^^^^^^^^^^^^^^^^^^^^^^^^^^^^^^^^^^^^^^^^^^^^^^^^^^^^^^^^^^^^^
  6 |
  7 | // ---------------------------------------------------------------------------
  8 | // Sound definition types

The export SigilSoundContext was not found in module [project]/packages/components/dist/index.js [app-client] (ecmascript).
Did you mean to import SigilGutter?
All exports of the module are statically known (It doesn't have dynamic exports). So it's known statically that the requested export doesn't exist.

Import traces:
  #1 [Client Component Browser]:
    ./apps/web/components/sound-provider.tsx [Client Component Browser]
    ./apps/web/app/page.tsx [Client Component Browser]
    ./apps/web/app/page.tsx [Server Component]

  #2 [Client Component SSR]:
    ./apps/web/components/sound-provider.tsx [Client Component SSR]
    ./apps/web/app/page.tsx [Client Component SSR]
    ./apps/web/app/page.tsx [Server Component]

  #3 [Client Component Browser]:
    ./apps/web/components/sound-provider.tsx [Client Component Browser]
    ./apps/web/components/sigil-shell.tsx [Client Component Browser]
    ./apps/web/components/sigil-shell.tsx [Server Component]
    ./apps/web/app/layout.tsx [Server Component]

  #4 [Client Component SSR]:
    ./apps/web/components/sound-provider.tsx [Client Component SSR]
    ./apps/web/components/sigil-shell.tsx [Client Component SSR]
    ./apps/web/components/sigil-shell.tsx [Server Component]
    ./apps/web/app/layout.tsx [Server Component] @ http://localhost:3000/_next/static/chunks/10zw_next_dist_10gys1k._.js:1945
[   73274ms] [ERROR] ./apps/web/components/sound-provider.tsx:5:1
Export SigilSoundContext doesn't exist in target module
  3 | import { createContext, useCallback, useContext, useMemo, useState, type ReactNode } from "react";
  4 | import { defineSound } from "@web-kits/audio";
> 5 | import { SigilSoundContext, type SigilSoundName } from "@sigil-ui/components";
    | ^^^^^^^^^^^^^^^^^^^^^^^^^^^^^^^^^^^^^^^^^^^^^^^^^^^^^^^^^^^^^^^^^^^^^^^^^^^^^^
  6 |
  7 | // ---------------------------------------------------------------------------
  8 | // Sound definition types

The export SigilSoundContext was not found in module [project]/packages/components/dist/index.js [app-ssr] (ecmascript).
Did you mean to import SigilGutter?
All exports of the module are statically known (It doesn't have dynamic exports). So it's known statically that the requested export doesn't exist.

Import traces:
  #1 [Client Component Browser]:
    ./apps/web/components/sound-provider.tsx [Client Component Browser]
    ./apps/web/app/page.tsx [Client Component Browser]
    ./apps/web/app/page.tsx [Server Component]

  #2 [Client Component SSR]:
    ./apps/web/components/sound-provider.tsx [Client Component SSR]
    ./apps/web/app/page.tsx [Client Component SSR]
    ./apps/web/app/page.tsx [Server Component]

  #3 [Client Component Browser]:
    ./apps/web/components/sound-provider.tsx [Client Component Browser]
    ./apps/web/components/sigil-shell.tsx [Client Component Browser]
    ./apps/web/components/sigil-shell.tsx [Server Component]
    ./apps/web/app/layout.tsx [Server Component]

  #4 [Client Component SSR]:
    ./apps/web/components/sound-provider.tsx [Client Component SSR]
    ./apps/web/components/sigil-shell.tsx [Client Component SSR]
    ./apps/web/components/sigil-shell.tsx [Server Component]
    ./apps/web/app/layout.tsx [Server Component] @ http://localhost:3000/_next/static/chunks/10zw_next_dist_10gys1k._.js:1945
[   73376ms] [LOG] [Fast Refresh] rebuilding @ http://localhost:3000/_next/static/chunks/10zw_next_dist_10gys1k._.js:1226
[   74353ms] [LOG] [Fast Refresh] done in 859ms @ http://localhost:3000/_next/static/chunks/10zw_next_dist_10gys1k._.js:1226
[   75145ms] [INFO] %cDownload the React DevTools for a better development experience: https://react.dev/link/react-devtools font-weight:bold @ http://localhost:3000/_next/static/chunks/10zw_next_dist_09~qnvg._.js:2431
[   75178ms] [LOG] [HMR] connected @ http://localhost:3000/_next/static/chunks/10zw_next_dist_09~qnvg._.js:2431
[   75291ms] [LOG] [Fast Refresh] rebuilding @ http://localhost:3000/_next/static/chunks/10zw_next_dist_09~qnvg._.js:2431
[   75371ms] [LOG] [Fast Refresh] done in 186ms @ http://localhost:3000/_next/static/chunks/10zw_next_dist_09~qnvg._.js:2431
[   78342ms] [ERROR] Failed to load resource: the server responded with a status of 404 (Not Found) @ http://localhost:3000/demos:0
[   78360ms] [INFO] %cDownload the React DevTools for a better development experience: https://react.dev/link/react-devtools font-weight:bold @ http://localhost:3000/_next/static/chunks/10zw_next_dist_09~qnvg._.js:2431
[   78370ms] [LOG] [HMR] connected @ http://localhost:3000/_next/static/chunks/10zw_next_dist_09~qnvg._.js:2431
[   80597ms] [INFO] %cDownload the React DevTools for a better development experience: https://react.dev/link/react-devtools font-weight:bold @ http://localhost:3000/_next/static/chunks/10zw_next_dist_09~qnvg._.js:2431
[   80618ms] [LOG] [HMR] connected @ http://localhost:3000/_next/static/chunks/10zw_next_dist_09~qnvg._.js:2431
[   86707ms] [INFO] %cDownload the React DevTools for a better development experience: https://react.dev/link/react-devtools font-weight:bold @ http://localhost:3000/_next/static/chunks/10zw_next_dist_09~qnvg._.js:2431
[   86715ms] [LOG] [HMR] connected @ http://localhost:3000/_next/static/chunks/10zw_next_dist_09~qnvg._.js:2431
[   89580ms] [LOG] [Fast Refresh] rebuilding @ http://localhost:3000/_next/static/chunks/10zw_next_dist_09~qnvg._.js:2431
[   89866ms] [LOG] [Fast Refresh] done in 364ms @ http://localhost:3000/_next/static/chunks/10zw_next_dist_09~qnvg._.js:2431
[   90435ms] [ERROR] Failed to load resource: the server responded with a status of 500 (Internal Server Error) @ http://localhost:3000/:0
[   90497ms] [INFO] %cDownload the React DevTools for a better development experience: https://react.dev/link/react-devtools font-weight:bold @ http://localhost:3000/_next/static/chunks/10zw_next_dist_09~qnvg._.js:2431
[   90509ms] [LOG] [HMR] connected @ http://localhost:3000/_next/static/chunks/10zw_next_dist_09~qnvg._.js:2431
[   90875ms] ReferenceError: SigilSoundContext is not defined
    at SigilSoundProvider (http://localhost:3000/_next/static/chunks/_0go-idh._.js:14476:389)
    at Object.react_stack_bottom_frame (http://localhost:3000/_next/static/chunks/10zw_next_dist_compiled_react-dom_00tuwn.._.js:15037:24)
    at renderWithHooks (http://localhost:3000/_next/static/chunks/10zw_next_dist_compiled_react-dom_00tuwn.._.js:4620:24)
    at updateFunctionComponent (http://localhost:3000/_next/static/chunks/10zw_next_dist_compiled_react-dom_00tuwn.._.js:6081:21)
    at beginWork (http://localhost:3000/_next/static/chunks/10zw_next_dist_compiled_react-dom_00tuwn.._.js:6691:24)
    at runWithFiberInDEV (http://localhost:3000/_next/static/chunks/10zw_next_dist_compiled_react-dom_00tuwn.._.js:965:74)
    at performUnitOfWork (http://localhost:3000/_next/static/chunks/10zw_next_dist_compiled_react-dom_00tuwn.._.js:9555:97)
    at workLoopSync (http://localhost:3000/_next/static/chunks/10zw_next_dist_compiled_react-dom_00tuwn.._.js:9449:40)
    at renderRootSync (http://localhost:3000/_next/static/chunks/10zw_next_dist_compiled_react-dom_00tuwn.._.js:9433:13)
    at performWorkOnRoot (http://localhost:3000/_next/static/chunks/10zw_next_dist_compiled_react-dom_00tuwn.._.js:9098:47)
    at performWorkOnRootViaSchedulerTask (http://localhost:3000/_next/static/chunks/10zw_next_dist_compiled_react-dom_00tuwn.._.js:10255:9)
    at MessagePort.performWorkUntilDeadline (http://localhost:3000/_next/static/chunks/10zw_next_dist_compiled_0mu0jk-._.js:2647:64)
[  115019ms] [LOG] [Fast Refresh] rebuilding @ http://localhost:3000/_next/static/chunks/10zw_next_dist_09~qnvg._.js:2431
[  115021ms] [WARNING] [Fast Refresh] performing full reload because your application had an unrecoverable error @ http://localhost:3000/_next/static/chunks/10zw_next_dist_09~qnvg._.js:2431
[  115091ms] [LOG] [Fast Refresh] done in 60ms @ http://localhost:3000/_next/static/chunks/10zw_next_dist_09~qnvg._.js:2431
[  115180ms] [ERROR] Failed to load resource: the server responded with a status of 500 (Internal Server Error) @ http://localhost:3000/:0
[  115208ms] [INFO] %cDownload the React DevTools for a better development experience: https://react.dev/link/react-devtools font-weight:bold @ http://localhost:3000/_next/static/chunks/10zw_next_dist_09~qnvg._.js:2431
[  115216ms] [LOG] [HMR] connected @ http://localhost:3000/_next/static/chunks/10zw_next_dist_09~qnvg._.js:2431
[  115283ms] ReferenceError: SoundContext is not defined
    at SigilSoundProvider (http://localhost:3000/_next/static/chunks/_0go-idh._.js:14476:389)
    at Object.react_stack_bottom_frame (http://localhost:3000/_next/static/chunks/10zw_next_dist_compiled_react-dom_00tuwn.._.js:15037:24)
    at renderWithHooks (http://localhost:3000/_next/static/chunks/10zw_next_dist_compiled_react-dom_00tuwn.._.js:4620:24)
    at updateFunctionComponent (http://localhost:3000/_next/static/chunks/10zw_next_dist_compiled_react-dom_00tuwn.._.js:6081:21)
    at beginWork (http://localhost:3000/_next/static/chunks/10zw_next_dist_compiled_react-dom_00tuwn.._.js:6691:24)
    at runWithFiberInDEV (http://localhost:3000/_next/static/chunks/10zw_next_dist_compiled_react-dom_00tuwn.._.js:965:74)
    at performUnitOfWork (http://localhost:3000/_next/static/chunks/10zw_next_dist_compiled_react-dom_00tuwn.._.js:9555:97)
    at workLoopSync (http://localhost:3000/_next/static/chunks/10zw_next_dist_compiled_react-dom_00tuwn.._.js:9449:40)
    at renderRootSync (http://localhost:3000/_next/static/chunks/10zw_next_dist_compiled_react-dom_00tuwn.._.js:9433:13)
    at performWorkOnRoot (http://localhost:3000/_next/static/chunks/10zw_next_dist_compiled_react-dom_00tuwn.._.js:9098:47)
    at performWorkOnRootViaSchedulerTask (http://localhost:3000/_next/static/chunks/10zw_next_dist_compiled_react-dom_00tuwn.._.js:10255:9)
    at MessagePort.performWorkUntilDeadline (http://localhost:3000/_next/static/chunks/10zw_next_dist_compiled_0mu0jk-._.js:2647:64)
[  150034ms] [LOG] [Fast Refresh] rebuilding @ http://localhost:3000/_next/static/chunks/10zw_next_dist_09~qnvg._.js:2431
[  150037ms] [WARNING] [Fast Refresh] performing full reload because your application had an unrecoverable error @ http://localhost:3000/_next/static/chunks/10zw_next_dist_09~qnvg._.js:2431
[  150082ms] [LOG] [Fast Refresh] done in 85ms @ http://localhost:3000/_next/static/chunks/10zw_next_dist_09~qnvg._.js:2431
[  150350ms] [INFO] %cDownload the React DevTools for a better development experience: https://react.dev/link/react-devtools font-weight:bold @ http://localhost:3000/_next/static/chunks/10zw_next_dist_09~qnvg._.js:2431
[  150369ms] [LOG] [HMR] connected @ http://localhost:3000/_next/static/chunks/10zw_next_dist_09~qnvg._.js:2431
[  188664ms] [LOG] [Fast Refresh] rebuilding @ http://localhost:3000/_next/static/chunks/10zw_next_dist_09~qnvg._.js:2431
[  188748ms] [LOG] [Fast Refresh] done in 59ms @ http://localhost:3000/_next/static/chunks/10zw_next_dist_09~qnvg._.js:2431
