[     631ms] [LOG] [Fast Refresh] rebuilding @ http://localhost:3000/_next/static/chunks/10zw_next_dist_09~qnvg._.js:2431
[    1003ms] [LOG] [Fast Refresh] done in 472ms @ http://localhost:3000/_next/static/chunks/10zw_next_dist_09~qnvg._.js:2431
[    3294ms] [INFO] %cDownload the React DevTools for a better development experience: https://react.dev/link/react-devtools font-weight:bold @ http://localhost:3000/_next/static/chunks/10zw_next_dist_09~qnvg._.js:2431
[    3730ms] [LOG] [HMR] connected @ http://localhost:3000/_next/static/chunks/10zw_next_dist_09~qnvg._.js:2431
[    3886ms] [LOG] [Fast Refresh] rebuilding @ http://localhost:3000/_next/static/chunks/10zw_next_dist_09~qnvg._.js:2431
[    4874ms] [LOG] [Fast Refresh] done in 1089ms @ http://localhost:3000/_next/static/chunks/10zw_next_dist_09~qnvg._.js:2431
[   14571ms] [LOG] [Fast Refresh] rebuilding @ http://localhost:3000/_next/static/chunks/10zw_next_dist_09~qnvg._.js:2431
[   17786ms] [LOG] [Fast Refresh] done in 2197ms @ http://localhost:3000/_next/static/chunks/10zw_next_dist_09~qnvg._.js:2431
[   19482ms] [LOG] [Fast Refresh] rebuilding @ http://localhost:3000/_next/static/chunks/10zw_next_dist_09~qnvg._.js:2431
[   19496ms] [LOG] [Fast Refresh] done in 116ms @ http://localhost:3000/_next/static/chunks/10zw_next_dist_09~qnvg._.js:2431
[   19618ms] [INFO] %cDownload the React DevTools for a better development experience: https://react.dev/link/react-devtools font-weight:bold @ http://localhost:3000/_next/static/chunks/10zw_next_dist_09~qnvg._.js:2431
[   19632ms] [LOG] [HMR] connected @ http://localhost:3000/_next/static/chunks/10zw_next_dist_09~qnvg._.js:2431
[   29645ms] [LOG] [Fast Refresh] rebuilding @ http://localhost:3000/_next/static/chunks/10zw_next_dist_09~qnvg._.js:2431
[   29710ms] [LOG] [Fast Refresh] done in 165ms @ http://localhost:3000/_next/static/chunks/10zw_next_dist_09~qnvg._.js:2431
[   30755ms] [LOG] [Fast Refresh] rebuilding @ http://localhost:3000/_next/static/chunks/10zw_next_dist_09~qnvg._.js:2431
[   31533ms] [ERROR] ./apps/web/app/page.tsx:19:1
Module not found: Can't resolve '@sigil-ui/components'
  17 | import { useSigilSound } from "@/components/sound-provider";
  18 |
> 19 | import { SigilPageGrid, SigilSection, SigilNavbar } from "@sigil-ui/components";
     | ^^^^^^^^^^^^^^^^^^^^^^^^^^^^^^^^^^^^^^^^^^^^^^^^^^^^^^^^^^^^^^^^^^^^^^^^^^^^^^^^
  20 | import { BookOpen, LayoutGrid, Palette, ExternalLink, Flame } from "lucide-react";
  21 |
  22 | /* ================================================================ */

Import traces:
  Client Component Browser:
    ./apps/web/app/page.tsx [Client Component Browser]
    ./apps/web/app/page.tsx [Server Component]

  Client Component SSR:
    ./apps/web/app/page.tsx [Client Component SSR]
    ./apps/web/app/page.tsx [Server Component]

https://nextjs.org/docs/messages/module-not-found @ http://localhost:3000/_next/static/chunks/10zw_next_dist_09~qnvg._.js:3272
[   31533ms] [ERROR] ./apps/web/components/landing/hero-showcase.tsx:4:1
Module not found: Can't resolve '@sigil-ui/components'
   2 |
   3 | import { useState } from "react";
>  4 | import {
     | ^^^^^^^
>  5 |   Button,
     | ^^^^^^^^^
>  6 |   Card,
     | ^^^^^^^
>  7 |   CardContent,
     | ^^^^^^^^^^^^^^
>  8 |   CardHeader,
     | ^^^^^^^^^^^^^
>  9 |   CardTitle,
     | ^^^^^^^^^^^^
> 10 |   CardDescription,
     | ^^^^^^^^^^^^^^^^^^
> 11 |   Badge,
     | ^^^^^^^^
> 12 |   Input,
     | ^^^^^^^^
> 13 |   Label,
     | ^^^^^^^^
> 14 |   Switch,
     | ^^^^^^^^^
> 15 |   Checkbox,
     | ^^^^^^^^^^^
> 16 |   Slider,
     | ^^^^^^^^^
> 17 |   Progress,
     | ^^^^^^^^^^^
> 18 |   Avatar,
     | ^^^^^^^^^
> 19 |   Select,
     | ^^^^^^^^^
> 20 |   Separator,
     | ^^^^^^^^^^^^
> 21 |   Tabs,
     | ^^^^^^^
> 22 |   TabsList,
     | ^^^^^^^^^^^
> 23 |   TabsTrigger,
     | ^^^^^^^^^^^^^^
> 24 |   TabsContent,
     | ^^^^^^^^^^^^^^
> 25 |   RadioGroup,
     | ^^^^^^^^^^^^^
> 26 |   RadioGroupItem,
     | ^^^^^^^^^^^^^^^^^
> 27 |   Toggle,
     | ^^^^^^^^^
> 28 |   LoadingSpinner,
     | ^^^^^^^^^^^^^^^^^
> 29 |   Skeleton,
     | ^^^^^^^^^^^
> 30 |   Alert,
     | ^^^^^^^^
> 31 |   AlertTitle,
     | ^^^^^^^^^^^^^
> 32 |   KPI,
     | ^^^^^^
> 33 |   Accordion,
     | ^^^^^^^^^^^^
> 34 |   AccordionItem,
     | ^^^^^^^^^^^^^^^^
> 35 |   AccordionTrigger,
     | ^^^^^^^^^^^^^^^^^^^
> 36 |   AccordionContent,
     | ^^^^^^^^^^^^^^^^^^^
> 37 |   Textarea,
     | ^^^^^^^^^^^
> 38 |   NumberField,
     | ^^^^^^^^^^^^^^
> 39 | } from "@sigil-ui/components";
     | ^^^^^^^^^^^^^^^^^^^^^^^^^^^^^^
  40 | import {
  41 |   CreditCard,
  42 |   Lock,

Import traces:
  Client Component Browser:
    ./apps/web/components/landing/hero-showcase.tsx [Client Component Browser]
    ./apps/web/app/page.tsx [Client Component Browser]
    ./apps/web/app/page.tsx [Server Component]

  Client Component SSR:
    ./apps/web/components/landing/hero-showcase.tsx [Client Component SSR]
    ./apps/web/app/page.tsx [Client Component SSR]
    ./apps/web/app/page.tsx [Server Component]

https://nextjs.org/docs/messages/module-not-found @ http://localhost:3000/_next/static/chunks/10zw_next_dist_09~qnvg._.js:3272
[   31533ms] [ERROR] ./apps/web/components/landing/interactive-diagrams.tsx:4:1
Module not found: Can't resolve '@sigil-ui/components'
   2 |
   3 | import { useEffect, useRef, useState, useCallback, type ReactNode } from "react";
>  4 | import {
     | ^^^^^^^
>  5 |   Button, Card, CardContent, CardHeader, CardTitle,
     | ^^^^^^^^^^^^^^^^^^^^^^^^^^^^^^^^^^^^^^^^^^^^^^^^^^^
>  6 |   Badge, Input, Label, Switch, Slider, Progress,
     | ^^^^^^^^^^^^^^^^^^^^^^^^^^^^^^^^^^^^^^^^^^^^^^^^
>  7 |   Checkbox, Separator, Tabs, TabsList,
     | ^^^^^^^^^^^^^^^^^^^^^^^^^^^^^^^^^^^^^^
>  8 |   TabsTrigger, TabsContent, Alert, AlertTitle,
     | ^^^^^^^^^^^^^^^^^^^^^^^^^^^^^^^^^^^^^^^^^^^^^^
>  9 |   KPI,
     | ^^^^^^
> 10 | } from "@sigil-ui/components";
     | ^^^^^^^^^^^^^^^^^^^^^^^^^^^^^^
  11 | import { Copy, Check, Search } from "lucide-react";
  12 |
  13 | /* ================================================================== */

Import traces:
  Client Component Browser:
    ./apps/web/components/landing/interactive-diagrams.tsx [Client Component Browser]
    ./apps/web/app/page.tsx [Client Component Browser]
    ./apps/web/app/page.tsx [Server Component]

  Client Component SSR:
    ./apps/web/components/landing/interactive-diagrams.tsx [Client Component SSR]
    ./apps/web/app/page.tsx [Client Component SSR]
    ./apps/web/app/page.tsx [Server Component]

https://nextjs.org/docs/messages/module-not-found @ http://localhost:3000/_next/static/chunks/10zw_next_dist_09~qnvg._.js:3272
[   31533ms] [ERROR] ./apps/web/components/sound-provider.tsx:6:1
Module not found: Can't resolve '@sigil-ui/components'
  4 | import { defineSound } from "@web-kits/audio";
  5 | // @ts-expect-error — dts not generated for workspace package; resolves at bundle time
> 6 | import { SigilSoundContext } from "@sigil-ui/components";
    | ^^^^^^^^^^^^^^^^^^^^^^^^^^^^^^^^^^^^^^^^^^^^^^^^^^^^^^^^^
  7 |
  8 | // ---------------------------------------------------------------------------
  9 | // Sound types (mirrored from @sigil-ui/components/src/sound-context)

Import traces:
  #1 [Client Component Browser]:
    ./apps/web/components/sound-provider.tsx [Client Component Browser]
    ./apps/web/app/page.tsx [Client Component Browser]
    ./apps/web/app/page.tsx [Server Component]

  #2 [Client Component SSR]:
    ./apps/web/components/sound-provider.tsx [Client Component SSR]
    ./apps/web/app/page.tsx [Client Component SSR]
    ./apps/web/app/page.tsx [Server Component]

  #3 [Client Component Browser]:
    ./apps/web/components/sound-provider.tsx [Client Component Browser]
    ./apps/web/components/sigil-shell.tsx [Client Component Browser]
    ./apps/web/components/sigil-shell.tsx [Server Component]
    ./apps/web/app/layout.tsx [Server Component]

  #4 [Client Component SSR]:
    ./apps/web/components/sound-provider.tsx [Client Component SSR]
    ./apps/web/components/sigil-shell.tsx [Client Component SSR]
    ./apps/web/components/sigil-shell.tsx [Server Component]
    ./apps/web/app/layout.tsx [Server Component]

https://nextjs.org/docs/messages/module-not-found @ http://localhost:3000/_next/static/chunks/10zw_next_dist_09~qnvg._.js:3272
[   31548ms] [LOG] [Fast Refresh] rebuilding @ http://localhost:3000/_next/static/chunks/10zw_next_dist_09~qnvg._.js:2431
[   32651ms] [LOG] [Fast Refresh] done in 911ms @ http://localhost:3000/_next/static/chunks/10zw_next_dist_09~qnvg._.js:2431
[   32886ms] [INFO] %cDownload the React DevTools for a better development experience: https://react.dev/link/react-devtools font-weight:bold @ http://localhost:3000/_next/static/chunks/10zw_next_dist_09~qnvg._.js:2431
[   32895ms] [LOG] [HMR] connected @ http://localhost:3000/_next/static/chunks/10zw_next_dist_09~qnvg._.js:2431
