[     106ms] [ERROR] ./apps/web/app/sandbox/page.tsx:19:1
Export SigilTokenProvider doesn't exist in target module
  17 | import { presets, type PresetName } from "@sigil-ui/presets";
  18 |
> 19 | import { SigilTokenProvider } from "../../components/sandbox/token-provider";
     | ^^^^^^^^^^^^^^^^^^^^^^^^^^^^^^^^^^^^^^^^^^^^^^^^^^^^^^^^^^^^^^^^^^^^^^^^^^^^^
  20 | import { Canvas, type CanvasItemData } from "../../components/sandbox/canvas";
  21 | import { COMPONENT_REGISTRY, REGISTRY_NAMES } from "../../components/sandbox/canvas-item";
  22 | import SandboxLayout from "./layout";

The export SigilTokenProvider was not found in module [project]/apps/web/components/sandbox/token-provider.tsx [app-client] (ecmascript).
Did you mean to import SigilTokensProvider?
All exports of the module are statically known (It doesn't have dynamic exports). So it's known statically that the requested export doesn't exist.

Import traces:
  Client Component Browser:
    ./apps/web/app/sandbox/page.tsx [Client Component Browser]
    ./apps/web/app/sandbox/page.tsx [Server Component]

  Client Component SSR:
    ./apps/web/app/sandbox/page.tsx [Client Component SSR]
    ./apps/web/app/sandbox/page.tsx [Server Component] @ http://localhost:3000/_next/static/chunks/e581d_next_dist_92106ce5._.js:1747
[     106ms] [ERROR] ./apps/web/app/sandbox/page.tsx:19:1
Export SigilTokenProvider doesn't exist in target module
  17 | import { presets, type PresetName } from "@sigil-ui/presets";
  18 |
> 19 | import { SigilTokenProvider } from "../../components/sandbox/token-provider";
     | ^^^^^^^^^^^^^^^^^^^^^^^^^^^^^^^^^^^^^^^^^^^^^^^^^^^^^^^^^^^^^^^^^^^^^^^^^^^^^
  20 | import { Canvas, type CanvasItemData } from "../../components/sandbox/canvas";
  21 | import { COMPONENT_REGISTRY, REGISTRY_NAMES } from "../../components/sandbox/canvas-item";
  22 | import SandboxLayout from "./layout";

The export SigilTokenProvider was not found in module [project]/apps/web/components/sandbox/token-provider.tsx [app-ssr] (ecmascript).
Did you mean to import SigilTokensProvider?
All exports of the module are statically known (It doesn't have dynamic exports). So it's known statically that the requested export doesn't exist.

Import traces:
  Client Component Browser:
    ./apps/web/app/sandbox/page.tsx [Client Component Browser]
    ./apps/web/app/sandbox/page.tsx [Server Component]

  Client Component SSR:
    ./apps/web/app/sandbox/page.tsx [Client Component SSR]
    ./apps/web/app/sandbox/page.tsx [Server Component] @ http://localhost:3000/_next/static/chunks/e581d_next_dist_92106ce5._.js:1747
[     173ms] [ERROR] ./apps/web/app/sandbox/page.tsx:19:1
Export SigilTokenProvider doesn't exist in target module
  17 | import { presets, type PresetName } from "@sigil-ui/presets";
  18 |
> 19 | import { SigilTokenProvider } from "../../components/sandbox/token-provider";
     | ^^^^^^^^^^^^^^^^^^^^^^^^^^^^^^^^^^^^^^^^^^^^^^^^^^^^^^^^^^^^^^^^^^^^^^^^^^^^^
  20 | import { Canvas, type CanvasItemData } from "../../components/sandbox/canvas";
  21 | import { COMPONENT_REGISTRY, REGISTRY_NAMES } from "../../components/sandbox/canvas-item";
  22 | import SandboxLayout from "./layout";

The export SigilTokenProvider was not found in module [project]/apps/web/components/sandbox/token-provider.tsx [app-client] (ecmascript).
Did you mean to import SigilTokensProvider?
All exports of the module are statically known (It doesn't have dynamic exports). So it's known statically that the requested export doesn't exist.

Import traces:
  Client Component Browser:
    ./apps/web/app/sandbox/page.tsx [Client Component Browser]
    ./apps/web/app/sandbox/page.tsx [Server Component]

  Client Component SSR:
    ./apps/web/app/sandbox/page.tsx [Client Component SSR]
    ./apps/web/app/sandbox/page.tsx [Server Component] @ http://localhost:3000/_next/static/chunks/e581d_next_dist_92106ce5._.js:1747
[     173ms] [ERROR] ./apps/web/app/sandbox/page.tsx:19:1
Export SigilTokenProvider doesn't exist in target module
  17 | import { presets, type PresetName } from "@sigil-ui/presets";
  18 |
> 19 | import { SigilTokenProvider } from "../../components/sandbox/token-provider";
     | ^^^^^^^^^^^^^^^^^^^^^^^^^^^^^^^^^^^^^^^^^^^^^^^^^^^^^^^^^^^^^^^^^^^^^^^^^^^^^
  20 | import { Canvas, type CanvasItemData } from "../../components/sandbox/canvas";
  21 | import { COMPONENT_REGISTRY, REGISTRY_NAMES } from "../../components/sandbox/canvas-item";
  22 | import SandboxLayout from "./layout";

The export SigilTokenProvider was not found in module [project]/apps/web/components/sandbox/token-provider.tsx [app-ssr] (ecmascript).
Did you mean to import SigilTokensProvider?
All exports of the module are statically known (It doesn't have dynamic exports). So it's known statically that the requested export doesn't exist.

Import traces:
  Client Component Browser:
    ./apps/web/app/sandbox/page.tsx [Client Component Browser]
    ./apps/web/app/sandbox/page.tsx [Server Component]

  Client Component SSR:
    ./apps/web/app/sandbox/page.tsx [Client Component SSR]
    ./apps/web/app/sandbox/page.tsx [Server Component] @ http://localhost:3000/_next/static/chunks/e581d_next_dist_92106ce5._.js:1747
[     244ms] [ERROR] ./apps/web/app/sandbox/page.tsx:19:1
Export SigilTokenProvider doesn't exist in target module
  17 | import { presets, type PresetName } from "@sigil-ui/presets";
  18 |
> 19 | import { SigilTokenProvider } from "../../components/sandbox/token-provider";
     | ^^^^^^^^^^^^^^^^^^^^^^^^^^^^^^^^^^^^^^^^^^^^^^^^^^^^^^^^^^^^^^^^^^^^^^^^^^^^^
  20 | import { Canvas, type CanvasItemData } from "../../components/sandbox/canvas";
  21 | import { COMPONENT_REGISTRY, REGISTRY_NAMES } from "../../components/sandbox/canvas-item";
  22 | import SandboxLayout from "./layout";

The export SigilTokenProvider was not found in module [project]/apps/web/components/sandbox/token-provider.tsx [app-client] (ecmascript).
Did you mean to import SigilTokensProvider?
All exports of the module are statically known (It doesn't have dynamic exports). So it's known statically that the requested export doesn't exist.

Import traces:
  Client Component Browser:
    ./apps/web/app/sandbox/page.tsx [Client Component Browser]
    ./apps/web/app/sandbox/page.tsx [Server Component]

  Client Component SSR:
    ./apps/web/app/sandbox/page.tsx [Client Component SSR]
    ./apps/web/app/sandbox/page.tsx [Server Component] @ http://localhost:3000/_next/static/chunks/e581d_next_dist_92106ce5._.js:1747
[     244ms] [ERROR] ./apps/web/app/sandbox/page.tsx:19:1
Export SigilTokenProvider doesn't exist in target module
  17 | import { presets, type PresetName } from "@sigil-ui/presets";
  18 |
> 19 | import { SigilTokenProvider } from "../../components/sandbox/token-provider";
     | ^^^^^^^^^^^^^^^^^^^^^^^^^^^^^^^^^^^^^^^^^^^^^^^^^^^^^^^^^^^^^^^^^^^^^^^^^^^^^
  20 | import { Canvas, type CanvasItemData } from "../../components/sandbox/canvas";
  21 | import { COMPONENT_REGISTRY, REGISTRY_NAMES } from "../../components/sandbox/canvas-item";
  22 | import SandboxLayout from "./layout";

The export SigilTokenProvider was not found in module [project]/apps/web/components/sandbox/token-provider.tsx [app-ssr] (ecmascript).
Did you mean to import SigilTokensProvider?
All exports of the module are statically known (It doesn't have dynamic exports). So it's known statically that the requested export doesn't exist.

Import traces:
  Client Component Browser:
    ./apps/web/app/sandbox/page.tsx [Client Component Browser]
    ./apps/web/app/sandbox/page.tsx [Server Component]

  Client Component SSR:
    ./apps/web/app/sandbox/page.tsx [Client Component SSR]
    ./apps/web/app/sandbox/page.tsx [Server Component] @ http://localhost:3000/_next/static/chunks/e581d_next_dist_92106ce5._.js:1747
[     246ms] [ERROR] Failed to load resource: the server responded with a status of 500 (Internal Server Error) @ http://localhost:3000/:0
[     294ms] [INFO] %cDownload the React DevTools for a better development experience: https://react.dev/link/react-devtools font-weight:bold @ http://localhost:3000/_next/static/chunks/56fc9_react-dom_0076cfe2._.js:15305
[     308ms] Error: ./apps/web/app/sandbox/page.tsx:19:1
Export SigilTokenProvider doesn't exist in target module
  17 | import { presets, type PresetName } from "@sigil-ui/presets";
  18 |
> 19 | import { SigilTokenProvider } from "../../components/sandbox/token-provider";
     | ^^^^^^^^^^^^^^^^^^^^^^^^^^^^^^^^^^^^^^^^^^^^^^^^^^^^^^^^^^^^^^^^^^^^^^^^^^^^^
  20 | import { Canvas, type CanvasItemData } from "../../components/sandbox/canvas";
  21 | import { COMPONENT_REGISTRY, REGISTRY_NAMES } from "../../components/sandbox/canvas-item";
  22 | import SandboxLayout from "./layout";

The export SigilTokenProvider was not found in module [project]/apps/web/components/sandbox/token-provider.tsx [app-client] (ecmascript).
Did you mean to import SigilTokensProvider?
All exports of the module are statically known (It doesn't have dynamic exports). So it's known statically that the requested export doesn't exist.

Import traces:
  Client Component Browser:
    ./apps/web/app/sandbox/page.tsx [Client Component Browser]
    ./apps/web/app/sandbox/page.tsx [Server Component]

  Client Component SSR:
    ./apps/web/app/sandbox/page.tsx [Client Component SSR]
    ./apps/web/app/sandbox/page.tsx [Server Component]


    at <unknown> (Error: ./apps/web/app/sandbox/page.tsx:19:1)
    at Object.getCompilationErrors (file:///Users/kevinliu/Documents/GitHub/reticle-ui/node_modules/.pnpm/next@15.5.15_@opentelemetry+api@1.9.0_react-dom@19.2.5_react@19.2.5__react@19.2.5/node_modules/next/dist/server/dev/hot-reloader-turbopack.js:775:59)
    at DevBundlerService.getCompilationError (file:///Users/kevinliu/Documents/GitHub/reticle-ui/node_modules/.pnpm/next@15.5.15_@opentelemetry+api@1.9.0_react-dom@19.2.5_react@19.2.5__react@19.2.5/node_modules/next/dist/server/lib/dev-bundler-service.js:39:55)
    at DevServer.getCompilationError (file:///Users/kevinliu/Documents/GitHub/reticle-ui/node_modules/.pnpm/next@15.5.15_@opentelemetry+api@1.9.0_react-dom@19.2.5_react@19.2.5__react@19.2.5/node_modules/next/dist/server/dev/next-dev-server.js:721:42)
    at DevServer.findPageComponents (file:///Users/kevinliu/Documents/GitHub/reticle-ui/node_modules/.pnpm/next@15.5.15_@opentelemetry+api@1.9.0_react-dom@19.2.5_react@19.2.5__react@19.2.5/node_modules/next/dist/server/dev/next-dev-server.js:691:43)
    at async DevServer.renderErrorToResponseImpl (file:///Users/kevinliu/Documents/GitHub/reticle-ui/node_modules/.pnpm/next@15.5.15_@opentelemetry+api@1.9.0_react-dom@19.2.5_react@19.2.5__react@19.2.5/node_modules/next/dist/server/base-server.js:1687:26)
[     301ms] [LOG] [HMR] connected @ http://localhost:3000/_next/static/chunks/e581d_next_dist_client_59844fb5._.js:2207
[     310ms] [ERROR] ./apps/web/app/sandbox/page.tsx:19:1
Export SigilTokenProvider doesn't exist in target module
  17 | import { presets, type PresetName } from "@sigil-ui/presets";
  18 |
> 19 | import { SigilTokenProvider } from "../../components/sandbox/token-provider";
     | ^^^^^^^^^^^^^^^^^^^^^^^^^^^^^^^^^^^^^^^^^^^^^^^^^^^^^^^^^^^^^^^^^^^^^^^^^^^^^
  20 | import { Canvas, type CanvasItemData } from "../../components/sandbox/canvas";
  21 | import { COMPONENT_REGISTRY, REGISTRY_NAMES } from "../../components/sandbox/canvas-item";
  22 | import SandboxLayout from "./layout";

The export SigilTokenProvider was not found in module [project]/apps/web/components/sandbox/token-provider.tsx [app-client] (ecmascript).
Did you mean to import SigilTokensProvider?
All exports of the module are statically known (It doesn't have dynamic exports). So it's known statically that the requested export doesn't exist.

Import traces:
  Client Component Browser:
    ./apps/web/app/sandbox/page.tsx [Client Component Browser]
    ./apps/web/app/sandbox/page.tsx [Server Component]

  Client Component SSR:
    ./apps/web/app/sandbox/page.tsx [Client Component SSR]
    ./apps/web/app/sandbox/page.tsx [Server Component] @ http://localhost:3000/_next/static/chunks/e581d_next_dist_92106ce5._.js:1747
[     310ms] [ERROR] ./apps/web/app/sandbox/page.tsx:19:1
Export SigilTokenProvider doesn't exist in target module
  17 | import { presets, type PresetName } from "@sigil-ui/presets";
  18 |
> 19 | import { SigilTokenProvider } from "../../components/sandbox/token-provider";
     | ^^^^^^^^^^^^^^^^^^^^^^^^^^^^^^^^^^^^^^^^^^^^^^^^^^^^^^^^^^^^^^^^^^^^^^^^^^^^^
  20 | import { Canvas, type CanvasItemData } from "../../components/sandbox/canvas";
  21 | import { COMPONENT_REGISTRY, REGISTRY_NAMES } from "../../components/sandbox/canvas-item";
  22 | import SandboxLayout from "./layout";

The export SigilTokenProvider was not found in module [project]/apps/web/components/sandbox/token-provider.tsx [app-ssr] (ecmascript).
Did you mean to import SigilTokensProvider?
All exports of the module are statically known (It doesn't have dynamic exports). So it's known statically that the requested export doesn't exist.

Import traces:
  Client Component Browser:
    ./apps/web/app/sandbox/page.tsx [Client Component Browser]
    ./apps/web/app/sandbox/page.tsx [Server Component]

  Client Component SSR:
    ./apps/web/app/sandbox/page.tsx [Client Component SSR]
    ./apps/web/app/sandbox/page.tsx [Server Component] @ http://localhost:3000/_next/static/chunks/e581d_next_dist_92106ce5._.js:1747
[     312ms] [LOG] {file: Object} @ http://localhost:3000/_next/static/chunks/e581d_next_dist_compiled_next-devtools_index_c554f49d.js:16058
[     364ms] [ERROR] ./apps/web/app/sandbox/page.tsx:19:1
Export SigilTokenProvider doesn't exist in target module
  17 | import { presets, type PresetName } from "@sigil-ui/presets";
  18 |
> 19 | import { SigilTokenProvider } from "../../components/sandbox/token-provider";
     | ^^^^^^^^^^^^^^^^^^^^^^^^^^^^^^^^^^^^^^^^^^^^^^^^^^^^^^^^^^^^^^^^^^^^^^^^^^^^^
  20 | import { Canvas, type CanvasItemData } from "../../components/sandbox/canvas";
  21 | import { COMPONENT_REGISTRY, REGISTRY_NAMES } from "../../components/sandbox/canvas-item";
  22 | import SandboxLayout from "./layout";

The export SigilTokenProvider was not found in module [project]/apps/web/components/sandbox/token-provider.tsx [app-client] (ecmascript).
Did you mean to import SigilTokensProvider?
All exports of the module are statically known (It doesn't have dynamic exports). So it's known statically that the requested export doesn't exist.

Import traces:
  Client Component Browser:
    ./apps/web/app/sandbox/page.tsx [Client Component Browser]
    ./apps/web/app/sandbox/page.tsx [Server Component]

  Client Component SSR:
    ./apps/web/app/sandbox/page.tsx [Client Component SSR]
    ./apps/web/app/sandbox/page.tsx [Server Component] @ http://localhost:3000/_next/static/chunks/e581d_next_dist_92106ce5._.js:1747
[     364ms] [ERROR] ./apps/web/app/sandbox/page.tsx:19:1
Export SigilTokenProvider doesn't exist in target module
  17 | import { presets, type PresetName } from "@sigil-ui/presets";
  18 |
> 19 | import { SigilTokenProvider } from "../../components/sandbox/token-provider";
     | ^^^^^^^^^^^^^^^^^^^^^^^^^^^^^^^^^^^^^^^^^^^^^^^^^^^^^^^^^^^^^^^^^^^^^^^^^^^^^
  20 | import { Canvas, type CanvasItemData } from "../../components/sandbox/canvas";
  21 | import { COMPONENT_REGISTRY, REGISTRY_NAMES } from "../../components/sandbox/canvas-item";
  22 | import SandboxLayout from "./layout";

The export SigilTokenProvider was not found in module [project]/apps/web/components/sandbox/token-provider.tsx [app-ssr] (ecmascript).
Did you mean to import SigilTokensProvider?
All exports of the module are statically known (It doesn't have dynamic exports). So it's known statically that the requested export doesn't exist.

Import traces:
  Client Component Browser:
    ./apps/web/app/sandbox/page.tsx [Client Component Browser]
    ./apps/web/app/sandbox/page.tsx [Server Component]

  Client Component SSR:
    ./apps/web/app/sandbox/page.tsx [Client Component SSR]
    ./apps/web/app/sandbox/page.tsx [Server Component] @ http://localhost:3000/_next/static/chunks/e581d_next_dist_92106ce5._.js:1747
[     404ms] [LOG] [Fast Refresh] rebuilding @ http://localhost:3000/_next/static/chunks/e581d_next_dist_client_59844fb5._.js:2495
[   15686ms] [LOG] [Fast Refresh] rebuilding @ http://localhost:3000/_next/static/chunks/e581d_next_dist_client_59844fb5._.js:2495
[   15811ms] [LOG] [Fast Refresh] done in 196ms @ http://localhost:3000/_next/static/chunks/e581d_next_dist_client_59844fb5._.js:2355
[   15962ms] [LOG] [Fast Refresh] rebuilding @ http://localhost:3000/_next/static/chunks/e581d_next_dist_client_59844fb5._.js:2495
[   15975ms] [LOG] [Fast Refresh] done in 113ms @ http://localhost:3000/_next/static/chunks/e581d_next_dist_client_59844fb5._.js:2355
[   16464ms] [INFO] %cDownload the React DevTools for a better development experience: https://react.dev/link/react-devtools font-weight:bold @ http://localhost:3000/_next/static/chunks/e581d_next_dist_compiled_react-dom_edc4ed1e._.js:14537
[   25238ms] [LOG] [Fast Refresh] rebuilding @ http://localhost:3000/_next/static/chunks/e581d_next_dist_client_e437b808._.js:5949
[   25366ms] [LOG] [Fast Refresh] done in 99ms @ http://localhost:3000/_next/static/chunks/e581d_next_dist_client_e437b808._.js:5809
