[     833ms] [ERROR] Failed to load resource: the server responded with a status of 500 (Internal Server Error) @ http://localhost:3011/docs/diagrams/commit-grid:0
[    1138ms] [INFO] %cDownload the React DevTools for a better development experience: https://react.dev/link/react-devtools font-weight:bold @ webpack-internal:///(app-pages-browser)/../../node_modules/.pnpm/next@15.5.15_@opentelemetry+api@1.9.0_react-dom@19.2.5_react@19.2.5__react@19.2.5/node_modules/next/dist/compiled/react-dom/cjs/react-dom-client.development.js:25630
[    1644ms] ReferenceError: date is not defined
    at _createMdxContent (about://React/Server/webpack-internal:///(rsc)/./content/docs/diagrams/commit-grid.mdx?collection=docs&hash=1776881016043?17:464:46)
    at MDXContent (about://React/Server/webpack-internal:///(rsc)/./content/docs/diagrams/commit-grid.mdx?collection=docs&hash=1776881016043?18:970:16)
    at resolveErrorDev (webpack-internal:///(app-pages-browser)/../../node_modules/.pnpm/next@15.5.15_@opentelemetry+api@1.9.0_react-dom@19.2.5_react@19.2.5__react@19.2.5/node_modules/next/dist/compiled/react-server-dom-webpack/cjs/react-server-dom-webpack-client.browser.development.js:2396:46)
    at processFullStringRow (webpack-internal:///(app-pages-browser)/../../node_modules/.pnpm/next@15.5.15_@opentelemetry+api@1.9.0_react-dom@19.2.5_react@19.2.5__react@19.2.5/node_modules/next/dist/compiled/react-server-dom-webpack/cjs/react-server-dom-webpack-client.browser.development.js:2882:23)
    at processFullBinaryRow (webpack-internal:///(app-pages-browser)/../../node_modules/.pnpm/next@15.5.15_@opentelemetry+api@1.9.0_react-dom@19.2.5_react@19.2.5__react@19.2.5/node_modules/next/dist/compiled/react-server-dom-webpack/cjs/react-server-dom-webpack-client.browser.development.js:2825:7)
    at processBinaryChunk (webpack-internal:///(app-pages-browser)/../../node_modules/.pnpm/next@15.5.15_@opentelemetry+api@1.9.0_react-dom@19.2.5_react@19.2.5__react@19.2.5/node_modules/next/dist/compiled/react-server-dom-webpack/cjs/react-server-dom-webpack-client.browser.development.js:3028:15)
    at progress (webpack-internal:///(app-pages-browser)/../../node_modules/.pnpm/next@15.5.15_@opentelemetry+api@1.9.0_react-dom@19.2.5_react@19.2.5__react@19.2.5/node_modules/next/dist/compiled/react-server-dom-webpack/cjs/react-server-dom-webpack-client.browser.development.js:3294:13)
[    4666ms] [WARNING] The resource http://localhost:3011/_next/static/css/app/layout.css?v=1777054524186 was preloaded using link preload but not used within a few seconds from the window's load event. Please make sure it has an appropriate `as` value and it is preloaded intentionally. @ http://localhost:3011/docs/diagrams/commit-grid:0
[   19537ms] [LOG] [Fast Refresh] rebuilding @ webpack-internal:///(app-pages-browser)/../../node_modules/.pnpm/next@15.5.15_@opentelemetry+api@1.9.0_react-dom@19.2.5_react@19.2.5__react@19.2.5/node_modules/next/dist/client/dev/hot-reloader/app/hot-reloader-app.js:196
[   20486ms] [WARNING] [Fast Refresh] performing full reload because your application had an unrecoverable error @ webpack-internal:///(app-pages-browser)/../../node_modules/.pnpm/next@15.5.15_@opentelemetry+api@1.9.0_react-dom@19.2.5_react@19.2.5__react@19.2.5/node_modules/next/dist/client/dev/hot-reloader/app/hot-reloader-app.js:113
[   22278ms] [ERROR] Failed to load resource: the server responded with a status of 500 (Internal Server Error) @ http://localhost:3011/docs/diagrams/commit-grid:0
[   22422ms] [INFO] %cDownload the React DevTools for a better development experience: https://react.dev/link/react-devtools font-weight:bold @ webpack-internal:///(app-pages-browser)/../../node_modules/.pnpm/next@15.5.15_@opentelemetry+api@1.9.0_react-dom@19.2.5_react@19.2.5__react@19.2.5/node_modules/next/dist/compiled/react-dom/cjs/react-dom-client.development.js:25630
[   22760ms] ReferenceError: date is not defined
    at _createMdxContent (about://React/Server/webpack-internal:///(rsc)/./content/docs/diagrams/commit-grid.mdx?collection=docs&hash=1776881016043?17:640:46)
    at MDXContent (about://React/Server/webpack-internal:///(rsc)/./content/docs/diagrams/commit-grid.mdx?collection=docs&hash=1776881016043?18:1146:16)
    at resolveErrorDev (webpack-internal:///(app-pages-browser)/../../node_modules/.pnpm/next@15.5.15_@opentelemetry+api@1.9.0_react-dom@19.2.5_react@19.2.5__react@19.2.5/node_modules/next/dist/compiled/react-server-dom-webpack/cjs/react-server-dom-webpack-client.browser.development.js:2396:46)
    at processFullStringRow (webpack-internal:///(app-pages-browser)/../../node_modules/.pnpm/next@15.5.15_@opentelemetry+api@1.9.0_react-dom@19.2.5_react@19.2.5__react@19.2.5/node_modules/next/dist/compiled/react-server-dom-webpack/cjs/react-server-dom-webpack-client.browser.development.js:2882:23)
    at processFullBinaryRow (webpack-internal:///(app-pages-browser)/../../node_modules/.pnpm/next@15.5.15_@opentelemetry+api@1.9.0_react-dom@19.2.5_react@19.2.5__react@19.2.5/node_modules/next/dist/compiled/react-server-dom-webpack/cjs/react-server-dom-webpack-client.browser.development.js:2825:7)
    at processBinaryChunk (webpack-internal:///(app-pages-browser)/../../node_modules/.pnpm/next@15.5.15_@opentelemetry+api@1.9.0_react-dom@19.2.5_react@19.2.5__react@19.2.5/node_modules/next/dist/compiled/react-server-dom-webpack/cjs/react-server-dom-webpack-client.browser.development.js:3028:15)
    at progress (webpack-internal:///(app-pages-browser)/../../node_modules/.pnpm/next@15.5.15_@opentelemetry+api@1.9.0_react-dom@19.2.5_react@19.2.5__react@19.2.5/node_modules/next/dist/compiled/react-server-dom-webpack/cjs/react-server-dom-webpack-client.browser.development.js:3294:13)
